{"/Users/sunnythakur/Desktop/Petpooja/backend/src/app.js": {"path":"/Users/sunnythakur/Desktop/Petpooja/backend/src/app.js","statementMap":{"0":{"start":{"line":7,"column":0},"end":{"line":7,"column":27}},"1":{"start":{"line":9,"column":16},"end":{"line":9,"column":34}},"2":{"start":{"line":10,"column":13},"end":{"line":10,"column":28}},"3":{"start":{"line":11,"column":13},"end":{"line":11,"column":28}},"4":{"start":{"line":12,"column":15},"end":{"line":12,"column":32}},"5":{"start":{"line":13,"column":20},"end":{"line":13,"column":42}},"6":{"start":{"line":14,"column":13},"end":{"line":14,"column":28}},"7":{"start":{"line":16,"column":18},"end":{"line":16,"column":41}},"8":{"start":{"line":17,"column":15},"end":{"line":17,"column":41}},"9":{"start":{"line":18,"column":23},"end":{"line":18,"column":64}},"10":{"start":{"line":19,"column":27},"end":{"line":19,"column":71}},"11":{"start":{"line":20,"column":42},"end":{"line":20,"column":82}},"12":{"start":{"line":21,"column":29},"end":{"line":21,"column":54}},"13":{"start":{"line":22,"column":25},"end":{"line":22,"column":53}},"14":{"start":{"line":23,"column":28},"end":{"line":23,"column":53}},"15":{"start":{"line":25,"column":12},"end":{"line":25,"column":21}},"16":{"start":{"line":26,"column":15},"end":{"line":26,"column":37}},"17":{"start":{"line":29,"column":0},"end":{"line":29,"column":26}},"18":{"start":{"line":34,"column":0},"end":{"line":37,"column":4}},"19":{"start":{"line":39,"column":0},"end":{"line":52,"column":4}},"20":{"start":{"line":41,"column":4},"end":{"line":46,"column":5}},"21":{"start":{"line":42,"column":6},"end":{"line":42,"column":27}},"22":{"start":{"line":44,"column":6},"end":{"line":44,"column":52}},"23":{"start":{"line":45,"column":6},"end":{"line":45,"column":28}},"24":{"start":{"line":57,"column":0},"end":{"line":57,"column":41}},"25":{"start":{"line":58,"column":0},"end":{"line":58,"column":63}},"26":{"start":{"line":59,"column":0},"end":{"line":59,"column":23}},"27":{"start":{"line":64,"column":0},"end":{"line":64,"column":22}},"28":{"start":{"line":65,"column":0},"end":{"line":65,"column":33}},"29":{"start":{"line":70,"column":79},"end":{"line":70,"column":122}},"30":{"start":{"line":71,"column":0},"end":{"line":71,"column":27}},"31":{"start":{"line":72,"column":0},"end":{"line":72,"column":24}},"32":{"start":{"line":73,"column":0},"end":{"line":73,"column":23}},"33":{"start":{"line":74,"column":0},"end":{"line":74,"column":52}},"34":{"start":{"line":79,"column":0},"end":{"line":79,"column":72}},"35":{"start":{"line":80,"column":0},"end":{"line":80,"column":70}},"36":{"start":{"line":81,"column":0},"end":{"line":81,"column":79}},"37":{"start":{"line":84,"column":0},"end":{"line":86,"column":3}},"38":{"start":{"line":85,"column":2},"end":{"line":85,"column":71}},"39":{"start":{"line":87,"column":0},"end":{"line":89,"column":3}},"40":{"start":{"line":88,"column":2},"end":{"line":88,"column":69}},"41":{"start":{"line":94,"column":24},"end":{"line":94,"column":52}},"42":{"start":{"line":96,"column":0},"end":{"line":119,"column":3}},"43":{"start":{"line":97,"column":17},"end":{"line":97,"column":31}},"44":{"start":{"line":98,"column":2},"end":{"line":105,"column":3}},"45":{"start":{"line":99,"column":19},"end":{"line":99,"column":32}},"46":{"start":{"line":100,"column":4},"end":{"line":100,"column":37}},"47":{"start":{"line":101,"column":4},"end":{"line":101,"column":25}},"48":{"start":{"line":103,"column":4},"end":{"line":103,"column":58}},"49":{"start":{"line":104,"column":4},"end":{"line":104,"column":23}},"50":{"start":{"line":107,"column":2},"end":{"line":118,"column":5}},"51":{"start":{"line":124,"column":19},"end":{"line":124,"column":56}},"52":{"start":{"line":125,"column":19},"end":{"line":125,"column":56}},"53":{"start":{"line":126,"column":20},"end":{"line":126,"column":60}},"54":{"start":{"line":127,"column":20},"end":{"line":127,"column":60}},"55":{"start":{"line":128,"column":18},"end":{"line":128,"column":56}},"56":{"start":{"line":129,"column":24},"end":{"line":129,"column":71}},"57":{"start":{"line":130,"column":23},"end":{"line":130,"column":69}},"58":{"start":{"line":131,"column":20},"end":{"line":131,"column":59}},"59":{"start":{"line":132,"column":22},"end":{"line":132,"column":65}},"60":{"start":{"line":133,"column":26},"end":{"line":133,"column":78}},"61":{"start":{"line":134,"column":25},"end":{"line":134,"column":74}},"62":{"start":{"line":135,"column":25},"end":{"line":135,"column":74}},"63":{"start":{"line":136,"column":23},"end":{"line":136,"column":69}},"64":{"start":{"line":138,"column":0},"end":{"line":162,"column":3}},"65":{"start":{"line":139,"column":2},"end":{"line":161,"column":5}},"66":{"start":{"line":164,"column":26},"end":{"line":164,"column":80}},"67":{"start":{"line":166,"column":0},"end":{"line":166,"column":33}},"68":{"start":{"line":167,"column":0},"end":{"line":167,"column":33}},"69":{"start":{"line":168,"column":0},"end":{"line":168,"column":43}},"70":{"start":{"line":169,"column":0},"end":{"line":169,"column":36}},"71":{"start":{"line":170,"column":0},"end":{"line":170,"column":35}},"72":{"start":{"line":171,"column":0},"end":{"line":171,"column":49}},"73":{"start":{"line":174,"column":0},"end":{"line":174,"column":40}},"74":{"start":{"line":175,"column":26},"end":{"line":175,"column":75}},"75":{"start":{"line":177,"column":0},"end":{"line":177,"column":43}},"76":{"start":{"line":178,"column":0},"end":{"line":178,"column":51}},"77":{"start":{"line":179,"column":0},"end":{"line":179,"column":45}},"78":{"start":{"line":180,"column":0},"end":{"line":180,"column":42}},"79":{"start":{"line":181,"column":0},"end":{"line":181,"column":35}},"80":{"start":{"line":182,"column":0},"end":{"line":182,"column":39}},"81":{"start":{"line":183,"column":0},"end":{"line":183,"column":48}},"82":{"start":{"line":184,"column":0},"end":{"line":184,"column":37}},"83":{"start":{"line":185,"column":0},"end":{"line":185,"column":45}},"84":{"start":{"line":186,"column":0},"end":{"line":186,"column":42}},"85":{"start":{"line":189,"column":0},"end":{"line":189,"column":48}},"86":{"start":{"line":194,"column":0},"end":{"line":194,"column":25}},"87":{"start":{"line":195,"column":0},"end":{"line":195,"column":22}},"88":{"start":{"line":201,"column":2},"end":{"line":201,"column":47}},"89":{"start":{"line":204,"column":2},"end":{"line":210,"column":3}},"90":{"start":{"line":205,"column":19},"end":{"line":205,"column":32}},"91":{"start":{"line":206,"column":4},"end":{"line":206,"column":28}},"92":{"start":{"line":207,"column":4},"end":{"line":207,"column":52}},"93":{"start":{"line":209,"column":4},"end":{"line":209,"column":89}},"94":{"start":{"line":213,"column":2},"end":{"line":218,"column":3}},"95":{"start":{"line":214,"column":4},"end":{"line":214,"column":21}},"96":{"start":{"line":215,"column":4},"end":{"line":215,"column":51}},"97":{"start":{"line":217,"column":4},"end":{"line":217,"column":73}},"98":{"start":{"line":221,"column":2},"end":{"line":226,"column":3}},"99":{"start":{"line":222,"column":4},"end":{"line":222,"column":29}},"100":{"start":{"line":223,"column":4},"end":{"line":223,"column":42}},"101":{"start":{"line":225,"column":4},"end":{"line":225,"column":65}},"102":{"start":{"line":228,"column":2},"end":{"line":232,"column":5}},"103":{"start":{"line":229,"column":4},"end":{"line":229,"column":97}},"104":{"start":{"line":230,"column":4},"end":{"line":230,"column":72}},"105":{"start":{"line":231,"column":4},"end":{"line":231,"column":69}},"106":{"start":{"line":235,"column":0},"end":{"line":235,"column":11}},"107":{"start":{"line":240,"column":25},"end":{"line":254,"column":1}},"108":{"start":{"line":241,"column":2},"end":{"line":241,"column":67}},"109":{"start":{"line":242,"column":2},"end":{"line":248,"column":5}},"110":{"start":{"line":243,"column":4},"end":{"line":243,"column":38}},"111":{"start":{"line":244,"column":4},"end":{"line":244,"column":25}},"112":{"start":{"line":245,"column":4},"end":{"line":245,"column":28}},"113":{"start":{"line":246,"column":4},"end":{"line":246,"column":52}},"114":{"start":{"line":247,"column":4},"end":{"line":247,"column":20}},"115":{"start":{"line":250,"column":2},"end":{"line":253,"column":12}},"116":{"start":{"line":251,"column":4},"end":{"line":251,"column":74}},"117":{"start":{"line":252,"column":4},"end":{"line":252,"column":20}},"118":{"start":{"line":256,"column":0},"end":{"line":256,"column":57}},"119":{"start":{"line":256,"column":28},"end":{"line":256,"column":55}},"120":{"start":{"line":257,"column":0},"end":{"line":257,"column":55}},"121":{"start":{"line":257,"column":27},"end":{"line":257,"column":53}},"122":{"start":{"line":259,"column":0},"end":{"line":261,"column":3}},"123":{"start":{"line":260,"column":2},"end":{"line":260,"column":78}},"124":{"start":{"line":263,"column":0},"end":{"line":266,"column":3}},"125":{"start":{"line":264,"column":2},"end":{"line":264,"column":86}},"126":{"start":{"line":265,"column":2},"end":{"line":265,"column":18}},"127":{"start":{"line":268,"column":0},"end":{"line":268,"column":33}}},"fnMap":{"0":{"name":"originCheck","decl":{"start":{"line":40,"column":19},"end":{"line":40,"column":30}},"loc":{"start":{"line":40,"column":49},"end":{"line":47,"column":3}},"line":40},"1":{"name":"(anonymous_1)","decl":{"start":{"line":84,"column":31},"end":{"line":84,"column":32}},"loc":{"start":{"line":84,"column":45},"end":{"line":86,"column":1}},"line":84},"2":{"name":"(anonymous_2)","decl":{"start":{"line":87,"column":29},"end":{"line":87,"column":30}},"loc":{"start":{"line":87,"column":43},"end":{"line":89,"column":1}},"line":87},"3":{"name":"(anonymous_3)","decl":{"start":{"line":96,"column":19},"end":{"line":96,"column":20}},"loc":{"start":{"line":96,"column":39},"end":{"line":119,"column":1}},"line":96},"4":{"name":"(anonymous_4)","decl":{"start":{"line":138,"column":16},"end":{"line":138,"column":17}},"loc":{"start":{"line":138,"column":30},"end":{"line":162,"column":1}},"line":138},"5":{"name":"startApp","decl":{"start":{"line":200,"column":15},"end":{"line":200,"column":23}},"loc":{"start":{"line":200,"column":26},"end":{"line":233,"column":1}},"line":200},"6":{"name":"(anonymous_6)","decl":{"start":{"line":228,"column":32},"end":{"line":228,"column":33}},"loc":{"start":{"line":228,"column":38},"end":{"line":232,"column":3}},"line":228},"7":{"name":"(anonymous_7)","decl":{"start":{"line":240,"column":25},"end":{"line":240,"column":26}},"loc":{"start":{"line":240,"column":43},"end":{"line":254,"column":1}},"line":240},"8":{"name":"(anonymous_8)","decl":{"start":{"line":242,"column":15},"end":{"line":242,"column":16}},"loc":{"start":{"line":242,"column":27},"end":{"line":248,"column":3}},"line":242},"9":{"name":"(anonymous_9)","decl":{"start":{"line":250,"column":13},"end":{"line":250,"column":14}},"loc":{"start":{"line":250,"column":19},"end":{"line":253,"column":3}},"line":250},"10":{"name":"(anonymous_10)","decl":{"start":{"line":256,"column":22},"end":{"line":256,"column":23}},"loc":{"start":{"line":256,"column":28},"end":{"line":256,"column":55}},"line":256},"11":{"name":"(anonymous_11)","decl":{"start":{"line":257,"column":21},"end":{"line":257,"column":22}},"loc":{"start":{"line":257,"column":27},"end":{"line":257,"column":53}},"line":257},"12":{"name":"(anonymous_12)","decl":{"start":{"line":259,"column":33},"end":{"line":259,"column":34}},"loc":{"start":{"line":259,"column":45},"end":{"line":261,"column":1}},"line":259},"13":{"name":"(anonymous_13)","decl":{"start":{"line":263,"column":32},"end":{"line":263,"column":33}},"loc":{"start":{"line":263,"column":43},"end":{"line":266,"column":1}},"line":263}},"branchMap":{"0":{"loc":{"start":{"line":35,"column":25},"end":{"line":35,"column":82}},"type":"cond-expr","locations":[{"start":{"line":35,"column":65},"end":{"line":35,"column":74}},{"start":{"line":35,"column":77},"end":{"line":35,"column":82}}],"line":35},"1":{"loc":{"start":{"line":41,"column":4},"end":{"line":46,"column":5}},"type":"if","locations":[{"start":{"line":41,"column":4},"end":{"line":46,"column":5}},{"start":{"line":43,"column":11},"end":{"line":46,"column":5}}],"line":41},"2":{"loc":{"start":{"line":41,"column":8},"end":{"line":41,"column":100}},"type":"binary-expr","locations":[{"start":{"line":41,"column":8},"end":{"line":41,"column":15}},{"start":{"line":41,"column":19},"end":{"line":41,"column":59}},{"start":{"line":41,"column":63},"end":{"line":41,"column":100}}],"line":41},"3":{"loc":{"start":{"line":107,"column":13},"end":{"line":107,"column":47}},"type":"cond-expr","locations":[{"start":{"line":107,"column":38},"end":{"line":107,"column":41}},{"start":{"line":107,"column":44},"end":{"line":107,"column":47}}],"line":107},"4":{"loc":{"start":{"line":117,"column":13},"end":{"line":117,"column":91}},"type":"cond-expr","locations":[{"start":{"line":117,"column":38},"end":{"line":117,"column":60}},{"start":{"line":117,"column":63},"end":{"line":117,"column":91}}],"line":117},"5":{"loc":{"start":{"line":260,"column":49},"end":{"line":260,"column":74}},"type":"binary-expr","locations":[{"start":{"line":260,"column":49},"end":{"line":260,"column":64}},{"start":{"line":260,"column":68},"end":{"line":260,"column":74}}],"line":260}},"s":{"0":2,"1":2,"2":2,"3":2,"4":2,"5":2,"6":2,"7":2,"8":2,"9":2,"10":2,"11":2,"12":2,"13":2,"14":2,"15":2,"16":2,"17":2,"18":2,"19":2,"20":0,"21":0,"22":0,"23":0,"24":2,"25":2,"26":2,"27":2,"28":2,"29":2,"30":2,"31":2,"32":2,"33":2,"34":2,"35":2,"36":2,"37":2,"38":0,"39":2,"40":0,"41":2,"42":2,"43":0,"44":0,"45":0,"46":0,"47":0,"48":0,"49":0,"50":0,"51":2,"52":2,"53":2,"54":2,"55":2,"56":2,"57":2,"58":2,"59":2,"60":2,"61":2,"62":2,"63":2,"64":2,"65":0,"66":2,"67":0,"68":0,"69":0,"70":0,"71":0,"72":0,"73":0,"74":0,"75":0,"76":0,"77":0,"78":0,"79":0,"80":0,"81":0,"82":0,"83":0,"84":0,"85":0,"86":0,"87":0,"88":0,"89":0,"90":0,"91":0,"92":0,"93":0,"94":0,"95":0,"96":0,"97":0,"98":0,"99":0,"100":0,"101":0,"102":0,"103":0,"104":0,"105":0,"106":0,"107":0,"108":0,"109":0,"110":0,"111":0,"112":0,"113":0,"114":0,"115":0,"116":0,"117":0,"118":0,"119":0,"120":0,"121":0,"122":0,"123":0,"124":0,"125":0,"126":0,"127":0},"f":{"0":0,"1":0,"2":0,"3":0,"4":0,"5":0,"6":0,"7":0,"8":0,"9":0,"10":0,"11":0,"12":0,"13":0},"b":{"0":[0,2],"1":[0,0],"2":[0,0,0],"3":[0,0],"4":[0,0],"5":[0,0]},"_coverageSchema":"1a1c01bbd47fc00a2c39e90264f33305004495a9","hash":"4298328f1e2fb757892a3d39ed8d88dd82b274c6"}
,"/Users/sunnythakur/Desktop/Petpooja/backend/src/config/app.js": {"path":"/Users/sunnythakur/Desktop/Petpooja/backend/src/config/app.js","statementMap":{"0":{"start":{"line":7,"column":18},"end":{"line":108,"column":1}},"1":{"start":{"line":51,"column":16},"end":{"line":51,"column":24}},"2":{"start":{"line":110,"column":0},"end":{"line":110,"column":27}}},"fnMap":{"0":{"name":"(anonymous_0)","decl":{"start":{"line":51,"column":9},"end":{"line":51,"column":10}},"loc":{"start":{"line":51,"column":16},"end":{"line":51,"column":24}},"line":51}},"branchMap":{"0":{"loc":{"start":{"line":9,"column":8},"end":{"line":9,"column":46}},"type":"binary-expr","locations":[{"start":{"line":9,"column":8},"end":{"line":9,"column":28}},{"start":{"line":9,"column":32},"end":{"line":9,"column":46}}],"line":9},"1":{"loc":{"start":{"line":12,"column":8},"end":{"line":12,"column":46}},"type":"binary-expr","locations":[{"start":{"line":12,"column":8},"end":{"line":12,"column":38}},{"start":{"line":12,"column":42},"end":{"line":12,"column":46}}],"line":12},"2":{"loc":{"start":{"line":15,"column":7},"end":{"line":15,"column":44}},"type":"binary-expr","locations":[{"start":{"line":15,"column":7},"end":{"line":15,"column":27}},{"start":{"line":15,"column":31},"end":{"line":15,"column":44}}],"line":15},"3":{"loc":{"start":{"line":19,"column":9},"end":{"line":19,"column":38}},"type":"binary-expr","locations":[{"start":{"line":19,"column":9},"end":{"line":19,"column":30}},{"start":{"line":19,"column":34},"end":{"line":19,"column":38}}],"line":19},"4":{"loc":{"start":{"line":23,"column":15},"end":{"line":23,"column":66}},"type":"binary-expr","locations":[{"start":{"line":23,"column":15},"end":{"line":23,"column":39}},{"start":{"line":23,"column":43},"end":{"line":23,"column":66}}],"line":23},"5":{"loc":{"start":{"line":26,"column":14},"end":{"line":26,"column":64}},"type":"binary-expr","locations":[{"start":{"line":26,"column":14},"end":{"line":26,"column":37}},{"start":{"line":26,"column":41},"end":{"line":26,"column":64}}],"line":26},"6":{"loc":{"start":{"line":30,"column":12},"end":{"line":30,"column":112}},"type":"binary-expr","locations":[{"start":{"line":30,"column":12},"end":{"line":30,"column":41}},{"start":{"line":30,"column":45},"end":{"line":30,"column":67}},{"start":{"line":30,"column":71},"end":{"line":30,"column":112}}],"line":30},"7":{"loc":{"start":{"line":31,"column":19},"end":{"line":31,"column":102}},"type":"binary-expr","locations":[{"start":{"line":31,"column":19},"end":{"line":31,"column":49}},{"start":{"line":31,"column":53},"end":{"line":31,"column":102}}],"line":31},"8":{"loc":{"start":{"line":32,"column":18},"end":{"line":32,"column":56}},"type":"binary-expr","locations":[{"start":{"line":32,"column":18},"end":{"line":32,"column":47}},{"start":{"line":32,"column":51},"end":{"line":32,"column":56}}],"line":32},"9":{"loc":{"start":{"line":33,"column":19},"end":{"line":33,"column":57}},"type":"binary-expr","locations":[{"start":{"line":33,"column":19},"end":{"line":33,"column":49}},{"start":{"line":33,"column":53},"end":{"line":33,"column":57}}],"line":33},"10":{"loc":{"start":{"line":38,"column":12},"end":{"line":38,"column":57}},"type":"binary-expr","locations":[{"start":{"line":38,"column":12},"end":{"line":38,"column":51}},{"start":{"line":38,"column":55},"end":{"line":38,"column":57}}],"line":38},"11":{"loc":{"start":{"line":43,"column":13},"end":{"line":43,"column":64}},"type":"binary-expr","locations":[{"start":{"line":43,"column":13},"end":{"line":43,"column":57}},{"start":{"line":43,"column":61},"end":{"line":43,"column":64}}],"line":43},"12":{"loc":{"start":{"line":44,"column":10},"end":{"line":44,"column":57}},"type":"binary-expr","locations":[{"start":{"line":44,"column":10},"end":{"line":44,"column":51}},{"start":{"line":44,"column":55},"end":{"line":44,"column":57}}],"line":44},"13":{"loc":{"start":{"line":45,"column":14},"end":{"line":45,"column":69}},"type":"binary-expr","locations":[{"start":{"line":45,"column":14},"end":{"line":45,"column":60}},{"start":{"line":45,"column":64},"end":{"line":45,"column":69}}],"line":45},"14":{"loc":{"start":{"line":49,"column":18},"end":{"line":49,"column":115}},"type":"binary-expr","locations":[{"start":{"line":49,"column":18},"end":{"line":49,"column":44}},{"start":{"line":49,"column":48},"end":{"line":49,"column":115}}],"line":49},"15":{"loc":{"start":{"line":55,"column":19},"end":{"line":55,"column":67}},"type":"binary-expr","locations":[{"start":{"line":55,"column":19},"end":{"line":55,"column":61}},{"start":{"line":55,"column":65},"end":{"line":55,"column":67}}],"line":55},"16":{"loc":{"start":{"line":56,"column":9},"end":{"line":56,"column":46}},"type":"binary-expr","locations":[{"start":{"line":56,"column":9},"end":{"line":56,"column":31}},{"start":{"line":56,"column":35},"end":{"line":56,"column":46}}],"line":56}},"s":{"0":2,"1":6,"2":2},"f":{"0":6},"b":{"0":[2,0],"1":[2,2],"2":[2,0],"3":[2,0],"4":[2,0],"5":[2,0],"6":[2,0,0],"7":[2,0],"8":[2,0],"9":[2,0],"10":[2,0],"11":[2,0],"12":[2,0],"13":[2,0],"14":[2,0],"15":[2,0],"16":[2,0]},"_coverageSchema":"1a1c01bbd47fc00a2c39e90264f33305004495a9","hash":"24a0465baa6c64edbe5addfc2399531acdb6f9df"}
,"/Users/sunnythakur/Desktop/Petpooja/backend/src/config/aws.js": {"path":"/Users/sunnythakur/Desktop/Petpooja/backend/src/config/aws.js","statementMap":{"0":{"start":{"line":7,"column":78},"end":{"line":7,"column":107}},"1":{"start":{"line":8,"column":25},"end":{"line":8,"column":65}},"2":{"start":{"line":9,"column":23},"end":{"line":9,"column":38}},"3":{"start":{"line":10,"column":13},"end":{"line":10,"column":28}},"4":{"start":{"line":11,"column":15},"end":{"line":11,"column":34}},"5":{"start":{"line":13,"column":17},"end":{"line":19,"column":2}},"6":{"start":{"line":21,"column":15},"end":{"line":21,"column":65}},"7":{"start":{"line":22,"column":16},"end":{"line":22,"column":52}},"8":{"start":{"line":34,"column":2},"end":{"line":55,"column":3}},"9":{"start":{"line":35,"column":16},"end":{"line":35,"column":56}},"10":{"start":{"line":36,"column":16},"end":{"line":36,"column":45}},"11":{"start":{"line":38,"column":20},"end":{"line":44,"column":6}},"12":{"start":{"line":46,"column":4},"end":{"line":46,"column":33}},"13":{"start":{"line":48,"column":16},"end":{"line":48,"column":117}},"14":{"start":{"line":50,"column":4},"end":{"line":50,"column":81}},"15":{"start":{"line":51,"column":4},"end":{"line":51,"column":24}},"16":{"start":{"line":53,"column":4},"end":{"line":53,"column":85}},"17":{"start":{"line":54,"column":4},"end":{"line":54,"column":16}},"18":{"start":{"line":64,"column":2},"end":{"line":71,"column":3}},"19":{"start":{"line":65,"column":20},"end":{"line":65,"column":73}},"20":{"start":{"line":66,"column":4},"end":{"line":66,"column":33}},"21":{"start":{"line":67,"column":4},"end":{"line":67,"column":49}},"22":{"start":{"line":69,"column":4},"end":{"line":69,"column":68}},"23":{"start":{"line":70,"column":4},"end":{"line":70,"column":16}},"24":{"start":{"line":81,"column":2},"end":{"line":88,"column":3}},"25":{"start":{"line":82,"column":20},"end":{"line":82,"column":70}},"26":{"start":{"line":83,"column":16},"end":{"line":83,"column":68}},"27":{"start":{"line":84,"column":4},"end":{"line":84,"column":15}},"28":{"start":{"line":86,"column":4},"end":{"line":86,"column":83}},"29":{"start":{"line":87,"column":4},"end":{"line":87,"column":16}},"30":{"start":{"line":91,"column":0},"end":{"line":91,"column":81}}},"fnMap":{"0":{"name":"uploadToS3","decl":{"start":{"line":33,"column":15},"end":{"line":33,"column":25}},"loc":{"start":{"line":33,"column":102},"end":{"line":56,"column":1}},"line":33},"1":{"name":"deleteFromS3","decl":{"start":{"line":63,"column":15},"end":{"line":63,"column":27}},"loc":{"start":{"line":63,"column":33},"end":{"line":72,"column":1}},"line":63},"2":{"name":"getPresignedUrl","decl":{"start":{"line":80,"column":15},"end":{"line":80,"column":30}},"loc":{"start":{"line":80,"column":54},"end":{"line":89,"column":1}},"line":80}},"branchMap":{"0":{"loc":{"start":{"line":14,"column":10},"end":{"line":14,"column":48}},"type":"binary-expr","locations":[{"start":{"line":14,"column":10},"end":{"line":14,"column":32}},{"start":{"line":14,"column":36},"end":{"line":14,"column":48}}],"line":14},"1":{"loc":{"start":{"line":16,"column":17},"end":{"line":16,"column":52}},"type":"binary-expr","locations":[{"start":{"line":16,"column":17},"end":{"line":16,"column":46}},{"start":{"line":16,"column":50},"end":{"line":16,"column":52}}],"line":16},"2":{"loc":{"start":{"line":17,"column":21},"end":{"line":17,"column":60}},"type":"binary-expr","locations":[{"start":{"line":17,"column":21},"end":{"line":17,"column":54}},{"start":{"line":17,"column":58},"end":{"line":17,"column":60}}],"line":17},"3":{"loc":{"start":{"line":21,"column":15},"end":{"line":21,"column":65}},"type":"binary-expr","locations":[{"start":{"line":21,"column":15},"end":{"line":21,"column":40}},{"start":{"line":21,"column":44},"end":{"line":21,"column":65}}],"line":21},"4":{"loc":{"start":{"line":22,"column":16},"end":{"line":22,"column":52}},"type":"binary-expr","locations":[{"start":{"line":22,"column":16},"end":{"line":22,"column":46}},{"start":{"line":22,"column":50},"end":{"line":22,"column":52}}],"line":22},"5":{"loc":{"start":{"line":33,"column":60},"end":{"line":33,"column":100}},"type":"default-arg","locations":[{"start":{"line":33,"column":74},"end":{"line":33,"column":100}}],"line":33},"6":{"loc":{"start":{"line":48,"column":16},"end":{"line":48,"column":117}},"type":"cond-expr","locations":[{"start":{"line":48,"column":26},"end":{"line":48,"column":45}},{"start":{"line":48,"column":48},"end":{"line":48,"column":117}}],"line":48},"7":{"loc":{"start":{"line":80,"column":36},"end":{"line":80,"column":52}},"type":"default-arg","locations":[{"start":{"line":80,"column":48},"end":{"line":80,"column":52}}],"line":80}},"s":{"0":2,"1":2,"2":2,"3":2,"4":2,"5":2,"6":2,"7":2,"8":0,"9":0,"10":0,"11":0,"12":0,"13":0,"14":0,"15":0,"16":0,"17":0,"18":0,"19":0,"20":0,"21":0,"22":0,"23":0,"24":0,"25":0,"26":0,"27":0,"28":0,"29":0,"30":2},"f":{"0":0,"1":0,"2":0},"b":{"0":[2,0],"1":[2,0],"2":[2,0],"3":[2,0],"4":[2,0],"5":[0],"6":[0,0],"7":[0]},"_coverageSchema":"1a1c01bbd47fc00a2c39e90264f33305004495a9","hash":"5b87e1a12f2598846593fb48edef3028edbe5075"}
,"/Users/sunnythakur/Desktop/Petpooja/backend/src/config/database.js": {"path":"/Users/sunnythakur/Desktop/Petpooja/backend/src/config/database.js","statementMap":{"0":{"start":{"line":7,"column":25},"end":{"line":7,"column":50}},"1":{"start":{"line":8,"column":15},"end":{"line":8,"column":34}},"2":{"start":{"line":19,"column":2},"end":{"line":42,"column":3}},"3":{"start":{"line":20,"column":4},"end":{"line":29,"column":7}},"4":{"start":{"line":31,"column":4},"end":{"line":33,"column":7}},"5":{"start":{"line":32,"column":6},"end":{"line":32,"column":91}},"6":{"start":{"line":35,"column":4},"end":{"line":37,"column":7}},"7":{"start":{"line":36,"column":6},"end":{"line":36,"column":78}},"8":{"start":{"line":39,"column":4},"end":{"line":41,"column":7}},"9":{"start":{"line":40,"column":6},"end":{"line":40,"column":61}},"10":{"start":{"line":43,"column":2},"end":{"line":43,"column":16}},"11":{"start":{"line":52,"column":2},"end":{"line":55,"column":3}},"12":{"start":{"line":53,"column":4},"end":{"line":53,"column":31}},"13":{"start":{"line":54,"column":4},"end":{"line":54,"column":46}},"14":{"start":{"line":58,"column":0},"end":{"line":58,"column":47}}},"fnMap":{"0":{"name":"getDbClient","decl":{"start":{"line":18,"column":9},"end":{"line":18,"column":20}},"loc":{"start":{"line":18,"column":23},"end":{"line":44,"column":1}},"line":18},"1":{"name":"(anonymous_1)","decl":{"start":{"line":31,"column":24},"end":{"line":31,"column":25}},"loc":{"start":{"line":31,"column":31},"end":{"line":33,"column":5}},"line":31},"2":{"name":"(anonymous_2)","decl":{"start":{"line":35,"column":24},"end":{"line":35,"column":25}},"loc":{"start":{"line":35,"column":31},"end":{"line":37,"column":5}},"line":35},"3":{"name":"(anonymous_3)","decl":{"start":{"line":39,"column":23},"end":{"line":39,"column":24}},"loc":{"start":{"line":39,"column":30},"end":{"line":41,"column":5}},"line":39},"4":{"name":"disconnectDb","decl":{"start":{"line":51,"column":15},"end":{"line":51,"column":27}},"loc":{"start":{"line":51,"column":30},"end":{"line":56,"column":1}},"line":51}},"branchMap":{"0":{"loc":{"start":{"line":19,"column":2},"end":{"line":42,"column":3}},"type":"if","locations":[{"start":{"line":19,"column":2},"end":{"line":42,"column":3}},{"start":{},"end":{}}],"line":19},"1":{"loc":{"start":{"line":22,"column":8},"end":{"line":28,"column":47}},"type":"cond-expr","locations":[{"start":{"line":23,"column":12},"end":{"line":27,"column":13}},{"start":{"line":28,"column":12},"end":{"line":28,"column":47}}],"line":22},"2":{"loc":{"start":{"line":52,"column":2},"end":{"line":55,"column":3}},"type":"if","locations":[{"start":{"line":52,"column":2},"end":{"line":55,"column":3}},{"start":{},"end":{}}],"line":52}},"s":{"0":2,"1":2,"2":2,"3":2,"4":2,"5":0,"6":2,"7":0,"8":2,"9":0,"10":2,"11":0,"12":0,"13":0,"14":2},"f":{"0":2,"1":0,"2":0,"3":0,"4":0},"b":{"0":[2,0],"1":[0,2],"2":[0,0]},"_coverageSchema":"1a1c01bbd47fc00a2c39e90264f33305004495a9","hash":"7fdb74ef32b8739f17d250bc61d4ec5781f1551f"}
,"/Users/sunnythakur/Desktop/Petpooja/backend/src/config/logger.js": {"path":"/Users/sunnythakur/Desktop/Petpooja/backend/src/config/logger.js","statementMap":{"0":{"start":{"line":7,"column":16},"end":{"line":7,"column":34}},"1":{"start":{"line":8,"column":13},"end":{"line":8,"column":28}},"2":{"start":{"line":10,"column":15},"end":{"line":10,"column":49}},"3":{"start":{"line":12,"column":18},"end":{"line":16,"column":1}},"4":{"start":{"line":18,"column":22},"end":{"line":25,"column":1}},"5":{"start":{"line":22,"column":20},"end":{"line":22,"column":78}},"6":{"start":{"line":23,"column":4},"end":{"line":23,"column":57}},"7":{"start":{"line":27,"column":19},"end":{"line":32,"column":1}},"8":{"start":{"line":34,"column":0},"end":{"line":61,"column":1}},"9":{"start":{"line":35,"column":2},"end":{"line":60,"column":3}},"10":{"start":{"line":36,"column":28},"end":{"line":36,"column":64}},"11":{"start":{"line":38,"column":4},"end":{"line":57,"column":6}},"12":{"start":{"line":63,"column":15},"end":{"line":69,"column":2}},"13":{"start":{"line":71,"column":0},"end":{"line":71,"column":24}}},"fnMap":{"0":{"name":"(anonymous_0)","decl":{"start":{"line":21,"column":24},"end":{"line":21,"column":25}},"loc":{"start":{"line":21,"column":68},"end":{"line":24,"column":3}},"line":21}},"branchMap":{"0":{"loc":{"start":{"line":22,"column":20},"end":{"line":22,"column":78}},"type":"cond-expr","locations":[{"start":{"line":22,"column":47},"end":{"line":22,"column":73}},{"start":{"line":22,"column":76},"end":{"line":22,"column":78}}],"line":22},"1":{"loc":{"start":{"line":29,"column":12},"end":{"line":29,"column":77}},"type":"cond-expr","locations":[{"start":{"line":29,"column":52},"end":{"line":29,"column":61}},{"start":{"line":29,"column":64},"end":{"line":29,"column":77}}],"line":29},"2":{"loc":{"start":{"line":30,"column":11},"end":{"line":30,"column":67}},"type":"cond-expr","locations":[{"start":{"line":30,"column":51},"end":{"line":30,"column":57}},{"start":{"line":30,"column":60},"end":{"line":30,"column":67}}],"line":30},"3":{"loc":{"start":{"line":34,"column":0},"end":{"line":61,"column":1}},"type":"if","locations":[{"start":{"line":34,"column":0},"end":{"line":61,"column":1}},{"start":{},"end":{}}],"line":34},"4":{"loc":{"start":{"line":64,"column":9},"end":{"line":64,"column":65}},"type":"cond-expr","locations":[{"start":{"line":64,"column":49},"end":{"line":64,"column":55}},{"start":{"line":64,"column":58},"end":{"line":64,"column":65}}],"line":64}},"s":{"0":2,"1":2,"2":2,"3":2,"4":2,"5":0,"6":0,"7":2,"8":2,"9":0,"10":0,"11":0,"12":2,"13":2},"f":{"0":0},"b":{"0":[0,0],"1":[0,2],"2":[0,2],"3":[0,2],"4":[0,2]},"_coverageSchema":"1a1c01bbd47fc00a2c39e90264f33305004495a9","hash":"02cd6a0bba0f6dc5f689981248e1140dbe351561"}
,"/Users/sunnythakur/Desktop/Petpooja/backend/src/config/redis.js": {"path":"/Users/sunnythakur/Desktop/Petpooja/backend/src/config/redis.js","statementMap":{"0":{"start":{"line":6,"column":14},"end":{"line":6,"column":32}},"1":{"start":{"line":7,"column":15},"end":{"line":7,"column":34}},"2":{"start":{"line":10,"column":18},"end":{"line":10,"column":22}},"3":{"start":{"line":13,"column":14},"end":{"line":13,"column":19}},"4":{"start":{"line":20,"column":2},"end":{"line":33,"column":4}},"5":{"start":{"line":21,"column":21},"end":{"line":21,"column":25}},"6":{"start":{"line":22,"column":21},"end":{"line":22,"column":25}},"7":{"start":{"line":23,"column":23},"end":{"line":23,"column":27}},"8":{"start":{"line":24,"column":21},"end":{"line":24,"column":22}},"9":{"start":{"line":25,"column":22},"end":{"line":25,"column":23}},"10":{"start":{"line":26,"column":24},"end":{"line":26,"column":25}},"11":{"start":{"line":27,"column":22},"end":{"line":27,"column":26}},"12":{"start":{"line":28,"column":22},"end":{"line":28,"column":26}},"13":{"start":{"line":29,"column":25},"end":{"line":29,"column":26}},"14":{"start":{"line":44,"column":19},"end":{"line":44,"column":94}},"15":{"start":{"line":45,"column":19},"end":{"line":45,"column":73}},"16":{"start":{"line":47,"column":15},"end":{"line":47,"column":17}},"17":{"start":{"line":48,"column":2},"end":{"line":61,"column":5}},"18":{"start":{"line":49,"column":4},"end":{"line":60,"column":6}},"19":{"start":{"line":50,"column":6},"end":{"line":52,"column":7}},"20":{"start":{"line":51,"column":8},"end":{"line":51,"column":66}},"21":{"start":{"line":53,"column":6},"end":{"line":59,"column":7}},"22":{"start":{"line":54,"column":8},"end":{"line":54,"column":42}},"23":{"start":{"line":56,"column":8},"end":{"line":56,"column":95}},"24":{"start":{"line":57,"column":8},"end":{"line":57,"column":23}},"25":{"start":{"line":58,"column":8},"end":{"line":58,"column":66}},"26":{"start":{"line":63,"column":2},"end":{"line":65,"column":4}},"27":{"start":{"line":64,"column":4},"end":{"line":64,"column":67}},"28":{"start":{"line":64,"column":41},"end":{"line":64,"column":67}},"29":{"start":{"line":66,"column":2},"end":{"line":70,"column":4}},"30":{"start":{"line":67,"column":4},"end":{"line":69,"column":5}},"31":{"start":{"line":68,"column":6},"end":{"line":68,"column":47}},"32":{"start":{"line":68,"column":12},"end":{"line":68,"column":32}},"33":{"start":{"line":71,"column":2},"end":{"line":71,"column":26}},"34":{"start":{"line":73,"column":2},"end":{"line":73,"column":14}},"35":{"start":{"line":82,"column":2},"end":{"line":82,"column":38}},"36":{"start":{"line":82,"column":19},"end":{"line":82,"column":38}},"37":{"start":{"line":84,"column":20},"end":{"line":84,"column":125}},"38":{"start":{"line":86,"column":2},"end":{"line":91,"column":3}},"39":{"start":{"line":87,"column":4},"end":{"line":87,"column":80}},"40":{"start":{"line":88,"column":4},"end":{"line":88,"column":19}},"41":{"start":{"line":89,"column":4},"end":{"line":89,"column":36}},"42":{"start":{"line":90,"column":4},"end":{"line":90,"column":23}},"43":{"start":{"line":93,"column":21},"end":{"line":107,"column":4}},"44":{"start":{"line":100,"column":6},"end":{"line":104,"column":7}},"45":{"start":{"line":101,"column":8},"end":{"line":101,"column":86}},"46":{"start":{"line":102,"column":8},"end":{"line":102,"column":23}},"47":{"start":{"line":103,"column":8},"end":{"line":103,"column":20}},"48":{"start":{"line":105,"column":6},"end":{"line":105,"column":41}},"49":{"start":{"line":109,"column":2},"end":{"line":112,"column":5}},"50":{"start":{"line":110,"column":4},"end":{"line":110,"column":58}},"51":{"start":{"line":111,"column":4},"end":{"line":111,"column":19}},"52":{"start":{"line":114,"column":2},"end":{"line":117,"column":5}},"53":{"start":{"line":115,"column":4},"end":{"line":115,"column":36}},"54":{"start":{"line":116,"column":4},"end":{"line":116,"column":20}},"55":{"start":{"line":119,"column":2},"end":{"line":119,"column":45}},"56":{"start":{"line":120,"column":2},"end":{"line":120,"column":21}},"57":{"start":{"line":128,"column":2},"end":{"line":132,"column":3}},"58":{"start":{"line":129,"column":4},"end":{"line":131,"column":18}},"59":{"start":{"line":130,"column":6},"end":{"line":130,"column":75}},"60":{"start":{"line":130,"column":50},"end":{"line":130,"column":75}},"61":{"start":{"line":133,"column":2},"end":{"line":133,"column":21}},"62":{"start":{"line":134,"column":2},"end":{"line":134,"column":18}},"63":{"start":{"line":137,"column":0},"end":{"line":137,"column":53}}},"fnMap":{"0":{"name":"createMockRedis","decl":{"start":{"line":19,"column":9},"end":{"line":19,"column":24}},"loc":{"start":{"line":19,"column":27},"end":{"line":34,"column":1}},"line":19},"1":{"name":"(anonymous_1)","decl":{"start":{"line":21,"column":9},"end":{"line":21,"column":10}},"loc":{"start":{"line":21,"column":21},"end":{"line":21,"column":25}},"line":21},"2":{"name":"(anonymous_2)","decl":{"start":{"line":22,"column":9},"end":{"line":22,"column":10}},"loc":{"start":{"line":22,"column":21},"end":{"line":22,"column":25}},"line":22},"3":{"name":"(anonymous_3)","decl":{"start":{"line":23,"column":11},"end":{"line":23,"column":12}},"loc":{"start":{"line":23,"column":23},"end":{"line":23,"column":27}},"line":23},"4":{"name":"(anonymous_4)","decl":{"start":{"line":24,"column":9},"end":{"line":24,"column":10}},"loc":{"start":{"line":24,"column":21},"end":{"line":24,"column":22}},"line":24},"5":{"name":"(anonymous_5)","decl":{"start":{"line":25,"column":10},"end":{"line":25,"column":11}},"loc":{"start":{"line":25,"column":22},"end":{"line":25,"column":23}},"line":25},"6":{"name":"(anonymous_6)","decl":{"start":{"line":26,"column":12},"end":{"line":26,"column":13}},"loc":{"start":{"line":26,"column":24},"end":{"line":26,"column":25}},"line":26},"7":{"name":"(anonymous_7)","decl":{"start":{"line":27,"column":10},"end":{"line":27,"column":11}},"loc":{"start":{"line":27,"column":22},"end":{"line":27,"column":26}},"line":27},"8":{"name":"(anonymous_8)","decl":{"start":{"line":28,"column":10},"end":{"line":28,"column":11}},"loc":{"start":{"line":28,"column":22},"end":{"line":28,"column":26}},"line":28},"9":{"name":"(anonymous_9)","decl":{"start":{"line":29,"column":13},"end":{"line":29,"column":14}},"loc":{"start":{"line":29,"column":25},"end":{"line":29,"column":26}},"line":29},"10":{"name":"(anonymous_10)","decl":{"start":{"line":30,"column":8},"end":{"line":30,"column":9}},"loc":{"start":{"line":30,"column":14},"end":{"line":30,"column":16}},"line":30},"11":{"name":"(anonymous_11)","decl":{"start":{"line":31,"column":10},"end":{"line":31,"column":11}},"loc":{"start":{"line":31,"column":22},"end":{"line":31,"column":24}},"line":31},"12":{"name":"wrapWithFallback","decl":{"start":{"line":43,"column":9},"end":{"line":43,"column":25}},"loc":{"start":{"line":43,"column":34},"end":{"line":74,"column":1}},"line":43},"13":{"name":"(anonymous_13)","decl":{"start":{"line":48,"column":19},"end":{"line":48,"column":20}},"loc":{"start":{"line":48,"column":28},"end":{"line":61,"column":3}},"line":48},"14":{"name":"(anonymous_14)","decl":{"start":{"line":49,"column":16},"end":{"line":49,"column":17}},"loc":{"start":{"line":49,"column":35},"end":{"line":60,"column":5}},"line":49},"15":{"name":"(anonymous_15)","decl":{"start":{"line":63,"column":12},"end":{"line":63,"column":13}},"loc":{"start":{"line":63,"column":32},"end":{"line":65,"column":3}},"line":63},"16":{"name":"(anonymous_16)","decl":{"start":{"line":66,"column":14},"end":{"line":66,"column":15}},"loc":{"start":{"line":66,"column":26},"end":{"line":70,"column":3}},"line":66},"17":{"name":"getRedisClient","decl":{"start":{"line":81,"column":9},"end":{"line":81,"column":23}},"loc":{"start":{"line":81,"column":26},"end":{"line":121,"column":1}},"line":81},"18":{"name":"(anonymous_18)","decl":{"start":{"line":99,"column":19},"end":{"line":99,"column":20}},"loc":{"start":{"line":99,"column":30},"end":{"line":106,"column":5}},"line":99},"19":{"name":"(anonymous_19)","decl":{"start":{"line":109,"column":25},"end":{"line":109,"column":26}},"loc":{"start":{"line":109,"column":34},"end":{"line":112,"column":3}},"line":109},"20":{"name":"(anonymous_20)","decl":{"start":{"line":114,"column":27},"end":{"line":114,"column":28}},"loc":{"start":{"line":114,"column":33},"end":{"line":117,"column":3}},"line":114},"21":{"name":"disconnectRedis","decl":{"start":{"line":127,"column":15},"end":{"line":127,"column":30}},"loc":{"start":{"line":127,"column":33},"end":{"line":135,"column":1}},"line":127}},"branchMap":{"0":{"loc":{"start":{"line":50,"column":6},"end":{"line":52,"column":7}},"type":"if","locations":[{"start":{"line":50,"column":6},"end":{"line":52,"column":7}},{"start":{},"end":{}}],"line":50},"1":{"loc":{"start":{"line":51,"column":15},"end":{"line":51,"column":65}},"type":"cond-expr","locations":[{"start":{"line":51,"column":45},"end":{"line":51,"column":58}},{"start":{"line":51,"column":61},"end":{"line":51,"column":65}}],"line":51},"2":{"loc":{"start":{"line":58,"column":15},"end":{"line":58,"column":65}},"type":"cond-expr","locations":[{"start":{"line":58,"column":45},"end":{"line":58,"column":58}},{"start":{"line":58,"column":61},"end":{"line":58,"column":65}}],"line":58},"3":{"loc":{"start":{"line":64,"column":4},"end":{"line":64,"column":67}},"type":"if","locations":[{"start":{"line":64,"column":4},"end":{"line":64,"column":67}},{"start":{},"end":{}}],"line":64},"4":{"loc":{"start":{"line":67,"column":4},"end":{"line":69,"column":5}},"type":"if","locations":[{"start":{"line":67,"column":4},"end":{"line":69,"column":5}},{"start":{},"end":{}}],"line":67},"5":{"loc":{"start":{"line":82,"column":2},"end":{"line":82,"column":38}},"type":"if","locations":[{"start":{"line":82,"column":2},"end":{"line":82,"column":38}},{"start":{},"end":{}}],"line":82},"6":{"loc":{"start":{"line":84,"column":20},"end":{"line":84,"column":125}},"type":"binary-expr","locations":[{"start":{"line":84,"column":20},"end":{"line":84,"column":42}},{"start":{"line":84,"column":46},"end":{"line":84,"column":78}},{"start":{"line":84,"column":82},"end":{"line":84,"column":125}}],"line":84},"7":{"loc":{"start":{"line":86,"column":2},"end":{"line":91,"column":3}},"type":"if","locations":[{"start":{"line":86,"column":2},"end":{"line":91,"column":3}},{"start":{},"end":{}}],"line":86},"8":{"loc":{"start":{"line":86,"column":6},"end":{"line":86,"column":56}},"type":"binary-expr","locations":[{"start":{"line":86,"column":6},"end":{"line":86,"column":15}},{"start":{"line":86,"column":19},"end":{"line":86,"column":56}}],"line":86},"9":{"loc":{"start":{"line":100,"column":6},"end":{"line":104,"column":7}},"type":"if","locations":[{"start":{"line":100,"column":6},"end":{"line":104,"column":7}},{"start":{},"end":{}}],"line":100},"10":{"loc":{"start":{"line":128,"column":2},"end":{"line":132,"column":3}},"type":"if","locations":[{"start":{"line":128,"column":2},"end":{"line":132,"column":3}},{"start":{},"end":{}}],"line":128},"11":{"loc":{"start":{"line":130,"column":6},"end":{"line":130,"column":75}},"type":"if","locations":[{"start":{"line":130,"column":6},"end":{"line":130,"column":75}},{"start":{},"end":{}}],"line":130}},"s":{"0":2,"1":2,"2":2,"3":2,"4":0,"5":0,"6":0,"7":0,"8":0,"9":0,"10":0,"11":0,"12":0,"13":0,"14":0,"15":0,"16":0,"17":0,"18":0,"19":0,"20":0,"21":0,"22":0,"23":0,"24":0,"25":0,"26":0,"27":0,"28":0,"29":0,"30":0,"31":0,"32":0,"33":0,"34":0,"35":0,"36":0,"37":0,"38":0,"39":0,"40":0,"41":0,"42":0,"43":0,"44":0,"45":0,"46":0,"47":0,"48":0,"49":0,"50":0,"51":0,"52":0,"53":0,"54":0,"55":0,"56":0,"57":0,"58":0,"59":0,"60":0,"61":0,"62":0,"63":2},"f":{"0":0,"1":0,"2":0,"3":0,"4":0,"5":0,"6":0,"7":0,"8":0,"9":0,"10":0,"11":0,"12":0,"13":0,"14":0,"15":0,"16":0,"17":0,"18":0,"19":0,"20":0,"21":0},"b":{"0":[0,0],"1":[0,0],"2":[0,0],"3":[0,0],"4":[0,0],"5":[0,0],"6":[0,0,0],"7":[0,0],"8":[0,0],"9":[0,0],"10":[0,0],"11":[0,0]},"_coverageSchema":"1a1c01bbd47fc00a2c39e90264f33305004495a9","hash":"540f1c2bd18325f0f32c15b982484d47eb193b49"}
,"/Users/sunnythakur/Desktop/Petpooja/backend/src/middleware/auth.middleware.js": {"path":"/Users/sunnythakur/Desktop/Petpooja/backend/src/middleware/auth.middleware.js","statementMap":{"0":{"start":{"line":7,"column":12},"end":{"line":7,"column":35}},"1":{"start":{"line":8,"column":18},"end":{"line":8,"column":42}},"2":{"start":{"line":9,"column":27},"end":{"line":9,"column":53}},"3":{"start":{"line":10,"column":30},"end":{"line":10,"column":56}},"4":{"start":{"line":11,"column":15},"end":{"line":11,"column":42}},"5":{"start":{"line":23,"column":2},"end":{"line":73,"column":3}},"6":{"start":{"line":24,"column":23},"end":{"line":24,"column":48}},"7":{"start":{"line":26,"column":4},"end":{"line":28,"column":5}},"8":{"start":{"line":27,"column":6},"end":{"line":27,"column":59}},"9":{"start":{"line":30,"column":18},"end":{"line":30,"column":42}},"10":{"start":{"line":32,"column":4},"end":{"line":34,"column":5}},"11":{"start":{"line":33,"column":6},"end":{"line":33,"column":59}},"12":{"start":{"line":36,"column":18},"end":{"line":36,"column":34}},"13":{"start":{"line":37,"column":24},"end":{"line":37,"column":29}},"14":{"start":{"line":38,"column":4},"end":{"line":42,"column":5}},"15":{"start":{"line":39,"column":6},"end":{"line":39,"column":87}},"16":{"start":{"line":44,"column":4},"end":{"line":46,"column":5}},"17":{"start":{"line":45,"column":6},"end":{"line":45,"column":60}},"18":{"start":{"line":48,"column":20},"end":{"line":48,"column":59}},"19":{"start":{"line":50,"column":4},"end":{"line":60,"column":6}},"20":{"start":{"line":62,"column":4},"end":{"line":62,"column":22}},"21":{"start":{"line":64,"column":4},"end":{"line":64,"column":11}},"22":{"start":{"line":66,"column":4},"end":{"line":68,"column":5}},"23":{"start":{"line":67,"column":6},"end":{"line":67,"column":65}},"24":{"start":{"line":69,"column":4},"end":{"line":71,"column":5}},"25":{"start":{"line":70,"column":6},"end":{"line":70,"column":65}},"26":{"start":{"line":72,"column":4},"end":{"line":72,"column":16}},"27":{"start":{"line":85,"column":2},"end":{"line":114,"column":3}},"28":{"start":{"line":86,"column":23},"end":{"line":86,"column":48}},"29":{"start":{"line":88,"column":4},"end":{"line":90,"column":5}},"30":{"start":{"line":89,"column":6},"end":{"line":89,"column":20}},"31":{"start":{"line":92,"column":18},"end":{"line":92,"column":42}},"32":{"start":{"line":93,"column":4},"end":{"line":93,"column":30}},"33":{"start":{"line":93,"column":16},"end":{"line":93,"column":30}},"34":{"start":{"line":95,"column":18},"end":{"line":95,"column":34}},"35":{"start":{"line":96,"column":26},"end":{"line":96,"column":90}},"36":{"start":{"line":97,"column":4},"end":{"line":97,"column":37}},"37":{"start":{"line":97,"column":23},"end":{"line":97,"column":37}},"38":{"start":{"line":99,"column":20},"end":{"line":99,"column":59}},"39":{"start":{"line":100,"column":4},"end":{"line":110,"column":6}},"40":{"start":{"line":111,"column":4},"end":{"line":111,"column":22}},"41":{"start":{"line":113,"column":4},"end":{"line":113,"column":73}},"42":{"start":{"line":115,"column":2},"end":{"line":115,"column":9}},"43":{"start":{"line":122,"column":16},"end":{"line":130,"column":1}},"44":{"start":{"line":122,"column":30},"end":{"line":130,"column":1}},"45":{"start":{"line":123,"column":2},"end":{"line":128,"column":3}},"46":{"start":{"line":124,"column":4},"end":{"line":127,"column":7}},"47":{"start":{"line":129,"column":2},"end":{"line":129,"column":9}},"48":{"start":{"line":132,"column":21},"end":{"line":140,"column":1}},"49":{"start":{"line":133,"column":2},"end":{"line":138,"column":3}},"50":{"start":{"line":134,"column":4},"end":{"line":137,"column":7}},"51":{"start":{"line":139,"column":2},"end":{"line":139,"column":9}},"52":{"start":{"line":142,"column":0},"end":{"line":142,"column":71}}},"fnMap":{"0":{"name":"authenticate","decl":{"start":{"line":22,"column":15},"end":{"line":22,"column":27}},"loc":{"start":{"line":22,"column":44},"end":{"line":74,"column":1}},"line":22},"1":{"name":"optionalAuth","decl":{"start":{"line":84,"column":15},"end":{"line":84,"column":27}},"loc":{"start":{"line":84,"column":44},"end":{"line":116,"column":1}},"line":84},"2":{"name":"(anonymous_2)","decl":{"start":{"line":122,"column":16},"end":{"line":122,"column":17}},"loc":{"start":{"line":122,"column":30},"end":{"line":130,"column":1}},"line":122},"3":{"name":"(anonymous_3)","decl":{"start":{"line":122,"column":30},"end":{"line":122,"column":31}},"loc":{"start":{"line":122,"column":50},"end":{"line":130,"column":1}},"line":122},"4":{"name":"(anonymous_4)","decl":{"start":{"line":132,"column":21},"end":{"line":132,"column":22}},"loc":{"start":{"line":132,"column":41},"end":{"line":140,"column":1}},"line":132}},"branchMap":{"0":{"loc":{"start":{"line":26,"column":4},"end":{"line":28,"column":5}},"type":"if","locations":[{"start":{"line":26,"column":4},"end":{"line":28,"column":5}},{"start":{},"end":{}}],"line":26},"1":{"loc":{"start":{"line":26,"column":8},"end":{"line":26,"column":56}},"type":"binary-expr","locations":[{"start":{"line":26,"column":8},"end":{"line":26,"column":19}},{"start":{"line":26,"column":23},"end":{"line":26,"column":56}}],"line":26},"2":{"loc":{"start":{"line":32,"column":4},"end":{"line":34,"column":5}},"type":"if","locations":[{"start":{"line":32,"column":4},"end":{"line":34,"column":5}},{"start":{},"end":{}}],"line":32},"3":{"loc":{"start":{"line":44,"column":4},"end":{"line":46,"column":5}},"type":"if","locations":[{"start":{"line":44,"column":4},"end":{"line":46,"column":5}},{"start":{},"end":{}}],"line":44},"4":{"loc":{"start":{"line":59,"column":19},"end":{"line":59,"column":44}},"type":"binary-expr","locations":[{"start":{"line":59,"column":19},"end":{"line":59,"column":38}},{"start":{"line":59,"column":42},"end":{"line":59,"column":44}}],"line":59},"5":{"loc":{"start":{"line":66,"column":4},"end":{"line":68,"column":5}},"type":"if","locations":[{"start":{"line":66,"column":4},"end":{"line":68,"column":5}},{"start":{},"end":{}}],"line":66},"6":{"loc":{"start":{"line":69,"column":4},"end":{"line":71,"column":5}},"type":"if","locations":[{"start":{"line":69,"column":4},"end":{"line":71,"column":5}},{"start":{},"end":{}}],"line":69},"7":{"loc":{"start":{"line":88,"column":4},"end":{"line":90,"column":5}},"type":"if","locations":[{"start":{"line":88,"column":4},"end":{"line":90,"column":5}},{"start":{},"end":{}}],"line":88},"8":{"loc":{"start":{"line":88,"column":8},"end":{"line":88,"column":56}},"type":"binary-expr","locations":[{"start":{"line":88,"column":8},"end":{"line":88,"column":19}},{"start":{"line":88,"column":23},"end":{"line":88,"column":56}}],"line":88},"9":{"loc":{"start":{"line":93,"column":4},"end":{"line":93,"column":30}},"type":"if","locations":[{"start":{"line":93,"column":4},"end":{"line":93,"column":30}},{"start":{},"end":{}}],"line":93},"10":{"loc":{"start":{"line":97,"column":4},"end":{"line":97,"column":37}},"type":"if","locations":[{"start":{"line":97,"column":4},"end":{"line":97,"column":37}},{"start":{},"end":{}}],"line":97},"11":{"loc":{"start":{"line":109,"column":19},"end":{"line":109,"column":44}},"type":"binary-expr","locations":[{"start":{"line":109,"column":19},"end":{"line":109,"column":38}},{"start":{"line":109,"column":42},"end":{"line":109,"column":44}}],"line":109},"12":{"loc":{"start":{"line":123,"column":2},"end":{"line":128,"column":3}},"type":"if","locations":[{"start":{"line":123,"column":2},"end":{"line":128,"column":3}},{"start":{},"end":{}}],"line":123},"13":{"loc":{"start":{"line":123,"column":6},"end":{"line":123,"column":49}},"type":"binary-expr","locations":[{"start":{"line":123,"column":6},"end":{"line":123,"column":15}},{"start":{"line":123,"column":19},"end":{"line":123,"column":49}}],"line":123},"14":{"loc":{"start":{"line":133,"column":2},"end":{"line":138,"column":3}},"type":"if","locations":[{"start":{"line":133,"column":2},"end":{"line":138,"column":3}},{"start":{},"end":{}}],"line":133}},"s":{"0":2,"1":2,"2":2,"3":2,"4":2,"5":0,"6":0,"7":0,"8":0,"9":0,"10":0,"11":0,"12":0,"13":0,"14":0,"15":0,"16":0,"17":0,"18":0,"19":0,"20":0,"21":0,"22":0,"23":0,"24":0,"25":0,"26":0,"27":0,"28":0,"29":0,"30":0,"31":0,"32":0,"33":0,"34":0,"35":0,"36":0,"37":0,"38":0,"39":0,"40":0,"41":0,"42":0,"43":2,"44":6,"45":0,"46":0,"47":0,"48":2,"49":0,"50":0,"51":0,"52":2},"f":{"0":0,"1":0,"2":6,"3":0,"4":0},"b":{"0":[0,0],"1":[0,0],"2":[0,0],"3":[0,0],"4":[0,0],"5":[0,0],"6":[0,0],"7":[0,0],"8":[0,0],"9":[0,0],"10":[0,0],"11":[0,0],"12":[0,0],"13":[0,0],"14":[0,0]},"_coverageSchema":"1a1c01bbd47fc00a2c39e90264f33305004495a9","hash":"2f1011bb711cb1531851e83b92adb4e1a3a1f169"}
,"/Users/sunnythakur/Desktop/Petpooja/backend/src/middleware/error.middleware.js": {"path":"/Users/sunnythakur/Desktop/Petpooja/backend/src/middleware/error.middleware.js","statementMap":{"0":{"start":{"line":7,"column":21},"end":{"line":7,"column":47}},"1":{"start":{"line":8,"column":15},"end":{"line":8,"column":42}},"2":{"start":{"line":21,"column":19},"end":{"line":21,"column":22}},"3":{"start":{"line":22,"column":16},"end":{"line":22,"column":39}},"4":{"start":{"line":23,"column":25},"end":{"line":23,"column":29}},"5":{"start":{"line":25,"column":2},"end":{"line":63,"column":3}},"6":{"start":{"line":26,"column":4},"end":{"line":26,"column":32}},"7":{"start":{"line":27,"column":4},"end":{"line":27,"column":26}},"8":{"start":{"line":28,"column":4},"end":{"line":28,"column":52}},"9":{"start":{"line":30,"column":4},"end":{"line":44,"column":5}},"10":{"start":{"line":31,"column":6},"end":{"line":37,"column":9}},"11":{"start":{"line":39,"column":6},"end":{"line":43,"column":9}},"12":{"start":{"line":45,"column":9},"end":{"line":63,"column":3}},"13":{"start":{"line":46,"column":4},"end":{"line":46,"column":21}},"14":{"start":{"line":47,"column":4},"end":{"line":47,"column":45}},"15":{"start":{"line":48,"column":4},"end":{"line":48,"column":82}},"16":{"start":{"line":49,"column":9},"end":{"line":63,"column":3}},"17":{"start":{"line":50,"column":4},"end":{"line":50,"column":21}},"18":{"start":{"line":51,"column":4},"end":{"line":51,"column":53}},"19":{"start":{"line":52,"column":4},"end":{"line":52,"column":78}},"20":{"start":{"line":53,"column":9},"end":{"line":63,"column":3}},"21":{"start":{"line":54,"column":4},"end":{"line":54,"column":21}},"22":{"start":{"line":55,"column":4},"end":{"line":55,"column":39}},"23":{"start":{"line":57,"column":4},"end":{"line":62,"column":7}},"24":{"start":{"line":65,"column":19},"end":{"line":71,"column":3}},"25":{"start":{"line":73,"column":2},"end":{"line":75,"column":3}},"26":{"start":{"line":74,"column":4},"end":{"line":74,"column":39}},"27":{"start":{"line":77,"column":2},"end":{"line":79,"column":3}},"28":{"start":{"line":78,"column":4},"end":{"line":78,"column":31}},"29":{"start":{"line":81,"column":2},"end":{"line":81,"column":40}},"30":{"start":{"line":91,"column":2},"end":{"line":95,"column":5}},"31":{"start":{"line":98,"column":0},"end":{"line":98,"column":51}}},"fnMap":{"0":{"name":"errorHandler","decl":{"start":{"line":20,"column":9},"end":{"line":20,"column":21}},"loc":{"start":{"line":20,"column":44},"end":{"line":82,"column":1}},"line":20},"1":{"name":"notFoundHandler","decl":{"start":{"line":90,"column":9},"end":{"line":90,"column":24}},"loc":{"start":{"line":90,"column":35},"end":{"line":96,"column":1}},"line":90}},"branchMap":{"0":{"loc":{"start":{"line":25,"column":2},"end":{"line":63,"column":3}},"type":"if","locations":[{"start":{"line":25,"column":2},"end":{"line":63,"column":3}},{"start":{"line":45,"column":9},"end":{"line":63,"column":3}}],"line":25},"1":{"loc":{"start":{"line":28,"column":23},"end":{"line":28,"column":51}},"type":"binary-expr","locations":[{"start":{"line":28,"column":23},"end":{"line":28,"column":43}},{"start":{"line":28,"column":47},"end":{"line":28,"column":51}}],"line":28},"2":{"loc":{"start":{"line":30,"column":4},"end":{"line":44,"column":5}},"type":"if","locations":[{"start":{"line":30,"column":4},"end":{"line":44,"column":5}},{"start":{"line":38,"column":11},"end":{"line":44,"column":5}}],"line":30},"3":{"loc":{"start":{"line":36,"column":16},"end":{"line":36,"column":45}},"type":"cond-expr","locations":[{"start":{"line":36,"column":27},"end":{"line":36,"column":38}},{"start":{"line":36,"column":41},"end":{"line":36,"column":45}}],"line":36},"4":{"loc":{"start":{"line":45,"column":9},"end":{"line":63,"column":3}},"type":"if","locations":[{"start":{"line":45,"column":9},"end":{"line":63,"column":3}},{"start":{"line":49,"column":9},"end":{"line":63,"column":3}}],"line":45},"5":{"loc":{"start":{"line":45,"column":13},"end":{"line":45,"column":61}},"type":"binary-expr","locations":[{"start":{"line":45,"column":13},"end":{"line":45,"column":39}},{"start":{"line":45,"column":43},"end":{"line":45,"column":61}}],"line":45},"6":{"loc":{"start":{"line":49,"column":9},"end":{"line":63,"column":3}},"type":"if","locations":[{"start":{"line":49,"column":9},"end":{"line":63,"column":3}},{"start":{"line":53,"column":9},"end":{"line":63,"column":3}}],"line":49},"7":{"loc":{"start":{"line":53,"column":9},"end":{"line":63,"column":3}},"type":"if","locations":[{"start":{"line":53,"column":9},"end":{"line":63,"column":3}},{"start":{"line":56,"column":9},"end":{"line":63,"column":3}}],"line":53},"8":{"loc":{"start":{"line":68,"column":13},"end":{"line":70,"column":15}},"type":"cond-expr","locations":[{"start":{"line":69,"column":8},"end":{"line":69,"column":31}},{"start":{"line":70,"column":8},"end":{"line":70,"column":15}}],"line":68},"9":{"loc":{"start":{"line":68,"column":13},"end":{"line":68,"column":72}},"type":"binary-expr","locations":[{"start":{"line":68,"column":13},"end":{"line":68,"column":50}},{"start":{"line":68,"column":54},"end":{"line":68,"column":72}}],"line":68},"10":{"loc":{"start":{"line":73,"column":2},"end":{"line":75,"column":3}},"type":"if","locations":[{"start":{"line":73,"column":2},"end":{"line":75,"column":3}},{"start":{},"end":{}}],"line":73},"11":{"loc":{"start":{"line":77,"column":2},"end":{"line":79,"column":3}},"type":"if","locations":[{"start":{"line":77,"column":2},"end":{"line":79,"column":3}},{"start":{},"end":{}}],"line":77},"12":{"loc":{"start":{"line":77,"column":6},"end":{"line":77,"column":66}},"type":"binary-expr","locations":[{"start":{"line":77,"column":6},"end":{"line":77,"column":44}},{"start":{"line":77,"column":48},"end":{"line":77,"column":66}}],"line":77}},"s":{"0":2,"1":2,"2":0,"3":0,"4":0,"5":0,"6":0,"7":0,"8":0,"9":0,"10":0,"11":0,"12":0,"13":0,"14":0,"15":0,"16":0,"17":0,"18":0,"19":0,"20":0,"21":0,"22":0,"23":0,"24":0,"25":0,"26":0,"27":0,"28":0,"29":0,"30":0,"31":2},"f":{"0":0,"1":0},"b":{"0":[0,0],"1":[0,0],"2":[0,0],"3":[0,0],"4":[0,0],"5":[0,0],"6":[0,0],"7":[0,0],"8":[0,0],"9":[0,0],"10":[0,0],"11":[0,0],"12":[0,0]},"_coverageSchema":"1a1c01bbd47fc00a2c39e90264f33305004495a9","hash":"c060dfeb0283ec002b44c53012c7ef8300472f62"}
,"/Users/sunnythakur/Desktop/Petpooja/backend/src/middleware/logger.middleware.js": {"path":"/Users/sunnythakur/Desktop/Petpooja/backend/src/middleware/logger.middleware.js","statementMap":{"0":{"start":{"line":6,"column":15},"end":{"line":6,"column":32}},"1":{"start":{"line":7,"column":15},"end":{"line":7,"column":42}},"2":{"start":{"line":12,"column":0},"end":{"line":18,"column":3}},"3":{"start":{"line":13,"column":17},"end":{"line":13,"column":31}},"4":{"start":{"line":14,"column":2},"end":{"line":14,"column":55}},"5":{"start":{"line":14,"column":21},"end":{"line":14,"column":55}},"6":{"start":{"line":15,"column":2},"end":{"line":15,"column":55}},"7":{"start":{"line":15,"column":21},"end":{"line":15,"column":55}},"8":{"start":{"line":16,"column":2},"end":{"line":16,"column":55}},"9":{"start":{"line":16,"column":21},"end":{"line":16,"column":55}},"10":{"start":{"line":17,"column":2},"end":{"line":17,"column":36}},"11":{"start":{"line":23,"column":15},"end":{"line":27,"column":1}},"12":{"start":{"line":25,"column":4},"end":{"line":25,"column":52}},"13":{"start":{"line":32,"column":18},"end":{"line":35,"column":2}},"14":{"start":{"line":34,"column":17},"end":{"line":34,"column":38}},"15":{"start":{"line":40,"column":19},"end":{"line":46,"column":1}},"16":{"start":{"line":44,"column":19},"end":{"line":44,"column":40}},"17":{"start":{"line":53,"column":2},"end":{"line":55,"column":3}},"18":{"start":{"line":54,"column":4},"end":{"line":54,"column":22}},"19":{"start":{"line":56,"column":2},"end":{"line":56,"column":19}},"20":{"start":{"line":59,"column":0},"end":{"line":59,"column":32}}},"fnMap":{"0":{"name":"(anonymous_0)","decl":{"start":{"line":12,"column":31},"end":{"line":12,"column":32}},"loc":{"start":{"line":12,"column":45},"end":{"line":18,"column":1}},"line":12},"1":{"name":"(anonymous_1)","decl":{"start":{"line":24,"column":9},"end":{"line":24,"column":10}},"loc":{"start":{"line":24,"column":22},"end":{"line":26,"column":3}},"line":24},"2":{"name":"(anonymous_2)","decl":{"start":{"line":34,"column":8},"end":{"line":34,"column":9}},"loc":{"start":{"line":34,"column":17},"end":{"line":34,"column":38}},"line":34},"3":{"name":"(anonymous_3)","decl":{"start":{"line":44,"column":10},"end":{"line":44,"column":11}},"loc":{"start":{"line":44,"column":19},"end":{"line":44,"column":40}},"line":44},"4":{"name":"httpLogger","decl":{"start":{"line":52,"column":9},"end":{"line":52,"column":19}},"loc":{"start":{"line":52,"column":22},"end":{"line":57,"column":1}},"line":52}},"branchMap":{"0":{"loc":{"start":{"line":14,"column":2},"end":{"line":14,"column":55}},"type":"if","locations":[{"start":{"line":14,"column":2},"end":{"line":14,"column":55}},{"start":{},"end":{}}],"line":14},"1":{"loc":{"start":{"line":15,"column":2},"end":{"line":15,"column":55}},"type":"if","locations":[{"start":{"line":15,"column":2},"end":{"line":15,"column":55}},{"start":{},"end":{}}],"line":15},"2":{"loc":{"start":{"line":16,"column":2},"end":{"line":16,"column":55}},"type":"if","locations":[{"start":{"line":16,"column":2},"end":{"line":16,"column":55}},{"start":{},"end":{}}],"line":16},"3":{"loc":{"start":{"line":53,"column":2},"end":{"line":55,"column":3}},"type":"if","locations":[{"start":{"line":53,"column":2},"end":{"line":55,"column":3}},{"start":{},"end":{}}],"line":53}},"s":{"0":2,"1":2,"2":2,"3":0,"4":0,"5":0,"6":0,"7":0,"8":0,"9":0,"10":0,"11":2,"12":0,"13":2,"14":0,"15":2,"16":0,"17":2,"18":0,"19":2,"20":2},"f":{"0":0,"1":0,"2":0,"3":0,"4":2},"b":{"0":[0,0],"1":[0,0],"2":[0,0],"3":[0,2]},"_coverageSchema":"1a1c01bbd47fc00a2c39e90264f33305004495a9","hash":"db6ff3e502ab6c3b121497c596a6031cc6c09b4e"}
,"/Users/sunnythakur/Desktop/Petpooja/backend/src/middleware/rateLimit.middleware.js": {"path":"/Users/sunnythakur/Desktop/Petpooja/backend/src/middleware/rateLimit.middleware.js","statementMap":{"0":{"start":{"line":7,"column":18},"end":{"line":7,"column":47}},"1":{"start":{"line":8,"column":18},"end":{"line":8,"column":42}},"2":{"start":{"line":9,"column":22},"end":{"line":9,"column":50}},"3":{"start":{"line":14,"column":23},"end":{"line":26,"column":2}},"4":{"start":{"line":21,"column":4},"end":{"line":21,"column":43}},"5":{"start":{"line":24,"column":4},"end":{"line":24,"column":69}},"6":{"start":{"line":31,"column":20},"end":{"line":40,"column":2}},"7":{"start":{"line":36,"column":25},"end":{"line":36,"column":31}},"8":{"start":{"line":38,"column":4},"end":{"line":38,"column":84}},"9":{"start":{"line":46,"column":23},"end":{"line":55,"column":2}},"10":{"start":{"line":51,"column":25},"end":{"line":51,"column":31}},"11":{"start":{"line":53,"column":4},"end":{"line":53,"column":55}},"12":{"start":{"line":60,"column":22},"end":{"line":71,"column":2}},"13":{"start":{"line":66,"column":4},"end":{"line":66,"column":43}},"14":{"start":{"line":69,"column":4},"end":{"line":69,"column":73}},"15":{"start":{"line":73,"column":0},"end":{"line":73,"column":80}}},"fnMap":{"0":{"name":"(anonymous_0)","decl":{"start":{"line":20,"column":16},"end":{"line":20,"column":17}},"loc":{"start":{"line":20,"column":25},"end":{"line":22,"column":3}},"line":20},"1":{"name":"(anonymous_1)","decl":{"start":{"line":23,"column":11},"end":{"line":23,"column":12}},"loc":{"start":{"line":23,"column":25},"end":{"line":25,"column":3}},"line":23},"2":{"name":"(anonymous_2)","decl":{"start":{"line":36,"column":16},"end":{"line":36,"column":17}},"loc":{"start":{"line":36,"column":25},"end":{"line":36,"column":31}},"line":36},"3":{"name":"(anonymous_3)","decl":{"start":{"line":37,"column":11},"end":{"line":37,"column":12}},"loc":{"start":{"line":37,"column":25},"end":{"line":39,"column":3}},"line":37},"4":{"name":"(anonymous_4)","decl":{"start":{"line":51,"column":16},"end":{"line":51,"column":17}},"loc":{"start":{"line":51,"column":25},"end":{"line":51,"column":31}},"line":51},"5":{"name":"(anonymous_5)","decl":{"start":{"line":52,"column":11},"end":{"line":52,"column":12}},"loc":{"start":{"line":52,"column":25},"end":{"line":54,"column":3}},"line":52},"6":{"name":"(anonymous_6)","decl":{"start":{"line":65,"column":16},"end":{"line":65,"column":17}},"loc":{"start":{"line":65,"column":25},"end":{"line":67,"column":3}},"line":65},"7":{"name":"(anonymous_7)","decl":{"start":{"line":68,"column":11},"end":{"line":68,"column":12}},"loc":{"start":{"line":68,"column":25},"end":{"line":70,"column":3}},"line":68}},"branchMap":{"0":{"loc":{"start":{"line":21,"column":11},"end":{"line":21,"column":42}},"type":"cond-expr","locations":[{"start":{"line":21,"column":22},"end":{"line":21,"column":33}},{"start":{"line":21,"column":36},"end":{"line":21,"column":42}}],"line":21},"1":{"loc":{"start":{"line":66,"column":11},"end":{"line":66,"column":42}},"type":"cond-expr","locations":[{"start":{"line":66,"column":22},"end":{"line":66,"column":33}},{"start":{"line":66,"column":36},"end":{"line":66,"column":42}}],"line":66}},"s":{"0":2,"1":2,"2":2,"3":2,"4":0,"5":0,"6":2,"7":0,"8":0,"9":2,"10":0,"11":0,"12":2,"13":0,"14":0,"15":2},"f":{"0":0,"1":0,"2":0,"3":0,"4":0,"5":0,"6":0,"7":0},"b":{"0":[0,0],"1":[0,0]},"_coverageSchema":"1a1c01bbd47fc00a2c39e90264f33305004495a9","hash":"4a0bb6d4dab024413f345aa6a3f994ed90bc7de4"}
,"/Users/sunnythakur/Desktop/Petpooja/backend/src/middleware/rbac.middleware.js": {"path":"/Users/sunnythakur/Desktop/Petpooja/backend/src/middleware/rbac.middleware.js","statementMap":{"0":{"start":{"line":7,"column":27},"end":{"line":7,"column":53}},"1":{"start":{"line":13,"column":20},"end":{"line":13,"column":99}},"2":{"start":{"line":23,"column":2},"end":{"line":39,"column":4}},"3":{"start":{"line":24,"column":4},"end":{"line":38,"column":5}},"4":{"start":{"line":25,"column":6},"end":{"line":27,"column":7}},"5":{"start":{"line":26,"column":8},"end":{"line":26,"column":61}},"6":{"start":{"line":29,"column":6},"end":{"line":33,"column":7}},"7":{"start":{"line":30,"column":8},"end":{"line":32,"column":10}},"8":{"start":{"line":35,"column":6},"end":{"line":35,"column":13}},"9":{"start":{"line":37,"column":6},"end":{"line":37,"column":18}},"10":{"start":{"line":50,"column":2},"end":{"line":72,"column":4}},"11":{"start":{"line":51,"column":4},"end":{"line":71,"column":5}},"12":{"start":{"line":52,"column":6},"end":{"line":54,"column":7}},"13":{"start":{"line":53,"column":8},"end":{"line":53,"column":60}},"14":{"start":{"line":57,"column":6},"end":{"line":59,"column":7}},"15":{"start":{"line":58,"column":8},"end":{"line":58,"column":22}},"16":{"start":{"line":61,"column":30},"end":{"line":61,"column":56}},"17":{"start":{"line":62,"column":6},"end":{"line":66,"column":7}},"18":{"start":{"line":63,"column":8},"end":{"line":65,"column":10}},"19":{"start":{"line":68,"column":6},"end":{"line":68,"column":13}},"20":{"start":{"line":70,"column":6},"end":{"line":70,"column":18}},"21":{"start":{"line":84,"column":2},"end":{"line":109,"column":3}},"22":{"start":{"line":85,"column":4},"end":{"line":87,"column":5}},"23":{"start":{"line":86,"column":6},"end":{"line":86,"column":58}},"24":{"start":{"line":89,"column":4},"end":{"line":91,"column":5}},"25":{"start":{"line":90,"column":6},"end":{"line":90,"column":20}},"26":{"start":{"line":93,"column":30},"end":{"line":93,"column":94}},"27":{"start":{"line":95,"column":4},"end":{"line":97,"column":5}},"28":{"start":{"line":96,"column":6},"end":{"line":96,"column":88}},"29":{"start":{"line":99,"column":4},"end":{"line":104,"column":5}},"30":{"start":{"line":100,"column":6},"end":{"line":100,"column":47}},"31":{"start":{"line":101,"column":6},"end":{"line":103,"column":7}},"32":{"start":{"line":102,"column":8},"end":{"line":102,"column":48}},"33":{"start":{"line":106,"column":4},"end":{"line":106,"column":11}},"34":{"start":{"line":108,"column":4},"end":{"line":108,"column":16}},"35":{"start":{"line":117,"column":26},"end":{"line":117,"column":55}},"36":{"start":{"line":118,"column":17},"end":{"line":118,"column":30}},"37":{"start":{"line":120,"column":2},"end":{"line":149,"column":34}},"38":{"start":{"line":121,"column":4},"end":{"line":121,"column":33}},"39":{"start":{"line":121,"column":19},"end":{"line":121,"column":33}},"40":{"start":{"line":122,"column":4},"end":{"line":122,"column":55}},"41":{"start":{"line":122,"column":41},"end":{"line":122,"column":55}},"42":{"start":{"line":124,"column":17},"end":{"line":124,"column":40}},"43":{"start":{"line":125,"column":4},"end":{"line":125,"column":29}},"44":{"start":{"line":125,"column":15},"end":{"line":125,"column":29}},"45":{"start":{"line":127,"column":4},"end":{"line":148,"column":19}},"46":{"start":{"line":131,"column":8},"end":{"line":131,"column":31}},"47":{"start":{"line":131,"column":17},"end":{"line":131,"column":31}},"48":{"start":{"line":132,"column":8},"end":{"line":134,"column":9}},"49":{"start":{"line":133,"column":12},"end":{"line":133,"column":108}},"50":{"start":{"line":136,"column":26},"end":{"line":136,"column":45}},"51":{"start":{"line":137,"column":29},"end":{"line":137,"column":88}},"52":{"start":{"line":139,"column":8},"end":{"line":145,"column":9}},"53":{"start":{"line":140,"column":12},"end":{"line":144,"column":15}},"54":{"start":{"line":147,"column":8},"end":{"line":147,"column":15}},"55":{"start":{"line":149,"column":20},"end":{"line":149,"column":32}},"56":{"start":{"line":152,"column":0},"end":{"line":152,"column":91}}},"fnMap":{"0":{"name":"hasRole","decl":{"start":{"line":22,"column":9},"end":{"line":22,"column":16}},"loc":{"start":{"line":22,"column":34},"end":{"line":40,"column":1}},"line":22},"1":{"name":"(anonymous_1)","decl":{"start":{"line":23,"column":9},"end":{"line":23,"column":10}},"loc":{"start":{"line":23,"column":29},"end":{"line":39,"column":3}},"line":23},"2":{"name":"hasPermission","decl":{"start":{"line":49,"column":9},"end":{"line":49,"column":22}},"loc":{"start":{"line":49,"column":43},"end":{"line":73,"column":1}},"line":49},"3":{"name":"(anonymous_3)","decl":{"start":{"line":50,"column":9},"end":{"line":50,"column":10}},"loc":{"start":{"line":50,"column":29},"end":{"line":72,"column":3}},"line":50},"4":{"name":"enforceOutletScope","decl":{"start":{"line":83,"column":9},"end":{"line":83,"column":27}},"loc":{"start":{"line":83,"column":44},"end":{"line":110,"column":1}},"line":83},"5":{"name":"checkLicense","decl":{"start":{"line":116,"column":9},"end":{"line":116,"column":21}},"loc":{"start":{"line":116,"column":38},"end":{"line":150,"column":1}},"line":116},"6":{"name":"(anonymous_6)","decl":{"start":{"line":130,"column":12},"end":{"line":130,"column":13}},"loc":{"start":{"line":130,"column":18},"end":{"line":148,"column":5}},"line":130}},"branchMap":{"0":{"loc":{"start":{"line":25,"column":6},"end":{"line":27,"column":7}},"type":"if","locations":[{"start":{"line":25,"column":6},"end":{"line":27,"column":7}},{"start":{},"end":{}}],"line":25},"1":{"loc":{"start":{"line":25,"column":10},"end":{"line":25,"column":37}},"type":"binary-expr","locations":[{"start":{"line":25,"column":10},"end":{"line":25,"column":19}},{"start":{"line":25,"column":23},"end":{"line":25,"column":37}}],"line":25},"2":{"loc":{"start":{"line":29,"column":6},"end":{"line":33,"column":7}},"type":"if","locations":[{"start":{"line":29,"column":6},"end":{"line":33,"column":7}},{"start":{},"end":{}}],"line":29},"3":{"loc":{"start":{"line":52,"column":6},"end":{"line":54,"column":7}},"type":"if","locations":[{"start":{"line":52,"column":6},"end":{"line":54,"column":7}},{"start":{},"end":{}}],"line":52},"4":{"loc":{"start":{"line":57,"column":6},"end":{"line":59,"column":7}},"type":"if","locations":[{"start":{"line":57,"column":6},"end":{"line":59,"column":7}},{"start":{},"end":{}}],"line":57},"5":{"loc":{"start":{"line":61,"column":30},"end":{"line":61,"column":56}},"type":"binary-expr","locations":[{"start":{"line":61,"column":30},"end":{"line":61,"column":50}},{"start":{"line":61,"column":54},"end":{"line":61,"column":56}}],"line":61},"6":{"loc":{"start":{"line":62,"column":6},"end":{"line":66,"column":7}},"type":"if","locations":[{"start":{"line":62,"column":6},"end":{"line":66,"column":7}},{"start":{},"end":{}}],"line":62},"7":{"loc":{"start":{"line":85,"column":4},"end":{"line":87,"column":5}},"type":"if","locations":[{"start":{"line":85,"column":4},"end":{"line":87,"column":5}},{"start":{},"end":{}}],"line":85},"8":{"loc":{"start":{"line":89,"column":4},"end":{"line":91,"column":5}},"type":"if","locations":[{"start":{"line":89,"column":4},"end":{"line":91,"column":5}},{"start":{},"end":{}}],"line":89},"9":{"loc":{"start":{"line":93,"column":30},"end":{"line":93,"column":94}},"type":"binary-expr","locations":[{"start":{"line":93,"column":30},"end":{"line":93,"column":49}},{"start":{"line":93,"column":53},"end":{"line":93,"column":72}},{"start":{"line":93,"column":76},"end":{"line":93,"column":94}}],"line":93},"10":{"loc":{"start":{"line":95,"column":4},"end":{"line":97,"column":5}},"type":"if","locations":[{"start":{"line":95,"column":4},"end":{"line":97,"column":5}},{"start":{},"end":{}}],"line":95},"11":{"loc":{"start":{"line":95,"column":8},"end":{"line":95,"column":69}},"type":"binary-expr","locations":[{"start":{"line":95,"column":8},"end":{"line":95,"column":25}},{"start":{"line":95,"column":29},"end":{"line":95,"column":69}}],"line":95},"12":{"loc":{"start":{"line":99,"column":4},"end":{"line":104,"column":5}},"type":"if","locations":[{"start":{"line":99,"column":4},"end":{"line":104,"column":5}},{"start":{},"end":{}}],"line":99},"13":{"loc":{"start":{"line":101,"column":6},"end":{"line":103,"column":7}},"type":"if","locations":[{"start":{"line":101,"column":6},"end":{"line":103,"column":7}},{"start":{},"end":{}}],"line":101},"14":{"loc":{"start":{"line":101,"column":10},"end":{"line":101,"column":50}},"type":"binary-expr","locations":[{"start":{"line":101,"column":10},"end":{"line":101,"column":18}},{"start":{"line":101,"column":22},"end":{"line":101,"column":50}}],"line":101},"15":{"loc":{"start":{"line":121,"column":4},"end":{"line":121,"column":33}},"type":"if","locations":[{"start":{"line":121,"column":4},"end":{"line":121,"column":33}},{"start":{},"end":{}}],"line":121},"16":{"loc":{"start":{"line":122,"column":4},"end":{"line":122,"column":55}},"type":"if","locations":[{"start":{"line":122,"column":4},"end":{"line":122,"column":55}},{"start":{},"end":{}}],"line":122},"17":{"loc":{"start":{"line":125,"column":4},"end":{"line":125,"column":29}},"type":"if","locations":[{"start":{"line":125,"column":4},"end":{"line":125,"column":29}},{"start":{},"end":{}}],"line":125},"18":{"loc":{"start":{"line":131,"column":8},"end":{"line":131,"column":31}},"type":"if","locations":[{"start":{"line":131,"column":8},"end":{"line":131,"column":31}},{"start":{},"end":{}}],"line":131},"19":{"loc":{"start":{"line":132,"column":8},"end":{"line":134,"column":9}},"type":"if","locations":[{"start":{"line":132,"column":8},"end":{"line":134,"column":9}},{"start":{},"end":{}}],"line":132},"20":{"loc":{"start":{"line":137,"column":29},"end":{"line":137,"column":88}},"type":"binary-expr","locations":[{"start":{"line":137,"column":29},"end":{"line":137,"column":45}},{"start":{"line":137,"column":49},"end":{"line":137,"column":88}}],"line":137},"21":{"loc":{"start":{"line":139,"column":8},"end":{"line":145,"column":9}},"type":"if","locations":[{"start":{"line":139,"column":8},"end":{"line":145,"column":9}},{"start":{},"end":{}}],"line":139},"22":{"loc":{"start":{"line":139,"column":12},"end":{"line":139,"column":39}},"type":"binary-expr","locations":[{"start":{"line":139,"column":12},"end":{"line":139,"column":22}},{"start":{"line":139,"column":26},"end":{"line":139,"column":39}}],"line":139}},"s":{"0":2,"1":2,"2":16,"3":0,"4":0,"5":0,"6":0,"7":0,"8":0,"9":0,"10":174,"11":0,"12":0,"13":0,"14":0,"15":0,"16":0,"17":0,"18":0,"19":0,"20":0,"21":0,"22":0,"23":0,"24":0,"25":0,"26":0,"27":0,"28":0,"29":0,"30":0,"31":0,"32":0,"33":0,"34":0,"35":0,"36":0,"37":0,"38":0,"39":0,"40":0,"41":0,"42":0,"43":0,"44":0,"45":0,"46":0,"47":0,"48":0,"49":0,"50":0,"51":0,"52":0,"53":0,"54":0,"55":0,"56":2},"f":{"0":16,"1":0,"2":174,"3":0,"4":0,"5":0,"6":0},"b":{"0":[0,0],"1":[0,0],"2":[0,0],"3":[0,0],"4":[0,0],"5":[0,0],"6":[0,0],"7":[0,0],"8":[0,0],"9":[0,0,0],"10":[0,0],"11":[0,0],"12":[0,0],"13":[0,0],"14":[0,0],"15":[0,0],"16":[0,0],"17":[0,0],"18":[0,0],"19":[0,0],"20":[0,0],"21":[0,0],"22":[0,0]},"_coverageSchema":"1a1c01bbd47fc00a2c39e90264f33305004495a9","hash":"83fe130d7a5aceb0ad55dfc5ee3d90b35c614d7b"}
,"/Users/sunnythakur/Desktop/Petpooja/backend/src/middleware/security.middleware.js": {"path":"/Users/sunnythakur/Desktop/Petpooja/backend/src/middleware/security.middleware.js","statementMap":{"0":{"start":{"line":6,"column":28},"end":{"line":6,"column":54}},"1":{"start":{"line":15,"column":2},"end":{"line":26,"column":4}},"2":{"start":{"line":27,"column":2},"end":{"line":27,"column":9}},"3":{"start":{"line":37,"column":2},"end":{"line":37,"column":93}},"4":{"start":{"line":38,"column":2},"end":{"line":38,"column":9}},"5":{"start":{"line":48,"column":2},"end":{"line":56,"column":3}},"6":{"start":{"line":49,"column":4},"end":{"line":55,"column":14}},"7":{"start":{"line":57,"column":2},"end":{"line":59,"column":3}},"8":{"start":{"line":58,"column":4},"end":{"line":58,"column":36}},"9":{"start":{"line":60,"column":2},"end":{"line":66,"column":3}},"10":{"start":{"line":61,"column":22},"end":{"line":61,"column":24}},"11":{"start":{"line":62,"column":4},"end":{"line":64,"column":5}},"12":{"start":{"line":63,"column":6},"end":{"line":63,"column":44}},"13":{"start":{"line":65,"column":4},"end":{"line":65,"column":21}},"14":{"start":{"line":67,"column":2},"end":{"line":67,"column":15}},"15":{"start":{"line":77,"column":2},"end":{"line":90,"column":3}},"16":{"start":{"line":78,"column":4},"end":{"line":80,"column":5}},"17":{"start":{"line":79,"column":6},"end":{"line":79,"column":41}},"18":{"start":{"line":81,"column":4},"end":{"line":83,"column":5}},"19":{"start":{"line":82,"column":6},"end":{"line":82,"column":43}},"20":{"start":{"line":84,"column":4},"end":{"line":86,"column":5}},"21":{"start":{"line":85,"column":6},"end":{"line":85,"column":45}},"22":{"start":{"line":87,"column":4},"end":{"line":87,"column":11}},"23":{"start":{"line":89,"column":4},"end":{"line":89,"column":16}},"24":{"start":{"line":101,"column":20},"end":{"line":101,"column":85}},"25":{"start":{"line":102,"column":21},"end":{"line":102,"column":72}},"26":{"start":{"line":104,"column":2},"end":{"line":108,"column":3}},"27":{"start":{"line":105,"column":4},"end":{"line":107,"column":5}},"28":{"start":{"line":106,"column":6},"end":{"line":106,"column":66}},"29":{"start":{"line":109,"column":2},"end":{"line":109,"column":9}},"30":{"start":{"line":118,"column":2},"end":{"line":124,"column":4}},"31":{"start":{"line":119,"column":26},"end":{"line":119,"column":76}},"32":{"start":{"line":120,"column":4},"end":{"line":122,"column":5}},"33":{"start":{"line":121,"column":6},"end":{"line":121,"column":102}},"34":{"start":{"line":123,"column":4},"end":{"line":123,"column":11}},"35":{"start":{"line":134,"column":2},"end":{"line":134,"column":53}},"36":{"start":{"line":135,"column":2},"end":{"line":135,"column":43}},"37":{"start":{"line":136,"column":2},"end":{"line":136,"column":53}},"38":{"start":{"line":137,"column":2},"end":{"line":137,"column":70}},"39":{"start":{"line":138,"column":2},"end":{"line":138,"column":102}},"40":{"start":{"line":139,"column":2},"end":{"line":139,"column":35}},"41":{"start":{"line":140,"column":2},"end":{"line":140,"column":9}},"42":{"start":{"line":143,"column":0},"end":{"line":146,"column":2}}},"fnMap":{"0":{"name":"contentSecurityPolicy","decl":{"start":{"line":14,"column":9},"end":{"line":14,"column":30}},"loc":{"start":{"line":14,"column":47},"end":{"line":28,"column":1}},"line":14},"1":{"name":"strictTransportSecurity","decl":{"start":{"line":36,"column":9},"end":{"line":36,"column":32}},"loc":{"start":{"line":36,"column":49},"end":{"line":39,"column":1}},"line":36},"2":{"name":"sanitizeValue","decl":{"start":{"line":47,"column":9},"end":{"line":47,"column":22}},"loc":{"start":{"line":47,"column":30},"end":{"line":68,"column":1}},"line":47},"3":{"name":"inputSanitizer","decl":{"start":{"line":76,"column":9},"end":{"line":76,"column":23}},"loc":{"start":{"line":76,"column":40},"end":{"line":91,"column":1}},"line":76},"4":{"name":"validateUUIDs","decl":{"start":{"line":100,"column":9},"end":{"line":100,"column":22}},"loc":{"start":{"line":100,"column":39},"end":{"line":110,"column":1}},"line":100},"5":{"name":"payloadSizeGuard","decl":{"start":{"line":117,"column":9},"end":{"line":117,"column":25}},"loc":{"start":{"line":117,"column":45},"end":{"line":125,"column":1}},"line":117},"6":{"name":"(anonymous_6)","decl":{"sta
[...]
:{"start":{"line":53,"column":41},"end":{"line":83,"column":3}},"line":53},"6":{"name":"(anonymous_6)","decl":{"start":{"line":56,"column":29},"end":{"line":56,"column":30}},"loc":{"start":{"line":56,"column":43},"end":{"line":59,"column":5}},"line":56},"7":{"name":"(anonymous_7)","decl":{"start":{"line":61,"column":30},"end":{"line":61,"column":31}},"loc":{"start":{"line":61,"column":40},"end":{"line":68,"column":5}},"line":61},"8":{"name":"(anonymous_8)","decl":{"start":{"line":70,"column":32},"end":{"line":70,"column":33}},"loc":{"start":{"line":70,"column":42},"end":{"line":73,"column":5}},"line":70},"9":{"name":"(anonymous_9)","decl":{"start":{"line":75,"column":30},"end":{"line":75,"column":31}},"loc":{"start":{"line":75,"column":40},"end":{"line":78,"column":5}},"line":75},"10":{"name":"(anonymous_10)","decl":{"start":{"line":80,"column":28},"end":{"line":80,"column":29}},"loc":{"start":{"line":80,"column":40},"end":{"line":82,"column":5}},"line":80},"11":{"name":"getIO","decl":{"start":{"line":93,"column":9},"end":{"line":93,"column":14}},"loc":{"start":{"line":93,"column":17},"end":{"line":95,"column":1}},"line":93}},"branchMap":{"0":{"loc":{"start":{"line":62,"column":36},"end":{"line":62,"column":131}},"type":"cond-expr","locations":[{"start":{"line":62,"column":63},"end":{"line":62,"column":124}},{"start":{"line":62,"column":127},"end":{"line":62,"column":131}}],"line":62},"1":{"loc":{"start":{"line":64,"column":6},"end":{"line":66,"column":7}},"type":"if","locations":[{"start":{"line":64,"column":6},"end":{"line":66,"column":7}},{"start":{},"end":{}}],"line":64},"2":{"loc":{"start":{"line":67,"column":85},"end":{"line":67,"column":101}},"type":"binary-expr","locations":[{"start":{"line":67,"column":85},"end":{"line":67,"column":92}},{"start":{"line":67,"column":96},"end":{"line":67,"column":101}}],"line":67}},"s":{"0":2,"1":2,"2":2,"3":2,"4":0,"5":0,"6":0,"7":0,"8":0,"9":0,"10":0,"11":0,"12":0,"13":0,"14":0,"15":0,"16":0,"17":0,"18":0,"19":0,"20":0,"21":0,"22":0,"23":0,"24":0,"25":0,"26":0,"27":0,"28":0,"29":0,"30":0,"31":0,"32":0,"33":0,"34":0,"35":0,"36":0,"37":0,"38":2},"f":{"0":0,"1":0,"2":0,"3":0,"4":0,"5":0,"6":0,"7":0,"8":0,"9":0,"10":0,"11":0},"b":{"0":[0,0],"1":[0,0],"2":[0,0]},"_coverageSchema":"1a1c01bbd47fc00a2c39e90264f33305004495a9","hash":"b4bcadad81b3dd33ffd3f83bed03be8a16a3dd19"}
,"/Users/sunnythakur/Desktop/Petpooja/backend/src/utils/errors.js": {"path":"/Users/sunnythakur/Desktop/Petpooja/backend/src/utils/errors.js","statementMap":{"0":{"start":{"line":18,"column":4},"end":{"line":18,"column":19}},"1":{"start":{"line":19,"column":4},"end":{"line":19,"column":38}},"2":{"start":{"line":20,"column":4},"end":{"line":20,"column":33}},"3":{"start":{"line":21,"column":4},"end":{"line":21,"column":39}},"4":{"start":{"line":22,"column":4},"end":{"line":22,"column":52}},"5":{"start":{"line":29,"column":4},"end":{"line":29,"column":24}},"6":{"start":{"line":36,"column":4},"end":{"line":36,"column":24}},"7":{"start":{"line":43,"column":4},"end":{"line":43,"column":24}},"8":{"start":{"line":50,"column":4},"end":{"line":50,"column":24}},"9":{"start":{"line":57,"column":4},"end":{"line":57,"column":24}},"10":{"start":{"line":64,"column":4},"end":{"line":64,"column":24}},"11":{"start":{"line":71,"column":4},"end":{"line":71,"column":24}},"12":{"start":{"line":78,"column":4},"end":{"line":78,"column":31}},"13":{"start":{"line":82,"column":0},"end":{"line":92,"column":2}}},"fnMap":{"0":{"name":"(anonymous_0)","decl":{"start":{"line":17,"column":2},"end":{"line":17,"column":3}},"loc":{"start":{"line":17,"column":57},"end":{"line":23,"column":3}},"line":17},"1":{"name":"(anonymous_1)","decl":{"start":{"line":28,"column":2},"end":{"line":28,"column":3}},"loc":{"start":{"line":28,"column":39},"end":{"line":30,"column":3}},"line":28},"2":{"name":"(anonymous_2)","decl":{"start":{"line":35,"column":2},"end":{"line":35,"column":3}},"loc":{"start":{"line":35,"column":40},"end":{"line":37,"column":3}},"line":35},"3":{"name":"(anonymous_3)","decl":{"start":{"line":42,"column":2},"end":{"line":42,"column":3}},"loc":{"start":{"line":42,"column":37},"end":{"line":44,"column":3}},"line":42},"4":{"name":"(anonymous_4)","decl":{"start":{"line":49,"column":2},"end":{"line":49,"column":3}},"loc":{"start":{"line":49,"column":46},"end":{"line":51,"column":3}},"line":49},"5":{"name":"(anonymous_5)","decl":{"start":{"line":56,"column":2},"end":{"line":56,"column":3}},"loc":{"start":{"line":56,"column":51},"end":{"line":58,"column":3}},"line":56},"6":{"name":"(anonymous_6)","decl":{"start":{"line":63,"column":2},"end":{"line":63,"column":3}},"loc":{"start":{"line":63,"column":48},"end":{"line":65,"column":3}},"line":63},"7":{"name":"(anonymous_7)","decl":{"start":{"line":70,"column":2},"end":{"line":70,"column":3}},"loc":{"start":{"line":70,"column":69},"end":{"line":72,"column":3}},"line":70},"8":{"name":"(anonymous_8)","decl":{"start":{"line":77,"column":2},"end":{"line":77,"column":3}},"loc":{"start":{"line":77,"column":49},"end":{"line":79,"column":3}},"line":77}},"branchMap":{"0":{"loc":{"start":{"line":17,"column":35},"end":{"line":17,"column":55}},"type":"default-arg","locations":[{"start":{"line":17,"column":51},"end":{"line":17,"column":55}}],"line":17},"1":{"loc":{"start":{"line":28,"column":14},"end":{"line":28,"column":37}},"type":"default-arg","locations":[{"start":{"line":28,"column":24},"end":{"line":28,"column":37}}],"line":28},"2":{"loc":{"start":{"line":35,"column":14},"end":{"line":35,"column":38}},"type":"default-arg","locations":[{"start":{"line":35,"column":24},"end":{"line":35,"column":38}}],"line":35},"3":{"loc":{"start":{"line":42,"column":14},"end":{"line":42,"column":35}},"type":"default-arg","locations":[{"start":{"line":42,"column":24},"end":{"line":42,"column":35}}],"line":42},"4":{"loc":{"start":{"line":49,"column":14},"end":{"line":49,"column":44}},"type":"default-arg","locations":[{"start":{"line":49,"column":24},"end":{"line":49,"column":44}}],"line":49},"5":{"loc":{"start":{"line":56,"column":14},"end":{"line":56,"column":49}},"type":"default-arg","locations":[{"start":{"line":56,"column":24},"end":{"line":56,"column":49}}],"line":56},"6":{"loc":{"start":{"line":63,"column":14},"end":{"line":63,"column":46}},"type":"default-arg","locations":[{"start":{"line":63,"column":24},"end":{"line":63,"column":46}}],"line":63},"7":{"loc":{"start":{"line":70,"column":14},"end":{"line":70,"column":67}},"type":"default-arg","locations":[{"start":{"line":70,"column":24},"end":{"line":70,"column":67}}],"line":70},"8":{"loc":{"start":{"line":77,"column":14},"end":{"line":77,"column":47}},"type":"default-arg","locations":[{"start":{"line":77,"column":24},"end":{"line":77,"column":47}}],"line":77}},"s":{"0":0,"1":0,"2":0,"3":0,"4":0,"5":0,"6":0,"7":0,"8":0,"9":0,"10":0,"11":0,"12":0,"13":3},"f":{"0":0,"1":0,"2":0,"3":0,"4":0,"5":0,"6":0,"7":0,"8":0},"b":{"0":[0],"1":[0],"2":[0],"3":[0],"4":[0],"5":[0],"6":[0],"7":[0],"8":[0]},"_coverageSchema":"1a1c01bbd47fc00a2c39e90264f33305004495a9","hash":"482bc01147a8cff0affa2c76e579bc153aa45663"}
,"/Users/sunnythakur/Desktop/Petpooja/backend/src/utils/helpers.js": {"path":"/Users/sunnythakur/Desktop/Petpooja/backend/src/utils/helpers.js","statementMap":{"0":{"start":{"line":6,"column":23},"end":{"line":6,"column":38}},"1":{"start":{"line":13,"column":2},"end":{"line":13,"column":18}},"2":{"start":{"line":23,"column":16},"end":{"line":23,"column":35}},"3":{"start":{"line":24,"column":15},"end":{"line":24,"column":33}},"4":{"start":{"line":25,"column":2},"end":{"line":27,"column":3}},"5":{"start":{"line":26,"column":4},"end":{"line":26,"column":50}},"6":{"start":{"line":28,"column":2},"end":{"line":28,"column":48}},"7":{"start":{"line":39,"column":20},"end":{"line":39,"column":53}},"8":{"start":{"line":40,"column":2},"end":{"line":40,"column":55}},"9":{"start":{"line":51,"column":18},"end":{"line":51,"column":67}},"10":{"start":{"line":52,"column":20},"end":{"line":52,"column":58}},"11":{"start":{"line":53,"column":2},"end":{"line":53,"column":49}},"12":{"start":{"line":65,"column":24},"end":{"line":65,"column":54}},"13":{"start":{"line":66,"column":19},"end":{"line":66,"column":74}},"14":{"start":{"line":68,"column":2},"end":{"line":78,"column":3}},"15":{"start":{"line":69,"column":20},"end":{"line":69,"column":58}},"16":{"start":{"line":70,"column":4},"end":{"line":77,"column":6}},"17":{"start":{"line":80,"column":2},"end":{"line":87,"column":4}},"18":{"start":{"line":96,"column":2},"end":{"line":100,"column":20}},"19":{"start":{"line":112,"column":2},"end":{"line":121,"column":3}},"20":{"start":{"line":113,"column":4},"end":{"line":115,"column":5}},"21":{"start":{"line":114,"column":6},"end":{"line":114,"column":90}},"22":{"start":{"line":116,"column":29},"end":{"line":116,"column":61}},"23":{"start":{"line":117,"column":4},"end":{"line":119,"column":5}},"24":{"start":{"line":118,"column":6},"end":{"line":118,"column":110}},"25":{"start":{"line":120,"column":4},"end":{"line":120,"column":98}},"26":{"start":{"line":123,"column":2},"end":{"line":129,"column":3}},"27":{"start":{"line":124,"column":4},"end":{"line":126,"column":5}},"28":{"start":{"line":125,"column":6},"end":{"line":125,"column":110}},"29":{"start":{"line":127,"column":27},"end":{"line":127,"column":83}},"30":{"start":{"line":128,"column":4},"end":{"line":128,"column":59}},"31":{"start":{"line":131,"column":2},"end":{"line":131,"column":82}},"32":{"start":{"line":140,"column":15},"end":{"line":140,"column":57}},"33":{"start":{"line":141,"column":16},"end":{"line":141,"column":75}},"34":{"start":{"line":142,"column":17},"end":{"line":142,"column":35}},"35":{"start":{"line":143,"column":15},"end":{"line":143,"column":41}},"36":{"start":{"line":144,"column":16},"end":{"line":144,"column":54}},"37":{"start":{"line":145,"column":2},"end":{"line":145,"column":46}},"38":{"start":{"line":155,"column":2},"end":{"line":155,"column":43}},"39":{"start":{"line":155,"column":33},"end":{"line":155,"column":43}},"40":{"start":{"line":156,"column":2},"end":{"line":156,"column":46}},"41":{"start":{"line":165,"column":2},"end":{"line":165,"column":65}},"42":{"start":{"line":175,"column":2},"end":{"line":175,"column":34}},"43":{"start":{"line":175,"column":25},"end":{"line":175,"column":34}},"44":{"start":{"line":176,"column":2},"end":{"line":176,"column":67}},"45":{"start":{"line":179,"column":0},"end":{"line":191,"column":2}}},"fnMap":{"0":{"name":"generateId","decl":{"start":{"line":12,"column":9},"end":{"line":12,"column":19}},"loc":{"start":{"line":12,"column":22},"end":{"line":14,"column":1}},"line":12},"1":{"name":"getFinancialYear","decl":{"start":{"line":22,"column":9},"end":{"line":22,"column":25}},"loc":{"start":{"line":22,"column":45},"end":{"line":29,"column":1}},"line":22},"2":{"name":"generateInvoiceNumber","decl":{"start":{"line":38,"column":9},"end":{"line":38,"column":30}},"loc":{"start":{"line":38,"column":68},"end":{"line":41,"column":1}},"line":38},"3":{"name":"generateOrderNumber","decl":{"start":{"line":50,"column":9},"end":{"line":50,"column":28}},"loc":{"start":{"line":50,"column":75},"end":{"line":54,"column":1}},"line":50},"4":{"name":"calculateGST","decl":{"start":{"line":64,"column":9},"end":{"line":64,"column":21}},"loc":{"start":{"line":64,"column":59},"end":{"line":88,"column":1}},"line":64},"5":{"name":"formatCurrency","decl":{"start":{"line":95,"column":9},"end":{"line":95,"column":23}},"loc":{"start":{"line":95,"column":32},"end":{"line":101,"column":1}},"line":95},"6":{"name":"calculateDiscount","decl":{"start":{"line":111,"column":9},"end":{"line":111,"column":26}},"loc":{"start":{"line":111,"column":92},"end":{"line":132,"column":1}},"line":111},"7":{"name":"parsePagination","decl":{"start":{"line":139,"column":9},"end":{"line":139,"column":24}},"loc":{"start":{"line":139,"column":32},"end":{"line":146,"column":1}},"line":139},"8":{"name":"sanitizeString","decl":{"start":{"line":154,"column":9},"end":{"line":154,"column":23}},"loc":{"start":{"line":154,"column":31},"end":{"line":157,"column":1}},"line":154},"9":{"name":"isCurrentFinancialYear","decl":{"start":{"line":164,"column":9},"end":{"line":164,"column":31}},"loc":{"start":{"line":164,"column":38},"end":{"line":166,"column":1}},"line":164},"10":{"name":"foodCostPercentage","decl":{"start":{"line":174,"column":9},"end":{"line":174,"column":27}},"loc":{"start":{"line":174,"column":54},"end":{"line":177,"column":1}},"line":174}},"branchMap":{"0":{"loc":{"start":{"line":22,"column":26},"end":{"line":22,"column":43}},"type":"default-arg","locations":[{"start":{"line":22,"column":33},"end":{"line":22,"column":43}}],"line":22},"1":{"loc":{"start":{"line":25,"column":2},"end":{"line":27,"column":3}},"type":"if","locations":[{"start":{"line":25,"column":2},"end":{"line":27,"column":3}},{"start":{},"end":{}}],"line":25},"2":{"loc":{"start":{"line":50,"column":56},"end":{"line":50,"column":73}},"type":"default-arg","locations":[{"start":{"line":50,"column":63},"end":{"line":50,"column":73}}],"line":50},"3":{"loc":{"start":{"line":64,"column":39},"end":{"line":64,"column":57}},"type":"default-arg","locations":[{"start":{"line":64,"column":53},"end":{"line":64,"column":57}}],"line":64},"4":{"loc":{"start":{"line":68,"column":2},"end":{"line":78,"column":3}},"type":"if","locations":[{"start":{"line":68,"column":2},"end":{"line":78,"column":3}},{"start":{},"end":{}}],"line":68},"5":{"loc":{"start":{"line":111,"column":66},"end":{"line":111,"column":90}},"type":"default-arg","locations":[{"start":{"line":111,"column":87},"end":{"line":111,"column":90}}],"line":111},"6":{"loc":{"start":{"line":112,"column":2},"end":{"line":121,"column":3}},"type":"if","locations":[{"start":{"line":112,"column":2},"end":{"line":121,"column":3}},{"start":{},"end":{}}],"line":112},"7":{"loc":{"start":{"line":113,"column":4},"end":{"line":115,"column":5}},"type":"if","locations":[{"start":{"line":113,"column":4},"end":{"line":115,"column":5}},{"start":{},"end":{}}],"line":113},"8":{"loc":{"start":{"line":117,"column":4},"end":{"line":119,"column":5}},"type":"if","locations":[{"start":{"line":117,"column":4},"end":{"line":119,"column":5}},{"start":{},"end":{}}],"line":117},"9":{"loc":{"start":{"line":123,"column":2},"end":{"line":129,"column":3}},"type":"if","locations":[{"start":{"line":123,"column":2},"end":{"line":129,"column":3}},{"start":{},"end":{}}],"line":123},"10":{"loc":{"start":{"line":124,"column":4},"end":{"line":126,"column":5}},"type":"if","locations":[{"start":{"line":124,"column":4},"end":{"line":126,"column":5}},{"start":{},"end":{}}],"line":124},"11":{"loc":{"start":{"line":140,"column":27},"end":{"line":140,"column":56}},"type":"binary-expr","locations":[{"start":{"line":140,"column":27},"end":{"line":140,"column":51}},{"start":{"line":140,"column":55},"end":{"line":140,"column":56}}],"line":140},"12":{"loc":{"start":{"line":141,"column":42},"end":{"line":141,"column":73}},"type":"binary-expr","locations":[{"start":{"line":141,"column":42},"end":{"line":141,"column":67}},{"start":{"line":141,"column":71},"end":{"line":141,"column":73}}],"line":141},"13":{"loc":{"start":{"line":143,"column":15},"end":{"line":143,"column":41}},"type":"binary-expr","locations":[{"start":{"line":143,"column":15},"end":{"line":143,"column":25}},{"start":{"line":143,"column":29},"end":{"line":143,"column":41}}],"line":143},"14":{"loc":{"start":{"line":144,"column":16},"end":{"line":144,"column":54}},"type":"cond-expr","locations":[{"start":{"line":144,"column":40},"end":{"line":144,"column":45}},{"start":{"line":144,"column":48},"end":{"line":144,"column":54}}],"line":144},"15":{"loc":{"start":{"line":155,"column":2},"end":{"line":155,"column":43}},"type":"if","locations":[{"start":{"line":155,"column":2},"end":{"line":155,"column":43}},{"start":{},"end":{}}],"line":155},"16":{"loc":{"start":{"line":175,"column":2},"end":{"line":175,"column":34}},"type":"if","locations":[{"start":{"line":175,"column":2},"end":{"line":175,"column":34}},{"start":{},"end":{}}],"line":175}},"s":{"0":3,"1":0,"2":0,"3":0,"4":0,"5":0,"6":0,"7":0,"8":0,"9":0,"10":0,"11":0,"12":4,"13":4,"14":4,"15":3,"16":3,"17":1,"18":0,"19":0,"20":0,"21":0,"22":0,"23":0,"24":0,"25":0,"26":0,"27":0,"28":0,"29":0,"30":0,"31":0,"32":0,"33":0,"34":0,"35":0,"36":0,"37":0,"38":0,"39":0,"40":0,"41":0,"42":0,"43":0,"44":0,"45":3},"f":{"0":0,"1":0,"2":0,"3":0,"4":4,"5":0,"6":0,"7":0,"8":0,"9":0,"10":0},"b":{"0":[0],"1":[0,0],"2":[0],"3":[0],"4":[3,1],"5":[0],"6":[0,0],"7":[0,0],"8":[0,0],"9":[0,0],"10":[0,0],"11":[0,0],"12":[0,0],"13":[0,0],"14":[0,0],"15":[0,0],"16":[0,0]},"_coverageSchema":"1a1c01bbd47fc00a2c39e90264f33305004495a9","hash":"4e74205f9f518d0dc4ab909f5a4738160f951e11"}
,"/Users/sunnythakur/Desktop/Petpooja/backend/src/utils/response.js": {"path":"/Users/sunnythakur/Desktop/Petpooja/backend/src/utils/response.js","statementMap":{"0":{"start":{"line":17,"column":19},"end":{"line":17,"column":51}},"1":{"start":{"line":18,"column":2},"end":{"line":20,"column":3}},"2":{"start":{"line":19,"column":4},"end":{"line":19,"column":25}},"3":{"start":{"line":21,"column":2},"end":{"line":21,"column":33}},"4":{"start":{"line":32,"column":2},"end":{"line":32,"column":57}},"5":{"start":{"line":46,"column":21},"end":{"line":46,"column":45}},"6":{"start":{"line":47,"column":2},"end":{"line":59,"column":5}},"7":{"start":{"line":71,"column":19},"end":{"line":71,"column":58}},"8":{"start":{"line":72,"column":2},"end":{"line":74,"column":3}},"9":{"start":{"line":73,"column":4},"end":{"line":73,"column":29}},"10":{"start":{"line":75,"column":2},"end":{"line":75,"column":40}},"11":{"start":{"line":78,"column":0},"end":{"line":78,"column":72}}},"fnMap":{"0":{"name":"sendSuccess","decl":{"start":{"line":16,"column":9},"end":{"line":16,"column":20}},"loc":{"start":{"line":16,"column":66},"end":{"line":22,"column":1}},"line":16},"1":{"name":"sendCreated","decl":{"start":{"line":31,"column":9},"end":{"line":31,"column":20}},"loc":{"start":{"line":31,"column":66},"end":{"line":33,"column":1}},"line":31},"2":{"name":"sendPaginated","decl":{"start":{"line":45,"column":9},"end":{"line":45,"column":22}},"loc":{"start":{"line":45,"column":75},"end":{"line":60,"column":1}},"line":45},"3":{"name":"sendError","decl":{"start":{"line":70,"column":9},"end":{"line":70,"column":18}},"loc":{"start":{"line":70,"column":60},"end":{"line":76,"column":1}},"line":70}},"branchMap":{"0":{"loc":{"start":{"line":16,"column":32},"end":{"line":16,"column":51}},"type":"default-arg","locations":[{"start":{"line":16,"column":42},"end":{"line":16,"column":51}}],"line":16},"1":{"loc":{"start":{"line":16,"column":53},"end":{"line":16,"column":64}},"type":"default-arg","locations":[{"start":{"line":16,"column":60},"end":{"line":16,"column":64}}],"line":16},"2":{"loc":{"start":{"line":18,"column":2},"end":{"line":20,"column":3}},"type":"if","locations":[{"start":{"line":18,"column":2},"end":{"line":20,"column":3}},{"start":{},"end":{}}],"line":18},"3":{"loc":{"start":{"line":31,"column":32},"end":{"line":31,"column":64}},"type":"default-arg","locations":[{"start":{"line":31,"column":42},"end":{"line":31,"column":64}}],"line":31},"4":{"loc":{"start":{"line":45,"column":54},"end":{"line":45,"column":73}},"type":"default-arg","locations":[{"start":{"line":45,"column":64},"end":{"line":45,"column":73}}],"line":45},"5":{"loc":{"start":{"line":70,"column":45},"end":{"line":70,"column":58}},"type":"default-arg","locations":[{"start":{"line":70,"column":54},"end":{"line":70,"column":58}}],"line":70},"6":{"loc":{"start":{"line":72,"column":2},"end":{"line":74,"column":3}},"type":"if","locations":[{"start":{"line":72,"column":2},"end":{"line":74,"column":3}},{"start":{},"end":{}}],"line":72}},"s":{"0":0,"1":0,"2":0,"3":0,"4":0,"5":0,"6":0,"7":0,"8":0,"9":0,"10":0,"11":2},"f":{"0":0,"1":0,"2":0,"3":0},"b":{"0":[0],"1":[0],"2":[0,0],"3":[0],"4":[0],"5":[0],"6":[0,0]},"_coverageSchema":"1a1c01bbd47fc00a2c39e90264f33305004495a9","hash":"f1f568abe69d77fbecd89f835a7605ac6b1b0ee2"}
}
