TN:
SF:src/app.js
FN:40,originCheck
FN:89,(anonymous_1)
FN:103,(anonymous_2)
FN:106,(anonymous_3)
FN:115,(anonymous_4)
FN:159,(anonymous_5)
FN:264,startApp
FN:334,(anonymous_7)
FN:351,(anonymous_8)
FN:352,(anonymous_9)
FN:353,(anonymous_10)
FN:360,(anonymous_11)
FN:361,(anonymous_12)
FN:368,(anonymous_13)
FN:371,(anonymous_14)
FN:373,(anonymous_15)
FN:387,(anonymous_16)
FN:399,(anonymous_17)
FN:401,(anonymous_18)
FN:409,(anonymous_19)
FN:415,(anonymous_20)
FN:416,(anonymous_21)
FN:418,(anonymous_22)
FN:422,(anonymous_23)
FNF:24
FNH:5
FNDA:57,originCheck
FNDA:54,(anonymous_1)
FNDA:0,(anonymous_2)
FNDA:0,(anonymous_3)
FNDA:3,(anonymous_4)
FNDA:1,(anonymous_5)
FNDA:5,startApp
FNDA:0,(anonymous_7)
FNDA:0,(anonymous_8)
FNDA:0,(anonymous_9)
FNDA:0,(anonymous_10)
FNDA:0,(anonymous_11)
FNDA:0,(anonymous_12)
FNDA:0,(anonymous_13)
FNDA:0,(anonymous_14)
FNDA:0,(anonymous_15)
FNDA:0,(anonymous_16)
FNDA:0,(anonymous_17)
FNDA:0,(anonymous_18)
FNDA:0,(anonymous_19)
FNDA:0,(anonymous_20)
FNDA:0,(anonymous_21)
FNDA:0,(anonymous_22)
FNDA:0,(anonymous_23)
DA:7,5
DA:9,5
DA:10,5
DA:11,5
DA:12,5
DA:13,5
DA:14,5
DA:16,5
DA:17,5
DA:18,5
DA:19,5
DA:20,5
DA:21,5
DA:22,5
DA:23,5
DA:25,5
DA:26,5
DA:29,5
DA:34,5
DA:39,5
DA:42,57
DA:45,0
DA:47,0
DA:49,0
DA:51,0
DA:52,0
DA:54,0
DA:55,0
DA:67,5
DA:68,5
DA:69,5
DA:74,5
DA:75,5
DA:80,5
DA:81,5
DA:83,5
DA:84,0
DA:85,0
DA:87,5
DA:88,5
DA:89,5
DA:91,54
DA:92,54
DA:98,5
DA:99,5
DA:100,5
DA:103,5
DA:104,0
DA:106,5
DA:107,0
DA:113,5
DA:115,5
DA:116,3
DA:117,3
DA:118,3
DA:119,3
DA:120,3
DA:122,0
DA:123,0
DA:126,3
DA:143,5
DA:144,5
DA:145,5
DA:146,5
DA:147,5
DA:148,5
DA:149,5
DA:150,5
DA:151,5
DA:152,5
DA:153,5
DA:154,5
DA:155,5
DA:156,5
DA:157,5
DA:159,5
DA:160,1
DA:187,5
DA:188,5
DA:189,5
DA:190,5
DA:191,5
DA:192,5
DA:193,5
DA:194,5
DA:195,5
DA:197,5
DA:198,5
DA:199,5
DA:200,5
DA:201,5
DA:202,5
DA:205,5
DA:207,5
DA:208,5
DA:209,5
DA:210,5
DA:211,5
DA:212,5
DA:213,5
DA:214,5
DA:215,5
DA:216,5
DA:217,5
DA:218,5
DA:219,5
DA:220,5
DA:221,5
DA:222,5
DA:223,5
DA:224,5
DA:225,5
DA:226,5
DA:227,5
DA:228,5
DA:229,5
DA:230,5
DA:231,5
DA:232,5
DA:233,5
DA:234,5
DA:235,5
DA:236,5
DA:237,5
DA:238,5
DA:240,5
DA:241,5
DA:242,5
DA:244,0
DA:248,5
DA:249,5
DA:250,5
DA:252,0
DA:258,5
DA:259,5
DA:265,5
DA:268,5
DA:269,5
DA:270,5
DA:271,5
DA:276,5
DA:277,5
DA:288,5
DA:301,5
DA:304,0
DA:308,0
DA:312,5
DA:313,5
DA:314,5
DA:316,0
DA:320,5
DA:321,5
DA:322,5
DA:324,0
DA:328,5
DA:329,5
DA:330,5
DA:332,5
DA:334,5
DA:335,0
DA:336,0
DA:337,0
DA:338,0
DA:340,0
DA:341,0
DA:342,0
DA:343,0
DA:344,0
DA:346,0
DA:347,0
DA:350,0
DA:351,0
DA:352,0
DA:353,0
DA:355,0
DA:356,0
DA:360,5
DA:361,0
DA:362,0
DA:363,0
DA:364,0
DA:368,5
DA:371,5
DA:372,0
DA:373,0
DA:375,0
DA:376,0
DA:381,5
DA:383,0
DA:387,5
DA:388,0
DA:389,0
DA:390,0
DA:394,5
DA:399,5
DA:400,0
DA:401,0
DA:402,0
DA:403,0
DA:404,0
DA:405,0
DA:406,0
DA:409,0
DA:410,0
DA:411,0
DA:415,5
DA:416,5
DA:418,5
DA:419,0
DA:422,5
DA:423,0
DA:424,0
DA:427,5
LF:213
LH:152
BRDA:35,0,0,0
BRDA:35,0,1,5
BRDA:42,1,0,57
BRDA:42,1,1,0
BRDA:49,2,0,0
BRDA:49,2,1,0
BRDA:51,3,0,0
BRDA:51,3,1,0
BRDA:51,4,0,0
BRDA:51,4,1,0
BRDA:51,4,2,0
BRDA:83,5,0,0
BRDA:83,5,1,5
BRDA:91,6,0,0
BRDA:91,6,1,54
BRDA:126,7,0,3
BRDA:126,7,1,0
BRDA:136,8,0,3
BRDA:136,8,1,0
BRDA:240,9,0,5
BRDA:240,9,1,0
BRDA:338,10,0,0
BRDA:338,10,1,0
BRDA:342,11,0,0
BRDA:342,11,1,0
BRDA:344,12,0,0
BRDA:344,12,1,0
BRDA:362,13,0,0
BRDA:362,13,1,0
BRDA:375,14,0,0
BRDA:375,14,1,0
BRDA:375,15,0,0
BRDA:375,15,1,0
BRDA:375,15,2,0
BRDA:419,16,0,0
BRDA:419,16,1,0
BRF:36
BRH:7
end_of_record
TN:
SF:src/config/app.js
FN:30,(anonymous_0)
FN:38,(anonymous_1)
FN:65,(anonymous_2)
FNF:3
FNH:3
FNDA:6,(anonymous_0)
FNDA:6,(anonymous_1)
FNDA:18,(anonymous_2)
DA:7,6
DA:31,6
DA:32,6
DA:33,0
DA:34,0
DA:36,6
DA:39,6
DA:40,6
DA:41,0
DA:42,0
DA:44,6
DA:65,18
DA:124,6
LF:13
LH:9
BRDA:9,0,0,6
BRDA:9,0,1,0
BRDA:12,1,0,6
BRDA:12,1,1,5
BRDA:15,2,0,6
BRDA:15,2,1,0
BRDA:19,3,0,6
BRDA:19,3,1,0
BRDA:23,4,0,6
BRDA:23,4,1,0
BRDA:26,5,0,6
BRDA:26,5,1,0
BRDA:31,6,0,6
BRDA:31,6,1,0
BRDA:32,7,0,0
BRDA:32,7,1,6
BRDA:32,8,0,6
BRDA:32,8,1,0
BRDA:36,9,0,6
BRDA:36,9,1,0
BRDA:40,10,0,0
BRDA:40,10,1,6
BRDA:40,11,0,6
BRDA:40,11,1,0
BRDA:44,12,0,6
BRDA:44,12,1,0
BRDA:46,13,0,6
BRDA:46,13,1,0
BRDA:47,14,0,6
BRDA:47,14,1,0
BRDA:52,15,0,6
BRDA:52,15,1,0
BRDA:57,16,0,6
BRDA:57,16,1,0
BRDA:58,17,0,6
BRDA:58,17,1,0
BRDA:59,18,0,6
BRDA:59,18,1,0
BRDA:63,19,0,6
BRDA:63,19,1,0
BRDA:69,20,0,6
BRDA:69,20,1,0
BRDA:70,21,0,6
BRDA:70,21,1,0
BRF:44
BRH:23
end_of_record
TN:
SF:src/config/aws.js
FN:33,uploadToS3
FN:63,deleteFromS3
FN:80,getPresignedUrl
FNF:3
FNH:0
FNDA:0,uploadToS3
FNDA:0,deleteFromS3
FNDA:0,getPresignedUrl
DA:7,5
DA:8,5
DA:9,5
DA:10,5
DA:11,5
DA:13,5
DA:21,5
DA:22,5
DA:34,0
DA:35,0
DA:36,0
DA:38,0
DA:46,0
DA:48,0
DA:50,0
DA:51,0
DA:53,0
DA:54,0
DA:64,0
DA:65,0
DA:66,0
DA:67,0
DA:69,0
DA:70,0
DA:81,0
DA:82,0
DA:83,0
DA:84,0
DA:86,0
DA:87,0
DA:91,5
LF:31
LH:9
BRDA:14,0,0,5
BRDA:14,0,1,0
BRDA:16,1,0,5
BRDA:16,1,1,0
BRDA:17,2,0,5
BRDA:17,2,1,0
BRDA:21,3,0,5
BRDA:21,3,1,0
BRDA:22,4,0,5
BRDA:22,4,1,0
BRDA:33,5,0,0
BRDA:48,6,0,0
BRDA:48,6,1,0
BRDA:80,7,0,0
BRF:14
BRH:5
end_of_record
TN:
SF:src/config/database.js
FN:18,getDbClient
FN:31,(anonymous_1)
FN:35,(anonymous_2)
FN:39,(anonymous_3)
FN:51,disconnectDb
FNF:5
FNH:1
FNDA:47,getDbClient
FNDA:0,(anonymous_1)
FNDA:0,(anonymous_2)
FNDA:0,(anonymous_3)
FNDA:0,disconnectDb
DA:7,6
DA:8,6
DA:19,47
DA:20,6
DA:31,6
DA:32,0
DA:35,6
DA:36,0
DA:39,6
DA:40,0
DA:43,47
DA:52,0
DA:53,0
DA:54,0
DA:58,6
LF:15
LH:9
BRDA:19,0,0,6
BRDA:19,0,1,41
BRDA:22,1,0,0
BRDA:22,1,1,6
BRDA:52,2,0,0
BRDA:52,2,1,0
BRF:6
BRH:3
end_of_record
TN:
SF:src/config/logger.js
FN:21,(anonymous_0)
FNF:1
FNH:1
FNDA:142,(anonymous_0)
DA:7,6
DA:8,6
DA:10,6
DA:12,6
DA:18,6
DA:22,142
DA:23,142
DA:27,6
DA:34,6
DA:35,0
DA:36,0
DA:38,0
DA:63,6
DA:71,6
LF:14
LH:11
BRDA:22,0,0,142
BRDA:22,0,1,0
BRDA:29,1,0,0
BRDA:29,1,1,6
BRDA:30,2,0,0
BRDA:30,2,1,6
BRDA:34,3,0,0
BRDA:34,3,1,6
BRDA:64,4,0,0
BRDA:64,4,1,6
BRF:10
BRH:5
end_of_record
TN:
SF:src/config/redis.js
FN:19,createMockRedis
FN:21,(anonymous_1)
FN:22,(anonymous_2)
FN:23,(anonymous_3)
FN:24,(anonymous_4)
FN:25,(anonymous_5)
FN:26,(anonymous_6)
FN:27,(anonymous_7)
FN:28,(anonymous_8)
FN:29,(anonymous_9)
FN:30,(anonymous_10)
FN:31,(anonymous_11)
FN:43,wrapWithFallback
FN:48,(anonymous_13)
FN:49,(anonymous_14)
FN:63,(anonymous_15)
FN:66,(anonymous_16)
FN:81,getRedisClient
FN:99,(anonymous_18)
FN:109,(anonymous_19)
FN:114,(anonymous_20)
FN:127,disconnectRedis
FNF:22
FNH:5
FNDA:0,createMockRedis
FNDA:0,(anonymous_1)
FNDA:0,(anonymous_2)
FNDA:0,(anonymous_3)
FNDA:0,(anonymous_4)
FNDA:0,(anonymous_5)
FNDA:0,(anonymous_6)
FNDA:0,(anonymous_7)
FNDA:0,(anonymous_8)
FNDA:0,(anonymous_9)
FNDA:0,(anonymous_10)
FNDA:0,(anonymous_11)
FNDA:5,wrapWithFallback
FNDA:45,(anonymous_13)
FNDA:8,(anonymous_14)
FNDA:0,(anonymous_15)
FNDA:0,(anonymous_16)
FNDA:11,getRedisClient
FNDA:0,(anonymous_18)
FNDA:0,(anonymous_19)
FNDA:1,(anonymous_20)
FNDA:0,disconnectRedis
DA:6,5
DA:7,5
DA:10,5
DA:13,5
DA:20,0
DA:21,0
DA:22,0
DA:23,0
DA:24,0
DA:25,0
DA:26,0
DA:27,0
DA:28,0
DA:29,0
DA:44,5
DA:45,5
DA:47,5
DA:48,5
DA:49,45
DA:50,8
DA:51,0
DA:53,8
DA:54,8
DA:56,1
DA:57,1
DA:58,1
DA:63,5
DA:64,0
DA:66,5
DA:67,0
DA:68,0
DA:71,5
DA:73,5
DA:82,11
DA:84,5
DA:86,5
DA:87,0
DA:88,0
DA:89,0
DA:90,0
DA:93,5
DA:100,0
DA:101,0
DA:102,0
DA:103,0
DA:105,0
DA:109,5
DA:110,0
DA:111,0
DA:114,5
DA:115,1
DA:116,1
DA:119,5
DA:120,5
DA:128,0
DA:129,0
DA:130,0
DA:133,0
DA:134,0
DA:137,5
LF:60
LH:30
BRDA:50,0,0,0
BRDA:50,0,1,8
BRDA:51,1,0,0
BRDA:51,1,1,0
BRDA:58,2,0,1
BRDA:58,2,1,0
BRDA:64,3,0,0
BRDA:64,3,1,0
BRDA:67,4,0,0
BRDA:67,4,1,0
BRDA:82,5,0,6
BRDA:82,5,1,5
BRDA:84,6,0,5
BRDA:84,6,1,5
BRDA:84,6,2,5
BRDA:86,7,0,0
BRDA:86,7,1,5
BRDA:86,8,0,5
BRDA:86,8,1,5
BRDA:100,9,0,0
BRDA:100,9,1,0
BRDA:128,10,0,0
BRDA:128,10,1,0
BRDA:130,11,0,0
BRDA:130,11,1,0
BRF:25
BRH:10
end_of_record
TN:
SF:src/middleware/audit.middleware.js
FN:16,mapMethodToAction
FN:33,extractEntityId
FN:50,isValidUuid
FN:61,sanitizeBody
FN:84,auditLog
FN:85,(anonymous_5)
FN:94,auditInterceptor
FN:103,(anonymous_7)
FNF:8
FNH:1
FNDA:0,mapMethodToAction
FNDA:0,extractEntityId
FNDA:0,isValidUuid
FNDA:0,sanitizeBody
FNDA:225,auditLog
FNDA:0,(anonymous_5)
FNDA:0,auditInterceptor
FNDA:0,(anonymous_7)
DA:8,5
DA:9,5
DA:17,0
DA:18,0
DA:19,0
DA:20,0
DA:21,0
DA:22,0
DA:35,0
DA:37,0
DA:39,0
DA:41,0
DA:42,0
DA:51,0
DA:52,0
DA:62,0
DA:63,0
DA:64,0
DA:65,0
DA:66,0
DA:67,0
DA:70,0
DA:85,225
DA:87,0
DA:88,0
DA:92,0
DA:94,0
DA:96,0
DA:99,0
DA:101,0
DA:103,0
DA:104,0
DA:105,0
DA:106,0
DA:108,0
DA:129,0
DA:140,0
DA:143,0
DA:147,5
LF:39
LH:4
BRDA:17,0,0,0
BRDA:17,0,1,0
BRDA:17,0,2,0
BRDA:17,0,3,0
BRDA:17,0,4,0
BRDA:35,1,0,0
BRDA:35,1,1,0
BRDA:37,2,0,0
BRDA:37,2,1,0
BRDA:39,3,0,0
BRDA:39,3,1,0
BRDA:41,4,0,0
BRDA:41,4,1,0
BRDA:51,5,0,0
BRDA:51,5,1,0
BRDA:51,6,0,0
BRDA:51,6,1,0
BRDA:62,7,0,0
BRDA:62,7,1,0
BRDA:62,8,0,0
BRDA:62,8,1,0
BRDA:66,9,0,0
BRDA:66,9,1,0
BRDA:87,10,0,0
BRDA:87,10,1,0
BRDA:99,11,0,0
BRDA:99,11,1,0
BRDA:99,11,2,0
BRDA:101,12,0,0
BRDA:101,12,1,0
BRDA:110,13,0,0
BRDA:110,13,1,0
BRDA:110,14,0,0
BRDA:110,14,1,0
BRDA:111,15,0,0
BRDA:111,15,1,0
BRDA:111,16,0,0
BRDA:111,16,1,0
BRDA:113,17,0,0
BRDA:113,17,1,0
BRDA:113,18,0,0
BRDA:113,18,1,0
BRDA:123,19,0,0
BRDA:123,19,1,0
BRDA:123,19,2,0
BRDA:124,20,0,0
BRDA:124,20,1,0
BRF:47
BRH:0
end_of_record
TN:
SF:src/middleware/auth.middleware.js
FN:23,authenticate
FN:106,optionalAuth
FN:148,(anonymous_2)
FN:148,(anonymous_3)
FN:158,(anonymous_4)
FNF:5
FNH:2
FNDA:38,authenticate
FNDA:0,optionalAuth
FNDA:25,(anonymous_2)
FNDA:0,(anonymous_3)
FNDA:0,(anonymous_4)
DA:7,5
DA:8,5
DA:9,5
DA:10,5
DA:11,5
DA:12,5
DA:24,38
DA:25,38
DA:27,38
DA:28,35
DA:31,3
DA:33,3
DA:34,0
DA:37,3
DA:38,3
DA:39,3
DA:40,3
DA:43,0
DA:48,3
DA:49,0
DA:52,3
DA:54,2
DA:66,2
DA:69,2
DA:70,0
DA:71,0
DA:75,0
DA:76,0
DA:86,2
DA:88,36
DA:89,0
DA:91,36
DA:92,1
DA:94,35
DA:107,0
DA:108,0
DA:110,0
DA:111,0
DA:114,0
DA:115,0
DA:117,0
DA:118,0
DA:119,0
DA:120,0
DA:122,0
DA:125,0
DA:126,0
DA:137,0
DA:139,0
DA:141,0
DA:148,25
DA:149,0
DA:150,0
DA:155,0
DA:158,5
DA:159,0
DA:160,0
DA:165,0
DA:168,5
LF:59
LH:29
BRDA:27,0,0,35
BRDA:27,0,1,3
BRDA:27,1,0,38
BRDA:27,1,1,3
BRDA:33,2,0,0
BRDA:33,2,1,3
BRDA:48,3,0,0
BRDA:48,3,1,3
BRDA:63,4,0,2
BRDA:63,4,1,0
BRDA:69,5,0,0
BRDA:69,5,1,2
BRDA:69,6,0,2
BRDA:69,6,1,0
BRDA:75,7,0,0
BRDA:75,7,1,0
BRDA:75,8,0,0
BRDA:75,8,1,0
BRDA:88,9,0,0
BRDA:88,9,1,36
BRDA:91,10,0,1
BRDA:91,10,1,35
BRDA:110,11,0,0
BRDA:110,11,1,0
BRDA:110,12,0,0
BRDA:110,12,1,0
BRDA:115,13,0,0
BRDA:115,13,1,0
BRDA:120,14,0,0
BRDA:120,14,1,0
BRDA:135,15,0,0
BRDA:135,15,1,0
BRDA:149,16,0,0
BRDA:149,16,1,0
BRDA:149,17,0,0
BRDA:149,17,1,0
BRDA:159,18,0,0
BRDA:159,18,1,0
BRF:38
BRH:12
end_of_record
TN:
SF:src/middleware/error.middleware.js
FN:20,errorHandler
FN:121,notFoundHandler
FNF:2
FNH:2
FNDA:40,errorHandler
FNDA:1,notFoundHandler
DA:7,5
DA:8,5
DA:21,40
DA:22,40
DA:23,40
DA:25,40
DA:26,40
DA:27,40
DA:28,40
DA:30,40
DA:31,40
DA:39,0
DA:45,0
DA:47,0
DA:48,0
DA:49,0
DA:50,0
DA:51,0
DA:52,0
DA:53,0
DA:54,0
DA:55,0
DA:56,0
DA:57,0
DA:58,0
DA:59,0
DA:60,0
DA:61,0
DA:62,0
DA:64,0
DA:68,0
DA:69,0
DA:70,0
DA:71,0
DA:72,0
DA:73,0
DA:74,0
DA:75,0
DA:76,0
DA:77,0
DA:78,0
DA:79,0
DA:80,0
DA:81,0
DA:82,0
DA:83,0
DA:84,0
DA:85,0
DA:86,0
DA:88,0
DA:96,40
DA:104,40
DA:105,4
DA:108,40
DA:109,0
DA:112,40
DA:122,1
DA:129,5
LF:58
LH:18
BRDA:25,0,0,40
BRDA:25,0,1,0
BRDA:28,1,0,40
BRDA:28,1,1,36
BRDA:30,2,0,40
BRDA:30,2,1,0
BRDA:36,3,0,0
BRDA:36,3,1,40
BRDA:45,4,0,0
BRDA:45,4,1,0
BRDA:45,5,0,0
BRDA:45,5,1,0
BRDA:45,5,2,0
BRDA:47,6,0,0
BRDA:47,6,1,0
BRDA:49,7,0,0
BRDA:49,7,1,0
BRDA:51,8,0,0
BRDA:51,8,1,0
BRDA:53,9,0,0
BRDA:53,9,1,0
BRDA:55,10,0,0
BRDA:55,10,1,0
BRDA:59,11,0,0
BRDA:59,11,1,0
BRDA:59,12,0,0
BRDA:59,12,1,0
BRDA:68,13,0,0
BRDA:68,13,1,0
BRDA:68,14,0,0
BRDA:68,14,1,0
BRDA:72,15,0,0
BRDA:72,15,1,0
BRDA:76,16,0,0
BRDA:76,16,1,0
BRDA:80,17,0,0
BRDA:80,17,1,0
BRDA:84,18,0,0
BRDA:84,18,1,0
BRDA:99,19,0,0
BRDA:99,19,1,40
BRDA:99,20,0,40
BRDA:99,20,1,0
BRDA:104,21,0,4
BRDA:104,21,1,36
BRDA:108,22,0,0
BRDA:108,22,1,40
BRDA:108,23,0,40
BRDA:108,23,1,0
BRF:49
BRH:11
end_of_record
TN:
SF:src/middleware/logger.middleware.js
FN:12,(anonymous_0)
FN:24,(anonymous_1)
FN:34,(anonymous_2)
FN:44,(anonymous_3)
FN:52,httpLogger
FNF:5
FNH:4
FNDA:54,(anonymous_0)
FNDA:54,(anonymous_1)
FNDA:57,(anonymous_2)
FNDA:0,(anonymous_3)
FNDA:5,httpLogger
DA:6,5
DA:7,5
DA:12,5
DA:13,54
DA:14,54
DA:15,54
DA:16,9
DA:17,9
DA:23,5
DA:25,54
DA:32,5
DA:34,57
DA:40,5
DA:44,0
DA:53,5
DA:54,0
DA:56,5
DA:59,5
LF:18
LH:16
BRDA:14,0,0,0
BRDA:14,0,1,54
BRDA:15,1,0,45
BRDA:15,1,1,9
BRDA:16,2,0,0
BRDA:16,2,1,9
BRDA:53,3,0,0
BRDA:53,3,1,5
BRF:8
BRH:5
end_of_record
TN:
SF:src/middleware/rateLimit.middleware.js
FN:20,(anonymous_0)
FN:23,(anonymous_1)
FN:36,(anonymous_2)
FN:37,(anonymous_3)
FN:51,(anonymous_4)
FN:52,(anonymous_5)
FN:65,(anonymous_6)
FN:68,(anonymous_7)
FNF:8
FNH:3
FNDA:54,(anonymous_0)
FNDA:0,(anonymous_1)
FNDA:14,(anonymous_2)
FNDA:4,(anonymous_3)
FNDA:0,(anonymous_4)
FNDA:0,(anonymous_5)
FNDA:0,(anonymous_6)
FNDA:0,(anonymous_7)
DA:7,5
DA:8,5
DA:9,5
DA:14,5
DA:21,54
DA:24,0
DA:31,5
DA:36,14
DA:38,4
DA:46,5
DA:51,0
DA:53,0
DA:60,5
DA:66,0
DA:69,0
DA:73,5
LF:16
LH:11
BRDA:21,0,0,0
BRDA:21,0,1,54
BRDA:66,1,0,0
BRDA:66,1,1,0
BRF:4
BRH:1
end_of_record
TN:
SF:src/middleware/rbac.middleware.js
FN:22,hasRole
FN:23,(anonymous_1)
FN:53,hasPermission
FN:54,(anonymous_3)
FN:87,enforceOutletScope
FN:120,checkLicense
FN:134,(anonymous_6)
FNF:7
FNH:2
FNDA:55,hasRole
FNDA:0,(anonymous_1)
FNDA:750,hasPermission
FNDA:0,(anonymous_3)
FNDA:0,enforceOutletScope
FNDA:0,checkLicense
FNDA:0,(anonymous_6)
DA:7,5
DA:13,5
DA:23,55
DA:24,0
DA:25,0
DA:26,0
DA:29,0
DA:30,0
DA:33,0
DA:34,0
DA:39,0
DA:41,0
DA:54,750
DA:55,0
DA:56,0
DA:57,0
DA:61,0
DA:62,0
DA:65,0
DA:66,0
DA:67,0
DA:72,0
DA:74,0
DA:88,0
DA:89,0
DA:90,0
DA:93,0
DA:94,0
DA:97,0
DA:99,0
DA:100,0
DA:103,0
DA:104,0
DA:105,0
DA:106,0
DA:110,0
DA:112,0
DA:121,0
DA:122,0
DA:124,0
DA:125,0
DA:126,0
DA:128,0
DA:129,0
DA:131,0
DA:135,0
DA:136,0
DA:137,0
DA:140,0
DA:141,0
DA:143,0
DA:144,0
DA:151,0
DA:153,0
DA:156,5
LF:55
LH:5
BRDA:25,0,0,0
BRDA:25,0,1,0
BRDA:25,1,0,0
BRDA:25,1,1,0
BRDA:29,2,0,0
BRDA:29,2,1,0
BRDA:33,3,0,0
BRDA:33,3,1,0
BRDA:56,4,0,0
BRDA:56,4,1,0
BRDA:61,5,0,0
BRDA:61,5,1,0
BRDA:65,6,0,0
BRDA:65,6,1,0
BRDA:66,7,0,0
BRDA:66,7,1,0
BRDA:89,8,0,0
BRDA:89,8,1,0
BRDA:93,9,0,0
BRDA:93,9,1,0
BRDA:97,10,0,0
BRDA:97,10,1,0
BRDA:97,10,2,0
BRDA:99,11,0,0
BRDA:99,11,1,0
BRDA:99,12,0,0
BRDA:99,12,1,0
BRDA:103,13,0,0
BRDA:103,13,1,0
BRDA:105,14,0,0
BRDA:105,14,1,0
BRDA:105,15,0,0
BRDA:105,15,1,0
BRDA:125,16,0,0
BRDA:125,16,1,0
BRDA:126,17,0,0
BRDA:126,17,1,0
BRDA:129,18,0,0
BRDA:129,18,1,0
BRDA:135,19,0,0
BRDA:135,19,1,0
BRDA:136,20,0,0
BRDA:136,20,1,0
BRDA:141,21,0,0
BRDA:141,21,1,0
BRDA:143,22,0,0
BRDA:143,22,1,0
BRDA:143,23,0,0
BRDA:143,23,1,0
BRF:49
BRH:0
end_of_record
TN:
SF:src/middleware/security.middleware.js
FN:14,contentSecurityPolicy
FN:36,strictTransportSecurity
FN:47,sanitizeValue
FN:76,inputSanitizer
FN:100,validateUUIDs
FN:117,payloadSizeGuard
FN:118,(anonymous_6)
FN:133,additionalHeaders
FNF:8
FNH:6
FNDA:0,contentSecurityPolicy
FNDA:0,strictTransportSecurity
FNDA:253,sanitizeValue
FNDA:57,inputSanitizer
FNDA:57,validateUUIDs
FNDA:54,payloadSizeGuard
FNDA:54,(anonymous_6)
FNDA:57,additionalHeaders
DA:6,6
DA:15,0
DA:27,0
DA:37,0
DA:38,0
DA:48,253
DA:49,64
DA:57,189
DA:58,3
DA:60,186
DA:61,173
DA:62,173
DA:63,68
DA:65,173
DA:67,13
DA:77,57
DA:78,57
DA:79,57
DA:81,57
DA:82,57
DA:84,57
DA:85,57
DA:87,57
DA:89,0
DA:101,57
DA:102,57
DA:104,57
DA:105,741
DA:106,0
DA:109,57
DA:118,54
DA:119,54
DA:120,54
DA:121,0
DA:123,54
DA:134,57
DA:135,57
DA:136,57
DA:137,57
DA:138,57
DA:139,57
DA:140,57
DA:143,6
LF:43
LH:36
BRDA:48,0,0,64
BRDA:48,0,1,189
BRDA:57,1,0,3
BRDA:57,1,1,186
BRDA:60,2,0,173
BRDA:60,2,1,13
BRDA:60,3,0,186
BRDA:60,3,1,184
BRDA:78,4,0,57
BRDA:78,4,1,0
BRDA:78,5,0,57
BRDA:78,5,1,57
BRDA:81,6,0,57
BRDA:81,6,1,0
BRDA:81,7,0,57
BRDA:81,7,1,57
BRDA:84,8,0,57
BRDA:84,8,1,0
BRDA:84,9,0,57
BRDA:84,9,1,57
BRDA:105,10,0,0
BRDA:105,10,1,741
BRDA:105,11,0,741
BRDA:105,11,1,0
BRDA:117,12,0,0
BRDA:119,13,0,54
BRDA:119,13,1,25
BRDA:120,14,0,0
BRDA:120,14,1,54
BRF:29
BRH:22
end_of_record
TN:
SF:src/middleware/validate.middleware.js
FN:17,validate
FN:18,(anonymous_1)
FN:29,(anonymous_2)
FN:34,(anonymous_3)
FNF:4
FNH:4
FNDA:930,validate
FNDA:10,(anonymous_1)
FNDA:5,(anonymous_2)
FNDA:5,(anonymous_3)
DA:7,5
DA:18,930
DA:19,10
DA:20,10
DA:22,10
DA:28,10
DA:29,5
DA:34,5
DA:35,4
DA:36,4
DA:37,4
DA:40,6
DA:41,6
DA:43,4
DA:48,5
LF:15
LH:15
BRDA:17,0,0,930
BRDA:28,1,0,4
BRDA:28,1,1,6
BRF:3
BRH:3
end_of_record
TN:
SF:src/mock-integrations/controllers/mock.controller.js
FN:51,send
FN:61,validate
FN:64,(anonymous_2)
FN:77,zomatoOrder
FN:95,swiggyOrder
FN:113,payment
FN:132,whatsapp
FN:150,tally
FN:168,orderFlow
FNF:9
FNH:0
FNDA:0,send
FNDA:0,validate
FNDA:0,(anonymous_2)
FNDA:0,zomatoOrder
FNDA:0,swiggyOrder
FNDA:0,payment
FNDA:0,whatsapp
FNDA:0,tally
FNDA:0,orderFlow
DA:1,5
DA:2,5
DA:3,5
DA:5,5
DA:20,5
DA:28,5
DA:35,5
DA:52,0
DA:62,0
DA:63,0
DA:64,0
DA:65,0
DA:66,0
DA:68,0
DA:78,0
DA:79,0
DA:80,0
DA:81,0
DA:82,0
DA:83,0
DA:85,0
DA:96,0
DA:97,0
DA:98,0
DA:99,0
DA:100,0
DA:101,0
DA:103,0
DA:114,0
DA:115,0
DA:116,0
DA:117,0
DA:118,0
DA:119,0
DA:120,0
DA:122,0
DA:133,0
DA:134,0
DA:135,0
DA:136,0
DA:137,0
DA:138,0
DA:140,0
DA:151,0
DA:152,0
DA:153,0
DA:154,0
DA:155,0
DA:156,0
DA:158,0
DA:169,0
DA:170,0
DA:171,0
DA:173,0
DA:174,0
DA:176,0
DA:181,0
DA:182,0
DA:184,0
DA:188,0
DA:189,0
DA:191,0
DA:196,0
DA:197,0
DA:199,0
DA:201,0
DA:205,5
LF:67
LH:8
BRDA:52,0,0,0
BRDA:52,0,1,0
BRDA:63,1,0,0
BRDA:63,1,1,0
BRDA:81,2,0,0
BRDA:81,2,1,0
BRDA:85,3,0,0
BRDA:85,3,1,0
BRDA:99,4,0,0
BRDA:99,4,1,0
BRDA:103,5,0,0
BRDA:103,5,1,0
BRDA:117,6,0,0
BRDA:117,6,1,0
BRDA:119,7,0,0
BRDA:119,7,1,0
BRDA:119,8,0,0
BRDA:119,8,1,0
BRDA:120,9,0,0
BRDA:120,9,1,0
BRDA:120,10,0,0
BRDA:120,10,1,0
BRDA:122,11,0,0
BRDA:122,11,1,0
BRDA:136,12,0,0
BRDA:136,12,1,0
BRDA:138,13,0,0
BRDA:138,13,1,0
BRDA:138,14,0,0
BRDA:138,14,1,0
BRDA:140,15,0,0
BRDA:140,15,1,0
BRDA:154,16,0,0
BRDA:154,16,1,0
BRDA:156,17,0,0
BRDA:156,17,1,0
BRDA:156,18,0,0
BRDA:156,18,1,0
BRDA:158,19,0,0
BRDA:158,19,1,0
BRDA:171,20,0,0
BRDA:171,20,1,0
BRDA:181,21,0,0
BRDA:181,21,1,0
BRDA:188,22,0,0
BRDA:188,22,1,0
BRDA:196,23,0,0
BRDA:196,23,1,0
BRDA:201,24,0,0
BRDA:201,24,1,0
BRF:50
BRH:0
end_of_record
TN:
SF:src/mock-integrations/integrations/mockServices.js
FN:11,isMockMode
FN:22,runService
FNF:2
FNH:0
FNDA:0,isMockMode
FNDA:0,runService
DA:1,5
DA:2,5
DA:3,5
DA:4,5
DA:5,5
DA:12,0
DA:23,0
DA:24,0
DA:30,0
DA:33,5
LF:10
LH:6
BRDA:12,0,0,0
BRDA:12,0,1,0
BRDA:23,1,0,0
BRDA:23,1,1,0
BRF:4
BRH:0
end_of_record
TN:
SF:src/mock-integrations/integrations/mockStore.js
FN:11,saveOrder
FN:23,updateOrderStatus
FN:24,(anonymous_2)
FN:36,savePayment
FN:50,saveNotification
FN:60,saveInvoice
FN:69,getSnapshot
FNF:7
FNH:0
FNDA:0,saveOrder
FNDA:0,updateOrderStatus
FNDA:0,(anonymous_2)
FNDA:0,savePayment
FNDA:0,saveNotification
FNDA:0,saveInvoice
FNDA:0,getSnapshot
DA:1,5
DA:2,5
DA:3,5
DA:4,5
DA:12,0
DA:13,0
DA:14,0
DA:24,0
DA:25,0
DA:26,0
DA:27,0
DA:28,0
DA:37,0
DA:38,0
DA:39,0
DA:40,0
DA:42,0
DA:51,0
DA:52,0
DA:61,0
DA:62,0
DA:70,0
DA:73,5
LF:23
LH:5
BRDA:24,0,0,0
BRDA:24,0,1,0
BRDA:25,1,0,0
BRDA:25,1,1,0
BRDA:38,2,0,0
BRDA:38,2,1,0
BRDA:38,3,0,0
BRDA:38,3,1,0
BRDA:40,4,0,0
BRDA:40,4,1,0
BRF:10
BRH:0
end_of_record
TN:
SF:src/mock-integrations/mocks/razorpay.mock.js
FN:8,simulatePayment
FNF:1
FNH:0
FNDA:0,simulatePayment
DA:1,5
DA:9,0
DA:10,0
DA:26,5
LF:4
LH:2
BRDA:8,0,0,0
BRDA:9,1,0,0
BRDA:9,1,1,0
BRDA:15,2,0,0
BRDA:15,2,1,0
BRDA:16,3,0,0
BRDA:16,3,1,0
BRDA:18,4,0,0
BRDA:18,4,1,0
BRDA:19,5,0,0
BRDA:19,5,1,0
BRDA:20,6,0,0
BRDA:20,6,1,0
BRF:13
BRH:0
end_of_record
TN:
SF:src/mock-integrations/mocks/swiggy.mock.js
FN:8,simulateSwiggyOrder
FNF:1
FNH:0
FNDA:0,simulateSwiggyOrder
DA:1,5
DA:9,0
DA:10,0
DA:17,0
DA:18,0
DA:41,5
LF:6
LH:2
BRDA:8,0,0,0
BRDA:9,1,0,0
BRDA:9,1,1,0
BRDA:17,2,0,0
BRDA:17,2,1,0
BRDA:24,3,0,0
BRDA:24,3,1,0
BRDA:27,4,0,0
BRDA:27,4,1,0
BRDA:28,5,0,0
BRDA:28,5,1,0
BRDA:30,6,0,0
BRDA:30,6,1,0
BRDA:34,7,0,0
BRDA:34,7,1,0
BRDA:35,8,0,0
BRDA:35,8,1,0
BRF:17
BRH:0
end_of_record
TN:
SF:src/mock-integrations/mocks/tally.mock.js
FN:8,simulateInvoicePush
FNF:1
FNH:0
FNDA:0,simulateInvoicePush
DA:1,5
DA:9,0
DA:10,0
DA:26,5
LF:4
LH:2
BRDA:8,0,0,0
BRDA:9,1,0,0
BRDA:9,1,1,0
BRDA:14,2,0,0
BRDA:14,2,1,0
BRDA:15,3,0,0
BRDA:15,3,1,0
BRDA:16,4,0,0
BRDA:16,4,1,0
BRDA:17,5,0,0
BRDA:17,5,1,0
BRDA:18,6,0,0
BRDA:18,6,1,0
BRDA:19,7,0,0
BRDA:19,7,1,0
BRDA:20,8,0,0
BRDA:20,8,1,0
BRDA:21,9,0,0
BRDA:21,9,1,0
BRF:19
BRH:0
end_of_record
TN:
SF:src/mock-integrations/mocks/whatsapp.mock.js
FN:8,simulateMessageSend
FNF:1
FNH:0
FNDA:0,simulateMessageSend
DA:1,5
DA:9,0
DA:10,0
DA:25,5
LF:4
LH:2
BRDA:8,0,0,0
BRDA:9,1,0,0
BRDA:9,1,1,0
BRDA:15,2,0,0
BRDA:15,2,1,0
BRDA:16,3,0,0
BRDA:16,3,1,0
BRDA:17,4,0,0
BRDA:17,4,1,0
BRDA:18,5,0,0
BRDA:18,5,1,0
BRDA:19,6,0,0
BRDA:19,6,1,0
BRDA:20,7,0,0
BRDA:20,7,1,0
BRF:15
BRH:0
end_of_record
TN:
SF:src/mock-integrations/mocks/zomato.mock.js
FN:8,simulateZomatoOrder
FNF:1
FNH:0
FNDA:0,simulateZomatoOrder
DA:1,5
DA:9,0
DA:10,0
DA:17,0
DA:18,0
DA:41,5
LF:6
LH:2
BRDA:8,0,0,0
BRDA:9,1,0,0
BRDA:9,1,1,0
BRDA:17,2,0,0
BRDA:17,2,1,0
BRDA:24,3,0,0
BRDA:24,3,1,0
BRDA:27,4,0,0
BRDA:27,4,1,0
BRDA:28,5,0,0
BRDA:28,5,1,0
BRDA:30,6,0,0
BRDA:30,6,1,0
BRDA:34,7,0,0
BRDA:34,7,1,0
BRDA:35,8,0,0
BRDA:35,8,1,0
BRF:17
BRH:0
end_of_record
TN:
SF:src/mock-integrations/routes/mock.routes.js
FNF:0
FNH:0
DA:1,5
DA:2,5
DA:4,5
DA:6,5
DA:7,5
DA:8,5
DA:9,5
DA:10,5
DA:12,5
LF:9
LH:9
BRF:0
BRH:0
end_of_record
TN:
SF:src/mock-integrations/routes/test.routes.js
FNF:0
FNH:0
DA:1,5
DA:2,5
DA:4,5
DA:6,5
DA:8,5
LF:5
LH:5
BRF:0
BRH:0
end_of_record
TN:
SF:src/modules/audit/audit.routes.js
FN:29,(anonymous_0)
FN:103,(anonymous_1)
FNF:2
FNH:0
FNDA:0,(anonymous_0)
FNDA:0,(anonymous_1)
DA:6,5
DA:7,5
DA:8,5
DA:9,5
DA:10,5
DA:11,5
DA:12,5
DA:29,5
DA:30,0
DA:31,0
DA:33,0
DA:34,0
DA:35,0
DA:38,0
DA:43,0
DA:44,0
DA:47,0
DA:48,0
DA:50,0
DA:51,0
DA:53,0
DA:54,0
DA:56,0
DA:57,0
DA:61,0
DA:62,0
DA:63,0
DA:64,0
DA:66,0
DA:67,0
DA:71,0
DA:91,0
DA:93,0
DA:94,0
DA:103,5
DA:104,0
DA:105,0
DA:106,0
DA:108,0
DA:115,0
DA:116,0
DA:119,0
DA:133,0
DA:135,0
DA:136,0
DA:140,5
LF:46
LH:10
BRDA:33,0,0,0
BRDA:33,0,1,0
BRDA:34,1,0,0
BRDA:34,1,1,0
BRDA:43,2,0,0
BRDA:43,2,1,0
BRDA:47,3,0,0
BRDA:47,3,1,0
BRDA:50,4,0,0
BRDA:50,4,1,0
BRDA:53,5,0,0
BRDA:53,5,1,0
BRDA:56,6,0,0
BRDA:56,6,1,0
BRDA:61,7,0,0
BRDA:61,7,1,0
BRDA:61,8,0,0
BRDA:61,8,1,0
BRDA:63,9,0,0
BRDA:63,9,1,0
BRDA:66,10,0,0
BRDA:66,10,1,0
BRDA:115,11,0,0
BRDA:115,11,1,0
BRF:24
BRH:0
end_of_record
TN:
SF:src/modules/auth/auth.controller.js
FN:17,register
FN:30,getBranding
FN:45,login
FN:62,refreshToken
FN:78,logout
FN:94,forgotPassword
FN:109,verifyOtp
FN:124,resetPassword
FN:140,getMe
FN:156,forgotPasswordEmail
FN:171,resetPasswordToken
FNF:11
FNH:4
FNDA:4,register
FNDA:0,getBranding
FNDA:2,login
FNDA:0,refreshToken
FNDA:1,logout
FNDA:0,forgotPassword
FNDA:0,verifyOtp
FNDA:0,resetPassword
FNDA:1,getMe
FNDA:0,forgotPasswordEmail
FNDA:0,resetPasswordToken
DA:6,5
DA:7,5
DA:8,5
DA:9,5
DA:18,4
DA:19,4
DA:20,4
DA:21,4
DA:23,0
DA:31,0
DA:32,0
DA:33,0
DA:35,0
DA:46,2
DA:47,2
DA:48,2
DA:49,2
DA:50,2
DA:52,0
DA:63,0
DA:64,0
DA:65,0
DA:66,0
DA:68,0
DA:79,1
DA:80,1
DA:81,1
DA:82,1
DA:84,0
DA:95,0
DA:96,0
DA:97,0
DA:99,0
DA:110,0
DA:111,0
DA:112,0
DA:114,0
DA:125,0
DA:126,0
DA:127,0
DA:128,0
DA:130,0
DA:141,1
DA:143,1
DA:144,1
DA:146,0
DA:157,0
DA:158,0
DA:159,0
DA:161,0
DA:172,0
DA:173,0
DA:174,0
DA:175,0
DA:177,0
DA:181,5
LF:56
LH:21
BRDA:143,0,0,1
BRDA:143,0,1,0
BRF:2
BRH:1
end_of_record
TN:
SF:src/modules/auth/auth.routes.js
FNF:0
FNH:0
DA:6,5
DA:7,5
DA:8,5
DA:9,5
DA:10,5
DA:11,5
DA:21,5
DA:27,5
DA:33,5
DA:39,5
DA:45,5
DA:51,5
DA:57,5
DA:63,5
DA:69,5
DA:75,5
DA:81,5
DA:87,5
DA:89,5
LF:19
LH:19
BRF:0
BRH:0
end_of_record
TN:
SF:src/modules/auth/auth.service.js
FN:35,register
FN:66,(anonymous_1)
FN:121,login
FN:201,(anonymous_3)
FN:204,(anonymous_4)
FN:276,incrementLoginAttempts
FN:288,refreshTokens
FN:320,(anonymous_7)
FN:323,(anonymous_8)
FN:356,logout
FN:392,forgotPassword
FN:423,verifyOTP
FN:452,resetPassword
FN:502,getCurrentUser
FN:539,initiateEmailReset
FN:584,resetPasswordByToken
FNF:16
FNH:6
FNDA:4,register
FNDA:4,(anonymous_1)
FNDA:2,login
FNDA:2,(anonymous_3)
FNDA:0,(anonymous_4)
FNDA:0,incrementLoginAttempts
FNDA:0,refreshTokens
FNDA:0,(anonymous_7)
FNDA:0,(anonymous_8)
FNDA:1,logout
FNDA:0,forgotPassword
FNDA:0,verifyOTP
FNDA:0,resetPassword
FNDA:1,getCurrentUser
FNDA:0,initiateEmailReset
FNDA:0,resetPasswordByToken
DA:6,5
DA:7,5
DA:8,5
DA:9,5
DA:10,5
DA:11,5
DA:12,5
DA:13,5
DA:14,5
DA:21,5
DA:36,4
DA:38,4
DA:39,4
DA:49,4
DA:50,0
DA:51,0
DA:53,0
DA:56,4
DA:58,4
DA:62,4
DA:63,0
DA:66,4
DA:67,4
DA:77,4
DA:86,4
DA:99,4
DA:102,4
DA:103,4
DA:105,0
DA:106,0
DA:108,0
DA:109,0
DA:122,2
DA:123,2
DA:125,2
DA:126,2
DA:127,2
DA:128,2
DA:130,2
DA:131,0
DA:136,2
DA:137,2
DA:139,2
DA:140,2
DA:163,2
DA:165,2
DA:166,0
DA:167,0
DA:170,2
DA:171,0
DA:174,2
DA:175,0
DA:178,2
DA:180,2
DA:181,0
DA:183,0
DA:184,0
DA:186,0
DA:187,0
DA:196,0
DA:199,2
DA:201,2
DA:202,2
DA:203,2
DA:204,2
DA:206,2
DA:218,2
DA:223,2
DA:229,2
DA:234,2
DA:246,2
DA:247,2
DA:249,2
DA:262,0
DA:263,0
DA:265,0
DA:266,0
DA:277,0
DA:278,0
DA:279,0
DA:289,0
DA:290,0
DA:292,0
DA:293,0
DA:294,0
DA:295,0
DA:297,0
DA:310,0
DA:311,0
DA:314,0
DA:320,0
DA:321,0
DA:322,0
DA:323,0
DA:325,0
DA:331,0
DA:337,0
DA:339,0
DA:340,0
DA:342,0
DA:343,0
DA:345,0
DA:357,1
DA:358,1
DA:360,1
DA:361,1
DA:362,1
DA:363,1
DA:364,1
DA:367,1
DA:369,1
DA:380,1
DA:382,0
DA:383,0
DA:393,0
DA:394,0
DA:396,0
DA:397,0
DA:401,0
DA:402,0
DA:405,0
DA:406,0
DA:408,0
DA:410,0
DA:412,0
DA:413,0
DA:424,0
DA:426,0
DA:427,0
DA:429,0
DA:430,0
DA:433,0
DA:434,0
DA:437,0
DA:439,0
DA:440,0
DA:441,0
DA:453,0
DA:454,0
DA:456,0
DA:457,0
DA:459,0
DA:460,0
DA:463,0
DA:467,0
DA:468,0
DA:471,0
DA:473,0
DA:478,0
DA:480,0
DA:489,0
DA:491,0
DA:492,0
DA:493,0
DA:503,1
DA:505,1
DA:506,1
DA:520,1
DA:521,0
DA:524,1
DA:525,1
DA:526,1
DA:528,0
DA:529,0
DA:530,0
DA:540,0
DA:542,0
DA:543,0
DA:547,0
DA:549,0
DA:552,0
DA:553,0
DA:555,0
DA:563,0
DA:566,0
DA:567,0
DA:569,0
DA:571,0
DA:573,0
DA:574,0
DA:585,0
DA:587,0
DA:588,0
DA:596,0
DA:597,0
DA:600,0
DA:602,0
DA:613,0
DA:622,0
DA:624,0
DA:625,0
DA:626,0
DA:630,5
LF:193
LH:72
BRDA:35,0,0,0
BRDA:49,1,0,0
BRDA:49,1,1,4
BRDA:50,2,0,0
BRDA:50,2,1,0
BRDA:59,3,0,4
BRDA:59,3,1,0
BRDA:62,4,0,0
BRDA:62,4,1,4
BRDA:81,5,0,4
BRDA:81,5,1,4
BRDA:88,6,0,4
BRDA:88,6,1,4
BRDA:89,7,0,4
BRDA:89,7,1,4
BRDA:94,8,0,4
BRDA:94,8,1,0
BRDA:95,9,0,4
BRDA:95,9,1,4
BRDA:105,10,0,0
BRDA:105,10,1,0
BRDA:105,11,0,0
BRDA:105,11,1,0
BRDA:121,12,0,0
BRDA:128,13,0,0
BRDA:128,13,1,2
BRDA:130,14,0,0
BRDA:130,14,1,2
BRDA:137,15,0,1
BRDA:137,15,1,1
BRDA:142,16,0,1
BRDA:142,16,1,1
BRDA:165,17,0,0
BRDA:165,17,1,2
BRDA:170,18,0,0
BRDA:170,18,1,2
BRDA:174,19,0,0
BRDA:174,19,1,2
BRDA:174,20,0,2
BRDA:174,20,1,0
BRDA:180,21,0,0
BRDA:180,21,1,2
BRDA:184,22,0,0
BRDA:184,22,1,0
BRDA:186,23,0,0
BRDA:186,23,1,0
BRDA:201,24,0,2
BRDA:201,24,1,0
BRDA:202,25,0,2
BRDA:202,25,1,0
BRDA:203,26,0,2
BRDA:203,26,1,2
BRDA:204,27,0,2
BRDA:204,27,1,0
BRDA:213,28,0,2
BRDA:213,28,1,2
BRDA:213,28,2,2
BRDA:214,29,0,2
BRDA:214,29,1,2
BRDA:241,30,0,2
BRDA:241,30,1,0
BRDA:242,31,0,2
BRDA:242,31,1,2
BRDA:247,32,0,2
BRDA:247,32,1,2
BRDA:254,33,0,2
BRDA:254,33,1,2
BRDA:262,34,0,0
BRDA:262,34,1,0
BRDA:262,35,0,0
BRDA:262,35,1,0
BRDA:262,35,2,0
BRDA:278,36,0,0
BRDA:278,36,1,0
BRDA:294,37,0,0
BRDA:294,37,1,0
BRDA:310,38,0,0
BRDA:310,38,1,0
BRDA:320,39,0,0
BRDA:320,39,1,0
BRDA:321,40,0,0
BRDA:321,40,1,0
BRDA:322,41,0,0
BRDA:322,41,1,0
BRDA:323,42,0,0
BRDA:323,42,1,0
BRDA:339,43,0,0
BRDA:339,43,1,0
BRDA:342,44,0,0
BRDA:342,44,1,0
BRDA:356,45,0,0
BRDA:364,46,0,1
BRDA:364,46,1,0
BRDA:375,47,0,1
BRDA:375,47,1,0
BRDA:376,48,0,1
BRDA:376,48,1,1
BRDA:401,49,0,0
BRDA:401,49,1,0
BRDA:408,50,0,0
BRDA:408,50,1,0
BRDA:429,51,0,0
BRDA:429,51,1,0
BRDA:433,52,0,0
BRDA:433,52,1,0
BRDA:439,53,0,0
BRDA:439,53,1,0
BRDA:459,54,0,0
BRDA:459,54,1,0
BRDA:459,55,0,0
BRDA:459,55,1,0
BRDA:467,56,0,0
BRDA:467,56,1,0
BRDA:491,57,0,0
BRDA:491,57,1,0
BRDA:491,58,0,0
BRDA:491,58,1,0
BRDA:520,59,0,0
BRDA:520,59,1,1
BRDA:525,60,0,1
BRDA:525,60,1,1
BRDA:528,61,0,0
BRDA:528,61,1,0
BRDA:547,62,0,0
BRDA:547,62,1,0
BRDA:563,63,0,0
BRDA:563,63,1,0
BRDA:596,64,0,0
BRDA:596,64,1,0
BRDA:624,65,0,0
BRDA:624,65,1,0
BRF:131
BRH:47
end_of_record
TN:
SF:src/modules/auth/auth.validation.js
FNF:0
FNH:0
DA:6,5
DA:9,5
DA:10,5
DA:15,5
DA:30,5
DA:39,5
DA:46,5
DA:54,5
DA:63,5
DA:73,5
DA:80,5
DA:86,5
LF:12
LH:12
BRF:0
BRH:0
end_of_record
TN:
SF:src/modules/central-kitchen/ck.routes.js
FN:32,(anonymous_0)
FN:40,(anonymous_1)
FN:48,(anonymous_2)
FN:56,(anonymous_3)
FN:64,(anonymous_4)
FN:72,(anonymous_5)
FN:80,(anonymous_6)
FN:88,(anonymous_7)
FN:96,(anonymous_8)
FNF:9
FNH:0
FNDA:0,(anonymous_0)
FNDA:0,(anonymous_1)
FNDA:0,(anonymous_2)
FNDA:0,(anonymous_3)
FNDA:0,(anonymous_4)
FNDA:0,(anonymous_5)
FNDA:0,(anonymous_6)
FNDA:0,(anonymous_7)
FNDA:0,(anonymous_8)
DA:15,5
DA:16,5
DA:17,5
DA:18,5
DA:19,5
DA:20,5
DA:26,5
DA:29,5
DA:32,5
DA:33,0
DA:34,0
DA:35,0
DA:36,0
DA:40,5
DA:41,0
DA:42,0
DA:43,0
DA:44,0
DA:48,5
DA:49,0
DA:50,0
DA:51,0
DA:52,0
DA:56,5
DA:57,0
DA:58,0
DA:59,0
DA:60,0
DA:64,5
DA:65,0
DA:66,0
DA:67,0
DA:68,0
DA:72,5
DA:73,0
DA:74,0
DA:75,0
DA:76,0
DA:80,5
DA:81,0
DA:82,0
DA:83,0
DA:84,0
DA:88,5
DA:89,0
DA:90,0
DA:91,0
DA:92,0
DA:96,5
DA:97,0
DA:98,0
DA:99,0
DA:100,0
DA:103,5
LF:54
LH:18
BRF:0
BRH:0
end_of_record
TN:
SF:src/modules/central-kitchen/ck.service.js
FN:13,listIndents
FN:52,getIndent
FN:74,createIndent
FN:92,(anonymous_3)
FN:115,approveIndent
FN:125,(anonymous_5)
FN:156,dispatchIndent
FN:168,(anonymous_7)
FN:173,(anonymous_8)
FN:176,(anonymous_9)
FN:186,(anonymous_10)
FN:263,receiveIndent
FN:287,rejectIndent
FN:316,getOutlets
FN:328,getInventoryItems
FNF:15
FNH:0
FNDA:0,listIndents
FNDA:0,getIndent
FNDA:0,createIndent
FNDA:0,(anonymous_3)
FNDA:0,approveIndent
FNDA:0,(anonymous_5)
FNDA:0,dispatchIndent
FNDA:0,(anonymous_7)
FNDA:0,(anonymous_8)
FNDA:0,(anonymous_9)
FNDA:0,(anonymous_10)
FNDA:0,receiveIndent
FNDA:0,rejectIndent
FNDA:0,getOutlets
FNDA:0,getInventoryItems
DA:5,5
DA:6,5
DA:14,0
DA:15,0
DA:17,0
DA:19,0
DA:21,0
DA:23,0
DA:24,0
DA:25,0
DA:26,0
DA:28,0
DA:31,0
DA:46,0
DA:53,0
DA:54,0
DA:66,0
DA:67,0
DA:75,0
DA:76,0
DA:78,0
DA:80,0
DA:82,0
DA:92,0
DA:107,0
DA:108,0
DA:116,0
DA:118,0
DA:119,0
DA:120,0
DA:123,0
DA:124,0
DA:126,0
DA:134,0
DA:148,0
DA:149,0
DA:157,0
DA:159,0
DA:163,0
DA:164,0
DA:165,0
DA:168,0
DA:173,0
DA:175,0
DA:177,0
DA:185,0
DA:186,0
DA:187,0
DA:188,0
DA:191,0
DA:207,0
DA:223,0
DA:236,0
DA:250,0
DA:256,0
DA:257,0
DA:264,0
DA:266,0
DA:267,0
DA:268,0
DA:270,0
DA:280,0
DA:281,0
DA:288,0
DA:290,0
DA:291,0
DA:292,0
DA:293,0
DA:296,0
DA:309,0
DA:310,0
DA:317,0
DA:318,0
DA:329,0
DA:330,0
DA:337,5
LF:76
LH:3
BRDA:19,0,0,0
BRDA:19,0,1,0
BRDA:21,1,0,0
BRDA:21,1,1,0
BRDA:23,2,0,0
BRDA:23,2,1,0
BRDA:24,3,0,0
BRDA:24,3,1,0
BRDA:26,4,0,0
BRDA:26,4,1,0
BRDA:66,5,0,0
BRDA:66,5,1,0
BRDA:78,6,0,0
BRDA:78,6,1,0
BRDA:78,7,0,0
BRDA:78,7,1,0
BRDA:84,8,0,0
BRDA:84,8,1,0
BRDA:96,9,0,0
BRDA:96,9,1,0
BRDA:119,10,0,0
BRDA:119,10,1,0
BRDA:120,11,0,0
BRDA:120,11,1,0
BRDA:123,12,0,0
BRDA:123,12,1,0
BRDA:123,13,0,0
BRDA:123,13,1,0
BRDA:163,14,0,0
BRDA:163,14,1,0
BRDA:164,15,0,0
BRDA:164,15,1,0
BRDA:168,16,0,0
BRDA:168,16,1,0
BRDA:170,17,0,0
BRDA:170,17,1,0
BRDA:187,18,0,0
BRDA:187,18,1,0
BRDA:267,19,0,0
BRDA:267,19,1,0
BRDA:268,20,0,0
BRDA:268,20,1,0
BRDA:291,21,0,0
BRDA:291,21,1,0
BRDA:292,22,0,0
BRDA:292,22,1,0
BRDA:300,23,0,0
BRDA:300,23,1,0
BRDA:300,24,0,0
BRDA:300,24,1,0
BRF:50
BRH:0
end_of_record
TN:
SF:src/modules/central-kitchen/ck.validation.js
FNF:0
FNH:0
DA:6,5
DA:11,5
DA:27,5
DA:39,5
DA:51,5
DA:55,5
LF:6
LH:6
BRF:0
BRH:0
end_of_record
TN:
SF:src/modules/customers/customer.controller.js
FN:9,createCustomer
FN:14,listCustomers
FN:22,getCustomer
FN:27,findByPhone
FN:34,updateCustomer
FN:39,deleteCustomer
FN:44,addAddress
FN:49,redeemPoints
FN:58,adjustPoints
FN:66,getLoyaltyHistory
FN:73,getCRMDashboard
FN:80,getBirthdayCustomers
FN:87,createCampaign
FN:94,getCampaigns
FN:102,getCampaignDetail
FN:107,sendBirthdayCampaign
FNF:16
FNH:0
FNDA:0,createCustomer
FNDA:0,listCustomers
FNDA:0,getCustomer
FNDA:0,findByPhone
FNDA:0,updateCustomer
FNDA:0,deleteCustomer
FNDA:0,addAddress
FNDA:0,redeemPoints
FNDA:0,adjustPoints
FNDA:0,getLoyaltyHistory
FNDA:0,getCRMDashboard
FNDA:0,getBirthdayCustomers
FNDA:0,createCampaign
FNDA:0,getCampaigns
FNDA:0,getCampaignDetail
FNDA:0,sendBirthdayCampaign
DA:6,5
DA:7,5
DA:10,0
DA:11,0
DA:15,0
DA:16,0
DA:17,0
DA:18,0
DA:19,0
DA:23,0
DA:24,0
DA:28,0
DA:29,0
DA:30,0
DA:31,0
DA:35,0
DA:36,0
DA:40,0
DA:41,0
DA:45,0
DA:46,0
DA:50,0
DA:51,0
DA:54,0
DA:55,0
DA:59,0
DA:60,0
DA:61,0
DA:62,0
DA:63,0
DA:67,0
DA:68,0
DA:69,0
DA:70,0
DA:74,0
DA:75,0
DA:76,0
DA:77,0
DA:81,0
DA:82,0
DA:83,0
DA:84,0
DA:88,0
DA:89,0
DA:90,0
DA:91,0
DA:95,0
DA:96,0
DA:97,0
DA:98,0
DA:99,0
DA:103,0
DA:104,0
DA:108,0
DA:109,0
DA:110,0
DA:111,0
DA:114,5
LF:58
LH:3
BRDA:16,0,0,0
BRDA:16,0,1,0
BRDA:30,1,0,0
BRDA:30,1,1,0
BRDA:60,2,0,0
BRDA:60,2,1,0
BRDA:75,3,0,0
BRDA:75,3,1,0
BRDA:82,4,0,0
BRDA:82,4,1,0
BRDA:89,5,0,0
BRDA:89,5,1,0
BRDA:96,6,0,0
BRDA:96,6,1,0
BRDA:109,7,0,0
BRDA:109,7,1,0
BRF:16
BRH:0
end_of_record
TN:
SF:src/modules/customers/customer.routes.js
FNF:0
FNH:0
DA:6,5
DA:7,5
DA:8,5
DA:9,5
DA:10,5
DA:11,5
DA:12,5
DA:15,5
DA:18,5
DA:21,5
DA:24,5
DA:25,5
DA:26,5
DA:29,5
DA:32,5
DA:33,5
DA:34,5
DA:35,5
DA:36,5
DA:39,5
DA:42,5
DA:43,5
DA:44,5
DA:46,5
LF:24
LH:24
BRF:0
BRH:0
end_of_record
TN:
SF:src/modules/customers/customer.service.js
FN:16,createCustomer
FN:40,listCustomers
FN:74,getCustomer
FN:105,findByPhone
FN:116,updateCustomer
FN:125,deleteCustomer
FN:132,addAddress
FN:147,getCRMDashboard
FN:230,getBirthdayCustomers
FN:254,earnPoints
FN:260,(anonymous_10)
FN:291,redeemPoints
FN:303,(anonymous_12)
FN:327,adjustPoints
FN:354,updateSegment
FN:373,getLoyaltyHistory
FN:399,createCampaign
FN:429,(anonymous_17)
FN:447,getCampaigns
FN:469,getCampaignDetail
FN:484,sendBirthdayCampaign
FN:517,(anonymous_21)
FNF:22
FNH:0
FNDA:0,createCustomer
FNDA:0,listCustomers
FNDA:0,getCustomer
FNDA:0,findByPhone
FNDA:0,updateCustomer
FNDA:0,deleteCustomer
FNDA:0,addAddress
FNDA:0,getCRMDashboard
FNDA:0,getBirthdayCustomers
FNDA:0,earnPoints
FNDA:0,(anonymous_10)
FNDA:0,redeemPoints
FNDA:0,(anonymous_12)
FNDA:0,adjustPoints
FNDA:0,updateSegment
FNDA:0,getLoyaltyHistory
FNDA:0,createCampaign
FNDA:0,(anonymous_17)
FNDA:0,getCampaigns
FNDA:0,getCampaignDetail
FNDA:0,sendBirthdayCampaign
FNDA:0,(anonymous_21)
DA:6,6
DA:7,6
DA:8,6
DA:9,6
DA:10,6
DA:17,0
DA:18,0
DA:19,0
DA:21,0
DA:35,0
DA:36,0
DA:37,0
DA:41,0
DA:42,0
DA:43,0
DA:44,0
DA:45,0
DA:47,0
DA:48,0
DA:49,0
DA:50,0
DA:57,0
DA:71,0
DA:75,0
DA:76,0
DA:101,0
DA:102,0
DA:106,0
DA:107,0
DA:117,0
DA:118,0
DA:119,0
DA:120,0
DA:121,0
DA:122,0
DA:126,0
DA:127,0
DA:128,0
DA:129,0
DA:133,0
DA:134,0
DA:135,0
DA:140,0
DA:148,0
DA:157,0
DA:202,0
DA:203,0
DA:205,0
DA:231,0
DA:232,0
DA:255,0
DA:257,0
DA:258,0
DA:260,0
DA:261,0
DA:267,0
DA:279,0
DA:284,0
DA:287,0
DA:288,0
DA:292,0
DA:293,0
DA:294,0
DA:295,0
DA:297,0
DA:298,0
DA:301,0
DA:303,0
DA:304,0
DA:309,0
DA:321,0
DA:324,0
DA:328,0
DA:329,0
DA:330,0
DA:332,0
DA:340,0
DA:351,0
DA:355,0
DA:356,0
DA:357,0
DA:359,0
DA:363,0
DA:364,0
DA:365,0
DA:366,0
DA:368,0
DA:369,0
DA:374,0
DA:375,0
DA:377,0
DA:392,0
DA:400,0
DA:402,0
DA:403,0
DA:405,0
DA:410,0
DA:412,0
DA:429,0
DA:434,0
DA:436,0
DA:437,0
DA:443,0
DA:444,0
DA:448,0
DA:449,0
DA:451,0
DA:452,0
DA:453,0
DA:454,0
DA:456,0
DA:466,0
DA:470,0
DA:471,0
DA:480,0
DA:481,0
DA:485,0
DA:487,0
DA:496,0
DA:497,0
DA:500,0
DA:502,0
DA:517,0
DA:522,0
DA:524,0
DA:527,6
LF:126
LH:6
BRDA:19,0,0,0
BRDA:19,0,1,0
BRDA:24,1,0,0
BRDA:24,1,1,0
BRDA:25,2,0,0
BRDA:25,2,1,0
BRDA:26,3,0,0
BRDA:26,3,1,0
BRDA:27,4,0,0
BRDA:27,4,1,0
BRDA:28,5,0,0
BRDA:28,5,1,0
BRDA:29,6,0,0
BRDA:29,6,1,0
BRDA:30,7,0,0
BRDA:30,7,1,0
BRDA:31,8,0,0
BRDA:31,8,1,0
BRDA:40,9,0,0
BRDA:44,10,0,0
BRDA:44,10,1,0
BRDA:47,11,0,0
BRDA:47,11,1,0
BRDA:48,12,0,0
BRDA:48,12,1,0
BRDA:49,13,0,0
BRDA:49,13,1,0
BRDA:101,14,0,0
BRDA:101,14,1,0
BRDA:119,15,0,0
BRDA:119,15,1,0
BRDA:120,16,0,0
BRDA:120,16,1,0
BRDA:121,17,0,0
BRDA:121,17,1,0
BRDA:128,18,0,0
BRDA:128,18,1,0
BRDA:134,19,0,0
BRDA:134,19,1,0
BRDA:158,20,0,0
BRDA:158,20,1,0
BRDA:162,21,0,0
BRDA:162,21,1,0
BRDA:167,22,0,0
BRDA:167,22,1,0
BRDA:208,23,0,0
BRDA:208,23,1,0
BRDA:209,24,0,0
BRDA:209,24,1,0
BRDA:210,25,0,0
BRDA:210,25,1,0
BRDA:211,26,0,0
BRDA:211,26,1,0
BRDA:217,27,0,0
BRDA:217,27,1,0
BRDA:218,28,0,0
BRDA:218,28,1,0
BRDA:219,29,0,0
BRDA:219,29,1,0
BRDA:230,30,0,0
BRDA:258,31,0,0
BRDA:258,31,1,0
BRDA:294,32,0,0
BRDA:294,32,1,0
BRDA:294,33,0,0
BRDA:294,33,1,0
BRDA:295,34,0,0
BRDA:295,34,1,0
BRDA:297,35,0,0
BRDA:297,35,1,0
BRDA:313,36,0,0
BRDA:313,36,1,0
BRDA:330,37,0,0
BRDA:330,37,1,0
BRDA:335,38,0,0
BRDA:335,38,1,0
BRDA:344,39,0,0
BRDA:344,39,1,0
BRDA:347,40,0,0
BRDA:347,40,1,0
BRDA:357,41,0,0
BRDA:357,41,1,0
BRDA:359,42,0,0
BRDA:359,42,1,0
BRDA:364,43,0,0
BRDA:364,43,1,0
BRDA:365,44,0,0
BRDA:365,44,1,0
BRDA:365,45,0,0
BRDA:365,45,1,0
BRDA:366,46,0,0
BRDA:366,46,1,0
BRDA:368,47,0,0
BRDA:368,47,1,0
BRDA:373,48,0,0
BRDA:403,49,0,0
BRDA:403,49,1,0
BRDA:403,50,0,0
BRDA:403,50,1,0
BRDA:410,51,0,0
BRDA:410,51,1,0
BRDA:416,52,0,0
BRDA:416,52,1,0
BRDA:417,53,0,0
BRDA:417,53,1,0
BRDA:420,54,0,0
BRDA:420,54,1,0
BRDA:421,55,0,0
BRDA:421,55,1,0
BRDA:422,56,0,0
BRDA:422,56,1,0
BRDA:436,57,0,0
BRDA:436,57,1,0
BRDA:447,58,0,0
BRDA:452,59,0,0
BRDA:452,59,1,0
BRDA:453,60,0,0
BRDA:453,60,1,0
BRDA:454,61,0,0
BRDA:454,61,1,0
BRDA:480,62,0,0
BRDA:480,62,1,0
BRDA:496,63,0,0
BRDA:496,63,1,0
BRDA:496,64,0,0
BRDA:496,64,1,0
BRDA:500,65,0,0
BRDA:500,65,1,0
BRF:128
BRH:0
end_of_record
TN:
SF:src/modules/customers/customer.validation.js
FNF:0
FNH:0
DA:6,5
DA:9,5
DA:11,5
DA:24,5
DA:35,5
DA:47,5
DA:53,5
DA:59,5
DA:68,5
DA:73,5
LF:10
LH:10
BRF:0
BRH:0
end_of_record
TN:
SF:src/modules/dashboard/dashboard.controller.js
FN:10,getSummary
FN:68,(anonymous_1)
FN:73,(anonymous_2)
FN:74,(anonymous_3)
FN:81,(anonymous_4)
FN:87,(anonymous_5)
FN:94,(anonymous_6)
FN:95,(anonymous_7)
FN:99,(anonymous_8)
FN:140,getLive
FN:263,(anonymous_10)
FNF:11
FNH:0
FNDA:0,getSummary
FNDA:0,(anonymous_1)
FNDA:0,(anonymous_2)
FNDA:0,(anonymous_3)
FNDA:0,(anonymous_4)
FNDA:0,(anonymous_5)
FNDA:0,(anonymous_6)
FNDA:0,(anonymous_7)
FNDA:0,(anonymous_8)
FNDA:0,getLive
FNDA:0,(anonymous_10)
DA:6,5
DA:7,5
DA:11,0
DA:12,0
DA:13,0
DA:16,0
DA:17,0
DA:18,0
DA:19,0
DA:22,0
DA:29,0
DA:67,0
DA:68,0
DA:69,0
DA:73,0
DA:74,0
DA:75,0
DA:76,0
DA:77,0
DA:81,0
DA:86,0
DA:87,0
DA:88,0
DA:89,0
DA:93,0
DA:94,0
DA:95,0
DA:99,0
DA:100,0
DA:101,0
DA:103,0
DA:120,0
DA:121,0
DA:122,0
DA:123,0
DA:128,0
DA:130,0
DA:141,0
DA:142,0
DA:143,0
DA:145,0
DA:146,0
DA:147,0
DA:148,0
DA:150,0
DA:166,0
DA:222,0
DA:223,0
DA:231,0
DA:232,0
DA:233,0
DA:236,0
DA:237,0
DA:241,0
DA:242,0
DA:243,0
DA:246,0
DA:247,0
DA:250,0
DA:251,0
DA:252,0
DA:262,0
DA:263,0
DA:264,0
DA:266,0
DA:272,0
DA:293,0
DA:295,0
DA:299,5
LF:69
LH:3
BRDA:12,0,0,0
BRDA:12,0,1,0
BRDA:83,1,0,0
BRDA:83,1,1,0
BRDA:88,2,0,0
BRDA:88,2,1,0
BRDA:95,3,0,0
BRDA:95,3,1,0
BRDA:100,4,0,0
BRDA:100,4,1,0
BRDA:101,5,0,0
BRDA:101,5,1,0
BRDA:120,6,0,0
BRDA:120,6,1,0
BRDA:142,7,0,0
BRDA:142,7,1,0
BRDA:232,8,0,0
BRDA:232,8,1,0
BRDA:233,9,0,0
BRDA:233,9,1,0
BRDA:237,10,0,0
BRDA:237,10,1,0
BRDA:246,11,0,0
BRDA:246,11,1,0
BRDA:247,12,0,0
BRDA:247,12,1,0
BRDA:262,13,0,0
BRDA:262,13,1,0
BRDA:277,14,0,0
BRDA:277,14,1,0
BRDA:285,15,0,0
BRDA:285,15,1,0
BRDA:286,16,0,0
BRDA:286,16,1,0
BRDA:286,16,2,0
BRDA:287,17,0,0
BRDA:287,17,1,0
BRDA:288,18,0,0
BRDA:288,18,1,0
BRDA:288,18,2,0
BRF:40
BRH:0
end_of_record
TN:
SF:src/modules/dashboard/dashboard.routes.js
FNF:0
FNH:0
DA:6,5
DA:7,5
DA:8,5
DA:9,5
DA:10,5
DA:13,5
DA:16,5
DA:18,5
LF:8
LH:8
BRF:0
BRH:0
end_of_record
TN:
SF:src/modules/discounts/discount.routes.js
FN:18,(anonymous_0)
FN:35,(anonymous_1)
FN:48,(anonymous_2)
FN:61,(anonymous_3)
FN:74,(anonymous_4)
FN:88,(anonymous_5)
FNF:6
FNH:0
FNDA:0,(anonymous_0)
FNDA:0,(anonymous_1)
FNDA:0,(anonymous_2)
FNDA:0,(anonymous_3)
FNDA:0,(anonymous_4)
FNDA:0,(anonymous_5)
DA:7,5
DA:8,5
DA:9,5
DA:10,5
DA:11,5
DA:12,5
DA:13,5
DA:18,5
DA:19,0
DA:20,0
DA:21,0
DA:25,0
DA:26,0
DA:28,0
DA:35,5
DA:36,0
DA:37,0
DA:38,0
DA:39,0
DA:41,0
DA:48,5
DA:49,0
DA:50,0
DA:51,0
DA:52,0
DA:54,0
DA:61,5
DA:62,0
DA:63,0
DA:64,0
DA:65,0
DA:67,0
DA:74,5
DA:75,0
DA:76,0
DA:77,0
DA:78,0
DA:79,0
DA:81,0
DA:88,5
DA:89,0
DA:90,0
DA:91,0
DA:92,0
DA:93,0
DA:94,0
DA:96,0
DA:100,5
LF:48
LH:14
BRDA:20,0,0,0
BRDA:20,0,1,0
BRDA:22,1,0,0
BRDA:22,1,1,0
BRDA:23,2,0,0
BRDA:23,2,1,0
BRDA:37,3,0,0
BRDA:37,3,1,0
BRDA:50,4,0,0
BRDA:50,4,1,0
BRDA:63,5,0,0
BRDA:63,5,1,0
BRDA:77,6,0,0
BRDA:77,6,1,0
BRDA:79,7,0,0
BRDA:79,7,1,0
BRDA:90,8,0,0
BRDA:90,8,1,0
BRDA:91,9,0,0
BRDA:91,9,1,0
BRDA:92,10,0,0
BRDA:92,10,1,0
BRF:22
BRH:0
end_of_record
TN:
SF:src/modules/discounts/discount.service.js
FN:16,createDiscount
FN:54,listDiscounts
FN:79,updateDiscount
FN:103,deleteDiscount
FN:126,validateCoupon
FN:193,getAutoDiscounts
FN:212,(anonymous_6)
FN:213,(anonymous_7)
FN:214,(anonymous_8)
FNF:9
FNH:0
FNDA:0,createDiscount
FNDA:0,listDiscounts
FNDA:0,updateDiscount
FNDA:0,deleteDiscount
FNDA:0,validateCoupon
FNDA:0,getAutoDiscounts
FNDA:0,(anonymous_6)
FNDA:0,(anonymous_7)
FNDA:0,(anonymous_8)
DA:7,5
DA:8,5
DA:17,0
DA:18,0
DA:19,0
DA:40,0
DA:41,0
DA:43,0
DA:44,0
DA:55,0
DA:56,0
DA:57,0
DA:58,0
DA:59,0
DA:61,0
DA:65,0
DA:67,0
DA:68,0
DA:80,0
DA:81,0
DA:82,0
DA:89,0
DA:90,0
DA:92,0
DA:93,0
DA:104,0
DA:105,0
DA:106,0
DA:110,0
DA:111,0
DA:113,0
DA:114,0
DA:127,0
DA:128,0
DA:129,0
DA:138,0
DA:140,0
DA:141,0
DA:142,0
DA:144,0
DA:145,0
DA:147,0
DA:148,0
DA:151,0
DA:152,0
DA:155,0
DA:156,0
DA:160,0
DA:161,0
DA:162,0
DA:163,0
DA:164,0
DA:166,0
DA:167,0
DA:170,0
DA:181,0
DA:182,0
DA:194,0
DA:195,0
DA:196,0
DA:197,0
DA:211,0
DA:212,0
DA:213,0
DA:214,0
DA:216,0
DA:217,0
DA:221,5
LF:68
LH:3
BRDA:23,0,0,0
BRDA:23,0,1,0
BRDA:25,1,0,0
BRDA:25,1,1,0
BRDA:26,2,0,0
BRDA:26,2,1,0
BRDA:27,3,0,0
BRDA:27,3,1,0
BRDA:28,4,0,0
BRDA:28,4,1,0
BRDA:29,5,0,0
BRDA:29,5,1,0
BRDA:30,6,0,0
BRDA:30,6,1,0
BRDA:31,7,0,0
BRDA:31,7,1,0
BRDA:32,8,0,0
BRDA:32,8,1,0
BRDA:34,9,0,0
BRDA:34,9,1,0
BRDA:35,10,0,0
BRDA:35,10,1,0
BRDA:36,11,0,0
BRDA:36,11,1,0
BRDA:37,12,0,0
BRDA:37,12,1,0
BRDA:54,13,0,0
BRDA:58,14,0,0
BRDA:58,14,1,0
BRDA:59,15,0,0
BRDA:59,15,1,0
BRDA:138,16,0,0
BRDA:138,16,1,0
BRDA:141,17,0,0
BRDA:141,17,1,0
BRDA:141,18,0,0
BRDA:141,18,1,0
BRDA:144,19,0,0
BRDA:144,19,1,0
BRDA:144,20,0,0
BRDA:144,20,1,0
BRDA:147,21,0,0
BRDA:147,21,1,0
BRDA:147,22,0,0
BRDA:147,22,1,0
BRDA:151,23,0,0
BRDA:151,23,1,0
BRDA:155,24,0,0
BRDA:155,24,1,0
BRDA:161,25,0,0
BRDA:161,25,1,0
BRDA:163,26,0,0
BRDA:163,26,1,0
BRDA:166,27,0,0
BRDA:166,27,1,0
BRDA:193,28,0,0
BRDA:212,29,0,0
BRDA:212,29,1,0
BRDA:213,30,0,0
BRDA:213,30,1,0
BRDA:214,31,0,0
BRDA:214,31,1,0
BRDA:214,31,2,0
BRF:63
BRH:0
end_of_record
TN:
SF:src/modules/discounts/discount.validation.js
FNF:0
FNH:0
DA:6,5
DA:8,5
DA:28,5
DA:48,5
DA:55,5
LF:5
LH:5
BRF:0
BRH:0
end_of_record
TN:
SF:src/modules/festival/festival.data.js
FN:10,d
FN:51,lunarDate
FN:58,durationEnd
FN:69,generateCalendar
FNF:4
FNH:0
FNDA:0,d
FNDA:0,lunarDate
FNDA:0,durationEnd
FNDA:0,generateCalendar
DA:11,0
DA:19,5
DA:52,0
DA:53,0
DA:54,0
DA:55,0
DA:59,0
DA:60,0
DA:61,0
DA:70,0
DA:72,0
DA:1060,0
DA:1064,5
DA:1078,5
DA:1084,5
LF:15
LH:4
BRDA:53,0,0,0
BRDA:53,0,1,0
BRDA:54,1,0,0
BRDA:54,1,1,0
BRF:4
BRH:0
end_of_record
TN:
SF:src/modules/festival/festival.routes.js
FN:15,(anonymous_0)
FN:24,(anonymous_1)
FN:32,(anonymous_2)
FN:40,(anonymous_3)
FN:48,(anonymous_4)
FN:58,(anonymous_5)
FN:66,(anonymous_6)
FN:74,(anonymous_7)
FNF:8
FNH:0
FNDA:0,(anonymous_0)
FNDA:0,(anonymous_1)
FNDA:0,(anonymous_2)
FNDA:0,(anonymous_3)
FNDA:0,(anonymous_4)
FNDA:0,(anonymous_5)
FNDA:0,(anonymous_6)
FNDA:0,(anonymous_7)
DA:6,5
DA:7,5
DA:8,5
DA:9,5
DA:10,5
DA:11,5
DA:12,5
DA:15,5
DA:16,0
DA:17,0
DA:18,0
DA:19,0
DA:20,0
DA:24,5
DA:25,0
DA:26,0
DA:27,0
DA:28,0
DA:32,5
DA:33,0
DA:34,0
DA:35,0
DA:36,0
DA:40,5
DA:41,0
DA:42,0
DA:43,0
DA:44,0
DA:48,5
DA:49,0
DA:50,0
DA:51,0
DA:52,0
DA:53,0
DA:54,0
DA:58,5
DA:59,0
DA:60,0
DA:61,0
DA:62,0
DA:66,5
DA:67,0
DA:68,0
DA:69,0
DA:70,0
DA:74,5
DA:75,0
DA:76,0
DA:77,0
DA:78,0
DA:81,5
LF:51
LH:16
BRDA:17,0,0,0
BRDA:17,0,1,0
BRDA:18,1,0,0
BRDA:18,1,1,0
BRDA:27,2,0,0
BRDA:27,2,1,0
BRDA:34,3,0,0
BRDA:34,3,1,0
BRDA:42,4,0,0
BRDA:42,4,1,0
BRDA:50,5,0,0
BRDA:50,5,1,0
BRDA:52,6,0,0
BRDA:52,6,1,0
BRDA:60,7,0,0
BRDA:60,7,1,0
BRDA:68,8,0,0
BRDA:68,8,1,0
BRDA:76,9,0,0
BRDA:76,9,1,0
BRF:20
BRH:0
end_of_record
TN:
SF:src/modules/festival/festival.service.js
FN:20,todayStr
FN:28,daysUntil
FN:37,getUpcomingFestivals
FN:48,(anonymous_3)
FN:61,(anonymous_4)
FN:68,(anonymous_5)
FN:75,getOutletContext
FN:93,detectFestivals
FN:105,(anonymous_8)
FN:109,(anonymous_9)
FN:127,saveFestivalConfig
FN:135,(anonymous_11)
FN:172,toggleFestivalMode
FN:201,getActiveFestivalMode
FN:210,(anonymous_14)
FN:224,listConfigs
FN:235,deleteConfig
FN:250,getMenuSuggestions
FN:253,(anonymous_18)
FN:267,(anonymous_19)
FN:270,(anonymous_20)
FN:272,fuzzMatch
FN:275,(anonymous_22)
FN:276,(anonymous_23)
FN:279,(anonymous_24)
FN:281,(anonymous_25)
FN:285,(anonymous_26)
FN:289,(anonymous_27)
FN:297,(anonymous_28)
FN:297,(anonymous_29)
FN:316,getMasterCalendar
FN:320,(anonymous_31)
FNF:32
FNH:0
FNDA:0,todayStr
FNDA:0,daysUntil
FNDA:0,getUpcomingFestivals
FNDA:0,(anonymous_3)
FNDA:0,(anonymous_4)
FNDA:0,(anonymous_5)
FNDA:0,getOutletContext
FNDA:0,detectFestivals
FNDA:0,(anonymous_8)
FNDA:0,(anonymous_9)
FNDA:0,saveFestivalConfig
FNDA:0,(anonymous_11)
FNDA:0,toggleFestivalMode
FNDA:0,getActiveFestivalMode
FNDA:0,(anonymous_14)
FNDA:0,listConfigs
FNDA:0,deleteConfig
FNDA:0,getMenuSuggestions
FNDA:0,(anonymous_18)
FNDA:0,(anonymous_19)
FNDA:0,(anonymous_20)
FNDA:0,fuzzMatch
FNDA:0,(anonymous_22)
FNDA:0,(anonymous_23)
FNDA:0,(anonymous_24)
FNDA:0,(anonymous_25)
FNDA:0,(anonymous_26)
FNDA:0,(anonymous_27)
FNDA:0,(anonymous_28)
FNDA:0,(anonymous_29)
FNDA:0,getMasterCalendar
FNDA:0,(anonymous_31)
DA:8,5
DA:9,5
DA:10,5
DA:11,5
DA:21,0
DA:22,0
DA:29,0
DA:30,0
DA:31,0
DA:38,0
DA:39,0
DA:42,0
DA:47,0
DA:50,0
DA:52,0
DA:55,0
DA:57,0
DA:58,0
DA:59,0
DA:61,0
DA:68,0
DA:76,0
DA:77,0
DA:81,0
DA:82,0
DA:94,0
DA:95,0
DA:96,0
DA:98,0
DA:101,0
DA:102,0
DA:105,0
DA:107,0
DA:109,0
DA:128,0
DA:129,0
DA:130,0
DA:131,0
DA:134,0
DA:135,0
DA:136,0
DA:138,0
DA:142,0
DA:159,0
DA:160,0
DA:162,0
DA:165,0
DA:166,0
DA:173,0
DA:174,0
DA:177,0
DA:179,0
DA:181,0
DA:183,0
DA:189,0
DA:194,0
DA:195,0
DA:202,0
DA:203,0
DA:206,0
DA:209,0
DA:210,0
DA:212,0
DA:225,0
DA:226,0
DA:236,0
DA:237,0
DA:238,0
DA:239,0
DA:240,0
DA:251,0
DA:252,0
DA:253,0
DA:254,0
DA:256,0
DA:267,0
DA:270,0
DA:273,0
DA:274,0
DA:275,0
DA:276,0
DA:279,0
DA:280,0
DA:281,0
DA:282,0
DA:285,0
DA:286,0
DA:289,0
DA:292,0
DA:294,0
DA:297,0
DA:298,0
DA:300,0
DA:317,0
DA:318,0
DA:319,0
DA:320,0
DA:323,5
LF:98
LH:5
BRDA:21,0,0,0
BRDA:21,0,1,0
BRDA:37,1,0,0
BRDA:50,2,0,0
BRDA:50,2,1,0
BRDA:50,3,0,0
BRDA:50,3,1,0
BRDA:52,4,0,0
BRDA:52,4,1,0
BRDA:52,4,2,0
BRDA:55,5,0,0
BRDA:55,5,1,0
BRDA:59,6,0,0
BRDA:59,6,1,0
BRDA:65,7,0,0
BRDA:65,7,1,0
BRDA:66,8,0,0
BRDA:66,8,1,0
BRDA:66,9,0,0
BRDA:66,9,1,0
BRDA:81,10,0,0
BRDA:81,10,1,0
BRDA:93,11,0,0
BRDA:95,12,0,0
BRDA:95,12,1,0
BRDA:96,13,0,0
BRDA:96,13,1,0
BRDA:111,14,0,0
BRDA:111,14,1,0
BRDA:114,15,0,0
BRDA:114,15,1,0
BRDA:130,16,0,0
BRDA:130,16,1,0
BRDA:131,17,0,0
BRDA:131,17,1,0
BRDA:136,18,0,0
BRDA:136,18,1,0
BRDA:145,19,0,0
BRDA:145,19,1,0
BRDA:148,20,0,0
BRDA:148,20,1,0
BRDA:149,21,0,0
BRDA:149,21,1,0
BRDA:150,22,0,0
BRDA:150,22,1,0
BRDA:151,23,0,0
BRDA:151,23,1,0
BRDA:151,23,2,0
BRDA:152,24,0,0
BRDA:152,24,1,0
BRDA:153,25,0,0
BRDA:153,25,1,0
BRDA:154,26,0,0
BRDA:154,26,1,0
BRDA:155,27,0,0
BRDA:155,27,1,0
BRDA:155,27,2,0
BRDA:159,28,0,0
BRDA:159,28,1,0
BRDA:177,29,0,0
BRDA:177,29,1,0
BRDA:181,30,0,0
BRDA:181,30,1,0
BRDA:206,31,0,0
BRDA:206,31,1,0
BRDA:214,32,0,0
BRDA:214,32,1,0
BRDA:215,33,0,0
BRDA:215,33,1,0
BRDA:216,34,0,0
BRDA:216,34,1,0
BRDA:217,35,0,0
BRDA:217,35,1,0
BRDA:238,36,0,0
BRDA:238,36,1,0
BRDA:254,37,0,0
BRDA:254,37,1,0
BRDA:270,38,0,0
BRDA:270,38,1,0
BRDA:274,39,0,0
BRDA:274,39,1,0
BRDA:274,39,2,0
BRDA:274,39,3,0
BRDA:281,40,0,0
BRDA:281,40,1,0
BRDA:282,41,0,0
BRDA:282,41,1,0
BRDA:286,42,0,0
BRDA:286,42,1,0
BRDA:289,43,0,0
BRDA:289,43,1,0
BRDA:292,44,0,0
BRDA:292,44,1,0
BRDA:317,45,0,0
BRDA:317,45,1,0
BRDA:319,46,0,0
BRDA:319,46,1,0
BRDA:320,47,0,0
BRDA:320,47,1,0
BRF:99
BRH:0
end_of_record
TN:
SF:src/modules/festival/festival.validation.js
FNF:0
FNH:0
DA:6,5
DA:9,5
DA:23,5
DA:27,5
LF:4
LH:4
BRF:0
BRH:0
end_of_record
TN:
SF:src/modules/fraud/fraud.routes.js
FN:23,(anonymous_0)
FN:32,(anonymous_1)
FN:48,(anonymous_2)
FN:56,(anonymous_3)
FN:64,(anonymous_4)
FN:72,(anonymous_5)
FN:80,(anonymous_6)
FN:88,(anonymous_7)
FN:96,(anonymous_8)
FN:104,(anonymous_9)
FNF:10
FNH:0
FNDA:0,(anonymous_0)
FNDA:0,(anonymous_1)
FNDA:0,(anonymous_2)
FNDA:0,(anonymous_3)
FNDA:0,(anonymous_4)
FNDA:0,(anonymous_5)
FNDA:0,(anonymous_6)
FNDA:0,(anonymous_7)
FNDA:0,(anonymous_8)
FNDA:0,(anonymous_9)
DA:6,5
DA:7,5
DA:8,5
DA:9,5
DA:10,5
DA:11,5
DA:20,5
DA:23,5
DA:24,0
DA:25,0
DA:26,0
DA:27,0
DA:28,0
DA:32,5
DA:33,0
DA:34,0
DA:35,0
DA:43,0
DA:44,0
DA:48,5
DA:49,0
DA:50,0
DA:51,0
DA:52,0
DA:56,5
DA:57,0
DA:58,0
DA:59,0
DA:60,0
DA:64,5
DA:65,0
DA:66,0
DA:67,0
DA:68,0
DA:72,5
DA:73,0
DA:74,0
DA:75,0
DA:76,0
DA:80,5
DA:81,0
DA:82,0
DA:83,0
DA:84,0
DA:88,5
DA:89,0
DA:90,0
DA:91,0
DA:92,0
DA:96,5
DA:97,0
DA:98,0
DA:99,0
DA:100,0
DA:104,5
DA:105,0
DA:106,0
DA:107,0
DA:108,0
DA:111,5
LF:60
LH:18
BRDA:25,0,0,0
BRDA:25,0,1,0
BRDA:26,1,0,0
BRDA:26,1,1,0
BRDA:34,2,0,0
BRDA:34,2,1,0
BRDA:36,3,0,0
BRDA:36,3,1,0
BRDA:37,4,0,0
BRDA:37,4,1,0
BRDA:38,5,0,0
BRDA:38,5,1,0
BRDA:39,6,0,0
BRDA:39,6,1,0
BRDA:40,7,0,0
BRDA:40,7,1,0
BRDA:50,8,0,0
BRDA:50,8,1,0
BRDA:58,9,0,0
BRDA:58,9,1,0
BRDA:66,10,0,0
BRDA:66,10,1,0
BRDA:74,11,0,0
BRDA:74,11,1,0
BRDA:82,12,0,0
BRDA:82,12,1,0
BRDA:90,13,0,0
BRDA:90,13,1,0
BRDA:98,14,0,0
BRDA:98,14,1,0
BRDA:106,15,0,0
BRDA:106,15,1,0
BRF:32
BRH:0
end_of_record
TN:
SF:src/modules/fraud/fraud.service.js
FN:21,getTimezone
FN:49,severity
FN:59,hoursAgo
FN:65,shiftStart
FN:66,dayStart
FN:68,getStaffName
FN:74,batchGetStaffNames
FN:89,notifyOwnerWhatsApp
FN:129,(anonymous_8)
FN:168,saveAlert
FN:211,detectExcessiveCancellations
FN:227,(anonymous_11)
FN:227,(anonymous_12)
FN:262,detectKotWithoutBill
FN:290,(anonymous_14)
FN:304,(anonymous_15)
FN:315,detectDiscountAbuse
FN:346,(anonymous_17)
FN:378,detectVoidAbuse
FN:419,detectQuickCancels
FN:458,detectLateNightAnomaly
FN:487,(anonymous_21)
FN:509,detectRefundPattern
FN:549,runDetection
FN:566,(anonymous_24)
FN:576,getStaffRiskProfiles
FN:590,(anonymous_26)
FN:591,(anonymous_27)
FN:608,(anonymous_28)
FN:610,(anonymous_29)
FN:611,(anonymous_30)
FN:620,(anonymous_31)
FN:622,(anonymous_32)
FN:628,listAlerts
FN:650,markRead
FN:655,markAllRead
FN:660,dismissAlert
FN:665,resolveAlert
FN:673,approveAlert
FN:687,rejectAlert
FN:701,getAlertStats
FN:729,(anonymous_41)
FN:730,(anonymous_42)
FNF:43
FNH:0
FNDA:0,getTimezone
FNDA:0,severity
FNDA:0,hoursAgo
FNDA:0,shiftStart
FNDA:0,dayStart
FNDA:0,getStaffName
FNDA:0,batchGetStaffNames
FNDA:0,notifyOwnerWhatsApp
FNDA:0,(anonymous_8)
FNDA:0,saveAlert
FNDA:0,detectExcessiveCancellations
FNDA:0,(anonymous_11)
FNDA:0,(anonymous_12)
FNDA:0,detectKotWithoutBill
FNDA:0,(anonymous_14)
FNDA:0,(anonymous_15)
FNDA:0,detectDiscountAbuse
FNDA:0,(anonymous_17)
FNDA:0,detectVoidAbuse
FNDA:0,detectQuickCancels
FNDA:0,detectLateNightAnomaly
FNDA:0,(anonymous_21)
FNDA:0,detectRefundPattern
FNDA:0,runDetection
FNDA:0,(anonymous_24)
FNDA:0,getStaffRiskProfiles
FNDA:0,(anonymous_26)
FNDA:0,(anonymous_27)
FNDA:0,(anonymous_28)
FNDA:0,(anonymous_29)
FNDA:0,(anonymous_30)
FNDA:0,(anonymous_31)
FNDA:0,(anonymous_32)
FNDA:0,listAlerts
FNDA:0,markRead
FNDA:0,markAllRead
FNDA:0,dismissAlert
FNDA:0,resolveAlert
FNDA:0,approveAlert
FNDA:0,rejectAlert
FNDA:0,getAlertStats
FNDA:0,(anonymous_41)
FNDA:0,(anonymous_42)
DA:18,5
DA:19,5
DA:22,0
DA:28,5
DA:47,5
DA:50,0
DA:51,0
DA:52,0
DA:53,0
DA:60,0
DA:61,0
DA:62,0
DA:65,0
DA:66,0
DA:69,0
DA:70,0
DA:71,0
DA:75,0
DA:76,0
DA:77,0
DA:81,0
DA:82,0
DA:83,0
DA:90,0
DA:91,0
DA:93,0
DA:98,0
DA:104,0
DA:105,0
DA:106,0
DA:107,0
DA:110,0
DA:111,0
DA:125,0
DA:126,0
DA:128,0
DA:129,0
DA:130,0
DA:131,0
DA:132,0
DA:138,0
DA:142,0
DA:143,0
DA:144,0
DA:150,0
DA:158,0
DA:160,0
DA:161,0
DA:170,0
DA:179,0
DA:181,0
DA:195,0
DA:196,0
DA:197,0
DA:198,0
DA:205,0
DA:212,0
DA:215,0
DA:227,0
DA:228,0
DA:230,0
DA:231,0
DA:232,0
DA:233,0
DA:236,0
DA:240,0
DA:241,0
DA:243,0
DA:244,0
DA:246,0
DA:256,0
DA:263,0
DA:264,0
DA:267,0
DA:280,0
DA:281,0
DA:282,0
DA:283,0
DA:284,0
DA:285,0
DA:288,0
DA:289,0
DA:290,0
DA:291,0
DA:292,0
DA:294,0
DA:304,0
DA:309,0
DA:316,0
DA:318,0
DA:330,0
DA:331,0
DA:332,0
DA:333,0
DA:336,0
DA:337,0
DA:339,0
DA:343,0
DA:344,0
DA:346,0
DA:347,0
DA:348,0
DA:351,0
DA:353,0
DA:354,0
DA:356,0
DA:372,0
DA:379,0
DA:381,0
DA:394,0
DA:395,0
DA:396,0
DA:398,0
DA:399,0
DA:400,0
DA:401,0
DA:403,0
DA:413,0
DA:420,0
DA:421,0
DA:423,0
DA:436,0
DA:437,0
DA:438,0
DA:439,0
DA:440,0
DA:442,0
DA:452,0
DA:459,0
DA:460,0
DA:461,0
DA:464,0
DA:466,0
DA:477,0
DA:479,0
DA:480,0
DA:481,0
DA:482,0
DA:483,0
DA:486,0
DA:487,0
DA:488,0
DA:490,0
DA:491,0
DA:493,0
DA:503,0
DA:510,0
DA:512,0
DA:524,0
DA:525,0
DA:526,0
DA:528,0
DA:529,0
DA:530,0
DA:531,0
DA:533,0
DA:543,0
DA:550,0
DA:551,0
DA:553,0
DA:555,0
DA:565,0
DA:566,0
DA:569,0
DA:570,0
DA:577,0
DA:579,0
DA:589,0
DA:590,0
DA:591,0
DA:593,0
DA:601,0
DA:602,0
DA:603,0
DA:604,0
DA:605,0
DA:608,0
DA:609,0
DA:610,0
DA:611,0
DA:612,0
DA:614,0
DA:620,0
DA:622,0
DA:629,0
DA:630,0
DA:631,0
DA:632,0
DA:633,0
DA:634,0
DA:636,0
DA:647,0
DA:651,0
DA:652,0
DA:656,0
DA:657,0
DA:661,0
DA:662,0
DA:666,0
DA:667,0
DA:674,0
DA:675,0
DA:681,0
DA:688,0
DA:689,0
DA:695,0
DA:702,0
DA:703,0
DA:726,0
DA:729,0
DA:730,0
DA:735,5
LF:212
LH:5
BRDA:22,0,0,0
BRDA:22,0,1,0
BRDA:50,1,0,0
BRDA:50,1,1,0
BRDA:51,2,0,0
BRDA:51,2,1,0
BRDA:52,3,0,0
BRDA:52,3,1,0
BRDA:69,4,0,0
BRDA:69,4,1,0
BRDA:71,5,0,0
BRDA:71,5,1,0
BRDA:76,6,0,0
BRDA:76,6,1,0
BRDA:82,7,0,0
BRDA:82,7,1,0
BRDA:105,8,0,0
BRDA:105,8,1,0
BRDA:110,9,0,0
BRDA:110,9,1,0
BRDA:119,10,0,0
BRDA:119,10,1,0
BRDA:128,11,0,0
BRDA:128,11,1,0
BRDA:128,12,0,0
BRDA:128,12,1,0
BRDA:130,13,0,0
BRDA:130,13,1,0
BRDA:134,14,0,0
BRDA:134,14,1,0
BRDA:134,15,0,0
BRDA:134,15,1,0
BRDA:142,16,0,0
BRDA:142,16,1,0
BRDA:173,17,0,0
BRDA:173,17,1,0
BRDA:179,18,0,0
BRDA:179,18,1,0
BRDA:184,19,0,0
BRDA:184,19,1,0
BRDA:189,20,0,0
BRDA:189,20,1,0
BRDA:195,21,0,0
BRDA:195,21,1,0
BRDA:197,22,0,0
BRDA:197,22,1,0
BRDA:233,23,0,0
BRDA:233,23,1,0
BRDA:240,24,0,0
BRDA:240,24,1,0
BRDA:241,25,0,0
BRDA:241,25,1,0
BRDA:241,26,0,0
BRDA:241,26,1,0
BRDA:244,27,0,0
BRDA:244,27,1,0
BRDA:282,28,0,0
BRDA:282,28,1,0
BRDA:282,29,0,0
BRDA:282,29,1,0
BRDA:282,29,2,0
BRDA:283,30,0,0
BRDA:283,30,1,0
BRDA:284,31,0,0
BRDA:284,31,1,0
BRDA:289,32,0,0
BRDA:289,32,1,0
BRDA:290,33,0,0
BRDA:290,33,1,0
BRDA:292,34,0,0
BRDA:292,34,1,0
BRDA:294,35,0,0
BRDA:294,35,1,0
BRDA:332,36,0,0
BRDA:332,36,1,0
BRDA:337,37,0,0
BRDA:337,37,1,0
BRDA:343,38,0,0
BRDA:343,38,1,0
BRDA:344,39,0,0
BRDA:344,39,1,0
BRDA:347,40,0,0
BRDA:347,40,1,0
BRDA:351,41,0,0
BRDA:351,41,1,0
BRDA:396,42,0,0
BRDA:396,42,1,0
BRDA:399,43,0,0
BRDA:399,43,1,0
BRDA:464,44,0,0
BRDA:464,44,1,0
BRDA:464,45,0,0
BRDA:464,45,1,0
BRDA:477,46,0,0
BRDA:477,46,1,0
BRDA:481,47,0,0
BRDA:481,47,1,0
BRDA:482,48,0,0
BRDA:482,48,1,0
BRDA:488,49,0,0
BRDA:488,49,1,0
BRDA:491,50,0,0
BRDA:491,50,1,0
BRDA:493,51,0,0
BRDA:493,51,1,0
BRDA:526,52,0,0
BRDA:526,52,1,0
BRDA:529,53,0,0
BRDA:529,53,1,0
BRDA:549,54,0,0
BRDA:566,55,0,0
BRDA:566,55,1,0
BRDA:603,56,0,0
BRDA:603,56,1,0
BRDA:604,57,0,0
BRDA:604,57,1,0
BRDA:609,58,0,0
BRDA:609,58,1,0
BRDA:610,59,0,0
BRDA:610,59,1,0
BRDA:612,60,0,0
BRDA:612,60,1,0
BRDA:612,61,0,0
BRDA:612,61,1,0
BRDA:612,62,0,0
BRDA:612,62,1,0
BRDA:628,63,0,0
BRDA:628,64,0,0
BRDA:628,65,0,0
BRDA:631,66,0,0
BRDA:631,66,1,0
BRDA:632,67,0,0
BRDA:632,67,1,0
BRDA:633,68,0,0
BRDA:633,68,1,0
BRDA:634,69,0,0
BRDA:634,69,1,0
BRDA:669,70,0,0
BRDA:669,70,1,0
BRDA:678,71,0,0
BRDA:678,71,1,0
BRDA:692,72,0,0
BRDA:692,72,1,0
BRF:143
BRH:0
end_of_record
TN:
SF:src/modules/fraud/fraud.validation.js
FNF:0
FNH:0
DA:6,5
DA:11,5
DA:19,5
DA:26,5
DA:33,5
DA:40,5
DA:48,5
DA:56,5
DA:61,5
LF:9
LH:9
BRF:0
BRH:0
end_of_record
TN:
SF:src/modules/headoffice/billing.service.js
FN:18,(anonymous_0)
FN:40,generateInvoice
FNF:2
FNH:0
FNDA:0,(anonymous_0)
FNDA:0,generateInvoice
DA:7,5
DA:8,5
DA:9,5
DA:10,5
DA:11,5
DA:12,5
DA:18,5
DA:19,0
DA:20,0
DA:21,0
DA:22,0
DA:27,0
DA:28,0
DA:30,0
DA:32,0
DA:41,0
DA:45,0
DA:47,0
DA:49,0
DA:112,0
DA:113,0
DA:115,0
DA:116,0
DA:119,0
DA:120,0
DA:122,0
DA:125,5
LF:27
LH:8
BRDA:115,0,0,0
BRDA:115,0,1,0
BRF:2
BRH:0
end_of_record
TN:
SF:src/modules/headoffice/headoffice.routes.js
FN:32,(anonymous_0)
FN:40,(anonymous_1)
FN:48,(anonymous_2)
FN:56,(anonymous_3)
FN:64,(anonymous_4)
FN:73,(anonymous_5)
FN:81,(anonymous_6)
FN:99,(anonymous_7)
FN:107,(anonymous_8)
FN:120,(anonymous_9)
FN:148,(anonymous_10)
FN:174,(anonymous_11)
FN:189,(anonymous_12)
FN:196,(anonymous_13)
FN:215,(anonymous_14)
FN:231,(anonymous_15)
FN:265,(anonymous_16)
FN:266,(anonymous_17)
FNF:18
FNH:0
FNDA:0,(anonymous_0)
FNDA:0,(anonymous_1)
FNDA:0,(anonymous_2)
FNDA:0,(anonymous_3)
FNDA:0,(anonymous_4)
FNDA:0,(anonymous_5)
FNDA:0,(anonymous_6)
FNDA:0,(anonymous_7)
FNDA:0,(anonymous_8)
FNDA:0,(anonymous_9)
FNDA:0,(anonymous_10)
FNDA:0,(anonymous_11)
FNDA:0,(anonymous_12)
FNDA:0,(anonymous_13)
FNDA:0,(anonymous_14)
FNDA:0,(anonymous_15)
FNDA:0,(anonymous_16)
FNDA:0,(anonymous_17)
DA:6,5
DA:7,5
DA:8,5
DA:9,5
DA:10,5
DA:11,5
DA:12,5
DA:13,5
DA:14,5
DA:21,5
DA:26,5
DA:32,5
DA:33,0
DA:34,0
DA:35,0
DA:36,0
DA:40,5
DA:41,0
DA:42,0
DA:43,0
DA:44,0
DA:48,5
DA:49,0
DA:50,0
DA:51,0
DA:52,0
DA:56,5
DA:57,0
DA:58,0
DA:59,0
DA:60,0
DA:64,5
DA:65,0
DA:66,0
DA:67,0
DA:68,0
DA:69,0
DA:73,5
DA:74,0
DA:75,0
DA:76,0
DA:77,0
DA:81,5
DA:82,0
DA:83,0
DA:84,0
DA:86,0
DA:87,0
DA:92,0
DA:94,0
DA:99,5
DA:100,0
DA:101,0
DA:102,0
DA:103,0
DA:107,5
DA:108,0
DA:109,0
DA:110,0
DA:111,0
DA:115,0
DA:116,0
DA:120,5
DA:121,0
DA:122,0
DA:123,0
DA:124,0
DA:136,0
DA:141,0
DA:142,0
DA:148,5
DA:149,0
DA:150,0
DA:151,0
DA:152,0
DA:154,0
DA:156,0
DA:157,0
DA:159,0
DA:162,0
DA:166,0
DA:167,0
DA:173,0
DA:174,0
DA:175,0
DA:182,0
DA:183,0
DA:189,5
DA:190,0
DA:191,0
DA:192,0
DA:193,0
DA:195,0
DA:196,0
DA:197,0
DA:198,0
DA:199,0
DA:206,0
DA:207,0
DA:208,0
DA:215,5
DA:216,0
DA:217,0
DA:218,0
DA:219,0
DA:220,0
DA:221,0
DA:222,0
DA:223,0
DA:224,0
DA:231,5
DA:232,0
DA:233,0
DA:234,0
DA:235,0
DA:236,0
DA:238,0
DA:245,0
DA:247,0
DA:248,0
DA:255,0
DA:265,0
DA:266,0
DA:268,0
DA:271,5
LF:125
LH:26
BRDA:87,0,0,0
BRDA:87,0,1,0
BRDA:88,1,0,0
BRDA:88,1,1,0
BRDA:88,1,2,0
BRDA:151,2,0,0
BRDA:151,2,1,0
BRDA:151,2,2,0
BRDA:152,3,0,0
BRDA:152,3,1,0
BRDA:157,4,0,0
BRDA:157,4,1,0
BRDA:166,5,0,0
BRDA:166,5,1,0
BRDA:166,6,0,0
BRDA:166,6,1,0
BRDA:175,7,0,0
BRDA:175,7,1,0
BRDA:177,8,0,0
BRDA:177,8,1,0
BRDA:192,9,0,0
BRDA:192,9,1,0
BRDA:192,9,2,0
BRDA:193,10,0,0
BRDA:193,10,1,0
BRDA:198,11,0,0
BRDA:198,11,1,0
BRDA:198,12,0,0
BRDA:198,12,1,0
BRDA:219,13,0,0
BRDA:219,13,1,0
BRDA:222,14,0,0
BRDA:222,14,1,0
BRDA:236,15,0,0
BRDA:236,15,1,0
BRDA:245,16,0,0
BRDA:245,16,1,0
BRDA:257,17,0,0
BRDA:257,17,1,0
BRDA:258,18,0,0
BRDA:258,18,1,0
BRDA:265,19,0,0
BRDA:265,19,1,0
BRDA:265,20,0,0
BRDA:265,20,1,0
BRF:45
BRH:0
end_of_record
TN:
SF:src/modules/headoffice/headoffice.service.js
FN:15,listOutlets
FN:23,(anonymous_1)
FN:34,(anonymous_2)
FN:46,(anonymous_3)
FN:80,getEnterpriseDashboard
FN:144,getOutletComparison
FN:150,(anonymous_6)
FN:176,(anonymous_7)
FN:190,syncMenu
FN:211,(anonymous_9)
FN:274,createIndent
FN:283,(anonymous_11)
FN:305,registerRestaurant
FN:335,(anonymous_13)
FN:417,listAllChains
FN:433,getOutletById
FN:447,(anonymous_16)
FN:448,(anonymous_17)
FN:449,(anonymous_18)
FN:454,(anonymous_19)
FN:457,(anonymous_20)
FN:493,(anonymous_21)
FNF:22
FNH:0
FNDA:0,listOutlets
FNDA:0,(anonymous_1)
FNDA:0,(anonymous_2)
FNDA:0,(anonymous_3)
FNDA:0,getEnterpriseDashboard
FNDA:0,getOutletComparison
FNDA:0,(anonymous_6)
FNDA:0,(anonymous_7)
FNDA:0,syncMenu
FNDA:0,(anonymous_9)
FNDA:0,createIndent
FNDA:0,(anonymous_11)
FNDA:0,registerRestaurant
FNDA:0,(anonymous_13)
FNDA:0,listAllChains
FNDA:0,getOutletById
FNDA:0,(anonymous_16)
FNDA:0,(anonymous_17)
FNDA:0,(anonymous_18)
FNDA:0,(anonymous_19)
FNDA:0,(anonymous_20)
FNDA:0,(anonymous_21)
DA:6,5
DA:7,5
DA:8,5
DA:16,0
DA:17,0
DA:18,0
DA:23,0
DA:24,0
DA:28,0
DA:29,0
DA:34,0
DA:35,0
DA:40,0
DA:41,0
DA:42,0
DA:43,0
DA:45,0
DA:47,0
DA:60,0
DA:69,0
DA:71,0
DA:72,0
DA:81,0
DA:82,0
DA:83,0
DA:84,0
DA:85,0
DA:86,0
DA:87,0
DA:88,0
DA:94,0
DA:103,0
DA:111,0
DA:112,0
DA:113,0
DA:114,0
DA:117,0
DA:118,0
DA:120,0
DA:133,0
DA:134,0
DA:145,0
DA:146,0
DA:147,0
DA:149,0
DA:151,0
DA:161,0
DA:176,0
DA:178,0
DA:179,0
DA:191,0
DA:192,0
DA:194,0
DA:195,0
DA:201,0
DA:202,0
DA:206,0
DA:207,0
DA:211,0
DA:215,0
DA:217,0
DA:218,0
DA:219,0
DA:223,0
DA:224,0
DA:225,0
DA:231,0
DA:235,0
DA:236,0
DA:241,0
DA:251,0
DA:254,0
DA:255,0
DA:261,0
DA:262,0
DA:264,0
DA:265,0
DA:275,0
DA:276,0
DA:277,0
DA:283,0
DA:292,0
DA:294,0
DA:295,0
DA:306,0
DA:307,0
DA:309,0
DA:311,0
DA:312,0
DA:313,0
DA:314,0
DA:316,0
DA:321,0
DA:322,0
DA:323,0
DA:325,0
DA:326,0
DA:327,0
DA:330,0
DA:331,0
DA:335,0
DA:337,0
DA:352,0
DA:363,0
DA:373,0
DA:374,0
DA:389,0
DA:398,0
DA:401,0
DA:402,0
DA:405,0
DA:406,0
DA:407,0
DA:408,0
DA:409,0
DA:410,0
DA:412,0
DA:413,0
DA:418,0
DA:419,0
DA:434,0
DA:435,0
DA:436,0
DA:444,0
DA:447,0
DA:448,0
DA:449,0
DA:452,0
DA:454,0
DA:457,0
DA:458,0
DA:459,0
DA:460,0
DA:461,0
DA:462,0
DA:463,0
DA:464,0
DA:467,0
DA:494,0
DA:499,0
DA:503,0
DA:504,0
DA:505,0
DA:509,5
LF:144
LH:4
BRDA:28,0,0,0
BRDA:28,0,1,0
BRDA:63,1,0,0
BRDA:63,1,1,0
BRDA:112,2,0,0
BRDA:112,2,1,0
BRDA:114,3,0,0
BRDA:114,3,1,0
BRDA:117,4,0,0
BRDA:117,4,1,0
BRDA:118,5,0,0
BRDA:118,5,1,0
BRDA:125,6,0,0
BRDA:125,6,1,0
BRDA:166,7,0,0
BRDA:166,7,1,0
BRDA:167,8,0,0
BRDA:167,8,1,0
BRDA:168,9,0,0
BRDA:168,9,1,0
BRDA:169,10,0,0
BRDA:169,10,1,0
BRDA:170,11,0,0
BRDA:170,11,1,0
BRDA:190,12,0,0
BRDA:201,13,0,0
BRDA:201,13,1,0
BRDA:201,14,0,0
BRDA:201,14,1,0
BRDA:206,15,0,0
BRDA:206,15,1,0
BRDA:223,16,0,0
BRDA:223,16,1,0
BRDA:224,17,0,0
BRDA:224,17,1,0
BRDA:235,18,0,0
BRDA:235,18,1,0
BRDA:254,19,0,0
BRDA:254,19,1,0
BRDA:311,20,0,0
BRDA:311,20,1,0
BRDA:312,21,0,0
BRDA:312,21,1,0
BRDA:313,22,0,0
BRDA:313,22,1,0
BRDA:314,23,0,0
BRDA:314,23,1,0
BRDA:321,24,0,0
BRDA:321,24,1,0
BRDA:322,25,0,0
BRDA:322,25,1,0
BRDA:323,26,0,0
BRDA:323,26,1,0
BRDA:327,27,0,0
BRDA:327,27,1,0
BRDA:330,28,0,0
BRDA:330,28,1,0
BRDA:331,29,0,0
BRDA:331,29,1,0
BRDA:346,30,0,0
BRDA:346,30,1,0
BRDA:347,31,0,0
BRDA:347,31,1,0
BRDA:355,32,0,0
BRDA:355,32,1,0
BRDA:379,33,0,0
BRDA:379,33,1,0
BRDA:379,34,0,0
BRDA:379,34,1,0
BRDA:380,35,0,0
BRDA:380,35,1,0
BRDA:405,36,0,0
BRDA:405,36,1,0
BRDA:406,37,0,0
BRDA:406,37,1,0
BRDA:407,38,0,0
BRDA:407,38,1,0
BRDA:408,39,0,0
BRDA:408,39,1,0
BRDA:409,40,0,0
BRDA:409,40,1,0
BRDA:444,41,0,0
BRDA:444,41,1,0
BRDA:454,42,0,0
BRDA:454,42,1,0
BRDA:458,43,0,0
BRDA:458,43,1,0
BRDA:462,44,0,0
BRDA:462,44,1,0
BRDA:463,45,0,0
BRDA:463,45,1,0
BRDA:486,46,0,0
BRDA:486,46,1,0
BRDA:487,47,0,0
BRDA:487,47,1,0
BRDA:488,48,0,0
BRDA:488,48,1,0
BRDA:494,49,0,0
BRDA:494,49,1,0
BRDA:496,50,0,0
BRDA:496,50,1,0
BRDA:503,51,0,0
BRDA:503,51,1,0
BRF:103
BRH:0
end_of_record
TN:
SF:src/modules/headoffice/headoffice.validation.js
FNF:0
FNH:0
DA:6,5
DA:11,5
DA:20,5
DA:34,5
DA:51,5
DA:60,5
DA:67,5
LF:7
LH:7
BRF:0
BRH:0
end_of_record
TN:
SF:src/modules/integrations/aggregator.routes.js
FN:30,(anonymous_0)
FN:31,(anonymous_1)
FN:38,(anonymous_2)
FN:47,(anonymous_3)
FN:70,(anonymous_4)
FN:79,(anonymous_5)
FN:88,(anonymous_6)
FN:92,(anonymous_7)
FN:102,(anonymous_8)
FN:113,(anonymous_9)
FN:128,(anonymous_10)
FN:167,(anonymous_11)
FN:180,(anonymous_12)
FN:189,(anonymous_13)
FN:198,(anonymous_14)
FN:207,(anonymous_15)
FN:215,(anonymous_16)
FN:223,(anonymous_17)
FN:235,(anonymous_18)
FNF:19
FNH:0
FNDA:0,(anonymous_0)
FNDA:0,(anonymous_1)
FNDA:0,(anonymous_2)
FNDA:0,(anonymous_3)
FNDA:0,(anonymous_4)
FNDA:0,(anonymous_5)
FNDA:0,(anonymous_6)
FNDA:0,(anonymous_7)
FNDA:0,(anonymous_8)
FNDA:0,(anonymous_9)
FNDA:0,(anonymous_10)
FNDA:0,(anonymous_11)
FNDA:0,(anonymous_12)
FNDA:0,(anonymous_13)
FNDA:0,(anonymous_14)
FNDA:0,(anonymous_15)
FNDA:0,(anonymous_16)
FNDA:0,(anonymous_17)
FNDA:0,(anonymous_18)
DA:7,5
DA:8,5
DA:9,5
DA:10,5
DA:11,5
DA:12,5
DA:13,5
DA:21,5
DA:22,5
DA:23,5
DA:30,5
DA:31,0
DA:34,0
DA:38,5
DA:39,0
DA:40,0
DA:41,0
DA:42,0
DA:43,0
DA:47,5
DA:48,0
DA:49,0
DA:50,0
DA:51,0
DA:53,0
DA:54,0
DA:55,0
DA:56,0
DA:57,0
DA:59,0
DA:60,0
DA:61,0
DA:62,0
DA:70,5
DA:71,0
DA:72,0
DA:73,0
DA:74,0
DA:75,0
DA:79,5
DA:80,0
DA:81,0
DA:82,0
DA:83,0
DA:84,0
DA:88,5
DA:89,0
DA:90,0
DA:91,0
DA:92,0
DA:93,0
DA:94,0
DA:102,5
DA:103,0
DA:104,0
DA:105,0
DA:106,0
DA:107,0
DA:108,0
DA:109,0
DA:113,5
DA:114,0
DA:115,0
DA:116,0
DA:117,0
DA:118,0
DA:119,0
DA:120,0
DA:128,5
DA:129,0
DA:131,0
DA:132,0
DA:135,0
DA:136,0
DA:143,0
DA:144,0
DA:146,0
DA:147,0
DA:149,0
DA:152,0
DA:153,0
DA:155,0
DA:157,0
DA:158,0
DA:167,5
DA:168,0
DA:169,0
DA:170,0
DA:171,0
DA:172,0
DA:180,5
DA:181,0
DA:182,0
DA:183,0
DA:184,0
DA:185,0
DA:189,5
DA:190,0
DA:191,0
DA:192,0
DA:193,0
DA:194,0
DA:198,5
DA:199,0
DA:200,0
DA:201,0
DA:202,0
DA:203,0
DA:207,5
DA:208,0
DA:209,0
DA:210,0
DA:211,0
DA:215,5
DA:216,0
DA:217,0
DA:218,0
DA:219,0
DA:223,5
DA:224,0
DA:225,0
DA:226,0
DA:227,0
DA:235,5
DA:236,0
DA:237,0
DA:238,0
DA:239,0
DA:240,0
DA:243,5
LF:130
LH:28
BRDA:40,0,0,0
BRDA:40,0,1,0
BRDA:49,1,0,0
BRDA:49,1,1,0
BRDA:54,2,0,0
BRDA:54,2,1,0
BRDA:55,3,0,0
BRDA:55,3,1,0
BRDA:56,4,0,0
BRDA:56,4,1,0
BRDA:57,5,0,0
BRDA:57,5,1,0
BRDA:72,6,0,0
BRDA:72,6,1,0
BRDA:81,7,0,0
BRDA:81,7,1,0
BRDA:90,8,0,0
BRDA:90,8,1,0
BRDA:104,9,0,0
BRDA:104,9,1,0
BRDA:106,10,0,0
BRDA:106,10,1,0
BRDA:115,11,0,0
BRDA:115,11,1,0
BRDA:117,12,0,0
BRDA:117,12,1,0
BRDA:131,13,0,0
BRDA:131,13,1,0
BRDA:136,14,0,0
BRDA:136,14,1,0
BRDA:136,14,2,0
BRDA:136,14,3,0
BRDA:136,14,4,0
BRDA:136,14,5,0
BRDA:143,15,0,0
BRDA:143,15,1,0
BRDA:146,16,0,0
BRDA:146,16,1,0
BRDA:152,17,0,0
BRDA:152,17,1,0
BRDA:169,18,0,0
BRDA:169,18,1,0
BRDA:182,19,0,0
BRDA:182,19,1,0
BRDA:191,20,0,0
BRDA:191,20,1,0
BRDA:200,21,0,0
BRDA:200,21,1,0
BRDA:217,22,0,0
BRDA:217,22,1,0
BRDA:237,23,0,0
BRDA:237,23,1,0
BRF:52
BRH:0
end_of_record
TN:
SF:src/modules/integrations/aggregator.service.js
FN:57,getPlatformConfig
FN:70,setPlatformConfig
FN:72,(anonymous_2)
FN:82,getAllPlatformConfigs
FN:107,writeSyncLog
FN:118,getSyncLogs
FN:134,buildMenuPayload
FN:148,(anonymous_7)
FN:151,(anonymous_8)
FN:163,(anonymous_9)
FN:176,transformMenuForPlatform
FN:182,(anonymous_11)
FN:184,(anonymous_12)
FN:193,(anonymous_13)
FN:205,(anonymous_14)
FN:207,(anonymous_15)
FN:215,(anonymous_16)
FN:228,(anonymous_17)
FN:231,(anonymous_18)
FN:241,(anonymous_19)
FN:254,(anonymous_20)
FN:256,(anonymous_21)
FN:276,pushMenuToPlatform
FN:289,(anonymous_23)
FN:332,pushMenuToAllPlatforms
FN:353,setItemAvailability
FN:381,setItemAvailabilityAllPlatforms
FN:404,verifyWebhookSignature
FN:417,processIncomingOrder
FN:444,(anonymous_29)
FN:446,(anonymous_30)
FN:484,(anonymous_31)
FN:544,simulateIncomingOrder
FN:570,buildMockWebhookPayload
FN:597,acceptOnlineOrder
FN:602,(anonymous_35)
FN:619,rejectOnlineOrder
FN:624,(anonymous_37)
FN:636,markOrderReady
FN:641,(anonymous_39)
FN:653,syncStatusToAggregator
FN:662,getActiveOnlineOrders
FN:675,getOnlineOrderHistory
FN:695,getOnlineStats
FN:721,extractExternalOrderId
FN:731,extractOutletId
FN:741,extractItems
FN:743,(anonymous_47)
FN:752,extractCustomerName
FN:756,extractCustomerPhone
FN:760,extractDeliveryAddress
FN:774,processDoorDashOrder
FN:782,(anonymous_52)
FN:801,processMenulogOrder
FNF:54
FNH:0
FNDA:0,getPlatformConfig
FNDA:0,setPlatformConfig
FNDA:0,(anonymous_2)
FNDA:0,getAllPlatformConfigs
FNDA:0,writeSyncLog
FNDA:0,getSyncLogs
FNDA:0,buildMenuPayload
FNDA:0,(anonymous_7)
FNDA:0,(anonymous_8)
FNDA:0,(anonymous_9)
FNDA:0,transformMenuForPlatform
FNDA:0,(anonymous_11)
FNDA:0,(anonymous_12)
FNDA:0,(anonymous_13)
FNDA:0,(anonymous_14)
FNDA:0,(anonymous_15)
FNDA:0,(anonymous_16)
FNDA:0,(anonymous_17)
FNDA:0,(anonymous_18)
FNDA:0,(anonymous_19)
FNDA:0,(anonymous_20)
FNDA:0,(anonymous_21)
FNDA:0,pushMenuToPlatform
FNDA:0,(anonymous_23)
FNDA:0,pushMenuToAllPlatforms
FNDA:0,setItemAvailability
FNDA:0,setItemAvailabilityAllPlatforms
FNDA:0,verifyWebhookSignature
FNDA:0,processIncomingOrder
FNDA:0,(anonymous_29)
FNDA:0,(anonymous_30)
FNDA:0,(anonymous_31)
FNDA:0,simulateIncomingOrder
FNDA:0,buildMockWebhookPayload
FNDA:0,acceptOnlineOrder
FNDA:0,(anonymous_35)
FNDA:0,rejectOnlineOrder
FNDA:0,(anonymous_37)
FNDA:0,markOrderReady
FNDA:0,(anonymous_39)
FNDA:0,syncStatusToAggregator
FNDA:0,getActiveOnlineOrders
FNDA:0,getOnlineOrderHistory
FNDA:0,getOnlineStats
FNDA:0,extractExternalOrderId
FNDA:0,extractOutletId
FNDA:0,extractItems
FNDA:0,(anonymous_47)
FNDA:0,extractCustomerName
FNDA:0,extractCustomerPhone
FNDA:0,extractDeliveryAddress
FNDA:0,processDoorDashOrder
FNDA:0,(anonymous_52)
FNDA:0,processMenulogOrder
DA:7,5
DA:8,5
DA:9,5
DA:10,5
DA:11,5
DA:12,5
DA:15,5
DA:55,5
DA:58,0
DA:59,0
DA:62,0
DA:63,0
DA:64,0
DA:65,0
DA:67,0
DA:71,0
DA:72,0
DA:73,0
DA:79,0
DA:83,0
DA:84,0
DA:88,0
DA:89,0
DA:90,0
DA:93,0
DA:94,0
DA:95,0
DA:96,0
DA:97,0
DA:98,0
DA:99,0
DA:103,0
DA:108,0
DA:109,0
DA:110,0
DA:114,0
DA:119,0
DA:120,0
DA:121,0
DA:122,0
DA:135,0
DA:136,0
DA:148,0
DA:151,0
DA:163,0
DA:177,0
DA:179,0
DA:182,0
DA:184,0
DA:193,0
DA:201,0
DA:205,0
DA:207,0
DA:215,0
DA:224,0
DA:228,0
DA:231,0
DA:241,0
DA:252,0
DA:254,0
DA:256,0
DA:269,0
DA:277,0
DA:278,0
DA:280,0
DA:281,0
DA:282,0
DA:285,0
DA:286,0
DA:288,0
DA:289,0
DA:290,0
DA:293,0
DA:294,0
DA:295,0
DA:297,0
DA:298,0
DA:305,0
DA:306,0
DA:308,0
DA:309,0
DA:310,0
DA:314,0
DA:315,0
DA:319,0
DA:321,0
DA:324,0
DA:326,0
DA:333,0
DA:334,0
DA:336,0
DA:337,0
DA:338,0
DA:339,0
DA:340,0
DA:342,0
DA:347,0
DA:354,0
DA:355,0
DA:357,0
DA:358,0
DA:360,0
DA:362,0
DA:368,0
DA:372,0
DA:375,0
DA:382,0
DA:383,0
DA:385,0
DA:390,0
DA:391,0
DA:392,0
DA:393,0
DA:394,0
DA:396,0
DA:399,0
DA:405,0
DA:406,0
DA:407,0
DA:409,0
DA:410,0
DA:411,0
DA:413,0
DA:418,0
DA:419,0
DA:420,0
DA:421,0
DA:424,0
DA:427,0
DA:430,0
DA:431,0
DA:436,0
DA:437,0
DA:440,0
DA:441,0
DA:443,0
DA:444,0
DA:446,0
DA:448,0
DA:449,0
DA:451,0
DA:452,0
DA:453,0
DA:455,0
DA:456,0
DA:457,0
DA:458,0
DA:459,0
DA:460,0
DA:474,0
DA:475,0
DA:476,0
DA:477,0
DA:478,0
DA:481,0
DA:482,0
DA:484,0
DA:485,0
DA:509,0
DA:510,0
DA:512,0
DA:515,0
DA:522,0
DA:526,0
DA:527,0
DA:529,0
DA:530,0
DA:531,0
DA:536,0
DA:538,0
DA:539,0
DA:545,0
DA:548,0
DA:552,0
DA:553,0
DA:556,0
DA:558,0
DA:567,0
DA:571,0
DA:581,0
DA:583,0
DA:585,0
DA:587,0
DA:589,0
DA:591,0
DA:598,0
DA:599,0
DA:600,0
DA:602,0
DA:603,0
DA:604,0
DA:609,0
DA:610,0
DA:613,0
DA:614,0
DA:616,0
DA:620,0
DA:621,0
DA:622,0
DA:624,0
DA:625,0
DA:626,0
DA:629,0
DA:630,0
DA:633,0
DA:637,0
DA:638,0
DA:639,0
DA:641,0
DA:642,0
DA:643,0
DA:646,0
DA:647,0
DA:650,0
DA:654,0
DA:655,0
DA:656,0
DA:663,0
DA:664,0
DA:676,0
DA:677,0
DA:678,0
DA:680,0
DA:681,0
DA:682,0
DA:683,0
DA:689,0
DA:696,0
DA:697,0
DA:698,0
DA:702,0
DA:703,0
DA:704,0
DA:706,0
DA:707,0
DA:708,0
DA:709,0
DA:710,0
DA:711,0
DA:712,0
DA:713,0
DA:717,0
DA:722,0
DA:723,0
DA:724,0
DA:725,0
DA:726,0
DA:727,0
DA:732,0
DA:733,0
DA:734,0
DA:735,0
DA:736,0
DA:737,0
DA:742,0
DA:743,0
DA:753,0
DA:757,0
DA:761,0
DA:762,0
DA:763,0
DA:764,0
DA:775,0
DA:776,0
DA:777,0
DA:782,0
DA:802,0
DA:803,0
DA:815,5
LF:269
LH:9
BRDA:18,0,0,5
BRDA:18,0,1,5
BRDA:19,1,0,5
BRDA:19,1,1,5
BRDA:27,2,0,5
BRDA:27,2,1,5
BRDA:28,3,0,5
BRDA:28,3,1,5
BRDA:36,4,0,5
BRDA:36,4,1,5
BRDA:37,5,0,5
BRDA:37,5,1,5
BRDA:45,6,0,5
BRDA:45,6,1,5
BRDA:46,7,0,5
BRDA:46,7,1,5
BRDA:96,8,0,0
BRDA:96,8,1,0
BRDA:96,9,0,0
BRDA:96,9,1,0
BRDA:99,10,0,0
BRDA:99,10,1,0
BRDA:107,11,0,0
BRDA:107,12,0,0
BRDA:107,13,0,0
BRDA:107,14,0,0
BRDA:118,15,0,0
BRDA:118,16,0,0
BRDA:121,17,0,0
BRDA:121,17,1,0
BRDA:121,18,0,0
BRDA:121,18,1,0
BRDA:154,19,0,0
BRDA:154,19,1,0
BRDA:159,20,0,0
BRDA:159,20,1,0
BRDA:160,21,0,0
BRDA:160,21,1,0
BRDA:162,22,0,0
BRDA:162,22,1,0
BRDA:177,23,0,0
BRDA:177,23,1,0
BRDA:177,23,2,0
BRDA:177,23,3,0
BRDA:177,23,4,0
BRDA:189,24,0,0
BRDA:189,24,1,0
BRDA:212,25,0,0
BRDA:212,25,1,0
BRDA:213,26,0,0
BRDA:213,26,1,0
BRDA:238,27,0,0
BRDA:238,27,1,0
BRDA:262,28,0,0
BRDA:262,28,1,0
BRDA:278,29,0,0
BRDA:278,29,1,0
BRDA:281,30,0,0
BRDA:281,30,1,0
BRDA:281,31,0,0
BRDA:281,31,1,0
BRDA:286,32,0,0
BRDA:286,32,1,0
BRDA:297,33,0,0
BRDA:297,33,1,0
BRDA:324,34,0,0
BRDA:324,34,1,0
BRDA:337,35,0,0
BRDA:337,35,1,0
BRDA:355,36,0,0
BRDA:355,36,1,0
BRDA:358,37,0,0
BRDA:358,37,1,0
BRDA:358,38,0,0
BRDA:358,38,1,0
BRDA:368,39,0,0
BRDA:368,39,1,0
BRDA:392,40,0,0
BRDA:392,40,1,0
BRDA:406,41,0,0
BRDA:406,41,1,0
BRDA:406,42,0,0
BRDA:406,42,1,0
BRDA:411,43,0,0
BRDA:411,43,1,0
BRDA:427,44,0,0
BRDA:427,44,1,0
BRDA:436,45,0,0
BRDA:436,45,1,0
BRDA:457,46,0,0
BRDA:457,46,1,0
BRDA:461,47,0,0
BRDA:461,47,1,0
BRDA:466,48,0,0
BRDA:466,48,1,0
BRDA:467,49,0,0
BRDA:467,49,1,0
BRDA:468,50,0,0
BRDA:468,50,1,0
BRDA:505,51,0,0
BRDA:505,51,1,0
BRDA:530,52,0,0
BRDA:530,52,1,0
BRDA:544,53,0,0
BRDA:556,54,0,0
BRDA:556,54,1,0
BRDA:561,55,0,0
BRDA:561,55,1,0
BRDA:562,56,0,0
BRDA:562,56,1,0
BRDA:563,57,0,0
BRDA:563,57,1,0
BRDA:581,58,0,0
BRDA:581,58,1,0
BRDA:581,58,2,0
BRDA:581,58,3,0
BRDA:581,58,4,0
BRDA:600,59,0,0
BRDA:600,59,1,0
BRDA:609,60,0,0
BRDA:609,60,1,0
BRDA:609,61,0,0
BRDA:609,61,1,0
BRDA:614,62,0,0
BRDA:614,62,1,0
BRDA:622,63,0,0
BRDA:622,63,1,0
BRDA:629,64,0,0
BRDA:629,64,1,0
BRDA:629,65,0,0
BRDA:629,65,1,0
BRDA:639,66,0,0
BRDA:639,66,1,0
BRDA:646,67,0,0
BRDA:646,67,1,0
BRDA:646,68,0,0
BRDA:646,68,1,0
BRDA:655,69,0,0
BRDA:655,69,1,0
BRDA:680,70,0,0
BRDA:680,70,1,0
BRDA:680,71,0,0
BRDA:680,71,1,0
BRDA:681,72,0,0
BRDA:681,72,1,0
BRDA:681,73,0,0
BRDA:681,73,1,0
BRDA:682,74,0,0
BRDA:682,74,1,0
BRDA:682,75,0,0
BRDA:682,75,1,0
BRDA:683,76,0,0
BRDA:683,76,1,0
BRDA:709,77,0,0
BRDA:709,77,1,0
BRDA:709,78,0,0
BRDA:709,78,1,0
BRDA:710,79,0,0
BRDA:710,79,1,0
BRDA:713,80,0,0
BRDA:713,80,1,0
BRDA:722,81,0,0
BRDA:722,81,1,0
BRDA:722,81,2,0
BRDA:722,81,3,0
BRDA:722,81,4,0
BRDA:723,82,0,0
BRDA:723,82,1,0
BRDA:724,83,0,0
BRDA:724,83,1,0
BRDA:725,84,0,0
BRDA:725,84,1,0
BRDA:726,85,0,0
BRDA:726,85,1,0
BRDA:727,86,0,0
BRDA:727,86,1,0
BRDA:732,87,0,0
BRDA:732,87,1,0
BRDA:732,87,2,0
BRDA:732,87,3,0
BRDA:732,87,4,0
BRDA:733,88,0,0
BRDA:733,88,1,0
BRDA:734,89,0,0
BRDA:734,89,1,0
BRDA:735,90,0,0
BRDA:735,90,1,0
BRDA:736,91,0,0
BRDA:736,91,1,0
BRDA:737,92,0,0
BRDA:737,92,1,0
BRDA:742,93,0,0
BRDA:742,93,1,0
BRDA:742,93,2,0
BRDA:742,93,3,0
BRDA:744,94,0,0
BRDA:744,94,1,0
BRDA:744,94,2,0
BRDA:745,95,0,0
BRDA:745,95,1,0
BRDA:745,95,2,0
BRDA:746,96,0,0
BRDA:746,96,1,0
BRDA:746,96,2,0
BRDA:747,97,0,0
BRDA:747,97,1,0
BRDA:747,97,2,0
BRDA:748,98,0,0
BRDA:748,98,1,0
BRDA:748,98,2,0
BRDA:748,98,3,0
BRDA:753,99,0,0
BRDA:753,99,1,0
BRDA:753,99,2,0
BRDA:753,99,3,0
BRDA:757,100,0,0
BRDA:757,100,1,0
BRDA:757,100,2,0
BRDA:757,100,3,0
BRDA:761,101,0,0
BRDA:761,101,1,0
BRDA:761,101,2,0
BRDA:762,102,0,0
BRDA:762,102,1,0
BRDA:763,103,0,0
BRDA:763,103,1,0
BRDA:763,104,0,0
BRDA:763,104,1,0
BRDA:775,105,0,0
BRDA:775,106,0,0
BRDA:782,107,0,0
BRDA:782,107,1,0
BRDA:783,108,0,0
BRDA:783,108,1,0
BRDA:785,109,0,0
BRDA:785,109,1,0
BRDA:789,110,0,0
BRDA:789,110,1,0
BRDA:789,111,0,0
BRDA:789,111,1,0
BRDA:790,112,0,0
BRDA:790,112,1,0
BRDA:807,113,0,0
BRDA:807,113,1,0
BRDA:808,114,0,0
BRDA:808,114,1,0
BRDA:809,115,0,0
BRDA:809,115,1,0
BRDA:810,116,0,0
BRDA:810,116,1,0
BRF:250
BRH:16
end_of_record
TN:
SF:src/modules/integrations/aggregator.validation.js
FNF:0
FNH:0
DA:6,5
DA:9,5
DA:18,5
DA:23,5
DA:30,5
DA:37,5
DA:42,5
DA:46,5
LF:8
LH:8
BRF:0
BRH:0
end_of_record
TN:
SF:src/modules/integrations/au-integrations.routes.js
FN:24,getIntegrationKey
FN:26,saveIntegration
FN:35,getIntegration
FN:44,(anonymous_3)
FN:57,(anonymous_4)
FN:69,(anonymous_5)
FN:88,(anonymous_6)
FN:92,(anonymous_7)
FN:101,(anonymous_8)
FN:115,(anonymous_9)
FN:127,(anonymous_10)
FN:143,(anonymous_11)
FN:152,(anonymous_12)
FN:165,(anonymous_13)
FN:177,(anonymous_14)
FN:194,(anonymous_15)
FN:213,(anonymous_16)
FN:221,(anonymous_17)
FN:230,(anonymous_18)
FN:232,(anonymous_19)
FN:234,(anonymous_20)
FN:235,(anonymous_21)
FN:236,(anonymous_22)
FN:242,(anonymous_23)
FN:249,(anonymous_24)
FN:258,(anonymous_25)
FN:266,(anonymous_26)
FN:275,(anonymous_27)
FN:290,(anonymous_28)
FN:299,(anonymous_29)
FNF:30
FNH:0
FNDA:0,getIntegrationKey
FNDA:0,saveIntegration
FNDA:0,getIntegration
FNDA:0,(anonymous_3)
FNDA:0,(anonymous_4)
FNDA:0,(anonymous_5)
FNDA:0,(anonymous_6)
FNDA:0,(anonymous_7)
FNDA:0,(anonymous_8)
FNDA:0,(anonymous_9)
FNDA:0,(anonymous_10)
FNDA:0,(anonymous_11)
FNDA:0,(anonymous_12)
FNDA:0,(anonymous_13)
FNDA:0,(anonymous_14)
FNDA:0,(anonymous_15)
FNDA:0,(anonymous_16)
FNDA:0,(anonymous_17)
FNDA:0,(anonymous_18)
FNDA:0,(anonymous_19)
FNDA:0,(anonymous_20)
FNDA:0,(anonymous_21)
FNDA:0,(anonymous_22)
FNDA:0,(anonymous_23)
FNDA:0,(anonymous_24)
FNDA:0,(anonymous_25)
FNDA:0,(anonymous_26)
FNDA:0,(anonymous_27)
FNDA:0,(anonymous_28)
FNDA:0,(anonymous_29)
DA:4,5
DA:5,5
DA:6,5
DA:7,5
DA:19,5
DA:20,5
DA:21,5
DA:24,0
DA:27,0
DA:28,0
DA:36,0
DA:37,0
DA:40,0
DA:44,5
DA:45,0
DA:46,0
DA:47,0
DA:48,0
DA:54,0
DA:57,5
DA:58,0
DA:59,0
DA:60,0
DA:61,0
DA:65,0
DA:66,0
DA:69,5
DA:70,0
DA:71,0
DA:72,0
DA:74,0
DA:82,0
DA:83,0
DA:88,0
DA:89,0
DA:92,5
DA:93,0
DA:94,0
DA:95,0
DA:96,0
DA:97,0
DA:101,5
DA:102,0
DA:103,0
DA:104,0
DA:105,0
DA:112,0
DA:115,5
DA:116,0
DA:117,0
DA:118,0
DA:119,0
DA:123,0
DA:124,0
DA:127,5
DA:128,0
DA:129,0
DA:130,0
DA:132,0
DA:133,0
DA:134,0
DA:139,0
DA:140,0
DA:143,5
DA:144,0
DA:145,0
DA:146,0
DA:147,0
DA:148,0
DA:152,5
DA:153,0
DA:154,0
DA:155,0
DA:156,0
DA:162,0
DA:165,5
DA:166,0
DA:167,0
DA:168,0
DA:169,0
DA:173,0
DA:174,0
DA:177,5
DA:178,0
DA:179,0
DA:180,0
DA:181,0
DA:185,0
DA:186,0
DA:190,0
DA:191,0
DA:194,5
DA:195,0
DA:196,0
DA:197,0
DA:198,0
DA:199,0
DA:204,5
DA:213,5
DA:214,0
DA:215,0
DA:216,0
DA:217,0
DA:218,0
DA:221,5
DA:222,0
DA:223,0
DA:224,0
DA:225,0
DA:226,0
DA:227,0
DA:230,5
DA:231,0
DA:232,0
DA:233,0
DA:234,0
DA:235,0
DA:236,0
DA:238,0
DA:239,0
DA:242,5
DA:243,0
DA:244,0
DA:245,0
DA:246,0
DA:249,5
DA:250,0
DA:251,0
DA:252,0
DA:253,0
DA:254,0
DA:258,5
DA:259,0
DA:260,0
DA:261,0
DA:262,0
DA:263,0
DA:266,5
DA:267,0
DA:268,0
DA:269,0
DA:270,0
DA:271,0
DA:272,0
DA:275,5
DA:276,0
DA:277,0
DA:278,0
DA:279,0
DA:280,0
DA:284,0
DA:285,0
DA:286,0
DA:287,0
DA:290,5
DA:291,0
DA:292,0
DA:293,0
DA:294,0
DA:295,0
DA:299,5
DA:300,0
DA:301,0
DA:302,0
DA:309,0
DA:316,0
DA:319,5
LF:167
LH:31
BRDA:40,0,0,0
BRDA:40,0,1,0
BRDA:46,1,0,0
BRDA:46,1,1,0
BRDA:50,2,0,0
BRDA:50,2,1,0
BRDA:51,3,0,0
BRDA:51,3,1,0
BRDA:52,4,0,0
BRDA:52,4,1,0
BRDA:59,5,0,0
BRDA:59,5,1,0
BRDA:71,6,0,0
BRDA:71,6,1,0
BRDA:86,7,0,0
BRDA:86,7,1,0
BRDA:94,8,0,0
BRDA:94,8,1,0
BRDA:103,9,0,0
BRDA:103,9,1,0
BRDA:107,10,0,0
BRDA:107,10,1,0
BRDA:108,11,0,0
BRDA:108,11,1,0
BRDA:109,12,0,0
BRDA:109,12,1,0
BRDA:110,13,0,0
BRDA:110,13,1,0
BRDA:117,14,0,0
BRDA:117,14,1,0
BRDA:129,15,0,0
BRDA:129,15,1,0
BRDA:137,16,0,0
BRDA:137,16,1,0
BRDA:145,17,0,0
BRDA:145,17,1,0
BRDA:154,18,0,0
BRDA:154,18,1,0
BRDA:158,19,0,0
BRDA:158,19,1,0
BRDA:159,20,0,0
BRDA:159,20,1,0
BRDA:160,21,0,0
BRDA:160,21,1,0
BRDA:167,22,0,0
BRDA:167,22,1,0
BRDA:179,23,0,0
BRDA:179,23,1,0
BRDA:181,24,0,0
BRDA:181,24,1,0
BRDA:188,25,0,0
BRDA:188,25,1,0
BRDA:196,26,0,0
BRDA:196,26,1,0
BRDA:215,27,0,0
BRDA:215,27,1,0
BRDA:217,28,0,0
BRDA:217,28,1,0
BRDA:217,29,0,0
BRDA:217,29,1,0
BRDA:223,30,0,0
BRDA:223,30,1,0
BRDA:251,31,0,0
BRDA:251,31,1,0
BRDA:260,32,0,0
BRDA:260,32,1,0
BRDA:262,33,0,0
BRDA:262,33,1,0
BRDA:262,34,0,0
BRDA:262,34,1,0
BRDA:262,35,0,0
BRDA:262,35,1,0
BRDA:268,36,0,0
BRDA:268,36,1,0
BRDA:277,37,0,0
BRDA:277,37,1,0
BRDA:279,38,0,0
BRDA:279,38,1,0
BRDA:285,39,0,0
BRDA:285,39,1,0
BRDA:292,40,0,0
BRDA:292,40,1,0
BRDA:301,41,0,0
BRDA:301,41,1,0
BRF:84
BRH:0
end_of_record
TN:
SF:src/modules/integrations/au-integrations.validation.js
FNF:0
FNH:0
DA:6,5
DA:9,5
DA:17,5
DA:24,5
DA:32,5
DA:40,5
DA:48,5
DA:56,5
DA:64,5
DA:70,5
DA:78,5
DA:82,5
LF:12
LH:12
BRF:0
BRH:0
end_of_record
TN:
SF:src/modules/integrations/integration.routes.js
FN:39,(anonymous_0)
FN:66,(anonymous_1)
[...]
FNDA:0,(anonymous_44)
FNDA:0,(anonymous_45)
FNDA:0,getBASReturns
FNDA:0,(anonymous_47)
FNDA:0,(anonymous_48)
FNDA:0,(anonymous_49)
FNDA:0,(anonymous_50)
FNDA:0,(anonymous_51)
FNDA:0,getContactsAnalysis
FNDA:0,(anonymous_53)
FNDA:0,(anonymous_54)
FNDA:0,(anonymous_55)
FNDA:0,(anonymous_56)
FNDA:0,(anonymous_57)
FNDA:0,(anonymous_58)
FNDA:0,(anonymous_59)
FNDA:0,(anonymous_60)
FNDA:0,(anonymous_61)
FNDA:0,(anonymous_62)
FNDA:0,getTrackingAnalysis
FNDA:0,(anonymous_64)
FNDA:0,(anonymous_65)
FNDA:0,getPredictions
FNDA:0,(anonymous_67)
FNDA:0,(anonymous_68)
FNDA:0,(anonymous_69)
FNDA:0,(anonymous_70)
FNDA:0,(anonymous_71)
FNDA:0,(anonymous_72)
FNDA:0,(anonymous_73)
FNDA:0,(anonymous_74)
FNDA:0,(anonymous_75)
FNDA:0,(anonymous_76)
FNDA:0,(anonymous_77)
FNDA:0,(anonymous_78)
FNDA:0,(anonymous_79)
FNDA:0,(anonymous_80)
FNDA:0,(anonymous_81)
FNDA:0,(anonymous_82)
FNDA:0,(anonymous_83)
FNDA:0,(anonymous_84)
FNDA:0,(anonymous_85)
FNDA:0,(anonymous_86)
FNDA:0,(anonymous_87)
FNDA:0,(anonymous_88)
FNDA:0,(anonymous_89)
FNDA:0,getRecommendation
DA:9,5
DA:11,5
DA:16,5
DA:21,5
DA:29,0
DA:30,0
DA:31,0
DA:33,0
DA:34,0
DA:36,0
DA:37,0
DA:39,0
DA:40,0
DA:42,0
DA:44,0
DA:54,0
DA:55,0
DA:56,0
DA:57,0
DA:59,0
DA:68,0
DA:69,0
DA:75,0
DA:85,0
DA:86,0
DA:87,0
DA:89,0
DA:90,0
DA:93,0
DA:94,0
DA:95,0
DA:96,0
DA:97,0
DA:99,0
DA:100,0
DA:101,0
DA:102,0
DA:103,0
DA:104,0
DA:106,0
DA:107,0
DA:109,0
DA:110,0
DA:112,0
DA:113,0
DA:117,0
DA:118,0
DA:119,0
DA:120,0
DA:122,0
DA:135,0
DA:136,0
DA:137,0
DA:138,0
DA:139,0
DA:140,0
DA:142,0
DA:143,0
DA:144,0
DA:146,0
DA:147,0
DA:149,0
DA:150,0
DA:153,0
DA:156,0
DA:157,0
DA:166,0
DA:167,0
DA:168,0
DA:169,0
DA:170,0
DA:171,0
DA:174,0
DA:175,0
DA:176,0
DA:177,0
DA:178,0
DA:179,0
DA:184,0
DA:185,0
DA:186,0
DA:187,0
DA:188,0
DA:192,0
DA:193,0
DA:194,0
DA:196,0
DA:197,0
DA:198,0
DA:199,0
DA:200,0
DA:201,0
DA:202,0
DA:203,0
DA:204,0
DA:209,0
DA:210,0
DA:217,0
DA:218,0
DA:222,0
DA:226,0
DA:232,0
DA:242,0
DA:243,0
DA:244,0
DA:246,0
DA:247,0
DA:249,0
DA:250,0
DA:251,0
DA:252,0
DA:253,0
DA:254,0
DA:256,0
DA:257,0
DA:268,0
DA:269,0
DA:270,0
DA:271,0
DA:272,0
DA:273,0
DA:274,0
DA:275,0
DA:276,0
DA:280,0
DA:283,0
DA:284,0
DA:285,0
DA:286,0
DA:287,0
DA:289,0
DA:312,0
DA:313,0
DA:314,0
DA:316,0
DA:320,0
DA:323,0
DA:324,0
DA:325,0
DA:326,0
DA:327,0
DA:329,0
DA:330,0
DA:331,0
DA:336,0
DA:339,0
DA:340,0
DA:341,0
DA:342,0
DA:343,0
DA:345,0
DA:346,0
DA:347,0
DA:349,0
DA:350,0
DA:356,0
DA:360,0
DA:361,0
DA:362,0
DA:363,0
DA:364,0
DA:365,0
DA:366,0
DA:367,0
DA:368,0
DA:369,0
DA:371,0
DA:374,0
DA:375,0
DA:376,0
DA:378,0
DA:381,0
DA:391,0
DA:392,0
DA:393,0
DA:394,0
DA:402,0
DA:403,0
DA:406,0
DA:407,0
DA:408,0
DA:412,0
DA:415,0
DA:416,0
DA:417,0
DA:420,0
DA:421,0
DA:422,0
DA:423,0
DA:425,0
DA:427,0
DA:428,0
DA:430,0
DA:437,0
DA:438,0
DA:439,0
DA:440,0
DA:441,0
DA:443,0
DA:444,0
DA:449,0
DA:452,0
DA:453,0
DA:454,0
DA:455,0
DA:456,0
DA:457,0
DA:458,0
DA:459,0
DA:461,0
DA:462,0
DA:463,0
DA:466,0
DA:469,0
DA:470,0
DA:471,0
DA:480,0
DA:481,0
DA:482,0
DA:483,0
DA:485,0
DA:487,0
DA:496,0
DA:497,0
DA:498,0
DA:499,0
DA:502,0
DA:508,0
DA:509,0
DA:510,0
DA:513,0
DA:514,0
DA:515,0
DA:516,0
DA:517,0
DA:519,0
DA:520,0
DA:523,0
DA:524,0
DA:525,0
DA:526,0
DA:530,0
DA:531,0
DA:532,0
DA:533,0
DA:534,0
DA:541,0
DA:544,0
DA:545,0
DA:546,0
DA:548,0
DA:549,0
DA:550,0
DA:552,0
DA:562,0
DA:563,0
DA:564,0
DA:565,0
DA:566,0
DA:567,0
DA:568,0
DA:572,0
DA:573,0
DA:574,0
DA:575,0
DA:576,0
DA:577,0
DA:579,0
DA:580,0
DA:583,0
DA:590,0
DA:601,0
DA:602,0
DA:603,0
DA:606,0
DA:609,0
DA:611,0
DA:612,0
DA:615,0
DA:616,0
DA:617,0
DA:618,0
DA:619,0
DA:620,0
DA:626,0
DA:627,0
DA:628,0
DA:630,0
DA:634,0
DA:637,0
DA:638,0
DA:648,0
DA:653,0
DA:654,0
DA:655,0
DA:656,0
DA:657,0
DA:658,0
DA:659,0
DA:661,0
DA:662,0
DA:665,0
DA:667,0
DA:673,0
DA:674,0
DA:675,0
DA:680,0
DA:681,0
DA:682,0
DA:683,0
DA:684,0
DA:687,0
DA:701,0
DA:722,0
DA:723,0
DA:724,0
DA:727,0
DA:731,0
DA:733,0
DA:736,0
DA:741,0
DA:742,0
DA:743,0
DA:744,0
DA:745,0
DA:746,0
DA:747,0
DA:748,0
DA:750,0
DA:751,0
DA:757,0
DA:758,0
DA:759,0
DA:760,0
DA:761,0
DA:762,0
DA:763,0
DA:764,0
DA:765,0
DA:766,0
DA:767,0
DA:771,0
DA:783,0
DA:784,0
DA:785,0
DA:787,0
DA:788,0
DA:789,0
DA:791,0
DA:799,0
DA:804,0
DA:805,0
DA:806,0
DA:807,0
DA:808,0
DA:809,0
DA:811,0
DA:812,0
DA:813,0
DA:814,0
DA:817,0
DA:818,0
DA:821,0
DA:822,0
DA:823,0
DA:825,0
DA:832,0
DA:842,0
DA:843,0
DA:844,0
DA:846,0
DA:847,0
DA:848,0
DA:850,0
DA:853,0
DA:854,0
DA:856,0
DA:857,0
DA:858,0
DA:859,0
DA:860,0
DA:862,0
DA:863,0
DA:864,0
DA:865,0
DA:866,0
DA:867,0
DA:869,0
DA:870,0
DA:874,0
DA:875,0
DA:877,0
DA:887,0
DA:888,0
DA:889,0
DA:890,0
DA:891,0
DA:894,0
DA:902,0
DA:903,0
DA:911,0
DA:912,0
DA:913,0
DA:914,0
DA:915,0
DA:916,0
DA:917,0
DA:918,0
DA:919,0
DA:920,0
DA:921,0
DA:922,0
DA:923,0
DA:924,0
DA:925,0
DA:926,0
DA:928,0
DA:929,0
DA:933,0
DA:939,0
DA:940,0
DA:941,0
DA:942,0
DA:943,0
DA:944,0
DA:947,0
DA:948,0
DA:953,0
DA:956,0
DA:965,0
DA:966,0
DA:967,0
DA:969,0
DA:974,0
DA:977,0
DA:994,0
DA:995,0
DA:997,0
DA:998,0
DA:999,0
DA:1000,0
DA:1002,0
DA:1003,0
DA:1004,0
DA:1005,0
DA:1006,0
DA:1010,0
DA:1011,0
DA:1014,0
DA:1015,0
DA:1016,0
DA:1017,0
DA:1018,0
DA:1019,0
DA:1020,0
DA:1021,0
DA:1025,0
DA:1028,0
DA:1029,0
DA:1030,0
DA:1031,0
DA:1032,0
DA:1033,0
DA:1037,0
DA:1039,0
DA:1053,0
DA:1062,0
DA:1071,0
DA:1072,0
DA:1073,0
DA:1075,0
DA:1080,0
DA:1081,0
DA:1082,0
DA:1095,0
DA:1096,0
DA:1097,0
DA:1108,0
DA:1111,0
DA:1112,0
DA:1113,0
DA:1116,0
DA:1117,0
DA:1118,0
DA:1119,0
DA:1121,0
DA:1123,0
DA:1125,0
DA:1130,0
DA:1134,0
DA:1137,0
DA:1141,0
DA:1151,0
DA:1152,0
DA:1153,0
DA:1155,0
DA:1169,0
DA:1171,0
DA:1172,0
DA:1173,0
DA:1174,0
DA:1175,0
DA:1176,0
DA:1177,0
DA:1178,0
DA:1180,0
DA:1182,0
DA:1183,0
DA:1184,0
DA:1186,0
DA:1187,0
DA:1188,0
DA:1189,0
DA:1199,0
DA:1210,0
DA:1211,0
DA:1212,0
DA:1216,0
DA:1217,0
DA:1218,0
DA:1219,0
DA:1220,0
DA:1222,0
DA:1223,0
DA:1224,0
DA:1225,0
DA:1226,0
DA:1230,0
DA:1234,0
DA:1236,0
DA:1242,0
DA:1243,0
DA:1244,0
DA:1245,0
DA:1246,0
DA:1251,0
DA:1256,0
DA:1267,5
DA:1281,0
DA:1282,0
DA:1283,0
DA:1286,0
DA:1291,0
DA:1294,0
DA:1296,0
DA:1297,0
DA:1298,0
DA:1299,0
DA:1300,0
DA:1305,0
DA:1306,0
DA:1307,0
DA:1308,0
DA:1309,0
DA:1310,0
DA:1311,0
DA:1312,0
DA:1313,0
DA:1314,0
DA:1315,0
DA:1316,0
DA:1317,0
DA:1318,0
DA:1319,0
DA:1320,0
DA:1321,0
DA:1322,0
DA:1326,0
DA:1327,0
DA:1328,0
DA:1331,0
DA:1332,0
DA:1333,0
DA:1334,0
DA:1335,0
DA:1336,0
DA:1337,0
DA:1338,0
DA:1339,0
DA:1340,0
DA:1342,0
DA:1345,0
DA:1346,0
DA:1347,0
DA:1348,0
DA:1350,0
DA:1353,0
DA:1354,0
DA:1355,0
DA:1356,0
DA:1357,0
DA:1359,0
DA:1360,0
DA:1364,0
DA:1365,0
DA:1366,0
DA:1367,0
DA:1368,0
DA:1370,0
DA:1371,0
DA:1372,0
DA:1375,0
DA:1376,0
DA:1379,0
DA:1380,0
DA:1381,0
DA:1382,0
DA:1384,0
DA:1385,0
DA:1386,0
DA:1387,0
DA:1389,0
DA:1390,0
DA:1391,0
DA:1392,0
DA:1393,0
DA:1394,0
DA:1396,0
DA:1407,0
DA:1413,0
DA:1414,0
DA:1415,0
DA:1416,0
DA:1418,0
DA:1422,0
DA:1423,0
DA:1426,0
DA:1427,0
DA:1428,0
DA:1429,0
DA:1430,0
DA:1440,0
DA:1455,0
DA:1458,0
DA:1461,0
DA:1462,0
DA:1464,0
DA:1465,0
DA:1466,0
DA:1468,0
DA:1469,0
DA:1470,0
DA:1471,0
DA:1472,0
DA:1474,0
DA:1475,0
DA:1478,0
DA:1486,0
DA:1495,0
DA:1503,0
DA:1504,0
DA:1505,0
DA:1507,0
DA:1508,0
DA:1509,0
DA:1510,0
DA:1511,0
DA:1512,0
DA:1514,0
DA:1515,0
DA:1516,0
DA:1517,0
DA:1521,0
DA:1522,0
DA:1523,0
DA:1526,0
DA:1540,0
DA:1554,0
DA:1555,0
DA:1556,0
DA:1557,0
DA:1559,0
DA:1560,0
DA:1561,0
DA:1562,0
DA:1564,0
DA:1565,0
DA:1566,0
DA:1567,0
DA:1568,0
DA:1569,0
DA:1570,0
DA:1572,0
DA:1575,0
DA:1576,0
DA:1578,0
DA:1584,0
DA:1585,0
DA:1595,0
DA:1596,0
DA:1597,0
DA:1598,0
DA:1599,0
DA:1600,0
DA:1603,0
DA:1604,0
DA:1605,0
DA:1609,0
DA:1611,0
DA:1624,0
DA:1627,0
DA:1633,0
DA:1634,0
DA:1635,0
DA:1636,0
DA:1638,0
DA:1639,0
DA:1640,0
DA:1643,0
DA:1644,0
DA:1645,0
DA:1646,0
DA:1648,0
DA:1649,0
DA:1650,0
DA:1651,0
DA:1654,0
DA:1655,0
DA:1657,0
DA:1658,0
DA:1660,0
DA:1663,0
DA:1665,0
DA:1666,0
DA:1667,0
DA:1668,0
DA:1669,0
DA:1671,0
DA:1672,0
DA:1686,0
DA:1701,0
DA:1706,0
DA:1707,0
DA:1711,0
DA:1722,0
DA:1733,0
DA:1765,0
DA:1768,5
LF:738
LH:6
BRDA:29,0,0,0
BRDA:29,0,1,0
BRDA:31,1,0,0
BRDA:31,1,1,0
BRDA:31,1,2,0
BRDA:31,1,3,0
BRDA:56,2,0,0
BRDA:56,2,1,0
BRDA:75,3,0,0
BRDA:75,3,1,0
BRDA:84,4,0,0
BRDA:87,5,0,0
BRDA:87,5,1,0
BRDA:101,6,0,0
BRDA:101,6,1,0
BRDA:103,7,0,0
BRDA:103,7,1,0
BRDA:103,8,0,0
BRDA:103,8,1,0
BRDA:106,9,0,0
BRDA:106,9,1,0
BRDA:109,10,0,0
BRDA:109,10,1,0
BRDA:109,11,0,0
BRDA:109,11,1,0
BRDA:109,11,2,0
BRDA:112,12,0,0
BRDA:112,12,1,0
BRDA:118,13,0,0
BRDA:118,13,1,0
BRDA:120,14,0,0
BRDA:120,14,1,0
BRDA:139,15,0,0
BRDA:139,15,1,0
BRDA:143,16,0,0
BRDA:143,16,1,0
BRDA:146,17,0,0
BRDA:146,17,1,0
BRDA:146,18,0,0
BRDA:146,18,1,0
BRDA:149,19,0,0
BRDA:149,19,1,0
BRDA:149,20,0,0
BRDA:149,20,1,0
BRDA:149,20,2,0
BRDA:168,21,0,0
BRDA:168,21,1,0
BRDA:168,22,0,0
BRDA:168,22,1,0
BRDA:168,22,2,0
BRDA:169,23,0,0
BRDA:169,23,1,0
BRDA:170,24,0,0
BRDA:170,24,1,0
BRDA:179,25,0,0
BRDA:179,25,1,0
BRDA:186,26,0,0
BRDA:186,26,1,0
BRDA:188,27,0,0
BRDA:188,27,1,0
BRDA:188,28,0,0
BRDA:188,28,1,0
BRDA:199,29,0,0
BRDA:199,29,1,0
BRDA:201,30,0,0
BRDA:201,30,1,0
BRDA:203,31,0,0
BRDA:203,31,1,0
BRDA:203,32,0,0
BRDA:203,32,1,0
BRDA:209,33,0,0
BRDA:209,33,1,0
BRDA:209,34,0,0
BRDA:209,34,1,0
BRDA:222,35,0,0
BRDA:222,35,1,0
BRDA:241,36,0,0
BRDA:244,37,0,0
BRDA:244,37,1,0
BRDA:256,38,0,0
BRDA:256,38,1,0
BRDA:269,39,0,0
BRDA:269,39,1,0
BRDA:271,40,0,0
BRDA:271,40,1,0
BRDA:271,41,0,0
BRDA:271,41,1,0
BRDA:273,42,0,0
BRDA:273,42,1,0
BRDA:275,43,0,0
BRDA:275,43,1,0
BRDA:275,44,0,0
BRDA:275,44,1,0
BRDA:285,45,0,0
BRDA:285,45,1,0
BRDA:287,46,0,0
BRDA:287,46,1,0
BRDA:311,47,0,0
BRDA:314,48,0,0
BRDA:314,48,1,0
BRDA:325,49,0,0
BRDA:325,49,1,0
BRDA:326,50,0,0
BRDA:326,50,1,0
BRDA:334,51,0,0
BRDA:334,51,1,0
BRDA:341,52,0,0
BRDA:341,52,1,0
BRDA:342,53,0,0
BRDA:342,53,1,0
BRDA:347,54,0,0
BRDA:347,54,1,0
BRDA:365,55,0,0
BRDA:365,55,1,0
BRDA:367,56,0,0
BRDA:367,56,1,0
BRDA:368,57,0,0
BRDA:368,57,1,0
BRDA:376,58,0,0
BRDA:376,58,1,0
BRDA:390,59,0,0
BRDA:393,60,0,0
BRDA:393,60,1,0
BRDA:408,61,0,0
BRDA:408,61,1,0
BRDA:425,62,0,0
BRDA:425,62,1,0
BRDA:427,63,0,0
BRDA:427,63,1,0
BRDA:439,64,0,0
BRDA:439,64,1,0
BRDA:440,65,0,0
BRDA:440,65,1,0
BRDA:447,66,0,0
BRDA:447,66,1,0
BRDA:457,67,0,0
BRDA:457,67,1,0
BRDA:458,68,0,0
BRDA:458,68,1,0
BRDA:461,69,0,0
BRDA:461,69,1,0
BRDA:462,70,0,0
BRDA:462,70,1,0
BRDA:469,71,0,0
BRDA:469,71,1,0
BRDA:475,72,0,0
BRDA:475,72,1,0
BRDA:482,73,0,0
BRDA:482,73,1,0
BRDA:483,74,0,0
BRDA:483,74,1,0
BRDA:498,75,0,0
BRDA:498,75,1,0
BRDA:519,76,0,0
BRDA:519,76,1,0
BRDA:523,77,0,0
BRDA:523,77,1,0
BRDA:525,78,0,0
BRDA:525,78,1,0
BRDA:525,79,0,0
BRDA:525,79,1,0
BRDA:525,79,2,0
BRDA:533,80,0,0
BRDA:533,80,1,0
BRDA:550,81,0,0
BRDA:550,81,1,0
BRDA:565,82,0,0
BRDA:565,82,1,0
BRDA:576,83,0,0
BRDA:576,83,1,0
BRDA:579,84,0,0
BRDA:579,84,1,0
BRDA:600,85,0,0
BRDA:603,86,0,0
BRDA:603,86,1,0
BRDA:609,87,0,0
BRDA:609,87,1,0
BRDA:619,88,0,0
BRDA:619,88,1,0
BRDA:627,89,0,0
BRDA:627,89,1,0
BRDA:658,90,0,0
BRDA:658,90,1,0
BRDA:675,91,0,0
BRDA:675,91,1,0
BRDA:683,92,0,0
BRDA:683,92,1,0
BRDA:683,93,0,0
BRDA:683,93,1,0
BRDA:684,94,0,0
BRDA:684,94,1,0
BRDA:684,95,0,0
BRDA:684,95,1,0
BRDA:697,96,0,0
BRDA:697,96,1,0
BRDA:698,97,0,0
BRDA:698,97,1,0
BRDA:721,98,0,0
BRDA:724,99,0,0
BRDA:724,99,1,0
BRDA:731,100,0,0
BRDA:731,100,1,0
BRDA:757,101,0,0
BRDA:757,101,1,0
BRDA:760,102,0,0
BRDA:760,102,1,0
BRDA:761,103,0,0
BRDA:761,103,1,0
BRDA:764,104,0,0
BRDA:764,104,1,0
BRDA:765,105,0,0
BRDA:765,105,1,0
BRDA:783,106,0,0
BRDA:783,106,1,0
BRDA:784,107,0,0
BRDA:784,107,1,0
BRDA:788,108,0,0
BRDA:788,108,1,0
BRDA:789,109,0,0
BRDA:789,109,1,0
BRDA:808,110,0,0
BRDA:808,110,1,0
BRDA:812,111,0,0
BRDA:812,111,1,0
BRDA:813,112,0,0
BRDA:813,112,1,0
BRDA:814,113,0,0
BRDA:814,113,1,0
BRDA:821,114,0,0
BRDA:821,114,1,0
BRDA:841,115,0,0
BRDA:844,116,0,0
BRDA:844,116,1,0
BRDA:848,117,0,0
BRDA:848,117,1,0
BRDA:864,118,0,0
BRDA:864,118,1,0
BRDA:865,119,0,0
BRDA:865,119,1,0
BRDA:874,120,0,0
BRDA:874,120,1,0
BRDA:875,121,0,0
BRDA:875,121,1,0
BRDA:890,122,0,0
BRDA:890,122,1,0
BRDA:891,123,0,0
BRDA:891,123,1,0
BRDA:897,124,0,0
BRDA:897,124,1,0
BRDA:898,125,0,0
BRDA:898,125,1,0
BRDA:912,126,0,0
BRDA:912,126,1,0
BRDA:915,127,0,0
BRDA:915,127,1,0
BRDA:918,128,0,0
BRDA:918,128,1,0
BRDA:921,129,0,0
BRDA:921,129,1,0
BRDA:924,130,0,0
BRDA:924,130,1,0
BRDA:941,131,0,0
BRDA:941,131,1,0
BRDA:942,132,0,0
BRDA:942,132,1,0
BRDA:967,133,0,0
BRDA:967,133,1,0
BRDA:974,134,0,0
BRDA:974,134,1,0
BRDA:1011,135,0,0
BRDA:1011,135,1,0
BRDA:1016,136,0,0
BRDA:1016,136,1,0
BRDA:1032,137,0,0
BRDA:1032,137,1,0
BRDA:1037,138,0,0
BRDA:1037,138,1,0
BRDA:1046,139,0,0
BRDA:1046,139,1,0
BRDA:1073,140,0,0
BRDA:1073,140,1,0
BRDA:1113,141,0,0
BRDA:1113,141,1,0
BRDA:1118,142,0,0
BRDA:1118,142,1,0
BRDA:1135,143,0,0
BRDA:1135,143,1,0
BRDA:1136,144,0,0
BRDA:1136,144,1,0
BRDA:1150,145,0,0
BRDA:1153,146,0,0
BRDA:1153,146,1,0
BRDA:1182,147,0,0
BRDA:1182,147,1,0
BRDA:1184,148,0,0
BRDA:1184,148,1,0
BRDA:1203,149,0,0
BRDA:1203,149,1,0
BRDA:1212,150,0,0
BRDA:1212,150,1,0
BRDA:1219,151,0,0
BRDA:1219,151,1,0
BRDA:1223,152,0,0
BRDA:1223,152,1,0
BRDA:1226,153,0,0
BRDA:1226,153,1,0
BRDA:1245,154,0,0
BRDA:1245,154,1,0
BRDA:1245,155,0,0
BRDA:1245,155,1,0
BRDA:1283,156,0,0
BRDA:1283,156,1,0
BRDA:1291,157,0,0
BRDA:1291,157,1,0
BRDA:1299,158,0,0
BRDA:1299,158,1,0
BRDA:1306,159,0,0
BRDA:1306,159,1,0
BRDA:1308,160,0,0
BRDA:1308,160,1,0
BRDA:1308,161,0,0
BRDA:1308,161,1,0
BRDA:1311,162,0,0
BRDA:1311,162,1,0
BRDA:1314,163,0,0
BRDA:1314,163,1,0
BRDA:1317,164,0,0
BRDA:1317,164,1,0
BRDA:1320,165,0,0
BRDA:1320,165,1,0
BRDA:1320,166,0,0
BRDA:1320,166,1,0
BRDA:1347,167,0,0
BRDA:1347,167,1,0
BRDA:1357,168,0,0
BRDA:1357,168,1,0
BRDA:1359,169,0,0
BRDA:1359,169,1,0
BRDA:1370,170,0,0
BRDA:1370,170,1,0
BRDA:1372,171,0,0
BRDA:1372,171,1,0
BRDA:1382,172,0,0
BRDA:1382,172,1,0
BRDA:1387,173,0,0
BRDA:1387,173,1,0
BRDA:1415,174,0,0
BRDA:1415,174,1,0
BRDA:1418,175,0,0
BRDA:1418,175,1,0
BRDA:1422,176,0,0
BRDA:1422,176,1,0
BRDA:1436,177,0,0
BRDA:1436,177,1,0
BRDA:1444,178,0,0
BRDA:1444,178,1,0
BRDA:1458,179,0,0
BRDA:1458,179,1,0
BRDA:1474,180,0,0
BRDA:1474,180,1,0
BRDA:1474,181,0,0
BRDA:1474,181,1,0
BRDA:1491,182,0,0
BRDA:1491,182,1,0
BRDA:1496,183,0,0
BRDA:1496,183,1,0
BRDA:1497,184,0,0
BRDA:1497,184,1,0
BRDA:1498,185,0,0
BRDA:1498,185,1,0
BRDA:1499,186,0,0
BRDA:1499,186,1,0
BRDA:1504,187,0,0
BRDA:1504,187,1,0
BRDA:1508,188,0,0
BRDA:1508,188,1,0
BRDA:1509,189,0,0
BRDA:1509,189,1,0
BRDA:1510,190,0,0
BRDA:1510,190,1,0
BRDA:1511,191,0,0
BRDA:1511,191,1,0
BRDA:1514,192,0,0
BRDA:1514,192,1,0
BRDA:1515,193,0,0
BRDA:1515,193,1,0
BRDA:1516,194,0,0
BRDA:1516,194,1,0
BRDA:1522,195,0,0
BRDA:1522,195,1,0
BRDA:1522,196,0,0
BRDA:1522,196,1,0
BRDA:1556,197,0,0
BRDA:1556,197,1,0
BRDA:1561,198,0,0
BRDA:1561,198,1,0
BRDA:1566,199,0,0
BRDA:1566,199,1,0
BRDA:1570,200,0,0
BRDA:1570,200,1,0
BRDA:1572,201,0,0
BRDA:1572,201,1,0
BRDA:1575,202,0,0
BRDA:1575,202,1,0
BRDA:1584,203,0,0
BRDA:1584,203,1,0
BRDA:1605,204,0,0
BRDA:1605,204,1,0
BRDA:1618,205,0,0
BRDA:1618,205,1,0
BRDA:1620,206,0,0
BRDA:1620,206,1,0
BRDA:1620,207,0,0
BRDA:1620,207,1,0
BRDA:1636,208,0,0
BRDA:1636,208,1,0
BRDA:1638,209,0,0
BRDA:1638,209,1,0
BRDA:1639,210,0,0
BRDA:1639,210,1,0
BRDA:1644,211,0,0
BRDA:1644,211,1,0
BRDA:1645,212,0,0
BRDA:1645,212,1,0
BRDA:1646,213,0,0
BRDA:1646,213,1,0
BRDA:1655,214,0,0
BRDA:1655,214,1,0
BRDA:1658,215,0,0
BRDA:1658,215,1,0
BRDA:1765,216,0,0
BRDA:1765,216,1,0
BRF:432
BRH:0
end_of_record
TN:
SF:src/socket/index.js
FN:20,initializeSocket
FN:23,(anonymous_1)
FN:40,(anonymous_2)
FN:43,(anonymous_3)
FN:48,(anonymous_4)
FN:52,(anonymous_5)
FN:59,(anonymous_6)
FN:62,(anonymous_7)
FN:67,(anonymous_8)
FN:76,(anonymous_9)
FN:81,(anonymous_10)
FN:86,(anonymous_11)
FN:99,getIO
FNF:13
FNH:2
FNDA:5,initializeSocket
FNDA:0,(anonymous_1)
FNDA:0,(anonymous_2)
FNDA:0,(anonymous_3)
FNDA:0,(anonymous_4)
FNDA:0,(anonymous_5)
FNDA:0,(anonymous_6)
FNDA:0,(anonymous_7)
FNDA:0,(anonymous_8)
FNDA:0,(anonymous_9)
FNDA:0,(anonymous_10)
FNDA:0,(anonymous_11)
FNDA:3,getIO
DA:7,6
DA:8,6
DA:9,6
DA:12,6
DA:21,5
DA:24,0
DA:25,0
DA:26,0
DA:27,0
DA:28,0
DA:39,5
DA:40,5
DA:41,0
DA:43,0
DA:44,0
DA:45,0
DA:48,0
DA:49,0
DA:52,0
DA:53,0
DA:58,5
DA:59,5
DA:60,0
DA:62,0
DA:63,0
DA:64,0
DA:67,0
DA:68,0
DA:69,0
DA:70,0
DA:71,0
DA:73,0
DA:76,0
DA:77,0
DA:78,0
DA:81,0
DA:82,0
DA:83,0
DA:86,0
DA:87,0
DA:91,5
DA:92,5
DA:100,3
DA:103,6
LF:44
LH:13
BRDA:24,0,0,0
BRDA:24,0,1,0
BRDA:27,1,0,0
BRDA:27,1,1,0
BRDA:28,2,0,0
BRDA:28,2,1,0
BRDA:28,2,2,0
BRDA:68,3,0,0
BRDA:68,3,1,0
BRDA:70,4,0,0
BRDA:70,4,1,0
BRDA:73,5,0,0
BRDA:73,5,1,0
BRF:13
BRH:0
end_of_record
TN:
SF:src/utils/errors.js
FN:17,(anonymous_0)
FN:28,(anonymous_1)
FN:35,(anonymous_2)
FN:42,(anonymous_3)
FN:49,(anonymous_4)
FN:56,(anonymous_5)
FN:63,(anonymous_6)
FN:70,(anonymous_7)
FN:77,(anonymous_8)
FNF:9
FNH:4
FNDA:41,(anonymous_0)
FNDA:4,(anonymous_1)
FNDA:36,(anonymous_2)
FNDA:0,(anonymous_3)
FNDA:1,(anonymous_4)
FNDA:0,(anonymous_5)
FNDA:0,(anonymous_6)
FNDA:0,(anonymous_7)
FNDA:0,(anonymous_8)
DA:18,41
DA:19,41
DA:20,41
DA:21,41
DA:22,41
DA:29,4
DA:36,36
DA:43,0
DA:50,1
DA:57,0
DA:64,0
DA:71,0
DA:78,0
DA:82,7
LF:14
LH:9
BRDA:17,0,0,41
BRDA:28,1,0,0
BRDA:35,2,0,0
BRDA:42,3,0,0
BRDA:49,4,0,0
BRDA:56,5,0,0
BRDA:63,6,0,0
BRDA:70,7,0,0
BRDA:77,8,0,0
BRF:9
BRH:1
end_of_record
TN:
SF:src/utils/helpers.js
FN:12,generateId
FN:22,getFinancialYear
FN:38,generateInvoiceNumber
FN:50,generateOrderNumber
FN:64,calculateGST
FN:96,formatCurrency
FN:112,calculateTax
FN:128,calculateDiscount
FN:156,parsePagination
FN:171,sanitizeString
FN:181,isCurrentFinancialYear
FN:191,foodCostPercentage
FNF:12
FNH:1
FNDA:0,generateId
FNDA:0,getFinancialYear
FNDA:0,generateInvoiceNumber
FNDA:0,generateOrderNumber
FNDA:4,calculateGST
FNDA:0,formatCurrency
FNDA:0,calculateTax
FNDA:0,calculateDiscount
FNDA:0,parsePagination
FNDA:0,sanitizeString
FNDA:0,isCurrentFinancialYear
FNDA:0,foodCostPercentage
DA:6,7
DA:13,0
DA:23,0
DA:24,0
DA:25,0
DA:26,0
DA:28,0
DA:39,0
DA:40,0
DA:51,0
DA:52,0
DA:53,0
DA:65,4
DA:66,4
DA:68,4
DA:69,3
DA:70,3
DA:80,1
DA:97,0
DA:98,0
DA:99,0
DA:101,0
DA:113,0
DA:114,0
DA:115,0
DA:117,0
DA:129,0
DA:130,0
DA:131,0
DA:133,0
DA:134,0
DA:135,0
DA:137,0
DA:140,0
DA:141,0
DA:142,0
DA:144,0
DA:145,0
DA:148,0
DA:157,0
DA:158,0
DA:159,0
DA:160,0
DA:161,0
DA:162,0
DA:172,0
DA:173,0
DA:182,0
DA:192,0
DA:193,0
DA:196,7
LF:51
LH:8
BRDA:22,0,0,0
BRDA:25,1,0,0
BRDA:25,1,1,0
BRDA:50,2,0,0
BRDA:64,3,0,0
BRDA:68,4,0,3
BRDA:68,4,1,1
BRDA:96,5,0,0
BRDA:97,6,0,0
BRDA:97,6,1,0
BRDA:98,7,0,0
BRDA:98,7,1,0
BRDA:112,8,0,0
BRDA:112,9,0,0
BRDA:113,10,0,0
BRDA:113,10,1,0
BRDA:128,11,0,0
BRDA:129,12,0,0
BRDA:129,12,1,0
BRDA:130,13,0,0
BRDA:130,13,1,0
BRDA:134,14,0,0
BRDA:134,14,1,0
BRDA:140,15,0,0
BRDA:140,15,1,0
BRDA:141,16,0,0
BRDA:141,16,1,0
BRDA:157,17,0,0
BRDA:157,17,1,0
BRDA:158,18,0,0
BRDA:158,18,1,0
BRDA:160,19,0,0
BRDA:160,19,1,0
BRDA:161,20,0,0
BRDA:161,20,1,0
BRDA:172,21,0,0
BRDA:172,21,1,0
BRDA:192,22,0,0
BRDA:192,22,1,0
BRF:39
BRH:2
end_of_record
TN:
SF:src/utils/mail.service.js
FN:16,sendPasswordResetEmail
FNF:1
FNH:0
FNDA:0,sendPasswordResetEmail
DA:7,5
DA:17,0
DA:19,0
DA:27,0
DA:28,0
DA:29,0
DA:30,0
DA:32,0
DA:33,0
DA:37,5
LF:10
LH:2
BRDA:16,0,0,0
BRF:1
BRH:0
end_of_record
TN:
SF:src/utils/response.js
FN:16,sendSuccess
FN:31,sendCreated
FN:45,sendPaginated
FN:70,sendError
FNF:4
FNH:3
FNDA:4,sendSuccess
FNDA:4,sendCreated
FNDA:0,sendPaginated
FNDA:4,sendError
DA:17,4
DA:18,4
DA:19,0
DA:21,4
DA:32,4
DA:46,0
DA:47,0
DA:71,4
DA:72,4
DA:73,0
DA:75,4
DA:78,5
LF:12
LH:8
BRDA:16,0,0,0
BRDA:16,1,0,4
BRDA:18,2,0,0
BRDA:18,2,1,4
BRDA:31,3,0,0
BRDA:45,4,0,0
BRDA:70,5,0,4
BRDA:72,6,0,0
BRDA:72,6,1,4
BRF:9
BRH:4
end_of_record
TN:
SF:src/utils/sms.service.js
FN:21,sendSms
FN:72,sendOrderReadySms
FNF:2
FNH:0
FNDA:0,sendSms
FNDA:0,sendOrderReadySms
DA:7,6
DA:9,6
DA:10,6
DA:11,6
DA:22,0
DA:24,0
DA:26,0
DA:27,0
DA:28,0
DA:29,0
DA:30,0
DA:31,0
DA:34,0
DA:36,0
DA:38,0
DA:45,0
DA:47,0
DA:56,0
DA:57,0
DA:58,0
DA:61,0
DA:73,0
DA:74,0
DA:77,6
LF:24
LH:5
BRDA:10,0,0,6
BRDA:10,0,1,0
BRDA:11,1,0,6
BRDA:11,1,1,0
BRDA:22,2,0,0
BRDA:22,2,1,0
BRDA:24,3,0,0
BRDA:24,3,1,0
BRDA:45,4,0,0
BRDA:45,4,1,0
BRDA:57,5,0,0
BRDA:57,5,1,0
BRDA:72,6,0,0
BRF:13
BRH:2
end_of_record
