TN:
SF:src/app.js
FN:40,originCheck
FN:84,(anonymous_1)
FN:87,(anonymous_2)
FN:96,(anonymous_3)
FN:138,(anonymous_4)
FN:200,startApp
FN:228,(anonymous_6)
FN:240,(anonymous_7)
FN:242,(anonymous_8)
FN:250,(anonymous_9)
FN:256,(anonymous_10)
FN:257,(anonymous_11)
FN:259,(anonymous_12)
FN:263,(anonymous_13)
FNF:14
FNH:0
FNDA:0,originCheck
FNDA:0,(anonymous_1)
FNDA:0,(anonymous_2)
FNDA:0,(anonymous_3)
FNDA:0,(anonymous_4)
FNDA:0,startApp
FNDA:0,(anonymous_6)
FNDA:0,(anonymous_7)
FNDA:0,(anonymous_8)
FNDA:0,(anonymous_9)
FNDA:0,(anonymous_10)
FNDA:0,(anonymous_11)
FNDA:0,(anonymous_12)
FNDA:0,(anonymous_13)
DA:7,2
DA:9,2
DA:10,2
DA:11,2
DA:12,2
DA:13,2
DA:14,2
DA:16,2
DA:17,2
DA:18,2
DA:19,2
DA:20,2
DA:21,2
DA:22,2
DA:23,2
DA:25,2
DA:26,2
DA:29,2
DA:34,2
DA:39,2
DA:41,0
DA:42,0
DA:44,0
DA:45,0
DA:57,2
DA:58,2
DA:59,2
DA:64,2
DA:65,2
DA:70,2
DA:71,2
DA:72,2
DA:73,2
DA:74,2
DA:79,2
DA:80,2
DA:81,2
DA:84,2
DA:85,0
DA:87,2
DA:88,0
DA:94,2
DA:96,2
DA:97,0
DA:98,0
DA:99,0
DA:100,0
DA:101,0
DA:103,0
DA:104,0
DA:107,0
DA:124,2
DA:125,2
DA:126,2
DA:127,2
DA:128,2
DA:129,2
DA:130,2
DA:131,2
DA:132,2
DA:133,2
DA:134,2
DA:135,2
DA:136,2
DA:138,2
DA:139,0
DA:164,2
DA:166,0
DA:167,0
DA:168,0
DA:169,0
DA:170,0
DA:171,0
DA:174,0
DA:175,0
DA:177,0
DA:178,0
DA:179,0
DA:180,0
DA:181,0
DA:182,0
DA:183,0
DA:184,0
DA:185,0
DA:186,0
DA:189,0
DA:194,0
DA:195,0
DA:201,0
DA:204,0
DA:205,0
DA:206,0
DA:207,0
DA:209,0
DA:213,0
DA:214,0
DA:215,0
DA:217,0
DA:221,0
DA:222,0
DA:223,0
DA:225,0
DA:228,0
DA:229,0
DA:230,0
DA:231,0
DA:235,0
DA:240,0
DA:241,0
DA:242,0
DA:243,0
DA:244,0
DA:245,0
DA:246,0
DA:247,0
DA:250,0
DA:251,0
DA:252,0
DA:256,0
DA:257,0
DA:259,0
DA:260,0
DA:263,0
DA:264,0
DA:265,0
DA:268,0
LF:126
LH:52
BRDA:35,0,0,0
BRDA:35,0,1,2
BRDA:41,1,0,0
BRDA:41,1,1,0
BRDA:41,2,0,0
BRDA:41,2,1,0
BRDA:41,2,2,0
BRDA:107,3,0,0
BRDA:107,3,1,0
BRDA:117,4,0,0
BRDA:117,4,1,0
BRDA:260,5,0,0
BRDA:260,5,1,0
BRF:13
BRH:1
end_of_record
TN:
SF:src/config/app.js
FN:51,(anonymous_0)
FNF:1
FNH:1
FNDA:6,(anonymous_0)
DA:7,2
DA:51,6
DA:110,2
LF:3
LH:3
BRDA:9,0,0,2
BRDA:9,0,1,0
BRDA:12,1,0,2
BRDA:12,1,1,2
BRDA:15,2,0,2
BRDA:15,2,1,0
BRDA:19,3,0,2
BRDA:19,3,1,0
BRDA:23,4,0,2
BRDA:23,4,1,0
BRDA:26,5,0,2
BRDA:26,5,1,0
BRDA:30,6,0,2
BRDA:30,6,1,0
BRDA:30,6,2,0
BRDA:31,7,0,2
BRDA:31,7,1,0
BRDA:32,8,0,2
BRDA:32,8,1,0
BRDA:33,9,0,2
BRDA:33,9,1,0
BRDA:38,10,0,2
BRDA:38,10,1,0
BRDA:43,11,0,2
BRDA:43,11,1,0
BRDA:44,12,0,2
BRDA:44,12,1,0
BRDA:45,13,0,2
BRDA:45,13,1,0
BRDA:49,14,0,2
BRDA:49,14,1,0
BRDA:55,15,0,2
BRDA:55,15,1,0
BRDA:56,16,0,2
BRDA:56,16,1,0
BRF:35
BRH:18
end_of_record
TN:
SF:src/config/aws.js
FN:33,uploadToS3
FN:63,deleteFromS3
FN:80,getPresignedUrl
FNF:3
FNH:0
FNDA:0,uploadToS3
FNDA:0,deleteFromS3
FNDA:0,getPresignedUrl
DA:7,2
DA:8,2
DA:9,2
DA:10,2
DA:11,2
DA:13,2
DA:21,2
DA:22,2
DA:34,0
DA:35,0
DA:36,0
DA:38,0
DA:46,0
DA:48,0
DA:50,0
DA:51,0
DA:53,0
DA:54,0
DA:64,0
DA:65,0
DA:66,0
DA:67,0
DA:69,0
DA:70,0
DA:81,0
DA:82,0
DA:83,0
DA:84,0
DA:86,0
DA:87,0
DA:91,2
LF:31
LH:9
BRDA:14,0,0,2
BRDA:14,0,1,0
BRDA:16,1,0,2
BRDA:16,1,1,0
BRDA:17,2,0,2
BRDA:17,2,1,0
BRDA:21,3,0,2
BRDA:21,3,1,0
BRDA:22,4,0,2
BRDA:22,4,1,0
BRDA:33,5,0,0
BRDA:48,6,0,0
BRDA:48,6,1,0
BRDA:80,7,0,0
BRF:14
BRH:5
end_of_record
TN:
SF:src/config/database.js
FN:18,getDbClient
FN:31,(anonymous_1)
FN:35,(anonymous_2)
FN:39,(anonymous_3)
FN:51,disconnectDb
FNF:5
FNH:1
FNDA:2,getDbClient
FNDA:0,(anonymous_1)
FNDA:0,(anonymous_2)
FNDA:0,(anonymous_3)
FNDA:0,disconnectDb
DA:7,2
DA:8,2
DA:19,2
DA:20,2
DA:31,2
DA:32,0
DA:35,2
DA:36,0
DA:39,2
DA:40,0
DA:43,2
DA:52,0
DA:53,0
DA:54,0
DA:58,2
LF:15
LH:9
BRDA:19,0,0,2
BRDA:19,0,1,0
BRDA:22,1,0,0
BRDA:22,1,1,2
BRDA:52,2,0,0
BRDA:52,2,1,0
BRF:6
BRH:2
end_of_record
TN:
SF:src/config/logger.js
FN:21,(anonymous_0)
FNF:1
FNH:0
FNDA:0,(anonymous_0)
DA:7,2
DA:8,2
DA:10,2
DA:12,2
DA:18,2
DA:22,0
DA:23,0
DA:27,2
DA:34,2
DA:35,0
DA:36,0
DA:38,0
DA:63,2
DA:71,2
LF:14
LH:9
BRDA:22,0,0,0
BRDA:22,0,1,0
BRDA:29,1,0,0
BRDA:29,1,1,2
BRDA:30,2,0,0
BRDA:30,2,1,2
BRDA:34,3,0,0
BRDA:34,3,1,2
BRDA:64,4,0,0
BRDA:64,4,1,2
BRF:10
BRH:4
end_of_record
TN:
SF:src/config/redis.js
FN:19,createMockRedis
FN:21,(anonymous_1)
FN:22,(anonymous_2)
FN:23,(anonymous_3)
FN:24,(anonymous_4)
FN:25,(anonymous_5)
FN:26,(anonymous_6)
FN:27,(anonymous_7)
FN:28,(anonymous_8)
FN:29,(anonymous_9)
FN:30,(anonymous_10)
FN:31,(anonymous_11)
FN:43,wrapWithFallback
FN:48,(anonymous_13)
FN:49,(anonymous_14)
FN:63,(anonymous_15)
FN:66,(anonymous_16)
FN:81,getRedisClient
FN:99,(anonymous_18)
FN:109,(anonymous_19)
FN:114,(anonymous_20)
FN:127,disconnectRedis
FNF:22
FNH:0
FNDA:0,createMockRedis
FNDA:0,(anonymous_1)
FNDA:0,(anonymous_2)
FNDA:0,(anonymous_3)
FNDA:0,(anonymous_4)
FNDA:0,(anonymous_5)
FNDA:0,(anonymous_6)
FNDA:0,(anonymous_7)
FNDA:0,(anonymous_8)
FNDA:0,(anonymous_9)
FNDA:0,(anonymous_10)
FNDA:0,(anonymous_11)
FNDA:0,wrapWithFallback
FNDA:0,(anonymous_13)
FNDA:0,(anonymous_14)
FNDA:0,(anonymous_15)
FNDA:0,(anonymous_16)
FNDA:0,getRedisClient
FNDA:0,(anonymous_18)
FNDA:0,(anonymous_19)
FNDA:0,(anonymous_20)
FNDA:0,disconnectRedis
DA:6,2
DA:7,2
DA:10,2
DA:13,2
DA:20,0
DA:21,0
DA:22,0
DA:23,0
DA:24,0
DA:25,0
DA:26,0
DA:27,0
DA:28,0
DA:29,0
DA:44,0
DA:45,0
DA:47,0
DA:48,0
DA:49,0
DA:50,0
DA:51,0
DA:53,0
DA:54,0
DA:56,0
DA:57,0
DA:58,0
DA:63,0
DA:64,0
DA:66,0
DA:67,0
DA:68,0
DA:71,0
DA:73,0
DA:82,0
DA:84,0
DA:86,0
DA:87,0
DA:88,0
DA:89,0
DA:90,0
DA:93,0
DA:100,0
DA:101,0
DA:102,0
DA:103,0
DA:105,0
DA:109,0
DA:110,0
DA:111,0
DA:114,0
DA:115,0
DA:116,0
DA:119,0
DA:120,0
DA:128,0
DA:129,0
DA:130,0
DA:133,0
DA:134,0
DA:137,2
LF:60
LH:5
BRDA:50,0,0,0
BRDA:50,0,1,0
BRDA:51,1,0,0
BRDA:51,1,1,0
BRDA:58,2,0,0
BRDA:58,2,1,0
BRDA:64,3,0,0
BRDA:64,3,1,0
BRDA:67,4,0,0
BRDA:67,4,1,0
BRDA:82,5,0,0
BRDA:82,5,1,0
BRDA:84,6,0,0
BRDA:84,6,1,0
BRDA:84,6,2,0
BRDA:86,7,0,0
BRDA:86,7,1,0
BRDA:86,8,0,0
BRDA:86,8,1,0
BRDA:100,9,0,0
BRDA:100,9,1,0
BRDA:128,10,0,0
BRDA:128,10,1,0
BRDA:130,11,0,0
BRDA:130,11,1,0
BRF:25
BRH:0
end_of_record
TN:
SF:src/middleware/auth.middleware.js
FN:22,authenticate
FN:84,optionalAuth
FN:122,(anonymous_2)
FN:122,(anonymous_3)
FN:132,(anonymous_4)
FNF:5
FNH:1
FNDA:0,authenticate
FNDA:0,optionalAuth
FNDA:6,(anonymous_2)
FNDA:0,(anonymous_3)
FNDA:0,(anonymous_4)
DA:7,2
DA:8,2
DA:9,2
DA:10,2
DA:11,2
DA:23,0
DA:24,0
DA:26,0
DA:27,0
DA:30,0
DA:32,0
DA:33,0
DA:36,0
DA:37,0
DA:38,0
DA:39,0
DA:44,0
DA:45,0
DA:48,0
DA:50,0
DA:62,0
DA:64,0
DA:66,0
DA:67,0
DA:69,0
DA:70,0
DA:72,0
DA:85,0
DA:86,0
DA:88,0
DA:89,0
DA:92,0
DA:93,0
DA:95,0
DA:96,0
DA:97,0
DA:99,0
DA:100,0
DA:111,0
DA:113,0
DA:115,0
DA:122,6
DA:123,0
DA:124,0
DA:129,0
DA:132,2
DA:133,0
DA:134,0
DA:139,0
DA:142,2
LF:50
LH:8
BRDA:26,0,0,0
BRDA:26,0,1,0
BRDA:26,1,0,0
BRDA:26,1,1,0
BRDA:32,2,0,0
BRDA:32,2,1,0
BRDA:44,3,0,0
BRDA:44,3,1,0
BRDA:59,4,0,0
BRDA:59,4,1,0
BRDA:66,5,0,0
BRDA:66,5,1,0
BRDA:69,6,0,0
BRDA:69,6,1,0
BRDA:88,7,0,0
BRDA:88,7,1,0
BRDA:88,8,0,0
BRDA:88,8,1,0
BRDA:93,9,0,0
BRDA:93,9,1,0
BRDA:97,10,0,0
BRDA:97,10,1,0
BRDA:109,11,0,0
BRDA:109,11,1,0
BRDA:123,12,0,0
BRDA:123,12,1,0
BRDA:123,13,0,0
BRDA:123,13,1,0
BRDA:133,14,0,0
BRDA:133,14,1,0
BRF:30
BRH:0
end_of_record
TN:
SF:src/middleware/error.middleware.js
FN:20,errorHandler
FN:90,notFoundHandler
FNF:2
FNH:0
FNDA:0,errorHandler
FNDA:0,notFoundHandler
DA:7,2
DA:8,2
DA:21,0
DA:22,0
DA:23,0
DA:25,0
DA:26,0
DA:27,0
DA:28,0
DA:30,0
DA:31,0
DA:39,0
DA:45,0
DA:46,0
DA:47,0
DA:48,0
DA:49,0
DA:50,0
DA:51,0
DA:52,0
DA:53,0
DA:54,0
DA:55,0
DA:57,0
DA:65,0
DA:73,0
DA:74,0
DA:77,0
DA:78,0
DA:81,0
DA:91,0
DA:98,2
LF:32
LH:3
BRDA:25,0,0,0
BRDA:25,0,1,0
BRDA:28,1,0,0
BRDA:28,1,1,0
BRDA:30,2,0,0
BRDA:30,2,1,0
BRDA:36,3,0,0
BRDA:36,3,1,0
BRDA:45,4,0,0
BRDA:45,4,1,0
BRDA:45,5,0,0
BRDA:45,5,1,0
BRDA:49,6,0,0
BRDA:49,6,1,0
BRDA:53,7,0,0
BRDA:53,7,1,0
BRDA:68,8,0,0
BRDA:68,8,1,0
BRDA:68,9,0,0
BRDA:68,9,1,0
BRDA:73,10,0,0
BRDA:73,10,1,0
BRDA:77,11,0,0
BRDA:77,11,1,0
BRDA:77,12,0,0
BRDA:77,12,1,0
BRF:26
BRH:0
end_of_record
TN:
SF:src/middleware/logger.middleware.js
FN:12,(anonymous_0)
FN:24,(anonymous_1)
FN:34,(anonymous_2)
FN:44,(anonymous_3)
FN:52,httpLogger
FNF:5
FNH:1
FNDA:0,(anonymous_0)
FNDA:0,(anonymous_1)
FNDA:0,(anonymous_2)
FNDA:0,(anonymous_3)
FNDA:2,httpLogger
DA:6,2
DA:7,2
DA:12,2
DA:13,0
DA:14,0
DA:15,0
DA:16,0
DA:17,0
DA:23,2
DA:25,0
DA:32,2
DA:34,0
DA:40,2
DA:44,0
DA:53,2
DA:54,0
DA:56,2
DA:59,2
LF:18
LH:9
BRDA:14,0,0,0
BRDA:14,0,1,0
BRDA:15,1,0,0
BRDA:15,1,1,0
BRDA:16,2,0,0
BRDA:16,2,1,0
BRDA:53,3,0,0
BRDA:53,3,1,2
BRF:8
BRH:1
end_of_record
TN:
SF:src/middleware/rateLimit.middleware.js
FN:20,(anonymous_0)
FN:23,(anonymous_1)
FN:36,(anonymous_2)
FN:37,(anonymous_3)
FN:51,(anonymous_4)
FN:52,(anonymous_5)
FN:65,(anonymous_6)
FN:68,(anonymous_7)
FNF:8
FNH:0
FNDA:0,(anonymous_0)
FNDA:0,(anonymous_1)
FNDA:0,(anonymous_2)
FNDA:0,(anonymous_3)
FNDA:0,(anonymous_4)
FNDA:0,(anonymous_5)
FNDA:0,(anonymous_6)
FNDA:0,(anonymous_7)
DA:7,2
DA:8,2
DA:9,2
DA:14,2
DA:21,0
DA:24,0
DA:31,2
DA:36,0
DA:38,0
DA:46,2
DA:51,0
DA:53,0
DA:60,2
DA:66,0
DA:69,0
DA:73,2
LF:16
LH:8
BRDA:21,0,0,0
BRDA:21,0,1,0
BRDA:66,1,0,0
BRDA:66,1,1,0
BRF:4
BRH:0
end_of_record
TN:
SF:src/middleware/rbac.middleware.js
FN:22,hasRole
FN:23,(anonymous_1)
FN:49,hasPermission
FN:50,(anonymous_3)
FN:83,enforceOutletScope
FN:116,checkLicense
FN:130,(anonymous_6)
FNF:7
FNH:2
FNDA:16,hasRole
FNDA:0,(anonymous_1)
FNDA:174,hasPermission
FNDA:0,(anonymous_3)
FNDA:0,enforceOutletScope
FNDA:0,checkLicense
FNDA:0,(anonymous_6)
DA:7,2
DA:13,2
DA:23,16
DA:24,0
DA:25,0
DA:26,0
DA:29,0
DA:30,0
DA:35,0
DA:37,0
DA:50,174
DA:51,0
DA:52,0
DA:53,0
DA:57,0
DA:58,0
DA:61,0
DA:62,0
DA:63,0
DA:68,0
DA:70,0
DA:84,0
DA:85,0
DA:86,0
DA:89,0
DA:90,0
DA:93,0
DA:95,0
DA:96,0
DA:99,0
DA:100,0
DA:101,0
DA:102,0
DA:106,0
DA:108,0
DA:117,0
DA:118,0
DA:120,0
DA:121,0
DA:122,0
DA:124,0
DA:125,0
DA:127,0
DA:131,0
DA:132,0
DA:133,0
DA:136,0
DA:137,0
DA:139,0
DA:140,0
DA:147,0
DA:149,0
DA:152,2
LF:53
LH:5
BRDA:25,0,0,0
BRDA:25,0,1,0
BRDA:25,1,0,0
BRDA:25,1,1,0
BRDA:29,2,0,0
BRDA:29,2,1,0
BRDA:52,3,0,0
BRDA:52,3,1,0
BRDA:57,4,0,0
BRDA:57,4,1,0
BRDA:61,5,0,0
BRDA:61,5,1,0
BRDA:62,6,0,0
BRDA:62,6,1,0
BRDA:85,7,0,0
BRDA:85,7,1,0
BRDA:89,8,0,0
BRDA:89,8,1,0
BRDA:93,9,0,0
BRDA:93,9,1,0
BRDA:93,9,2,0
BRDA:95,10,0,0
BRDA:95,10,1,0
BRDA:95,11,0,0
BRDA:95,11,1,0
BRDA:99,12,0,0
BRDA:99,12,1,0
BRDA:101,13,0,0
BRDA:101,13,1,0
BRDA:101,14,0,0
BRDA:101,14,1,0
BRDA:121,15,0,0
BRDA:121,15,1,0
BRDA:122,16,0,0
BRDA:122,16,1,0
BRDA:125,17,0,0
BRDA:125,17,1,0
BRDA:131,18,0,0
BRDA:131,18,1,0
BRDA:132,19,0,0
BRDA:132,19,1,0
BRDA:137,20,0,0
BRDA:137,20,1,0
BRDA:139,21,0,0
BRDA:139,21,1,0
BRDA:139,22,0,0
BRDA:139,22,1,0
BRF:47
BRH:0
end_of_record
TN:
SF:src/middleware/security.middleware.js
FN:14,contentSecurityPolicy
FN:36,strictTransportSecurity
FN:47,sanitizeValue
FN:76,inputSanitizer
FN:100,validateUUIDs
FN:117,payloadSizeGuard
FN:118,(anonymous_6)
FN:133,additionalHeaders
FNF:8
FNH:2
FNDA:0,contentSecurityPolicy
FNDA:0,strictTransportSecurity
FNDA:18,sanitizeValue
FNDA:0,inputSanitizer
FNDA:0,validateUUIDs
FNDA:2,payloadSizeGuard
FNDA:0,(anonymous_6)
FNDA:0,additionalHeaders
DA:6,3
DA:15,0
DA:27,0
DA:37,0
DA:38,0
DA:48,18
DA:49,12
DA:57,6
DA:58,1
DA:60,5
DA:61,2
DA:62,2
DA:63,4
DA:65,2
DA:67,3
DA:77,0
DA:78,0
DA:79,0
DA:81,0
DA:82,0
DA:84,0
DA:85,0
DA:87,0
DA:89,0
DA:101,0
DA:102,0
DA:104,0
DA:105,0
DA:106,0
DA:109,0
DA:118,2
DA:119,0
DA:120,0
DA:121,0
DA:123,0
DA:134,0
DA:135,0
DA:136,0
DA:137,0
DA:138,0
DA:139,0
DA:140,0
DA:143,3
LF:43
LH:13
BRDA:48,0,0,12
BRDA:48,0,1,6
BRDA:57,1,0,1
BRDA:57,1,1,5
BRDA:60,2,0,2
BRDA:60,2,1,3
BRDA:60,3,0,5
BRDA:60,3,1,4
BRDA:78,4,0,0
BRDA:78,4,1,0
BRDA:78,5,0,0
BRDA:78,5,1,0
BRDA:81,6,0,0
BRDA:81,6,1,0
BRDA:81,7,0,0
BRDA:81,7,1,0
BRDA:84,8,0,0
BRDA:84,8,1,0
BRDA:84,9,0,0
BRDA:84,9,1,0
BRDA:105,10,0,0
BRDA:105,10,1,0
BRDA:105,11,0,0
BRDA:105,11,1,0
BRDA:117,12,0,0
BRDA:119,13,0,0
BRDA:119,13,1,0
BRDA:120,14,0,0
BRDA:120,14,1,0
BRF:29
BRH:8
end_of_record
TN:
SF:src/middleware/validate.middleware.js
FN:17,validate
FN:18,(anonymous_1)
FN:29,(anonymous_2)
FN:34,(anonymous_3)
FNF:4
FNH:1
FNDA:64,validate
FNDA:0,(anonymous_1)
FNDA:0,(anonymous_2)
FNDA:0,(anonymous_3)
DA:7,2
DA:18,64
DA:19,0
DA:20,0
DA:22,0
DA:28,0
DA:29,0
DA:34,0
DA:35,0
DA:36,0
DA:37,0
DA:40,0
DA:41,0
DA:43,0
DA:48,2
LF:15
LH:3
BRDA:17,0,0,64
BRDA:28,1,0,0
BRDA:28,1,1,0
BRF:3
BRH:1
end_of_record
TN:
SF:src/modules/auth/auth.controller.js
FN:16,register
FN:32,login
FN:49,refreshToken
FN:65,logout
FN:81,forgotPassword
FN:96,verifyOtp
FN:111,resetPassword
FN:127,getMe
FNF:8
FNH:0
FNDA:0,register
FNDA:0,login
FNDA:0,refreshToken
FNDA:0,logout
FNDA:0,forgotPassword
FNDA:0,verifyOtp
FNDA:0,resetPassword
FNDA:0,getMe
DA:6,2
DA:7,2
DA:8,2
DA:17,0
DA:18,0
DA:19,0
DA:20,0
DA:22,0
DA:33,0
DA:34,0
DA:35,0
DA:36,0
DA:37,0
DA:39,0
DA:50,0
DA:51,0
DA:52,0
DA:53,0
DA:55,0
DA:66,0
DA:67,0
DA:68,0
DA:69,0
DA:71,0
DA:82,0
DA:83,0
DA:84,0
DA:86,0
DA:97,0
DA:98,0
DA:99,0
DA:101,0
DA:112,0
DA:113,0
DA:114,0
DA:115,0
DA:117,0
DA:128,0
DA:129,0
DA:130,0
DA:132,0
DA:136,2
LF:42
LH:4
BRF:0
BRH:0
end_of_record
TN:
SF:src/modules/auth/auth.routes.js
FNF:0
FNH:0
DA:6,2
DA:7,2
DA:8,2
DA:9,2
DA:10,2
DA:11,2
DA:19,2
DA:25,2
DA:31,2
DA:37,2
DA:43,2
DA:49,2
DA:55,2
DA:61,2
DA:67,2
DA:69,2
LF:16
LH:16
BRF:0
BRH:0
end_of_record
TN:
SF:src/modules/auth/auth.service.js
FN:33,register
FN:64,(anonymous_1)
FN:119,login
FN:196,(anonymous_3)
FN:199,(anonymous_4)
FN:269,incrementLoginAttempts
FN:281,refreshTokens
FN:316,(anonymous_7)
FN:319,(anonymous_8)
FN:352,logout
FN:387,forgotPassword
FN:418,verifyOTP
FN:447,resetPassword
FN:497,getCurrentUser
FNF:14
FNH:0
FNDA:0,register
FNDA:0,(anonymous_1)
FNDA:0,login
FNDA:0,(anonymous_3)
FNDA:0,(anonymous_4)
FNDA:0,incrementLoginAttempts
FNDA:0,refreshTokens
FNDA:0,(anonymous_7)
FNDA:0,(anonymous_8)
FNDA:0,logout
FNDA:0,forgotPassword
FNDA:0,verifyOTP
FNDA:0,resetPassword
FNDA:0,getCurrentUser
DA:6,2
DA:7,2
DA:8,2
DA:9,2
DA:10,2
DA:11,2
DA:12,2
DA:19,2
DA:34,0
DA:36,0
DA:37,0
DA:47,0
DA:48,0
DA:49,0
DA:51,0
DA:54,0
DA:56,0
DA:60,0
DA:61,0
DA:64,0
DA:65,0
DA:75,0
DA:84,0
DA:97,0
DA:100,0
DA:101,0
DA:103,0
DA:104,0
DA:106,0
DA:107,0
DA:120,0
DA:121,0
DA:123,0
DA:124,0
DA:125,0
DA:126,0
DA:128,0
DA:129,0
DA:134,0
DA:135,0
DA:136,0
DA:158,0
DA:160,0
DA:161,0
DA:162,0
DA:165,0
DA:166,0
DA:169,0
DA:170,0
DA:173,0
DA:175,0
DA:176,0
DA:178,0
DA:179,0
DA:181,0
DA:182,0
DA:191,0
DA:194,0
DA:196,0
DA:197,0
DA:198,0
DA:199,0
DA:201,0
DA:213,0
DA:218,0
DA:224,0
DA:229,0
DA:241,0
DA:243,0
DA:255,0
DA:256,0
DA:258,0
DA:259,0
DA:270,0
DA:271,0
DA:272,0
DA:282,0
DA:283,0
DA:285,0
DA:286,0
DA:288,0
DA:289,0
DA:290,0
DA:293,0
DA:306,0
DA:307,0
DA:310,0
DA:316,0
DA:317,0
DA:318,0
DA:319,0
DA:321,0
DA:327,0
DA:333,0
DA:335,0
DA:336,0
DA:338,0
DA:339,0
DA:341,0
DA:353,0
DA:354,0
DA:356,0
DA:357,0
DA:358,0
DA:360,0
DA:361,0
DA:364,0
DA:375,0
DA:377,0
DA:378,0
DA:388,0
DA:389,0
DA:391,0
DA:392,0
DA:396,0
DA:397,0
DA:400,0
DA:401,0
DA:403,0
DA:405,0
DA:407,0
DA:408,0
DA:419,0
DA:421,0
DA:422,0
DA:424,0
DA:425,0
DA:428,0
DA:429,0
DA:432,0
DA:434,0
DA:435,0
DA:436,0
DA:448,0
DA:449,0
DA:451,0
DA:452,0
DA:454,0
DA:455,0
DA:458,0
DA:462,0
DA:463,0
DA:466,0
DA:468,0
DA:473,0
DA:475,0
DA:484,0
DA:486,0
DA:487,0
DA:488,0
DA:498,0
DA:500,0
DA:501,0
DA:515,0
DA:516,0
DA:519,0
DA:520,0
DA:522,0
DA:523,0
DA:524,0
DA:528,2
LF:161
LH:9
BRDA:33,0,0,0
BRDA:47,1,0,0
BRDA:47,1,1,0
BRDA:48,2,0,0
BRDA:48,2,1,0
BRDA:57,3,0,0
BRDA:57,3,1,0
BRDA:60,4,0,0
BRDA:60,4,1,0
BRDA:79,5,0,0
BRDA:79,5,1,0
BRDA:86,6,0,0
BRDA:86,6,1,0
BRDA:87,7,0,0
BRDA:87,7,1,0
BRDA:92,8,0,0
BRDA:92,8,1,0
BRDA:93,9,0,0
BRDA:93,9,1,0
BRDA:103,10,0,0
BRDA:103,10,1,0
BRDA:103,11,0,0
BRDA:103,11,1,0
BRDA:119,12,0,0
BRDA:126,13,0,0
BRDA:126,13,1,0
BRDA:128,14,0,0
BRDA:128,14,1,0
BRDA:138,15,0,0
BRDA:138,15,1,0
BRDA:160,16,0,0
BRDA:160,16,1,0
BRDA:165,17,0,0
BRDA:165,17,1,0
BRDA:169,18,0,0
BRDA:169,18,1,0
BRDA:169,19,0,0
BRDA:169,19,1,0
BRDA:175,20,0,0
BRDA:175,20,1,0
BRDA:179,21,0,0
BRDA:179,21,1,0
BRDA:181,22,0,0
BRDA:181,22,1,0
BRDA:196,23,0,0
BRDA:196,23,1,0
BRDA:197,24,0,0
BRDA:197,24,1,0
BRDA:198,25,0,0
BRDA:198,25,1,0
BRDA:199,26,0,0
BRDA:199,26,1,0
BRDA:208,27,0,0
BRDA:208,27,1,0
BRDA:208,27,2,0
BRDA:209,28,0,0
BRDA:209,28,1,0
BRDA:236,29,0,0
BRDA:236,29,1,0
BRDA:237,30,0,0
BRDA:237,30,1,0
BRDA:248,31,0,0
BRDA:248,31,1,0
BRDA:255,32,0,0
BRDA:255,32,1,0
BRDA:255,33,0,0
BRDA:255,33,1,0
BRDA:255,33,2,0
BRDA:271,34,0,0
BRDA:271,34,1,0
BRDA:289,35,0,0
BRDA:289,35,1,0
BRDA:306,36,0,0
BRDA:306,36,1,0
BRDA:316,37,0,0
BRDA:316,37,1,0
BRDA:317,38,0,0
BRDA:317,38,1,0
BRDA:318,39,0,0
BRDA:318,39,1,0
BRDA:319,40,0,0
BRDA:319,40,1,0
BRDA:335,41,0,0
BRDA:335,41,1,0
BRDA:338,42,0,0
BRDA:338,42,1,0
BRDA:352,43,0,0
BRDA:358,44,0,0
BRDA:358,44,1,0
BRDA:360,45,0,0
BRDA:360,45,1,0
BRDA:370,46,0,0
BRDA:370,46,1,0
BRDA:371,47,0,0
BRDA:371,47,1,0
BRDA:396,48,0,0
BRDA:396,48,1,0
BRDA:403,49,0,0
BRDA:403,49,1,0
BRDA:424,50,0,0
BRDA:424,50,1,0
BRDA:428,51,0,0
BRDA:428,51,1,0
BRDA:434,52,0,0
BRDA:434,52,1,0
BRDA:454,53,0,0
BRDA:454,53,1,0
BRDA:454,54,0,0
BRDA:454,54,1,0
BRDA:462,55,0,0
BRDA:462,55,1,0
BRDA:486,56,0,0
BRDA:486,56,1,0
BRDA:486,57,0,0
BRDA:486,57,1,0
BRDA:515,58,0,0
BRDA:515,58,1,0
BRDA:522,59,0,0
BRDA:522,59,1,0
BRF:119
BRH:0
end_of_record
TN:
SF:src/modules/auth/auth.validation.js
FNF:0
FNH:0
DA:6,2
DA:8,2
DA:9,2
DA:14,2
DA:29,2
DA:38,2
DA:45,2
DA:53,2
DA:62,2
DA:69,2
LF:10
LH:10
BRF:0
BRH:0
end_of_record
TN:
SF:src/modules/customers/customer.controller.js
FN:10,createCustomer
FN:18,listCustomers
FN:26,getCustomer
FN:34,findByPhone
FN:42,updateCustomer
FN:50,deleteCustomer
FN:58,addAddress
FN:66,redeemPoints
FN:76,getLoyaltyHistory
FN:84,createCampaign
FN:92,getCampaigns
FNF:11
FNH:0
FNDA:0,createCustomer
FNDA:0,listCustomers
FNDA:0,getCustomer
FNDA:0,findByPhone
FNDA:0,updateCustomer
FNDA:0,deleteCustomer
FNDA:0,addAddress
FNDA:0,redeemPoints
FNDA:0,getLoyaltyHistory
FNDA:0,createCampaign
FNDA:0,getCampaigns
DA:6,2
DA:7,2
DA:11,0
DA:12,0
DA:13,0
DA:14,0
DA:19,0
DA:20,0
DA:21,0
DA:22,0
DA:27,0
DA:28,0
DA:29,0
DA:30,0
DA:35,0
DA:36,0
DA:37,0
DA:38,0
DA:43,0
DA:44,0
DA:45,0
DA:46,0
DA:51,0
DA:52,0
DA:53,0
DA:54,0
DA:59,0
DA:60,0
DA:61,0
DA:62,0
DA:67,0
DA:68,0
DA:71,0
DA:72,0
DA:77,0
DA:78,0
DA:79,0
DA:80,0
DA:85,0
DA:86,0
DA:87,0
DA:88,0
DA:93,0
DA:94,0
DA:95,0
DA:96,0
DA:99,2
LF:47
LH:3
BRDA:37,0,0,0
BRDA:37,0,1,0
BRF:2
BRH:0
end_of_record
TN:
SF:src/modules/customers/customer.routes.js
FNF:0
FNH:0
DA:6,2
DA:7,2
DA:8,2
DA:9,2
DA:10,2
DA:11,2
DA:12,2
DA:14,2
DA:15,2
DA:16,2
DA:17,2
DA:18,2
DA:19,2
DA:20,2
DA:21,2
DA:22,2
DA:24,2
DA:25,2
DA:27,2
LF:19
LH:19
BRF:0
BRH:0
end_of_record
TN:
SF:src/modules/customers/customer.service.js
FN:21,createCustomer
FN:63,listCustomers
FN:105,getCustomer
FN:139,findByPhone
FN:160,updateCustomer
FN:183,deleteCustomer
FN:207,addAddress
FN:236,earnPoints
FN:242,(anonymous_8)
FN:297,redeemPoints
FN:316,(anonymous_10)
FN:352,updateSegment
FN:390,getLoyaltyHistory
FN:424,createCampaign
FN:454,(anonymous_14)
FN:477,getCampaigns
FNF:16
FNH:0
FNDA:0,createCustomer
FNDA:0,listCustomers
FNDA:0,getCustomer
FNDA:0,findByPhone
FNDA:0,updateCustomer
FNDA:0,deleteCustomer
FNDA:0,addAddress
FNDA:0,earnPoints
FNDA:0,(anonymous_8)
FNDA:0,redeemPoints
FNDA:0,(anonymous_10)
FNDA:0,updateSegment
FNDA:0,getLoyaltyHistory
FNDA:0,createCampaign
FNDA:0,(anonymous_14)
FNDA:0,getCampaigns
DA:6,2
DA:7,2
DA:8,2
DA:9,2
DA:10,2
DA:22,0
DA:23,0
DA:24,0
DA:27,0
DA:28,0
DA:31,0
DA:45,0
DA:49,0
DA:50,0
DA:52,0
DA:53,0
DA:54,0
DA:64,0
DA:65,0
DA:66,0
DA:67,0
DA:69,0
DA:70,0
DA:71,0
DA:72,0
DA:79,0
DA:93,0
DA:95,0
DA:96,0
DA:106,0
DA:107,0
DA:108,0
DA:126,0
DA:127,0
DA:129,0
DA:130,0
DA:140,0
DA:141,0
DA:142,0
DA:150,0
DA:161,0
DA:162,0
DA:163,0
DA:166,0
DA:168,0
DA:169,0
DA:171,0
DA:173,0
DA:174,0
DA:184,0
DA:185,0
DA:186,0
DA:189,0
DA:190,0
DA:192,0
DA:193,0
DA:208,0
DA:209,0
DA:210,0
DA:211,0
DA:216,0
DA:220,0
DA:237,0
DA:238,0
DA:239,0
DA:240,0
DA:242,0
DA:243,0
DA:256,0
DA:268,0
DA:277,0
DA:280,0
DA:282,0
DA:284,0
DA:285,0
DA:298,0
DA:299,0
DA:300,0
DA:304,0
DA:305,0
DA:310,0
DA:311,0
DA:314,0
DA:316,0
DA:317,0
DA:325,0
DA:337,0
DA:340,0
DA:342,0
DA:343,0
DA:353,0
DA:354,0
DA:355,0
DA:358,0
DA:360,0
DA:361,0
DA:365,0
DA:366,0
DA:367,0
DA:368,0
DA:369,0
DA:370,0
DA:373,0
DA:374,0
DA:380,0
DA:391,0
DA:392,0
DA:393,0
DA:395,0
DA:409,0
DA:413,0
DA:415,0
DA:425,0
DA:426,0
DA:427,0
DA:428,0
DA:429,0
DA:432,0
DA:434,0
DA:435,0
DA:438,0
DA:454,0
DA:460,0
DA:462,0
DA:467,0
DA:469,0
DA:470,0
DA:478,0
DA:479,0
DA:485,2
LF:130
LH:6
BRDA:27,0,0,0
BRDA:27,0,1,0
BRDA:34,1,0,0
BRDA:34,1,1,0
BRDA:35,2,0,0
BRDA:35,2,1,0
BRDA:36,3,0,0
BRDA:36,3,1,0
BRDA:37,4,0,0
BRDA:37,4,1,0
BRDA:38,5,0,0
BRDA:38,5,1,0
BRDA:39,6,0,0
BRDA:39,6,1,0
BRDA:40,7,0,0
BRDA:40,7,1,0
BRDA:41,8,0,0
BRDA:41,8,1,0
BRDA:52,9,0,0
BRDA:52,9,1,0
BRDA:63,10,0,0
BRDA:69,11,0,0
BRDA:69,11,1,0
BRDA:70,12,0,0
BRDA:70,12,1,0
BRDA:71,13,0,0
BRDA:71,13,1,0
BRDA:126,14,0,0
BRDA:126,14,1,0
BRDA:129,15,0,0
BRDA:129,15,1,0
BRDA:166,16,0,0
BRDA:166,16,1,0
BRDA:168,17,0,0
BRDA:168,17,1,0
BRDA:169,18,0,0
BRDA:169,18,1,0
BRDA:173,19,0,0
BRDA:173,19,1,0
BRDA:189,20,0,0
BRDA:189,20,1,0
BRDA:192,21,0,0
BRDA:192,21,1,0
BRDA:210,22,0,0
BRDA:210,22,1,0
BRDA:240,23,0,0
BRDA:240,23,1,0
BRDA:304,24,0,0
BRDA:304,24,1,0
BRDA:304,25,0,0
BRDA:304,25,1,0
BRDA:306,26,0,0
BRDA:306,26,1,0
BRDA:310,27,0,0
BRDA:310,27,1,0
BRDA:342,28,0,0
BRDA:342,28,1,0
BRDA:358,29,0,0
BRDA:358,29,1,0
BRDA:361,30,0,0
BRDA:361,30,1,0
BRDA:365,31,0,0
BRDA:365,31,1,0
BRDA:367,32,0,0
BRDA:367,32,1,0
BRDA:367,33,0,0
BRDA:367,33,1,0
BRDA:369,34,0,0
BRDA:369,34,1,0
BRDA:373,35,0,0
BRDA:373,35,1,0
BRDA:390,36,0,0
BRDA:428,37,0,0
BRDA:428,37,1,0
BRDA:434,38,0,0
BRDA:434,38,1,0
BRF:76
BRH:0
end_of_record
TN:
SF:src/modules/customers/customer.validation.js
FNF:0
FNH:0
DA:6,2
DA:8,2
DA:10,2
DA:23,2
DA:34,2
DA:46,2
DA:52,2
LF:7
LH:7
BRF:0
BRH:0
end_of_record
TN:
SF:src/modules/discounts/discount.routes.js
FN:16,(anonymous_0)
FN:33,(anonymous_1)
FN:46,(anonymous_2)
FN:59,(anonymous_3)
FN:72,(anonymous_4)
FN:86,(anonymous_5)
FNF:6
FNH:0
FNDA:0,(anonymous_0)
FNDA:0,(anonymous_1)
FNDA:0,(anonymous_2)
FNDA:0,(anonymous_3)
FNDA:0,(anonymous_4)
FNDA:0,(anonymous_5)
DA:7,2
DA:8,2
DA:9,2
DA:10,2
DA:11,2
DA:16,2
DA:17,0
DA:18,0
DA:19,0
DA:23,0
DA:24,0
DA:26,0
DA:33,2
DA:34,0
DA:35,0
DA:36,0
DA:37,0
DA:39,0
DA:46,2
DA:47,0
DA:48,0
DA:49,0
DA:50,0
DA:52,0
DA:59,2
DA:60,0
DA:61,0
DA:62,0
DA:63,0
DA:65,0
DA:72,2
DA:73,0
DA:74,0
DA:75,0
DA:76,0
DA:77,0
DA:79,0
DA:86,2
DA:87,0
DA:88,0
DA:89,0
DA:90,0
DA:91,0
DA:92,0
DA:94,0
DA:98,2
LF:46
LH:12
BRDA:18,0,0,0
BRDA:18,0,1,0
BRDA:20,1,0,0
BRDA:20,1,1,0
BRDA:21,2,0,0
BRDA:21,2,1,0
BRDA:35,3,0,0
BRDA:35,3,1,0
BRDA:48,4,0,0
BRDA:48,4,1,0
BRDA:61,5,0,0
BRDA:61,5,1,0
BRDA:75,6,0,0
BRDA:75,6,1,0
BRDA:77,7,0,0
BRDA:77,7,1,0
BRDA:88,8,0,0
BRDA:88,8,1,0
BRDA:89,9,0,0
BRDA:89,9,1,0
BRDA:90,10,0,0
BRDA:90,10,1,0
BRF:22
BRH:0
end_of_record
TN:
SF:src/modules/discounts/discount.service.js
FN:16,createDiscount
FN:54,listDiscounts
FN:79,updateDiscount
FN:103,deleteDiscount
FN:126,validateCoupon
FN:193,getAutoDiscounts
FN:212,(anonymous_6)
FN:213,(anonymous_7)
FN:214,(anonymous_8)
FNF:9
FNH:0
FNDA:0,createDiscount
FNDA:0,listDiscounts
FNDA:0,updateDiscount
FNDA:0,deleteDiscount
FNDA:0,validateCoupon
FNDA:0,getAutoDiscounts
FNDA:0,(anonymous_6)
FNDA:0,(anonymous_7)
FNDA:0,(anonymous_8)
DA:7,2
DA:8,2
DA:17,0
DA:18,0
DA:19,0
DA:40,0
DA:41,0
DA:43,0
DA:44,0
DA:55,0
DA:56,0
DA:57,0
DA:58,0
DA:59,0
DA:61,0
DA:65,0
DA:67,0
DA:68,0
DA:80,0
DA:81,0
DA:82,0
DA:89,0
DA:90,0
DA:92,0
DA:93,0
DA:104,0
DA:105,0
DA:106,0
DA:110,0
DA:111,0
DA:113,0
DA:114,0
DA:127,0
DA:128,0
DA:129,0
DA:138,0
DA:140,0
DA:141,0
DA:142,0
DA:144,0
DA:145,0
DA:147,0
DA:148,0
DA:151,0
DA:152,0
DA:155,0
DA:156,0
DA:160,0
DA:161,0
DA:162,0
DA:163,0
DA:164,0
DA:166,0
DA:167,0
DA:170,0
DA:181,0
DA:182,0
DA:194,0
DA:195,0
DA:196,0
DA:197,0
DA:211,0
DA:212,0
DA:213,0
DA:214,0
DA:216,0
DA:217,0
DA:221,2
LF:68
LH:3
BRDA:23,0,0,0
BRDA:23,0,1,0
BRDA:25,1,0,0
BRDA:25,1,1,0
BRDA:26,2,0,0
BRDA:26,2,1,0
BRDA:27,3,0,0
BRDA:27,3,1,0
BRDA:28,4,0,0
BRDA:28,4,1,0
BRDA:29,5,0,0
BRDA:29,5,1,0
BRDA:30,6,0,0
BRDA:30,6,1,0
BRDA:31,7,0,0
BRDA:31,7,1,0
BRDA:32,8,0,0
BRDA:32,8,1,0
BRDA:34,9,0,0
BRDA:34,9,1,0
BRDA:35,10,0,0
BRDA:35,10,1,0
BRDA:36,11,0,0
BRDA:36,11,1,0
BRDA:37,12,0,0
BRDA:37,12,1,0
BRDA:54,13,0,0
BRDA:58,14,0,0
BRDA:58,14,1,0
BRDA:59,15,0,0
BRDA:59,15,1,0
BRDA:138,16,0,0
BRDA:138,16,1,0
BRDA:141,17,0,0
BRDA:141,17,1,0
BRDA:141,18,0,0
BRDA:141,18,1,0
BRDA:144,19,0,0
BRDA:144,19,1,0
BRDA:144,20,0,0
BRDA:144,20,1,0
BRDA:147,21,0,0
BRDA:147,21,1,0
BRDA:147,22,0,0
BRDA:147,22,1,0
BRDA:151,23,0,0
BRDA:151,23,1,0
BRDA:155,24,0,0
BRDA:155,24,1,0
BRDA:161,25,0,0
BRDA:161,25,1,0
BRDA:163,26,0,0
BRDA:163,26,1,0
BRDA:166,27,0,0
BRDA:166,27,1,0
BRDA:193,28,0,0
BRDA:212,29,0,0
BRDA:212,29,1,0
BRDA:213,30,0,0
BRDA:213,30,1,0
BRDA:214,31,0,0
BRDA:214,31,1,0
BRDA:214,31,2,0
BRF:63
BRH:0
end_of_record
TN:
SF:src/modules/headoffice/headoffice.routes.js
FN:14,(anonymous_0)
FN:22,(anonymous_1)
FN:30,(anonymous_2)
FN:38,(anonymous_3)
FN:47,(anonymous_4)
FN:55,(anonymous_5)
FN:63,(anonymous_6)
FN:71,(anonymous_7)
FN:84,(anonymous_8)
FNF:9
FNH:0
FNDA:0,(anonymous_0)
FNDA:0,(anonymous_1)
FNDA:0,(anonymous_2)
FNDA:0,(anonymous_3)
FNDA:0,(anonymous_4)
FNDA:0,(anonymous_5)
FNDA:0,(anonymous_6)
FNDA:0,(anonymous_7)
FNDA:0,(anonymous_8)
DA:6,2
DA:7,2
DA:8,2
DA:9,2
DA:10,2
DA:11,2
DA:14,2
DA:15,0
DA:16,0
DA:17,0
DA:18,0
DA:22,2
DA:23,0
DA:24,0
DA:25,0
DA:26,0
DA:30,2
DA:31,0
DA:32,0
DA:33,0
DA:34,0
DA:38,2
DA:39,0
DA:40,0
DA:41,0
DA:42,0
DA:43,0
DA:47,2
DA:48,0
DA:49,0
DA:50,0
DA:51,0
DA:55,2
DA:56,0
DA:57,0
DA:58,0
DA:59,0
DA:63,2
DA:64,0
DA:65,0
DA:66,0
DA:67,0
DA:71,2
DA:72,0
DA:73,0
DA:74,0
DA:75,0
DA:79,0
DA:80,0
DA:84,2
DA:85,0
DA:86,0
DA:87,0
DA:88,0
DA:100,0
DA:105,0
DA:106,0
DA:109,2
LF:58
LH:16
BRF:0
BRH:0
end_of_record
TN:
SF:src/modules/headoffice/headoffice.service.js
FN:15,listOutlets
FN:23,(anonymous_1)
FN:34,(anonymous_2)
FN:46,(anonymous_3)
FN:80,getEnterpriseDashboard
FN:144,getOutletComparison
FN:150,(anonymous_6)
FN:176,(anonymous_7)
FN:190,syncMenu
FN:259,createIndent
FN:268,(anonymous_10)
FN:290,registerRestaurant
FN:303,(anonymous_12)
FN:368,listAllChains
FNF:14
FNH:0
FNDA:0,listOutlets
FNDA:0,(anonymous_1)
FNDA:0,(anonymous_2)
FNDA:0,(anonymous_3)
FNDA:0,getEnterpriseDashboard
FNDA:0,getOutletComparison
FNDA:0,(anonymous_6)
FNDA:0,(anonymous_7)
FNDA:0,syncMenu
FNDA:0,createIndent
FNDA:0,(anonymous_10)
FNDA:0,registerRestaurant
FNDA:0,(anonymous_12)
FNDA:0,listAllChains
DA:6,2
DA:7,2
DA:8,2
DA:16,0
DA:17,0
DA:18,0
DA:23,0
DA:24,0
DA:28,0
DA:29,0
DA:34,0
DA:35,0
DA:40,0
DA:41,0
DA:42,0
DA:43,0
DA:45,0
DA:47,0
DA:60,0
DA:69,0
DA:71,0
DA:72,0
DA:81,0
DA:82,0
DA:83,0
DA:84,0
DA:85,0
DA:86,0
DA:87,0
DA:88,0
DA:94,0
DA:103,0
DA:111,0
DA:112,0
DA:113,0
DA:114,0
DA:117,0
DA:118,0
DA:120,0
DA:133,0
DA:134,0
DA:145,0
DA:146,0
DA:147,0
DA:149,0
DA:151,0
DA:161,0
DA:176,0
DA:178,0
DA:179,0
DA:191,0
DA:192,0
DA:194,0
DA:195,0
DA:200,0
DA:202,0
DA:203,0
DA:204,0
DA:208,0
DA:209,0
DA:210,0
DA:216,0
DA:220,0
DA:221,0
DA:226,0
DA:236,0
DA:239,0
DA:240,0
DA:246,0
DA:247,0
DA:249,0
DA:250,0
DA:260,0
DA:261,0
DA:262,0
DA:268,0
DA:277,0
DA:279,0
DA:280,0
DA:291,0
DA:292,0
DA:294,0
DA:295,0
DA:296,0
DA:297,0
DA:300,0
DA:301,0
DA:303,0
DA:305,0
DA:315,0
DA:326,0
DA:336,0
DA:337,0
DA:348,0
DA:357,0
DA:360,0
DA:361,0
DA:363,0
DA:364,0
DA:369,0
DA:370,0
DA:379,2
LF:102
LH:4
BRDA:28,0,0,0
BRDA:28,0,1,0
BRDA:63,1,0,0
BRDA:63,1,1,0
BRDA:112,2,0,0
BRDA:112,2,1,0
BRDA:114,3,0,0
BRDA:114,3,1,0
BRDA:117,4,0,0
BRDA:117,4,1,0
BRDA:118,5,0,0
BRDA:118,5,1,0
BRDA:125,6,0,0
BRDA:125,6,1,0
BRDA:166,7,0,0
BRDA:166,7,1,0
BRDA:167,8,0,0
BRDA:167,8,1,0
BRDA:168,9,0,0
BRDA:168,9,1,0
BRDA:169,10,0,0
BRDA:169,10,1,0
BRDA:170,11,0,0
BRDA:170,11,1,0
BRDA:190,12,0,0
BRDA:208,13,0,0
BRDA:208,13,1,0
BRDA:209,14,0,0
BRDA:209,14,1,0
BRDA:220,15,0,0
BRDA:220,15,1,0
BRDA:239,16,0,0
BRDA:239,16,1,0
BRDA:296,17,0,0
BRDA:296,17,1,0
BRDA:318,18,0,0
BRDA:318,18,1,0
BRDA:342,19,0,0
BRDA:342,19,1,0
BRF:39
BRH:0
end_of_record
TN:
SF:src/modules/integrations/aggregator.service.js
FN:42,verifyWebhookSignature
FN:67,processIncomingOrder
FN:102,(anonymous_2)
FN:106,(anonymous_3)
FN:149,(anonymous_4)
FN:218,acceptOnlineOrder
FN:226,(anonymous_6)
FN:257,rejectOnlineOrder
FN:263,(anonymous_8)
FN:286,markOrderReady
FN:294,(anonymous_10)
FN:312,getActiveOnlineOrders
FN:329,getOnlineOrderHistory
FN:360,getOnlineStats
FN:376,(anonymous_14)
FN:384,(anonymous_15)
FN:400,syncStatusToAggregator
FN:423,extractExternalOrderId
FN:432,extractOutletId
FN:441,extractItems
FN:443,(anonymous_20)
FN:452,extractCustomerName
FN:456,extractCustomerPhone
FN:460,extractDeliveryAddress
FNF:24
FNH:0
FNDA:0,verifyWebhookSignature
FNDA:0,processIncomingOrder
FNDA:0,(anonymous_2)
FNDA:0,(anonymous_3)
FNDA:0,(anonymous_4)
FNDA:0,acceptOnlineOrder
FNDA:0,(anonymous_6)
FNDA:0,rejectOnlineOrder
FNDA:0,(anonymous_8)
FNDA:0,markOrderReady
FNDA:0,(anonymous_10)
FNDA:0,getActiveOnlineOrders
FNDA:0,getOnlineOrderHistory
FNDA:0,getOnlineStats
FNDA:0,(anonymous_14)
FNDA:0,(anonymous_15)
FNDA:0,syncStatusToAggregator
FNDA:0,extractExternalOrderId
FNDA:0,extractOutletId
FNDA:0,extractItems
FNDA:0,(anonymous_20)
FNDA:0,extractCustomerName
FNDA:0,extractCustomerPhone
FNDA:0,extractDeliveryAddress
DA:7,2
DA:8,2
DA:9,2
DA:10,2
DA:11,2
DA:12,2
DA:14,2
DA:43,0
DA:44,0
DA:45,0
DA:46,0
DA:49,0
DA:54,0
DA:68,0
DA:70,0
DA:71,0
DA:72,0
DA:74,0
DA:77,0
DA:78,0
DA:79,0
DA:82,0
DA:91,0
DA:92,0
DA:95,0
DA:96,0
DA:98,0
DA:102,0
DA:106,0
DA:108,0
DA:109,0
DA:110,0
DA:114,0
DA:115,0
DA:116,0
DA:118,0
DA:119,0
DA:121,0
DA:122,0
DA:123,0
DA:125,0
DA:139,0
DA:140,0
DA:141,0
DA:142,0
DA:143,0
DA:146,0
DA:147,0
DA:149,0
DA:150,0
DA:174,0
DA:175,0
DA:178,0
DA:182,0
DA:191,0
DA:194,0
DA:195,0
DA:196,0
DA:202,0
DA:206,0
DA:208,0
DA:209,0
DA:219,0
DA:220,0
DA:221,0
DA:224,0
DA:226,0
DA:227,0
DA:228,0
DA:233,0
DA:234,0
DA:237,0
DA:238,0
DA:239,0
DA:244,0
DA:246,0
DA:247,0
DA:258,0
DA:259,0
DA:260,0
DA:261,0
DA:263,0
DA:264,0
DA:265,0
DA:270,0
DA:271,0
DA:274,0
DA:276,0
DA:277,0
DA:287,0
DA:288,0
DA:289,0
DA:292,0
DA:294,0
DA:295,0
DA:296,0
DA:301,0
DA:302,0
DA:305,0
DA:306,0
DA:313,0
DA:314,0
DA:330,0
DA:331,0
DA:333,0
DA:339,0
DA:340,0
DA:341,0
DA:342,0
DA:343,0
DA:349,0
DA:361,0
DA:362,0
DA:363,0
DA:365,0
DA:374,0
DA:376,0
DA:384,0
DA:385,0
DA:386,0
DA:387,0
DA:390,0
DA:401,0
DA:402,0
DA:403,0
DA:404,0
DA:407,0
DA:408,0
DA:415,0
DA:424,0
DA:425,0
DA:426,0
DA:427,0
DA:428,0
DA:433,0
DA:434,0
DA:435,0
DA:436,0
DA:437,0
DA:442,0
DA:443,0
DA:453,0
DA:457,0
DA:461,0
DA:462,0
DA:463,0
DA:464,0
DA:467,2
LF:148
LH:8
BRDA:17,0,0,2
BRDA:17,0,1,2
BRDA:18,1,0,2
BRDA:18,1,1,2
BRDA:19,2,0,2
BRDA:19,2,1,2
BRDA:23,3,0,2
BRDA:23,3,1,2
BRDA:24,4,0,2
BRDA:24,4,1,2
BRDA:25,5,0,2
BRDA:25,5,1,2
BRDA:29,6,0,2
BRDA:29,6,1,2
BRDA:30,7,0,2
BRDA:30,7,1,2
BRDA:31,8,0,2
BRDA:31,8,1,2
BRDA:44,9,0,0
BRDA:44,9,1,0
BRDA:44,10,0,0
BRDA:44,10,1,0
BRDA:55,11,0,0
BRDA:55,11,1,0
BRDA:77,12,0,0
BRDA:77,12,1,0
BRDA:91,13,0,0
BRDA:91,13,1,0
BRDA:121,14,0,0
BRDA:121,14,1,0
BRDA:126,15,0,0
BRDA:126,15,1,0
BRDA:131,16,0,0
BRDA:131,16,1,0
BRDA:132,17,0,0
BRDA:132,17,1,0
BRDA:133,18,0,0
BRDA:133,18,1,0
BRDA:195,19,0,0
BRDA:195,19,1,0
BRDA:224,20,0,0
BRDA:224,20,1,0
BRDA:233,21,0,0
BRDA:233,21,1,0
BRDA:233,22,0,0
BRDA:233,22,1,0
BRDA:238,23,0,0
BRDA:238,23,1,0
BRDA:246,24,0,0
BRDA:246,24,1,0
BRDA:261,25,0,0
BRDA:261,25,1,0
BRDA:270,26,0,0
BRDA:270,26,1,0
BRDA:270,27,0,0
BRDA:270,27,1,0
BRDA:276,28,0,0
BRDA:276,28,1,0
BRDA:292,29,0,0
BRDA:292,29,1,0
BRDA:301,30,0,0
BRDA:301,30,1,0
BRDA:301,31,0,0
BRDA:301,31,1,0
BRDA:339,32,0,0
BRDA:339,32,1,0
BRDA:339,33,0,0
BRDA:339,33,1,0
BRDA:340,34,0,0
BRDA:340,34,1,0
BRDA:341,35,0,0
BRDA:341,35,1,0
BRDA:342,36,0,0
BRDA:342,36,1,0
BRDA:385,37,0,0
BRDA:385,37,1,0
BRDA:385,38,0,0
BRDA:385,38,1,0
BRDA:402,39,0,0
BRDA:402,39,1,0
BRDA:402,40,0,0
BRDA:402,40,1,0
BRDA:424,41,0,0
BRDA:424,41,1,0
BRDA:424,41,2,0
BRDA:424,41,3,0
BRDA:425,42,0,0
BRDA:425,42,1,0
BRDA:426,43,0,0
BRDA:426,43,1,0
BRDA:427,44,0,0
BRDA:427,44,1,0
BRDA:428,45,0,0
BRDA:428,45,1,0
BRDA:433,46,0,0
BRDA:433,46,1,0
BRDA:433,46,2,0
BRDA:433,46,3,0
BRDA:434,47,0,0
BRDA:434,47,1,0
BRDA:435,48,0,0
BRDA:435,48,1,0
BRDA:436,49,0,0
BRDA:436,49,1,0
BRDA:437,50,0,0
BRDA:437,50,1,0
BRDA:442,51,0,0
BRDA:442,51,1,0
BRDA:442,51,2,0
BRDA:442,51,3,0
BRDA:444,52,0,0
BRDA:444,52,1,0
BRDA:444,52,2,0
BRDA:445,53,0,0
BRDA:445,53,1,0
BRDA:445,53,2,0
BRDA:446,54,0,0
BRDA:446,54,1,0
BRDA:446,54,2,0
BRDA:447,55,0,0
BRDA:447,55,1,0
BRDA:447,55,2,0
BRDA:448,56,0,0
BRDA:448,56,1,0
BRDA:448,56,2,0
BRDA:448,56,3,0
BRDA:453,57,0,0
BRDA:453,57,1,0
BRDA:453,57,2,0
BRDA:453,57,3,0
BRDA:457,58,0,0
BRDA:457,58,1,0
BRDA:457,58,2,0
BRDA:457,58,3,0
BRDA:461,59,0,0
BRDA:461,59,1,0
BRDA:461,59,2,0
BRDA:462,60,0,0
BRDA:462,60,1,0
BRDA:463,61,0,0
BRDA:463,61,1,0
BRF:141
BRH:18
end_of_record
TN:
SF:src/modules/integrations/integration.routes.js
FN:26,(anonymous_0)
FN:53,(anonymous_1)
FN:61,(anonymous_2)
FN:69,(anonymous_3)
FN:77,(anonymous_4)
FN:85,(anonymous_5)
FN:93,(anonymous_6)
FN:105,(anonymous_7)
FN:114,(anonymous_8)
FN:126,(anonymous_9)
FN:147,(anonymous_10)
FN:160,(anonymous_11)
FN:169,(anonymous_12)
FN:178,(anonymous_13)
FNF:14
FNH:0
FNDA:0,(anonymous_0)
FNDA:0,(anonymous_1)
FNDA:0,(anonymous_2)
FNDA:0,(anonymous_3)
FNDA:0,(anonymous_4)
FNDA:0,(anonymous_5)
FNDA:0,(anonymous_6)
FNDA:0,(anonymous_7)
FNDA:0,(anonymous_8)
FNDA:0,(anonymous_9)
FNDA:0,(anonymous_10)
FNDA:0,(anonymous_11)
FNDA:0,(anonymous_12)
FNDA:0,(anonymous_13)
DA:6,2
DA:7,2
DA:8,2
DA:9,2
DA:10,2
DA:11,2
DA:12,2
DA:13,2
DA:14,2
DA:15,2
DA:16,2
DA:26,2
DA:27,0
DA:28,0
DA:29,0
DA:30,0
DA:32,0
DA:33,0
DA:36,0
DA:37,0
DA:38,0
DA:39,0
DA:42,0
DA:43,0
DA:45,0
DA:47,0
DA:48,0
DA:53,2
DA:54,0
DA:55,0
DA:56,0
DA:57,0
DA:61,2
DA:62,0
DA:63,0
DA:64,0
DA:65,0
DA:69,2
DA:70,0
DA:71,0
DA:72,0
DA:73,0
DA:77,2
DA:78,0
DA:79,0
DA:80,0
DA:81,0
DA:85,2
DA:86,0
DA:87,0
DA:88,0
DA:89,0
DA:93,2
DA:94,0
DA:95,0
DA:96,0
DA:97,0
DA:105,2
DA:106,0
DA:107,0
DA:108,0
DA:109,0
DA:110,0
DA:114,2
DA:115,0
DA:116,0
DA:117,0
DA:118,0
DA:119,0
DA:121,0
DA:122,0
DA:126,2
DA:127,0
DA:128,0
DA:129,0
DA:130,0
DA:132,0
DA:133,0
DA:136,0
DA:137,0
DA:139,0
DA:141,0
DA:142,0
DA:147,2
DA:148,0
DA:149,0
DA:150,0
DA:151,0
DA:152,0
DA:160,2
DA:161,0
DA:162,0
DA:163,0
DA:164,0
DA:165,0
DA:169,2
DA:170,0
DA:171,0
DA:172,0
DA:173,0
DA:174,0
DA:178,2
DA:179,0
DA:180,0
DA:181,0
DA:182,0
DA:183,0
DA:186,2
LF:108
LH:26
BRDA:29,0,0,0
BRDA:29,0,1,0
BRDA:29,0,2,0
BRDA:30,1,0,0
BRDA:30,1,1,0
BRDA:32,2,0,0
BRDA:32,2,1,0
BRDA:37,3,0,0
BRDA:37,3,1,0
BRDA:42,4,0,0
BRDA:42,4,1,0
BRDA:118,5,0,0
BRDA:118,5,1,0
BRDA:128,6,0,0
BRDA:128,6,1,0
BRDA:132,7,0,0
BRDA:132,7,1,0
BRF:17
BRH:0
end_of_record
TN:
SF:src/modules/integrations/notification.service.js
FN:22,sendSMS
FN:59,sendOTP
FN:70,sendWhatsApp
FN:86,(anonymous_3)
FN:117,sendOrderConfirmation
FN:129,sendOrderReady
FN:140,sendInvoice
FN:151,sendLoyaltyNotification
FN:164,sendCampaign
FN:172,(anonymous_9)
FNF:10
FNH:0
FNDA:0,sendSMS
FNDA:0,sendOTP
FNDA:0,sendWhatsApp
FNDA:0,(anonymous_3)
FNDA:0,sendOrderConfirmation
FNDA:0,sendOrderReady
FNDA:0,sendInvoice
FNDA:0,sendLoyaltyNotification
FNDA:0,sendCampaign
FNDA:0,(anonymous_9)
DA:6,2
DA:8,2
DA:9,2
DA:10,2
DA:11,2
DA:12,2
DA:13,2
DA:23,0
DA:24,0
DA:25,0
DA:26,0
DA:29,0
DA:44,0
DA:45,0
DA:46,0
DA:48,0
DA:49,0
DA:60,0
DA:71,0
DA:72,0
DA:73,0
DA:74,0
DA:77,0
DA:86,0
DA:91,0
DA:100,0
DA:101,0
DA:102,0
DA:104,0
DA:105,0
DA:118,0
DA:130,0
DA:141,0
DA:152,0
DA:165,0
DA:166,0
DA:168,0
DA:169,0
DA:170,0
DA:171,0
DA:172,0
DA:174,0
DA:175,0
DA:179,0
DA:180,0
DA:183,2
LF:46
LH:8
BRDA:8,0,0,2
BRDA:8,0,1,0
BRDA:9,1,0,2
BRDA:9,1,1,0
BRDA:10,2,0,2
BRDA:10,2,1,0
BRDA:11,3,0,2
BRDA:11,3,1,2
BRDA:12,4,0,2
BRDA:12,4,1,2
BRDA:13,5,0,2
BRDA:13,5,1,2
BRDA:24,6,0,0
BRDA:24,6,1,0
BRDA:36,7,0,0
BRDA:36,7,1,0
BRDA:60,8,0,0
BRDA:60,8,1,0
BRDA:70,9,0,0
BRDA:72,10,0,0
BRDA:72,10,1,0
BRDA:72,11,0,0
BRDA:72,11,1,0
BRDA:79,12,0,0
BRDA:79,12,1,0
BRDA:84,13,0,0
BRDA:84,13,1,0
BRDA:164,14,0,0
BRF:28
BRH:9
end_of_record
TN:
SF:src/modules/integrations/payment.service.js
FN:22,createRazorpayOrder
FN:83,verifyRazorpayPayment
FN:104,verifyRazorpayWebhook
FN:122,initiateRazorpayRefund
FN:153,formatPineLabsRequest
FNF:5
FNH:0
FNDA:0,createRazorpayOrder
FNDA:0,verifyRazorpayPayment
FNDA:0,verifyRazorpayWebhook
FNDA:0,initiateRazorpayRefund
FNDA:0,formatPineLabsRequest
DA:6,2
DA:7,2
DA:8,2
DA:10,2
DA:11,2
DA:12,2
DA:23,0
DA:24,0
DA:25,0
DA:26,0
DA:37,0
DA:38,0
DA:52,0
DA:53,0
DA:54,0
DA:57,0
DA:58,0
DA:60,0
DA:70,0
DA:71,0
DA:72,0
DA:84,0
DA:85,0
DA:86,0
DA:89,0
DA:90,0
DA:95,0
DA:105,0
DA:107,0
DA:112,0
DA:123,0
DA:124,0
DA:125,0
DA:128,0
DA:129,0
DA:138,0
DA:139,0
DA:140,0
DA:142,0
DA:143,0
DA:154,0
DA:167,2
LF:42
LH:7
BRDA:10,0,0,2
BRDA:10,0,1,0
BRDA:11,1,0,2
BRDA:11,1,1,0
BRDA:12,2,0,2
BRDA:12,2,1,2
BRDA:24,3,0,0
BRDA:24,3,1,0
BRDA:24,4,0,0
BRDA:24,4,1,0
BRDA:32,5,0,0
BRDA:32,5,1,0
BRDA:52,6,0,0
BRDA:52,6,1,0
BRDA:54,7,0,0
BRDA:54,7,1,0
BRDA:70,8,0,0
BRDA:70,8,1,0
BRDA:84,9,0,0
BRDA:84,9,1,0
BRDA:105,10,0,0
BRDA:105,10,1,0
BRDA:124,11,0,0
BRDA:124,11,1,0
BRDA:124,12,0,0
BRDA:124,12,1,0
BRDA:161,13,0,0
BRDA:161,13,1,0
BRDA:162,14,0,0
BRDA:162,14,1,0
BRDA:163,15,0,0
BRDA:163,15,1,0
BRF:32
BRH:4
end_of_record
TN:
SF:src/modules/integrations/accounting/accounting.controller.js
FN:12,getTallyMappings
FN:24,updateTallyMapping
FN:36,exportTallySales
FNF:3
FNH:0
FNDA:0,getTallyMappings
FNDA:0,updateTallyMapping
FNDA:0,exportTallySales
DA:5,2
DA:6,2
DA:13,0
DA:14,0
DA:15,0
DA:16,0
DA:17,0
DA:25,0
DA:26,0
DA:27,0
DA:28,0
DA:29,0
DA:37,0
DA:38,0
DA:39,0
DA:41,0
DA:42,0
DA:43,0
DA:44,0
DA:47,2
LF:20
LH:3
BRF:0
BRH:0
end_of_record
TN:
SF:src/modules/integrations/accounting/accounting.routes.js
FNF:0
FNH:0
DA:5,2
DA:6,2
DA:7,2
DA:8,2
DA:9,2
DA:14,2
DA:15,2
DA:20,2
DA:22,2
LF:9
LH:9
BRF:0
BRH:0
end_of_record
TN:
SF:src/modules/integrations/accounting/tally.service.js
FN:15,wrapTallyEnvelope
FN:42,formatTallyDate
FN:49,getMappings
FN:58,updateMapping
FN:78,exportSalesXML
FN:90,(anonymous_5)
FN:109,(anonymous_6)
FN:163,exportReceiptsXML
FN:175,(anonymous_8)
FN:216,exportPurchasesXML
FNF:10
FNH:0
FNDA:0,wrapTallyEnvelope
FNDA:0,formatTallyDate
FNDA:0,getMappings
FNDA:0,updateMapping
FNDA:0,exportSalesXML
FNDA:0,(anonymous_5)
FNDA:0,(anonymous_6)
FNDA:0,exportReceiptsXML
FNDA:0,(anonymous_8)
FNDA:0,exportPurchasesXML
DA:6,2
DA:7,2
DA:8,2
DA:16,0
DA:43,0
DA:50,0
DA:59,0
DA:79,0
DA:89,0
DA:90,0
DA:92,0
DA:94,0
DA:95,0
DA:96,0
DA:99,0
DA:109,0
DA:157,0
DA:164,0
DA:174,0
DA:175,0
DA:177,0
DA:179,0
DA:180,0
DA:181,0
DA:183,0
DA:210,0
DA:217,0
DA:227,0
DA:229,0
DA:230,0
DA:231,0
DA:233,0
DA:259,0
DA:262,2
LF:34
LH:4
BRDA:96,0,0,0
BRDA:96,0,1,0
BRDA:105,1,0,0
BRDA:105,1,1,0
BRDA:111,2,0,0
BRDA:111,2,1,0
BRDA:124,3,0,0
BRDA:124,3,1,0
BRDA:131,4,0,0
BRDA:131,4,1,0
BRDA:138,5,0,0
BRDA:138,5,1,0
BRDA:146,6,0,0
BRDA:146,6,1,0
BRDA:149,7,0,0
BRDA:149,7,1,0
BRDA:189,8,0,0
BRDA:189,8,1,0
BRDA:191,9,0,0
BRDA:191,9,1,0
BRDA:195,10,0,0
BRDA:195,10,1,0
BRDA:239,11,0,0
BRDA:239,11,1,0
BRDA:251,12,0,0
BRDA:251,12,1,0
BRF:26
BRH:0
end_of_record
TN:
SF:src/modules/inventory/inventory.controller.js
FN:10,getStock
FN:19,adjustStock
FN:29,recordWastage
FN:37,createRecipe
FN:45,getRecipeCost
FN:53,listItems
FN:62,createItem
FN:71,updateItem
FN:79,deleteItem
FN:87,getLowStock
FN:96,getWastageLogs
FN:105,getConsumptionReport
FNF:12
FNH:0
FNDA:0,getStock
FNDA:0,adjustStock
FNDA:0,recordWastage
FNDA:0,createRecipe
FNDA:0,getRecipeCost
FNDA:0,listItems
FNDA:0,createItem
FNDA:0,updateItem
FNDA:0,deleteItem
FNDA:0,getLowStock
FNDA:0,getWastageLogs
FNDA:0,getConsumptionReport
DA:6,2
DA:7,2
DA:11,0
DA:12,0
DA:13,0
DA:14,0
DA:15,0
DA:20,0
DA:21,0
DA:24,0
DA:25,0
DA:30,0
DA:31,0
DA:32,0
DA:33,0
DA:38,0
DA:39,0
DA:40,0
DA:41,0
DA:46,0
DA:47,0
DA:48,0
DA:49,0
DA:54,0
DA:55,0
DA:56,0
DA:57,0
DA:58,0
DA:63,0
DA:64,0
DA:65,0
DA:66,0
DA:67,0
DA:72,0
DA:73,0
DA:74,0
DA:75,0
DA:80,0
DA:81,0
DA:82,0
DA:83,0
DA:88,0
DA:89,0
DA:90,0
DA:91,0
DA:92,0
DA:97,0
DA:98,0
DA:99,0
DA:100,0
DA:101,0
DA:106,0
DA:107,0
DA:108,0
DA:109,0
DA:110,0
DA:113,2
LF:57
LH:3
BRDA:12,0,0,0
BRDA:12,0,1,0
BRDA:55,1,0,0
BRDA:55,1,1,0
BRDA:64,2,0,0
BRDA:64,2,1,0
BRDA:89,3,0,0
BRDA:89,3,1,0
BRDA:98,4,0,0
BRDA:98,4,1,0
BRDA:107,5,0,0
BRDA:107,5,1,0
BRF:12
BRH:0
end_of_record
TN:
SF:src/modules/inventory/inventory.routes.js
FNF:0
FNH:0
DA:6,2
DA:7,2
DA:8,2
DA:9,2
DA:10,2
DA:11,2
DA:12,2
DA:14,2
DA:15,2
DA:16,2
DA:17,2
DA:19,2
DA:20,2
DA:21,2
DA:22,2
DA:24,2
DA:25,2
DA:26,2
DA:27,2
DA:29,2
LF:20
LH:20
BRF:0
BRH:0
end_of_record
TN:
SF:src/modules/inventory/inventory.service.js
FN:18,listInventoryItems
FN:45,createInventoryItem
FN:69,updateInventoryItem
FN:92,deleteInventoryItem
FN:108,getStock
FN:129,(anonymous_5)
FN:142,(anonymous_6)
FN:162,adjustStock
FN:170,(anonymous_8)
FN:211,deductByRecipe
FN:223,(anonymous_10)
FN:297,recordWastage
FN:301,(anonymous_12)
FN:336,createRecipe
FN:347,(anonymous_14)
FN:368,getRecipeCost
FN:378,(anonymous_16)
FN:394,getLowStock
FN:402,getWastageLogs
FN:418,getConsumptionReport
FN:435,(anonymous_20)
FN:439,(anonymous_21)
FN:440,(anonymous_22)
FN:442,(anonymous_23)
FN:443,(anonymous_24)
FNF:25
FNH:0
FNDA:0,listInventoryItems
FNDA:0,createInventoryItem
FNDA:0,updateInventoryItem
FNDA:0,deleteInventoryItem
FNDA:0,getStock
FNDA:0,(anonymous_5)
FNDA:0,(anonymous_6)
FNDA:0,adjustStock
FNDA:0,(anonymous_8)
FNDA:0,deductByRecipe
FNDA:0,(anonymous_10)
FNDA:0,recordWastage
FNDA:0,(anonymous_12)
FNDA:0,createRecipe
FNDA:0,(anonymous_14)
FNDA:0,getRecipeCost
FNDA:0,(anonymous_16)
FNDA:0,getLowStock
FNDA:0,getWastageLogs
FNDA:0,getConsumptionReport
FNDA:0,(anonymous_20)
FNDA:0,(anonymous_21)
FNDA:0,(anonymous_22)
FNDA:0,(anonymous_23)
FNDA:0,(anonymous_24)
DA:6,2
DA:7,2
DA:8,2
DA:9,2
DA:10,2
DA:19,0
DA:20,0
DA:21,0
DA:22,0
DA:23,0
DA:24,0
DA:25,0
DA:27,0
DA:35,0
DA:36,0
DA:46,0
DA:47,0
DA:48,0
DA:60,0
DA:70,0
DA:71,0
DA:72,0
DA:84,0
DA:93,0
DA:94,0
DA:95,0
DA:99,0
DA:109,0
DA:110,0
DA:111,0
DA:112,0
DA:113,0
DA:114,0
DA:116,0
DA:129,0
DA:130,0
DA:131,0
DA:132,0
DA:133,0
DA:134,0
DA:135,0
DA:136,0
DA:138,0
DA:141,0
DA:142,0
DA:143,0
DA:146,0
DA:148,0
DA:149,0
DA:163,0
DA:164,0
DA:165,0
DA:168,0
DA:170,0
DA:171,0
DA:177,0
DA:185,0
DA:188,0
DA:189,0
DA:190,0
DA:191,0
DA:192,0
DA:198,0
DA:199,0
DA:201,0
DA:202,0
DA:212,0
DA:213,0
DA:214,0
DA:218,0
DA:220,0
DA:221,0
DA:223,0
DA:224,0
DA:225,0
DA:230,0
DA:232,0
DA:233,0
DA:235,0
DA:249,0
DA:257,0
DA:258,0
DA:259,0
DA:261,0
DA:262,0
DA:273,0
DA:274,0
DA:275,0
DA:276,0
DA:277,0
DA:282,0
DA:283,0
DA:285,0
DA:286,0
DA:298,0
DA:299,0
DA:300,0
DA:301,0
DA:302,0
DA:303,0
DA:309,0
DA:313,0
DA:320,0
DA:323,0
DA:325,0
DA:326,0
DA:337,0
DA:338,0
DA:339,0
DA:347,0
DA:356,0
DA:358,0
DA:359,0
DA:369,0
DA:370,0
DA:371,0
DA:375,0
DA:377,0
DA:378,0
DA:379,0
DA:380,0
DA:381,0
DA:384,0
DA:386,0
DA:387,0
DA:395,0
DA:396,0
DA:403,0
DA:404,0
DA:405,0
DA:406,0
DA:412,0
DA:419,0
DA:420,0
DA:421,0
DA:422,0
DA:424,0
DA:434,0
DA:435,0
DA:439,0
DA:440,0
DA:442,0
DA:443,0
DA:444,0
DA:447,2
LF:145
LH:6
BRDA:18,0,0,0
BRDA:23,1,0,0
BRDA:23,1,1,0
BRDA:24,2,0,0
BRDA:24,2,1,0
BRDA:25,3,0,0
BRDA:25,3,1,0
BRDA:57,4,0,0
BRDA:57,4,1,0
BRDA:108,5,0,0
BRDA:113,6,0,0
BRDA:113,6,1,0
BRDA:114,7,0,0
BRDA:114,7,1,0
BRDA:131,8,0,0
BRDA:131,8,1,0
BRDA:134,9,0,0
BRDA:134,9,1,0
BRDA:135,10,0,0
BRDA:135,10,1,0
BRDA:136,11,0,0
BRDA:136,11,1,0
BRDA:141,12,0,0
BRDA:141,12,1,0
BRDA:168,13,0,0
BRDA:168,13,1,0
BRDA:189,14,0,0
BRDA:189,14,1,0
BRDA:189,15,0,0
BRDA:189,15,1,0
BRDA:191,16,0,0
BRDA:191,16,1,0
BRDA:201,17,0,0
BRDA:201,17,1,0
BRDA:218,18,0,0
BRDA:218,18,1,0
BRDA:230,19,0,0
BRDA:230,19,1,0
BRDA:261,20,0,0
BRDA:261,20,1,0
BRDA:273,21,0,0
BRDA:273,21,1,0
BRDA:275,22,0,0
BRDA:275,22,1,0
BRDA:285,23,0,0
BRDA:285,23,1,0
BRDA:343,24,0,0
BRDA:343,24,1,0
BRDA:344,25,0,0
BRDA:344,25,1,0
BRDA:375,26,0,0
BRDA:375,26,1,0
BRDA:386,27,0,0
BRDA:386,27,1,0
BRDA:396,28,0,0
BRDA:396,28,1,0
BRDA:402,29,0,0
BRDA:421,30,0,0
BRDA:421,30,1,0
BRDA:422,31,0,0
BRDA:422,31,1,0
BRDA:440,32,0,0
BRDA:440,32,1,0
BRDA:441,33,0,0
BRDA:441,33,1,0
BRF:65
BRH:0
end_of_record
TN:
SF:src/modules/inventory/inventory.validation.js
FNF:0
FNH:0
DA:6,2
DA:8,2
DA:15,2
DA:24,2
DA:36,2
DA:47,2
LF:6
LH:6
BRF:0
BRH:0
end_of_record
TN:
SF:src/modules/menu/ai_menu.controller.js
FN:13,scanMenu
FN:31,confirmSync
FNF:2
FNH:0
FNDA:0,scanMenu
FNDA:0,confirmSync
DA:7,2
DA:8,2
DA:14,0
DA:15,0
DA:16,0
DA:19,0
DA:20,0
DA:22,0
DA:24,0
DA:32,0
DA:33,0
DA:34,0
DA:35,0
DA:38,0
DA:39,0
DA:41,0
DA:45,2
LF:17
LH:3
BRDA:15,0,0,0
BRDA:15,0,1,0
BRDA:34,1,0,0
BRDA:34,1,1,0
BRDA:34,2,0,0
BRDA:34,2,1,0
BRF:6
BRH:0
end_of_record
TN:
SF:src/modules/menu/ai_menu.service.js
FN:17,scanMenuImage
FN:98,syncMenu
FN:102,(anonymous_2)
FNF:3
FNH:0
FNDA:0,scanMenuImage
FNDA:0,syncMenu
FNDA:0,(anonymous_2)
DA:7,2
DA:8,2
DA:9,2
DA:18,0
DA:19,0
DA:20,0
DA:21,0
DA:25,0
DA:28,0
DA:30,0
DA:31,0
DA:32,0
DA:34,0
DA:70,0
DA:80,0
DA:81,0
DA:84,0
DA:85,0
DA:87,0
DA:88,0
DA:99,0
DA:100,0
DA:102,0
DA:103,0
DA:105,0
DA:112,0
DA:114,0
DA:116,0
DA:128,0
DA:131,0
DA:132,0
DA:133,0
DA:141,0
DA:148,0
DA:151,2
LF:35
LH:4
BRDA:19,0,0,0
BRDA:19,0,1,0
BRDA:25,1,0,0
BRDA:25,1,1,0
BRDA:119,2,0,0
BRDA:119,2,1,0
BRDA:120,3,0,0
BRDA:120,3,1,0
BRDA:123,4,0,0
BRDA:123,4,1,0
BRDA:131,5,0,0
BRDA:131,5,1,0
BRDA:131,6,0,0
BRDA:131,6,1,0
BRDA:137,7,0,0
BRDA:137,7,1,0
BRF:16
BRH:0
end_of_record
TN:
SF:src/modules/menu/menu.controller.js
FN:11,createCategory
FN:19,listCategories
FN:28,updateCategory
FN:37,deleteCategory
FN:46,reorderCategories
FN:55,createMenuItem
FN:63,listMenuItems
FN:72,getMenuItem
FN:81,updateMenuItem
FN:90,deleteMenuItem
FN:99,createVariant
FN:107,updateVariant
FN:115,deleteVariant
FN:123,createAddonGroup
FN:131,listAddonGroups
FN:140,createAddon
FN:148,updateAddon
FN:156,deleteAddon
FN:164,bulkPriceUpdate
FN:173,bulkAvailability
FN:182,setOutletOverride
FN:191,createSchedule
FN:199,deleteSchedule
FN:207,createCombo
FN:216,listCombos
FN:225,uploadImage
FNF:26
FNH:0
FNDA:0,createCategory
FNDA:0,listCategories
FNDA:0,updateCategory
FNDA:0,deleteCategory
FNDA:0,reorderCategories
FNDA:0,createMenuItem
FNDA:0,listMenuItems
FNDA:0,getMenuItem
FNDA:0,updateMenuItem
FNDA:0,deleteMenuItem
FNDA:0,createVariant
FNDA:0,updateVariant
FNDA:0,deleteVariant
FNDA:0,createAddonGroup
FNDA:0,listAddonGroups
FNDA:0,createAddon
FNDA:0,updateAddon
FNDA:0,deleteAddon
FNDA:0,bulkPriceUpdate
FNDA:0,bulkAvailability
FNDA:0,setOutletOverride
FNDA:0,createSchedule
FNDA:0,deleteSchedule
FNDA:0,createCombo
FNDA:0,listCombos
FNDA:0,uploadImage
DA:6,2
DA:7,2
DA:8,2
DA:12,0
DA:13,0
DA:14,0
DA:15,0
DA:20,0
DA:21,0
DA:22,0
DA:23,0
DA:24,0
DA:29,0
DA:30,0
DA:31,0
DA:32,0
DA:33,0
DA:38,0
DA:39,0
DA:40,0
DA:41,0
DA:42,0
DA:47,0
DA:48,0
DA:49,0
DA:50,0
DA:51,0
DA:56,0
DA:57,0
DA:58,0
DA:59,0
DA:64,0
DA:65,0
DA:66,0
DA:67,0
DA:68,0
DA:73,0
DA:74,0
DA:75,0
DA:76,0
DA:77,0
DA:82,0
DA:83,0
DA:84,0
DA:85,0
DA:86,0
DA:91,0
DA:92,0
DA:93,0
DA:94,0
DA:95,0
DA:100,0
DA:101,0
DA:102,0
DA:103,0
DA:108,0
DA:109,0
DA:110,0
DA:111,0
DA:116,0
DA:117,0
DA:118,0
DA:119,0
DA:124,0
DA:125,0
DA:126,0
DA:127,0
DA:132,0
DA:133,0
DA:134,0
DA:135,0
DA:136,0
DA:141,0
DA:142,0
DA:143,0
DA:144,0
DA:149,0
DA:150,0
DA:151,0
DA:152,0
DA:157,0
DA:158,0
DA:159,0
DA:160,0
DA:165,0
DA:166,0
DA:167,0
DA:168,0
DA:169,0
DA:174,0
DA:175,0
DA:176,0
DA:177,0
DA:178,0
DA:183,0
DA:184,0
DA:185,0
DA:186,0
DA:187,0
DA:192,0
DA:193,0
DA:194,0
DA:195,0
DA:200,0
DA:201,0
DA:202,0
DA:203,0
DA:208,0
DA:209,0
DA:210,0
DA:211,0
DA:212,0
DA:217,0
DA:218,0
DA:219,0
DA:220,0
DA:221,0
DA:226,0
DA:227,0
DA:230,0
DA:231,0
DA:232,0
DA:235,0
DA:236,0
DA:237,0
DA:239,0
DA:240,0
DA:241,0
DA:244,0
DA:245,0
DA:246,0
DA:248,0
DA:250,0
DA:251,0
DA:253,0
DA:254,0
DA:256,0
DA:259,2
LF:138
LH:4
BRDA:21,0,0,0
BRDA:21,0,1,0
BRDA:30,1,0,0
BRDA:30,1,1,0
BRDA:39,2,0,0
BRDA:39,2,1,0
BRDA:48,3,0,0
BRDA:48,3,1,0
BRDA:65,4,0,0
BRDA:65,4,1,0
BRDA:74,5,0,0
BRDA:74,5,1,0
BRDA:83,6,0,0
BRDA:83,6,1,0
BRDA:92,7,0,0
BRDA:92,7,1,0
BRDA:133,8,0,0
BRDA:133,8,1,0
BRDA:166,9,0,0
BRDA:166,9,1,0
BRDA:175,10,0,0
BRDA:175,10,1,0
BRDA:184,11,0,0
BRDA:184,11,1,0
BRDA:209,12,0,0
BRDA:209,12,1,0
BRDA:218,13,0,0
BRDA:218,13,1,0
BRDA:227,14,0,0
BRDA:227,14,1,0
BRDA:240,15,0,0
BRDA:240,15,1,0
BRF:32
BRH:0
end_of_record
TN:
SF:src/modules/menu/menu.routes.js
FNF:0
FNH:0
DA:6,2
DA:7,2
DA:8,2
DA:9,2
DA:10,2
DA:11,2
DA:12,2
DA:13,2
DA:14,2
DA:21,2
DA:24,2
DA:25,2
DA:28,2
DA:29,2
DA:30,2
DA:31,2
DA:32,2
DA:35,2
DA:36,2
DA:37,2
DA:38,2
DA:39,2
DA:40,2
DA:43,2
DA:44,2
DA:45,2
DA:48,2
DA:49,2
DA:50,2
DA:51,2
DA:52,2
DA:55,2
DA:56,2
DA:59,2
DA:62,2
DA:63,2
DA:66,2
DA:67,2
DA:69,2
LF:39
LH:39
BRF:0
BRH:0
end_of_record
TN:
SF:src/modules/menu/menu.service.js
FN:20,createCategory
FN:38,listCategories
FN:72,updateCategory
FN:98,deleteCategory
FN:123,reorderCategories
FN:127,(anonymous_5)
FN:149,createMenuItem
FN:157,(anonymous_7)
FN:166,(anonymous_8)
FN:169,(anonymous_9)
FN:192,listMenuItems
FN:243,getMenuItem
FN:275,updateMenuItem
FN:290,(anonymous_13)
FN:300,(anonymous_14)
FN:304,(anonymous_15)
FN:326,deleteMenuItem
FN:354,createVariant
FN:373,updateVariant
FN:390,deleteVariant
FN:408,createAddonGroup
FN:423,listAddonGroups
FN:440,createAddon
FN:456,updateAddon
FN:470,deleteAddon
FN:489,bulkPriceUpdate
FN:492,(anonymous_26)
FN:499,(anonymous_27)
FN:514,bulkAvailability
FN:517,(anonymous_29)
FN:524,(anonymous_30)
FN:539,setOutletOverride
FN:563,createSchedule
FN:580,deleteSchedule
FN:601,createCombo
FN:605,(anonymous_35)
FN:609,(anonymous_36)
FN:628,listCombos
FN:645,formatTimeToISO
FN:658,getOutletMenu
FN:684,(anonymous_40)
FNF:41
FNH:0
FNDA:0,createCategory
FNDA:0,listCategories
FNDA:0,updateCategory
FNDA:0,deleteCategory
FNDA:0,reorderCategories
FNDA:0,(anonymous_5)
FNDA:0,createMenuItem
FNDA:0,(anonymous_7)
FNDA:0,(anonymous_8)
FNDA:0,(anonymous_9)
FNDA:0,listMenuItems
FNDA:0,getMenuItem
FNDA:0,updateMenuItem
FNDA:0,(anonymous_13)
FNDA:0,(anonymous_14)
FNDA:0,(anonymous_15)
FNDA:0,deleteMenuItem
FNDA:0,createVariant
FNDA:0,updateVariant
FNDA:0,deleteVariant
FNDA:0,createAddonGroup
FNDA:0,listAddonGroups
FNDA:0,createAddon
FNDA:0,updateAddon
FNDA:0,deleteAddon
FNDA:0,bulkPriceUpdate
FNDA:0,(anonymous_26)
FNDA:0,(anonymous_27)
FNDA:0,bulkAvailability
FNDA:0,(anonymous_29)
FNDA:0,(anonymous_30)
FNDA:0,setOutletOverride
FNDA:0,createSchedule
FNDA:0,deleteSchedule
FNDA:0,createCombo
FNDA:0,(anonymous_35)
FNDA:0,(anonymous_36)
FNDA:0,listCombos
FNDA:0,formatTimeToISO
FNDA:0,getOutletMenu
FNDA:0,(anonymous_40)
DA:6,2
DA:7,2
DA:8,2
DA:9,2
DA:21,0
DA:22,0
DA:23,0
DA:24,0
DA:25,0
DA:27,0
DA:28,0
DA:39,0
DA:40,0
DA:41,0
DA:42,0
DA:43,0
DA:45,0
DA:46,0
DA:49,0
DA:58,0
DA:60,0
DA:61,0
DA:73,0
DA:74,0
DA:75,0
DA:78,0
DA:80,0
DA:84,0
DA:86,0
DA:87,0
DA:88,0
DA:99,0
DA:100,0
DA:101,0
DA:104,0
DA:106,0
DA:110,0
DA:112,0
DA:113,0
DA:124,0
DA:125,0
DA:126,0
DA:128,0
DA:135,0
DA:136,0
DA:150,0
DA:151,0
DA:152,0
DA:153,0
DA:157,0
DA:166,0
DA:169,0
DA:178,0
DA:179,0
DA:181,0
DA:182,0
DA:193,0
DA:194,0
DA:195,0
DA:196,0
DA:198,0
DA:199,0
DA:200,0
DA:201,0
DA:202,0
DA:203,0
DA:204,0
DA:205,0
DA:211,0
DA:230,0
DA:232,0
DA:233,0
DA:244,0
DA:245,0
DA:246,0
DA:260,0
DA:261,0
DA:263,0
DA:264,0
DA:276,0
DA:277,0
DA:278,0
DA:279,0
DA:282,0
DA:284,0
DA:290,0
DA:300,0
DA:304,0
DA:313,0
DA:315,0
DA:316,0
DA:327,0
DA:328,0
DA:329,0
DA:332,0
DA:334,0
DA:339,0
DA:340,0
DA:355,0
DA:356,0
DA:357,0
DA:360,0
DA:362,0
DA:363,0
DA:374,0
DA:375,0
DA:376,0
DA:377,0
DA:378,0
DA:380,0
DA:381,0
DA:391,0
DA:392,0
DA:393,0
DA:395,0
DA:409,0
DA:410,0
DA:411,0
DA:413,0
DA:414,0
DA:424,0
DA:425,0
DA:426,0
DA:431,0
DA:441,0
DA:442,0
DA:443,0
DA:445,0
DA:446,0
DA:457,0
DA:458,0
DA:459,0
DA:461,0
DA:471,0
DA:472,0
DA:473,0
DA:475,0
DA:490,0
DA:491,0
DA:492,0
DA:493,0
DA:498,0
DA:499,0
DA:500,0
DA:501,0
DA:503,0
DA:504,0
DA:515,0
DA:516,0
DA:517,0
DA:518,0
DA:523,0
DA:524,0
DA:525,0
DA:527,0
DA:528,0
DA:540,0
DA:541,0
DA:542,0
DA:548,0
DA:549,0
DA:564,0
DA:565,0
DA:566,0
DA:570,0
DA:571,0
DA:581,0
DA:582,0
DA:583,0
DA:588,0
DA:602,0
DA:603,0
DA:604,0
DA:605,0
DA:606,0
DA:607,0
DA:608,0
DA:609,0
DA:612,0
DA:618,0
DA:619,0
DA:629,0
DA:630,0
DA:631,0
DA:636,0
DA:646,0
DA:648,0
DA:649,0
DA:659,0
DA:660,0
DA:661,0
DA:665,0
DA:667,0
DA:684,0
DA:686,0
DA:688,0
DA:689,0
DA:690,0
DA:694,2
LF:199
LH:5
BRDA:38,0,0,0
BRDA:42,1,0,0
BRDA:42,1,1,0
BRDA:45,2,0,0
BRDA:45,2,1,0
BRDA:78,3,0,0
BRDA:78,3,1,0
BRDA:86,4,0,0
BRDA:86,4,1,0
BRDA:104,5,0,0
BRDA:104,5,1,0
BRDA:112,6,0,0
BRDA:112,6,1,0
BRDA:156,7,0,0
BRDA:156,7,1,0
BRDA:156,8,0,0
BRDA:156,8,1,0
BRDA:165,9,0,0
BRDA:165,9,1,0
BRDA:165,10,0,0
BRDA:165,10,1,0
BRDA:168,11,0,0
BRDA:168,11,1,0
BRDA:168,12,0,0
BRDA:168,12,1,0
BRDA:192,13,0,0
BRDA:198,14,0,0
BRDA:198,14,1,0
BRDA:199,15,0,0
BRDA:199,15,1,0
BRDA:200,16,0,0
BRDA:200,16,1,0
BRDA:201,17,0,0
BRDA:201,17,1,0
BRDA:202,18,0,0
BRDA:202,18,1,0
BRDA:203,19,0,0
BRDA:203,19,1,0
BRDA:204,20,0,0
BRDA:204,20,1,0
BRDA:260,21,0,0
BRDA:260,21,1,0
BRDA:263,22,0,0
BRDA:263,22,1,0
BRDA:282,23,0,0
BRDA:282,23,1,0
BRDA:288,24,0,0
BRDA:288,24,1,0
BRDA:298,25,0,0
BRDA:298,25,1,0
BRDA:302,26,0,0
BRDA:302,26,1,0
BRDA:315,27,0,0
BRDA:315,27,1,0
BRDA:332,28,0,0
BRDA:332,28,1,0
BRDA:339,29,0,0
BRDA:339,29,1,0
BRDA:377,30,0,0
BRDA:377,30,1,0
BRDA:380,31,0,0
BRDA:380,31,1,0
BRDA:607,32,0,0
BRDA:607,32,1,0
BRDA:607,33,0,0
BRDA:607,33,1,0
BRDA:646,34,0,0
BRDA:646,34,1,0
BRDA:648,35,0,0
BRDA:648,35,1,0
BRDA:665,36,0,0
BRDA:665,36,1,0
BRDA:688,37,0,0
BRDA:688,37,1,0
BRF:74
BRH:0
end_of_record
TN:
SF:src/modules/menu/menu.validation.js
FNF:0
FNH:0
DA:6,2
DA:8,2
DA:17,2
DA:25,2
DA:66,2
DA:105,2
DA:113,2
DA:121,2
DA:129,2
DA:137,2
DA:145,2
DA:151,2
DA:162,2
LF:13
LH:13
BRF:0
BRH:0
end_of_record
TN:
SF:src/modules/online-orders/online-order.controller.js
FN:13,getPublicMenu
FN:25,placeOrder
FN:35,acceptOrder
FN:47,rejectOrder
FNF:4
FNH:0
FNDA:0,getPublicMenu
FNDA:0,placeOrder
FNDA:0,acceptOrder
FNDA:0,rejectOrder
DA:6,2
DA:7,2
DA:8,2
DA:14,0
DA:15,0
DA:17,0
DA:18,0
DA:19,0
DA:26,0
DA:27,0
DA:28,0
DA:29,0
DA:36,0
DA:37,0
DA:38,0
DA:39,0
DA:40,0
DA:41,0
DA:48,0
DA:49,0
DA:50,0
DA:51,0
DA:52,0
DA:53,0
DA:56,2
LF:25
LH:4
BRF:0
BRH:0
end_of_record
TN:
SF:src/modules/online-orders/online-order.routes.js
FNF:0
FNH:0
DA:6,2
DA:7,2
DA:8,2
DA:9,2
DA:10,2
DA:12,2
DA:19,2
DA:22,2
DA:29,2
DA:32,0
DA:34,0
LF:11
LH:9
BRF:0
BRH:0
end_of_record
TN:
SF:src/modules/online-orders/online-order.service.js
FN:23,placeCustomerOrder
FN:72,acceptCustomerOrder
FN:119,rejectCustomerOrder
FNF:3
FNH:0
FNDA:0,placeCustomerOrder
FNDA:0,acceptCustomerOrder
FNDA:0,rejectCustomerOrder
DA:6,2
DA:7,2
DA:8,2
DA:9,2
DA:10,2
DA:24,0
DA:27,0
DA:30,0
DA:33,0
DA:41,0
DA:44,0
DA:50,0
DA:51,0
DA:52,0
DA:62,0
DA:73,0
DA:75,0
DA:78,0
DA:81,0
DA:87,0
DA:88,0
DA:89,0
DA:91,0
DA:96,0
DA:97,0
DA:98,0
DA:103,0
DA:109,0
DA:120,0
DA:122,0
DA:125,0
DA:128,0
DA:131,0
DA:132,0
DA:138,0
DA:139,0
DA:140,0
DA:141,0
DA:148,2
LF:39
LH:6
BRDA:30,0,0,0
BRDA:30,0,1,0
BRDA:51,1,0,0
BRDA:51,1,1,0
BRDA:78,2,0,0
BRDA:78,2,1,0
BRDA:97,3,0,0
BRDA:97,3,1,0
BRDA:125,4,0,0
BRDA:125,4,1,0
BRDA:131,5,0,0
BRDA:131,5,1,0
BRDA:139,6,0,0
BRDA:139,6,1,0
BRF:14
BRH:0
end_of_record
TN:
SF:src/modules/orders/kot.routes.js
FN:15,(anonymous_0)
FN:23,(anonymous_1)
FN:30,(anonymous_2)
FN:38,(anonymous_3)
FN:46,(anonymous_4)
FN:54,(anonymous_5)
FN:61,(anonymous_6)
FN:68,(anonymous_7)
FNF:8
FNH:0
FNDA:0,(anonymous_0)
FNDA:0,(anonymous_1)
FNDA:0,(anonymous_2)
FNDA:0,(anonymous_3)
FNDA:0,(anonymous_4)
FNDA:0,(anonymous_5)
FNDA:0,(anonymous_6)
FNDA:0,(anonymous_7)
DA:6,2
DA:7,2
DA:8,2
DA:9,2
DA:10,2
DA:11,2
DA:12,2
DA:15,2
DA:16,0
DA:17,0
DA:18,0
DA:19,0
DA:20,0
DA:23,2
DA:24,0
DA:25,0
DA:26,0
DA:27,0
DA:30,2
DA:31,0
DA:32,0
DA:33,0
DA:34,0
DA:38,2
DA:39,0
DA:40,0
DA:41,0
DA:42,0
DA:43,0
DA:46,2
DA:47,0
DA:48,0
DA:49,0
DA:50,0
DA:51,0
DA:54,2
DA:55,0
DA:56,0
DA:57,0
DA:58,0
DA:61,2
DA:62,0
DA:63,0
DA:64,0
DA:65,0
DA:68,2
DA:69,0
DA:70,0
DA:71,0
DA:72,0
DA:73,0
DA:76,2
LF:52
LH:16
BRDA:17,0,0,0
BRDA:17,0,1,0
BRDA:40,1,0,0
BRDA:40,1,1,0
BRDA:70,2,0,0
BRDA:70,2,1,0
BRF:6
BRH:0
end_of_record
TN:
SF:src/modules/orders/kot.service.js
FN:17,listPendingKOTs
FN:49,markItemReady
FN:86,completeKOT
FN:95,(anonymous_3)
FN:109,(anonymous_4)
FNF:5
FNH:0
FNDA:0,listPendingKOTs
FNDA:0,markItemReady
FNDA:0,completeKOT
FNDA:0,(anonymous_3)
FNDA:0,(anonymous_4)
DA:6,2
DA:7,2
DA:8,2
DA:9,2
DA:18,0
DA:19,0
DA:20,0
DA:21,0
DA:23,0
DA:38,0
DA:39,0
DA:50,0
DA:51,0
DA:52,0
DA:53,0
DA:55,0
DA:60,0
DA:65,0
DA:67,0
DA:68,0
DA:69,0
DA:74,0
DA:76,0
DA:77,0
DA:87,0
DA:88,0
DA:89,0
DA:93,0
DA:95,0
DA:96,0
DA:97,0
DA:101,0
DA:102,0
DA:106,0
DA:109,0
DA:111,0
DA:112,0
DA:113,0
DA:118,0
DA:119,0
DA:120,0
DA:121,0
DA:126,0
DA:128,0
DA:129,0
DA:133,2
LF:46
LH:5
BRDA:17,0,0,0
BRDA:21,1,0,0
BRDA:21,1,1,0
BRDA:53,2,0,0
BRDA:53,2,1,0
BRDA:68,3,0,0
BRDA:68,3,1,0
BRDA:68,4,0,0
BRDA:68,4,1,0
BRDA:76,5,0,0
BRDA:76,5,1,0
BRDA:93,6,0,0
BRDA:93,6,1,0
BRDA:109,7,0,0
BRDA:109,7,1,0
BRDA:111,8,0,0
BRDA:111,8,1,0
BRDA:119,9,0,0
BRDA:119,9,1,0
BRDA:122,10,0,0
BRDA:122,10,1,0
BRDA:128,11,0,0
BRDA:128,11,1,0
BRF:23
BRH:0
end_of_record
TN:
SF:src/modules/orders/order.controller.js
FN:10,createOrder
FN:18,listOrders
FN:27,getOrder
FN:35,addItems
FN:43,generateKOT
FN:51,updateStatus
FN:59,processPayment
FN:67,generateBill
FN:75,cancelOrder
FN:83,voidOrder
FNF:10
FNH:0
FNDA:0,createOrder
FNDA:0,listOrders
FNDA:0,getOrder
FNDA:0,addItems
FNDA:0,generateKOT
FNDA:0,updateStatus
FNDA:0,processPayment
FNDA:0,generateBill
FNDA:0,cancelOrder
FNDA:0,voidOrder
DA:6,2
DA:7,2
DA:11,0
DA:12,0
DA:13,0
DA:14,0
DA:19,0
DA:20,0
DA:21,0
DA:22,0
DA:23,0
DA:28,0
DA:29,0
DA:30,0
DA:31,0
DA:36,0
DA:37,0
DA:38,0
DA:39,0
DA:44,0
DA:45,0
DA:46,0
DA:47,0
DA:52,0
DA:53,0
DA:54,0
DA:55,0
DA:60,0
DA:61,0
DA:62,0
DA:63,0
DA:68,0
DA:69,0
DA:70,0
DA:71,0
DA:76,0
DA:77,0
DA:78,0
DA:79,0
DA:84,0
DA:85,0
DA:86,0
DA:87,0
DA:90,2
LF:44
LH:3
BRDA:20,0,0,0
BRDA:20,0,1,0
BRF:2
BRH:0
end_of_record
TN:
SF:src/modules/orders/order.routes.js
FNF:0
FNH:0
DA:6,2
DA:7,2
DA:8,2
DA:9,2
DA:10,2
DA:11,2
DA:12,2
DA:14,2
DA:15,2
DA:16,2
DA:17,2
DA:18,2
DA:19,2
DA:20,2
DA:21,2
DA:22,2
DA:23,2
DA:25,2
LF:18
LH:18
BRF:0
BRH:0
end_of_record
TN:
SF:src/modules/orders/order.service.js
FN:20,generateInvoiceNumber
FN:38,createOrder
FN:65,(anonymous_2)
FN:71,(anonymous_3)
FN:85,(anonymous_4)
FN:95,(anonymous_5)
FN:146,(anonymous_6)
FN:193,(anonymous_7)
FN:242,getOrderById
FN:276,listOrders
FN:326,addItemsToOrder
FN:337,(anonymous_11)
FN:342,(anonymous_12)
FN:346,(anonymous_13)
FN:356,(anonymous_14)
FN:366,(anonymous_15)
FN:388,(anonymous_16)
FN:437,generateKOT
FN:462,(anonymous_18)
FN:500,(anonymous_19)
FN:543,processPayment
FN:561,(anonymous_21)
FN:623,(anonymous_22)
FN:640,generateBill
FN:655,(anonymous_24)
FN:700,cancelOrder
FN:711,(anonymous_26)
FN:747,(anonymous_27)
FN:756,(anonymous_28)
FN:815,voidOrder
FN:826,(anonymous_30)
FN:836,(anonymous_31)
FN:881,updateOrderStatus
FN:887,(anonymous_33)
FNF:34
FNH:0
FNDA:0,generateInvoiceNumber
FNDA:0,createOrder
FNDA:0,(anonymous_2)
FNDA:0,(anonymous_3)
FNDA:0,(anonymous_4)
FNDA:0,(anonymous_5)
FNDA:0,(anonymous_6)
FNDA:0,(anonymous_7)
FNDA:0,getOrderById
FNDA:0,listOrders
FNDA:0,addItemsToOrder
FNDA:0,(anonymous_11)
FNDA:0,(anonymous_12)
FNDA:0,(anonymous_13)
FNDA:0,(anonymous_14)
FNDA:0,(anonymous_15)
FNDA:0,(anonymous_16)
FNDA:0,generateKOT
FNDA:0,(anonymous_18)
FNDA:0,(anonymous_19)
FNDA:0,processPayment
FNDA:0,(anonymous_21)
FNDA:0,(anonymous_22)
FNDA:0,generateBill
FNDA:0,(anonymous_24)
FNDA:0,cancelOrder
FNDA:0,(anonymous_26)
FNDA:0,(anonymous_27)
FNDA:0,(anonymous_28)
FNDA:0,voidOrder
FNDA:0,(anonymous_30)
FNDA:0,(anonymous_31)
FNDA:0,updateOrderStatus
FNDA:0,(anonymous_33)
DA:7,2
DA:8,2
DA:9,2
DA:10,2
DA:11,2
DA:12,2
DA:21,0
DA:22,0
DA:28,0
DA:29,0
DA:39,0
DA:41,0
DA:42,0
DA:45,0
DA:47,0
DA:48,0
DA:51,0
DA:52,0
DA:53,0
DA:57,0
DA:58,0
DA:59,0
DA:62,0
DA:63,0
DA:65,0
DA:66,0
DA:71,0
DA:72,0
DA:73,0
DA:75,0
DA:76,0
DA:77,0
DA:78,0
DA:80,0
DA:81,0
DA:82,0
DA:84,0
DA:85,0
DA:86,0
DA:87,0
DA:88,0
DA:91,0
DA:92,0
DA:93,0
DA:94,0
DA:95,0
DA:96,0
DA:97,0
DA:98,0
DA:99,0
DA:108,0
DA:109,0
DA:111,0
DA:128,0
DA:129,0
DA:130,0
DA:131,0
DA:133,0
DA:134,0
DA:135,0
DA:136,0
DA:137,0
DA:138,0
DA:141,0
DA:142,0
DA:143,0
DA:144,0
DA:146,0
DA:147,0
DA:171,0
DA:172,0
DA:191,0
DA:192,0
DA:193,0
DA:198,0
DA:202,0
DA:203,0
DA:209,0
DA:212,0
DA:216,0
DA:217,0
DA:218,0
DA:219,0
DA:220,0
DA:221,0
DA:228,0
DA:229,0
DA:231,0
DA:232,0
DA:233,0
DA:243,0
DA:244,0
DA:245,0
DA:262,0
DA:263,0
DA:265,0
DA:266,0
DA:277,0
DA:278,0
DA:279,0
DA:280,0
DA:282,0
DA:283,0
DA:284,0
DA:286,0
DA:289,0
DA:290,0
DA:291,0
DA:292,0
DA:294,0
DA:296,0
DA:312,0
DA:314,0
DA:315,0
DA:327,0
DA:328,0
DA:329,0
DA:332,0
DA:333,0
DA:334,0
DA:337,0
DA:338,0
DA:342,0
DA:344,0
DA:346,0
DA:347,0
DA:348,0
DA:349,0
DA:351,0
DA:352,0
DA:353,0
DA:355,0
DA:356,0
DA:357,0
DA:358,0
DA:359,0
DA:362,0
DA:363,0
DA:364,0
DA:365,0
DA:366,0
DA:367,0
DA:368,0
DA:369,0
DA:373,0
DA:374,0
DA:376,0
DA:386,0
DA:387,0
DA:388,0
DA:393,0
DA:397,0
DA:398,0
DA:399,0
DA:400,0
DA:401,0
DA:402,0
DA:403,0
DA:404,0
DA:407,0
DA:408,0
DA:410,0
DA:425,0
DA:427,0
DA:428,0
DA:438,0
DA:439,0
DA:440,0
DA:447,0
DA:449,0
DA:450,0
DA:451,0
DA:454,0
DA:455,0
DA:456,0
DA:457,0
DA:458,0
DA:461,0
DA:462,0
DA:463,0
DA:464,0
DA:465,0
DA:467,0
DA:476,0
DA:477,0
DA:480,0
DA:486,0
DA:489,0
DA:490,0
DA:491,0
DA:497,0
DA:498,0
DA:499,0
DA:500,0
DA:512,0
DA:513,0
DA:520,0
DA:521,0
DA:523,0
DA:528,0
DA:529,0
DA:531,0
DA:532,0
DA:544,0
DA:545,0
DA:546,0
DA:549,0
DA:550,0
DA:551,0
DA:552,0
DA:555,0
DA:556,0
DA:561,0
DA:562,0
DA:571,0
DA:572,0
DA:573,0
DA:582,0
DA:591,0
DA:592,0
DA:598,0
DA:599,0
DA:602,0
DA:606,0
DA:609,0
DA:610,0
DA:611,0
DA:612,0
DA:613,0
DA:619,0
DA:622,0
DA:623,0
DA:624,0
DA:627,0
DA:629,0
DA:630,0
DA:641,0
DA:642,0
DA:643,0
DA:646,0
DA:647,0
DA:648,0
DA:651,0
DA:652,0
DA:655,0
DA:656,0
DA:658,0
DA:666,0
DA:675,0
DA:678,0
DA:679,0
DA:680,0
DA:685,0
DA:686,0
DA:688,0
DA:689,0
DA:701,0
DA:702,0
DA:703,0
DA:707,0
DA:708,0
DA:709,0
DA:711,0
DA:712,0
DA:714,0
DA:724,0
DA:734,0
DA:747,0
DA:748,0
DA:749,0
DA:753,0
DA:756,0
DA:757,0
DA:758,0
DA:762,0
DA:765,0
DA:768,0
DA:772,0
DA:773,0
DA:780,0
DA:781,0
DA:783,0
DA:786,0
DA:787,0
DA:792,0
DA:799,0
DA:800,0
DA:802,0
DA:803,0
DA:816,0
DA:817,0
DA:818,0
DA:823,0
DA:825,0
DA:826,0
DA:828,0
DA:830,0
DA:831,0
DA:832,0
DA:833,0
DA:836,0
DA:837,0
DA:842,0
DA:843,0
DA:848,0
DA:851,0
DA:852,0
DA:857,0
DA:866,0
DA:867,0
DA:869,0
DA:870,0
DA:882,0
DA:883,0
DA:884,0
DA:885,0
DA:887,0
DA:888,0
DA:889,0
DA:894,0
DA:895,0
DA:896,0
DA:901,0
DA:903,0
DA:904,0
DA:908,2
LF:326
LH:7
BRDA:45,0,0,0
BRDA:45,0,1,0
BRDA:47,1,0,0
BRDA:47,1,1,0
BRDA:51,2,0,0
BRDA:51,2,1,0
BRDA:52,3,0,0
BRDA:52,3,1,0
BRDA:52,4,0,0
BRDA:52,4,1,0
BRDA:77,5,0,0
BRDA:77,5,1,0
BRDA:78,6,0,0
BRDA:78,6,1,0
BRDA:84,7,0,0
BRDA:84,7,1,0
BRDA:86,8,0,0
BRDA:86,8,1,0
BRDA:93,9,0,0
BRDA:93,9,1,0
BRDA:93,10,0,0
BRDA:93,10,1,0
BRDA:96,11,0,0
BRDA:96,11,1,0
BRDA:97,12,0,0
BRDA:97,12,1,0
BRDA:103,13,0,0
BRDA:103,13,1,0
BRDA:113,14,0,0
BRDA:113,14,1,0
BRDA:123,15,0,0
BRDA:123,15,1,0
BRDA:151,16,0,0
BRDA:151,16,1,0
BRDA:152,17,0,0
BRDA:152,17,1,0
BRDA:153,18,0,0
BRDA:153,18,1,0
BRDA:154,19,0,0
BRDA:154,19,1,0
BRDA:165,20,0,0
BRDA:165,20,1,0
BRDA:166,21,0,0
BRDA:166,21,1,0
BRDA:191,22,0,0
BRDA:191,22,1,0
BRDA:199,23,0,0
BRDA:199,23,1,0
BRDA:202,24,0,0
BRDA:202,24,1,0
BRDA:216,25,0,0
BRDA:216,25,1,0
BRDA:218,26,0,0
BRDA:218,26,1,0
BRDA:220,27,0,0
BRDA:220,27,1,0
BRDA:231,28,0,0
BRDA:231,28,1,0
BRDA:231,29,0,0
BRDA:231,29,1,0
BRDA:262,30,0,0
BRDA:262,30,1,0
BRDA:265,31,0,0
BRDA:265,31,1,0
BRDA:276,32,0,0
BRDA:282,33,0,0
BRDA:282,33,1,0
BRDA:283,34,0,0
BRDA:283,34,1,0
BRDA:283,35,0,0
BRDA:283,35,1,0
BRDA:289,36,0,0
BRDA:289,36,1,0
BRDA:290,37,0,0
BRDA:290,37,1,0
BRDA:291,38,0,0
BRDA:291,38,1,0
BRDA:291,39,0,0
BRDA:291,39,1,0
BRDA:294,40,0,0
BRDA:294,40,1,0
BRDA:332,41,0,0
BRDA:332,41,1,0
BRDA:333,42,0,0
BRDA:333,42,1,0
BRDA:349,43,0,0
BRDA:349,43,1,0
BRDA:355,44,0,0
BRDA:355,44,1,0
BRDA:357,45,0,0
BRDA:357,45,1,0
BRDA:364,46,0,0
BRDA:364,46,1,0
BRDA:364,47,0,0
BRDA:364,47,1,0
BRDA:367,48,0,0
BRDA:367,48,1,0
BRDA:368,49,0,0
BRDA:368,49,1,0
BRDA:369,50,0,0
BRDA:369,50,1,0
BRDA:378,51,0,0
BRDA:378,51,1,0
BRDA:382,52,0,0
BRDA:382,52,1,0
BRDA:386,53,0,0
BRDA:386,53,1,0
BRDA:427,54,0,0
BRDA:427,54,1,0
BRDA:427,55,0,0
BRDA:427,55,1,0
BRDA:447,56,0,0
BRDA:447,56,1,0
BRDA:450,57,0,0
BRDA:450,57,1,0
BRDA:456,58,0,0
BRDA:456,58,1,0
BRDA:457,59,0,0
BRDA:457,59,1,0
BRDA:489,60,0,0
BRDA:489,60,1,0
BRDA:498,61,0,0
BRDA:498,61,1,0
BRDA:531,62,0,0
BRDA:531,62,1,0
BRDA:531,63,0,0
BRDA:531,63,1,0
BRDA:549,64,0,0
BRDA:549,64,1,0
BRDA:550,65,0,0
BRDA:550,65,1,0
BRDA:551,66,0,0
BRDA:551,66,1,0
BRDA:555,67,0,0
BRDA:555,67,1,0
BRDA:566,68,0,0
BRDA:566,68,1,0
BRDA:571,69,0,0
BRDA:571,69,1,0
BRDA:571,70,0,0
BRDA:571,70,1,0
BRDA:576,71,0,0
BRDA:576,71,1,0
BRDA:591,72,0,0
BRDA:591,72,1,0
BRDA:598,73,0,0
BRDA:598,73,1,0
BRDA:610,74,0,0
BRDA:610,74,1,0
BRDA:612,75,0,0
BRDA:612,75,1,0
BRDA:629,76,0,0
BRDA:629,76,1,0
BRDA:629,77,0,0
BRDA:629,77,1,0
BRDA:646,78,0,0
BRDA:646,78,1,0
BRDA:647,79,0,0
BRDA:647,79,1,0
BRDA:648,80,0,0
BRDA:648,80,1,0
BRDA:651,81,0,0
BRDA:651,81,1,0
BRDA:651,82,0,0
BRDA:651,82,1,0
BRDA:679,83,0,0
BRDA:679,83,1,0
BRDA:688,84,0,0
BRDA:688,84,1,0
BRDA:688,85,0,0
BRDA:688,85,1,0
BRDA:707,86,0,0
BRDA:707,86,1,0
BRDA:708,87,0,0
BRDA:708,87,1,0
BRDA:709,88,0,0
BRDA:709,88,1,0
BRDA:712,89,0,0
BRDA:712,89,1,0
BRDA:748,90,0,0
BRDA:748,90,1,0
BRDA:757,91,0,0
BRDA:757,91,1,0
BRDA:772,92,0,0
BRDA:772,92,1,0
BRDA:781,93,0,0
BRDA:781,93,1,0
BRDA:786,94,0,0
BRDA:786,94,1,0
BRDA:800,95,0,0
BRDA:800,95,1,0
BRDA:802,96,0,0
BRDA:802,96,1,0
BRDA:802,97,0,0
BRDA:802,97,1,0
BRDA:823,98,0,0
BRDA:823,98,1,0
BRDA:828,99,0,0
BRDA:828,99,1,0
BRDA:831,100,0,0
BRDA:831,100,1,0
BRDA:832,101,0,0
BRDA:832,101,1,0
BRDA:842,102,0,0
BRDA:842,102,1,0
BRDA:851,103,0,0
BRDA:851,103,1,0
BRDA:869,104,0,0
BRDA:869,104,1,0
BRDA:869,105,0,0
BRDA:869,105,1,0
BRDA:869,105,2,0
BRDA:885,106,0,0
BRDA:885,106,1,0
BRDA:895,107,0,0
BRDA:895,107,1,0
BRDA:903,108,0,0
BRDA:903,108,1,0
BRF:218
BRH:0
end_of_record
TN:
SF:src/modules/orders/order.validation.js
FNF:0
FNH:0
DA:6,2
DA:8,2
DA:27,2
DA:40,2
DA:47,2
DA:60,2
DA:65,2
DA:71,2
DA:75,2
LF:9
LH:9
BRF:0
BRH:0
end_of_record
TN:
SF:src/modules/orders/table.controller.js
FN:10,listTables
FN:19,updateTableStatus
FN:27,listTableAreas
FN:36,createTable
FN:45,deleteTable
FNF:5
FNH:0
FNDA:0,listTables
FNDA:0,updateTableStatus
FNDA:0,listTableAreas
FNDA:0,createTable
FNDA:0,deleteTable
DA:6,2
DA:7,2
DA:11,0
DA:12,0
DA:13,0
DA:14,0
DA:15,0
DA:20,0
DA:21,0
DA:22,0
DA:23,0
DA:28,0
DA:29,0
DA:30,0
DA:31,0
DA:32,0
DA:37,0
DA:38,0
DA:39,0
DA:40,0
DA:41,0
DA:46,0
DA:47,0
DA:48,0
DA:49,0
DA:52,2
LF:26
LH:3
BRDA:12,0,0,0
BRDA:12,0,1,0
BRDA:29,1,0,0
BRDA:29,1,1,0
BRDA:38,2,0,0
BRDA:38,2,1,0
BRF:6
BRH:0
end_of_record
TN:
SF:src/modules/orders/table.routes.js
FNF:0
FNH:0
DA:6,2
DA:7,2
DA:8,2
DA:9,2
DA:10,2
DA:11,2
DA:16,2
DA:19,2
DA:20,2
DA:21,2
DA:22,2
DA:25,2
DA:27,2
LF:13
LH:13
BRF:0
BRH:0
end_of_record
TN:
SF:src/modules/orders/table.service.js
FN:17,listTables
FN:49,updateTableStatus
FN:79,listTableAreas
FN:97,createTable
FN:120,deleteTable
FN:138,getTableQR
FNF:6
FNH:0
FNDA:0,listTables
FNDA:0,updateTableStatus
FNDA:0,listTableAreas
FNDA:0,createTable
FNDA:0,deleteTable
FNDA:0,getTableQR
DA:6,2
DA:7,2
DA:8,2
DA:9,2
DA:18,0
DA:19,0
DA:20,0
DA:21,0
DA:22,0
DA:24,0
DA:38,0
DA:39,0
DA:50,0
DA:51,0
DA:52,0
DA:53,0
DA:55,0
DA:60,0
DA:61,0
DA:62,0
DA:67,0
DA:69,0
DA:70,0
DA:80,0
DA:81,0
DA:82,0
DA:88,0
DA:98,0
DA:99,0
DA:100,0
DA:110,0
DA:111,0
DA:121,0
DA:122,0
DA:123,0
DA:128,0
DA:129,0
DA:139,0
DA:140,0
DA:141,0
DA:144,0
DA:145,0
DA:148,2
LF:43
LH:5
BRDA:17,0,0,0
BRDA:21,1,0,0
BRDA:21,1,1,0
BRDA:22,2,0,0
BRDA:22,2,1,0
BRDA:53,3,0,0
BRDA:53,3,1,0
BRDA:57,4,0,0
BRDA:57,4,1,0
BRDA:61,5,0,0
BRDA:61,5,1,0
BRDA:69,6,0,0
BRDA:69,6,1,0
BRDA:104,7,0,0
BRDA:104,7,1,0
BRDA:104,7,2,0
BRDA:105,8,0,0
BRDA:105,8,1,0
BRDA:141,9,0,0
BRDA:141,9,1,0
BRDA:144,10,0,0
BRDA:144,10,1,0
BRF:22
BRH:0
end_of_record
TN:
SF:src/modules/orders/table.validation.js
FNF:0
FNH:0
DA:6,2
DA:8,2
DA:16,2
DA:20,2
DA:26,2
LF:5
LH:5
BRF:0
BRH:0
end_of_record
TN:
SF:src/modules/reports/reports.routes.js
FN:14,(anonymous_0)
FN:23,(anonymous_1)
FN:33,(anonymous_2)
FN:43,(anonymous_3)
FN:54,(anonymous_4)
FN:63,(anonymous_5)
FN:73,(anonymous_6)
FN:82,(anonymous_7)
FN:91,(anonymous_8)
FN:100,(anonymous_9)
FNF:10
FNH:0
FNDA:0,(anonymous_0)
FNDA:0,(anonymous_1)
FNDA:0,(anonymous_2)
FNDA:0,(anonymous_3)
FNDA:0,(anonymous_4)
FNDA:0,(anonymous_5)
FNDA:0,(anonymous_6)
FNDA:0,(anonymous_7)
FNDA:0,(anonymous_8)
FNDA:0,(anonymous_9)
DA:6,2
DA:7,2
DA:8,2
DA:9,2
DA:10,2
DA:11,2
DA:14,2
DA:15,0
DA:16,0
DA:17,0
DA:18,0
DA:19,0
DA:23,2
DA:24,0
DA:25,0
DA:26,0
DA:27,0
DA:28,0
DA:29,0
DA:33,2
DA:34,0
DA:35,0
DA:36,0
DA:37,0
DA:38,0
DA:39,0
DA:43,2
DA:44,0
DA:45,0
DA:46,0
DA:49,0
DA:50,0
DA:54,2
DA:55,0
DA:56,0
DA:57,0
DA:58,0
DA:59,0
DA:63,2
DA:64,0
DA:65,0
DA:66,0
DA:67,0
DA:68,0
DA:69,0
DA:73,2
DA:74,0
DA:75,0
DA:76,0
DA:77,0
DA:78,0
DA:82,2
DA:83,0
DA:84,0
DA:85,0
DA:86,0
DA:87,0
DA:91,2
DA:92,0
DA:93,0
DA:94,0
DA:95,0
DA:96,0
DA:100,2
DA:101,0
DA:103,0
DA:104,0
DA:105,0
DA:106,0
DA:109,2
LF:70
LH:17
BRDA:16,0,0,0
BRDA:16,0,1,0
BRDA:25,1,0,0
BRDA:25,1,1,0
BRDA:26,2,0,0
BRDA:26,2,1,0
BRDA:35,3,0,0
BRDA:35,3,1,0
BRDA:36,4,0,0
BRDA:36,4,1,0
BRDA:45,5,0,0
BRDA:45,5,1,0
BRDA:47,6,0,0
BRDA:47,6,1,0
BRDA:56,7,0,0
BRDA:56,7,1,0
BRDA:65,8,0,0
BRDA:65,8,1,0
BRDA:66,9,0,0
BRDA:66,9,1,0
BRDA:75,10,0,0
BRDA:75,10,1,0
BRDA:84,11,0,0
BRDA:84,11,1,0
BRDA:93,12,0,0
BRDA:93,12,1,0
BRF:26
BRH:0
end_of_record
TN:
SF:src/modules/reports/reports.service.js
FN:15,getDailySales
FN:90,getItemWiseSales
FN:126,(anonymous_2)
FN:128,(anonymous_3)
FN:137,(anonymous_4)
FN:138,(anonymous_5)
FN:154,getRevenueTrend
FN:165,(anonymous_7)
FN:188,getDashboard
FN:221,(anonymous_9)
FN:222,(anonymous_10)
FN:238,(anonymous_11)
FN:239,(anonymous_12)
FN:265,getHourlyBreakdown
FN:282,(anonymous_14)
FN:292,(anonymous_15)
FN:298,getCategoryWiseSales
FN:318,(anonymous_17)
FN:322,getGstReport
FN:349,getStaffPerformance
FN:374,(anonymous_20)
FN:378,getTopSellingItems
FN:400,(anonymous_22)
FNF:23
FNH:0
FNDA:0,getDailySales
FNDA:0,getItemWiseSales
FNDA:0,(anonymous_2)
FNDA:0,(anonymous_3)
FNDA:0,(anonymous_4)
FNDA:0,(anonymous_5)
FNDA:0,getRevenueTrend
FNDA:0,(anonymous_7)
FNDA:0,getDashboard
FNDA:0,(anonymous_9)
FNDA:0,(anonymous_10)
FNDA:0,(anonymous_11)
FNDA:0,(anonymous_12)
FNDA:0,getHourlyBreakdown
FNDA:0,(anonymous_14)
FNDA:0,(anonymous_15)
FNDA:0,getCategoryWiseSales
FNDA:0,(anonymous_17)
FNDA:0,getGstReport
FNDA:0,getStaffPerformance
FNDA:0,(anonymous_20)
FNDA:0,getTopSellingItems
FNDA:0,(anonymous_22)
DA:6,2
DA:7,2
DA:16,0
DA:17,0
DA:18,0
DA:19,0
DA:20,0
DA:21,0
DA:23,0
DA:35,0
DA:49,0
DA:50,0
DA:51,0
DA:52,0
DA:53,0
DA:54,0
DA:55,0
DA:57,0
DA:58,0
DA:59,0
DA:60,0
DA:61,0
DA:62,0
DA:63,0
DA:64,0
DA:67,0
DA:71,0
DA:72,0
DA:73,0
DA:75,0
DA:77,0
DA:78,0
DA:91,0
DA:92,0
DA:93,0
DA:112,0
DA:113,0
DA:114,0
DA:118,0
DA:119,0
DA:120,0
DA:121,0
DA:122,0
DA:125,0
DA:126,0
DA:128,0
DA:135,0
DA:137,0
DA:138,0
DA:142,0
DA:143,0
DA:155,0
DA:156,0
DA:157,0
DA:165,0
DA:178,0
DA:179,0
DA:189,0
DA:190,0
DA:191,0
DA:192,0
DA:193,0
DA:194,0
DA:195,0
DA:196,0
DA:198,0
DA:221,0
DA:222,0
DA:223,0
DA:227,0
DA:231,0
DA:238,0
DA:239,0
DA:254,0
DA:255,0
DA:266,0
DA:267,0
DA:268,0
DA:269,0
DA:270,0
DA:271,0
DA:273,0
DA:282,0
DA:286,0
DA:287,0
DA:288,0
DA:289,0
DA:292,0
DA:294,0
DA:299,0
DA:300,0
DA:301,0
DA:302,0
DA:303,0
DA:304,0
DA:306,0
DA:312,0
DA:313,0
DA:314,0
DA:315,0
DA:316,0
DA:318,0
DA:319,0
DA:323,0
DA:324,0
DA:325,0
DA:326,0
DA:327,0
DA:328,0
DA:330,0
DA:334,0
DA:335,0
DA:336,0
DA:337,0
DA:338,0
DA:339,0
DA:340,0
DA:341,0
DA:342,0
DA:343,0
DA:345,0
DA:346,0
DA:350,0
DA:351,0
DA:352,0
DA:353,0
DA:354,0
DA:355,0
DA:357,0
DA:362,0
DA:363,0
DA:364,0
DA:365,0
DA:367,0
DA:369,0
DA:370,0
DA:371,0
DA:374,0
DA:375,0
DA:379,0
DA:380,0
DA:381,0
DA:382,0
DA:384,0
DA:400,0
DA:408,0
DA:409,0
DA:413,2
LF:148
LH:3
BRDA:54,0,0,0
BRDA:54,0,1,0
BRDA:55,1,0,0
BRDA:55,1,1,0
BRDA:57,2,0,0
BRDA:57,2,1,0
BRDA:61,3,0,0
BRDA:61,3,1,0
BRDA:62,4,0,0
BRDA:62,4,1,0
BRDA:63,5,0,0
BRDA:63,5,1,0
BRDA:71,6,0,0
BRDA:71,6,1,0
BRDA:90,7,0,0
BRDA:114,8,0,0
BRDA:114,8,1,0
BRDA:132,9,0,0
BRDA:132,9,1,0
BRDA:223,10,0,0
BRDA:223,10,1,0
BRDA:235,11,0,0
BRDA:235,11,1,0
BRDA:239,12,0,0
BRDA:239,12,1,0
BRDA:249,13,0,0
BRDA:249,13,1,0
BRDA:301,14,0,0
BRDA:301,14,1,0
BRDA:302,15,0,0
BRDA:302,15,1,0
BRDA:303,16,0,0
BRDA:303,16,1,0
BRDA:304,17,0,0
BRDA:304,17,1,0
BRDA:314,18,0,0
BRDA:314,18,1,0
BRDA:314,19,0,0
BRDA:314,19,1,0
BRDA:315,20,0,0
BRDA:315,20,1,0
BRDA:325,21,0,0
BRDA:325,21,1,0
BRDA:326,22,0,0
BRDA:326,22,1,0
BRDA:327,23,0,0
BRDA:327,23,1,0
BRDA:328,24,0,0
BRDA:328,24,1,0
BRDA:337,25,0,0
BRDA:337,25,1,0
BRDA:352,26,0,0
BRDA:352,26,1,0
BRDA:353,27,0,0
BRDA:353,27,1,0
BRDA:354,28,0,0
BRDA:354,28,1,0
BRDA:355,29,0,0
BRDA:355,29,1,0
BRDA:364,30,0,0
BRDA:364,30,1,0
BRDA:365,31,0,0
BRDA:365,31,1,0
BRDA:367,32,0,0
BRDA:367,32,1,0
BRDA:378,33,0,0
BRDA:402,34,0,0
BRDA:402,34,1,0
BRDA:403,35,0,0
BRDA:403,35,1,0
BRF:70
BRH:0
end_of_record
TN:
SF:src/modules/staff/staff.routes.js
FN:14,(anonymous_0)
FN:23,(anonymous_1)
FN:32,(anonymous_2)
FN:40,(anonymous_3)
FN:50,(anonymous_4)
FN:59,(anonymous_5)
FN:68,(anonymous_6)
FN:77,(anonymous_7)
FN:86,(anonymous_8)
FN:94,(anonymous_9)
FNF:10
FNH:0
FNDA:0,(anonymous_0)
FNDA:0,(anonymous_1)
FNDA:0,(anonymous_2)
FNDA:0,(anonymous_3)
FNDA:0,(anonymous_4)
FNDA:0,(anonymous_5)
FNDA:0,(anonymous_6)
FNDA:0,(anonymous_7)
FNDA:0,(anonymous_8)
FNDA:0,(anonymous_9)
DA:6,2
DA:7,2
DA:8,2
DA:9,2
DA:10,2
DA:11,2
DA:14,2
DA:15,0
DA:16,0
DA:17,0
DA:18,0
DA:19,0
DA:23,2
DA:24,0
DA:25,0
DA:26,0
DA:27,0
DA:28,0
DA:32,2
DA:33,0
DA:34,0
DA:35,0
DA:36,0
DA:40,2
DA:41,0
DA:42,0
DA:43,0
DA:44,0
DA:45,0
DA:46,0
DA:50,2
DA:51,0
DA:52,0
DA:53,0
DA:54,0
DA:55,0
DA:59,2
DA:60,0
DA:61,0
DA:62,0
DA:63,0
DA:64,0
DA:68,2
DA:69,0
DA:70,0
DA:71,0
DA:72,0
DA:73,0
DA:77,2
DA:78,0
DA:79,0
DA:80,0
DA:81,0
DA:82,0
DA:86,2
DA:87,0
DA:88,0
DA:89,0
DA:90,0
DA:94,2
DA:95,0
DA:96,0
DA:97,0
DA:98,0
DA:99,0
DA:102,2
LF:66
LH:17
BRDA:16,0,0,0
BRDA:16,0,1,0
BRDA:25,1,0,0
BRDA:25,1,1,0
BRDA:42,2,0,0
BRDA:42,2,1,0
BRDA:44,3,0,0
BRDA:44,3,1,0
BRDA:52,4,0,0
BRDA:52,4,1,0
BRDA:61,5,0,0
BRDA:61,5,1,0
BRDA:70,6,0,0
BRDA:70,6,1,0
BRDA:79,7,0,0
BRDA:79,7,1,0
BRDA:96,8,0,0
BRDA:96,8,1,0
BRF:18
BRH:0
end_of_record
TN:
SF:src/modules/staff/staff.service.js
FN:17,listStaff
FN:66,upsertStaffProfile
FN:108,verifyManagerPIN
FN:122,createStaffWithUser
FN:128,(anonymous_4)
FN:170,clockIn
FN:205,clockOut
FN:249,getAttendance
FN:271,(anonymous_8)
FN:272,(anonymous_9)
FN:277,(anonymous_10)
FN:292,listShifts
FN:309,createShift
FN:321,getStaffPerformance
FN:339,(anonymous_14)
FN:345,(anonymous_15)
FN:346,(anonymous_16)
FN:354,(anonymous_17)
FNF:18
FNH:0
FNDA:0,listStaff
FNDA:0,upsertStaffProfile
FNDA:0,verifyManagerPIN
FNDA:0,createStaffWithUser
FNDA:0,(anonymous_4)
FNDA:0,clockIn
FNDA:0,clockOut
FNDA:0,getAttendance
FNDA:0,(anonymous_8)
FNDA:0,(anonymous_9)
FNDA:0,(anonymous_10)
FNDA:0,listShifts
FNDA:0,createShift
FNDA:0,getStaffPerformance
FNDA:0,(anonymous_14)
FNDA:0,(anonymous_15)
FNDA:0,(anonymous_16)
FNDA:0,(anonymous_17)
DA:6,2
DA:7,2
DA:8,2
DA:9,2
DA:18,0
DA:19,0
DA:20,0
DA:21,0
DA:22,0
DA:23,0
DA:24,0
DA:32,0
DA:52,0
DA:54,0
DA:55,0
DA:67,0
DA:68,0
DA:69,0
DA:95,0
DA:97,0
DA:98,0
DA:109,0
DA:110,0
DA:111,0
DA:115,0
DA:116,0
DA:123,0
DA:124,0
DA:125,0
DA:126,0
DA:128,0
DA:129,0
DA:138,0
DA:151,0
DA:152,0
DA:153,0
DA:158,0
DA:160,0
DA:171,0
DA:172,0
DA:173,0
DA:176,0
DA:177,0
DA:180,0
DA:190,0
DA:191,0
DA:193,0
DA:194,0
DA:206,0
DA:207,0
DA:208,0
DA:212,0
DA:213,0
DA:216,0
DA:217,0
DA:218,0
DA:219,0
DA:220,0
DA:222,0
DA:235,0
DA:236,0
DA:238,0
DA:239,0
DA:250,0
DA:251,0
DA:252,0
DA:253,0
DA:254,0
DA:255,0
DA:256,0
DA:259,0
DA:271,0
DA:272,0
DA:274,0
DA:277,0
DA:283,0
DA:293,0
DA:294,0
DA:295,0
DA:300,0
DA:310,0
DA:311,0
DA:312,0
DA:314,0
DA:322,0
DA:323,0
DA:324,0
DA:325,0
DA:327,0
DA:339,0
DA:340,0
DA:345,0
DA:346,0
DA:347,0
DA:354,0
DA:355,0
DA:358,2
LF:97
LH:5
BRDA:17,0,0,0
BRDA:22,1,0,0
BRDA:22,1,1,0
BRDA:23,2,0,0
BRDA:23,2,1,0
BRDA:35,3,0,0
BRDA:35,3,1,0
BRDA:77,4,0,0
BRDA:77,4,1,0
BRDA:88,5,0,0
BRDA:88,5,1,0
BRDA:126,6,0,0
BRDA:126,6,1,0
BRDA:146,7,0,0
BRDA:146,7,1,0
BRDA:151,8,0,0
BRDA:151,8,1,0
BRDA:152,9,0,0
BRDA:152,9,1,0
BRDA:170,10,0,0
BRDA:176,11,0,0
BRDA:176,11,1,0
BRDA:183,12,0,0
BRDA:183,12,1,0
BRDA:185,13,0,0
BRDA:185,13,1,0
BRDA:186,14,0,0
BRDA:186,14,1,0
BRDA:193,15,0,0
BRDA:193,15,1,0
BRDA:205,16,0,0
BRDA:212,17,0,0
BRDA:212,17,1,0
BRDA:220,18,0,0
BRDA:220,18,1,0
BRDA:226,19,0,0
BRDA:226,19,1,0
BRDA:227,20,0,0
BRDA:227,20,1,0
BRDA:231,21,0,0
BRDA:231,21,1,0
BRDA:238,22,0,0
BRDA:238,22,1,0
BRDA:249,23,0,0
BRDA:254,24,0,0
BRDA:254,24,1,0
BRDA:255,25,0,0
BRDA:255,25,1,0
BRDA:255,26,0,0
BRDA:255,26,1,0
BRDA:271,27,0,0
BRDA:271,27,1,0
BRDA:272,28,0,0
BRDA:272,28,1,0
BRDA:324,29,0,0
BRDA:324,29,1,0
BRDA:325,30,0,0
BRDA:325,30,1,0
BRDA:348,31,0,0
BRDA:348,31,1,0
BRDA:350,32,0,0
BRDA:350,32,1,0
BRDA:351,33,0,0
BRDA:351,33,1,0
BRDA:352,34,0,0
BRDA:352,34,1,0
BRDA:352,35,0,0
BRDA:352,35,1,0
BRF:68
BRH:0
end_of_record
TN:
SF:src/modules/superadmin/superadmin.controller.js
FN:11,(anonymous_0)
FN:27,(anonymous_1)
FN:37,(anonymous_2)
FN:47,(anonymous_3)
FN:54,(anonymous_4)
FN:64,(anonymous_5)
FN:74,(anonymous_6)
FN:85,(anonymous_7)
FN:96,(anonymous_8)
FN:107,(anonymous_9)
FN:117,(anonymous_10)
FN:129,(anonymous_11)
FNF:12
FNH:0
FNDA:0,(anonymous_0)
FNDA:0,(anonymous_1)
FNDA:0,(anonymous_2)
FNDA:0,(anonymous_3)
FNDA:0,(anonymous_4)
FNDA:0,(anonymous_5)
FNDA:0,(anonymous_6)
FNDA:0,(anonymous_7)
FNDA:0,(anonymous_8)
FNDA:0,(anonymous_9)
FNDA:0,(anonymous_10)
FNDA:0,(anonymous_11)
DA:4,2
DA:5,2
DA:7,2
DA:12,0
DA:13,0
DA:14,0
DA:15,0
DA:17,0
DA:18,0
DA:20,0
DA:28,0
DA:29,0
DA:30,0
DA:31,0
DA:38,0
DA:39,0
DA:40,0
DA:41,0
DA:48,0
DA:49,0
DA:50,0
DA:51,0
DA:55,0
DA:56,0
DA:57,0
DA:58,0
DA:65,0
DA:66,0
DA:67,0
DA:68,0
DA:75,0
DA:76,0
DA:77,0
DA:78,0
DA:79,0
DA:86,0
DA:87,0
DA:88,0
DA:89,0
DA:90,0
DA:97,0
DA:98,0
DA:99,0
DA:100,0
DA:101,0
DA:108,0
DA:109,0
DA:110,0
DA:111,0
DA:118,0
DA:119,0
DA:120,0
DA:122,0
DA:130,0
DA:131,0
DA:132,0
DA:136,2
LF:57
LH:4
BRDA:14,0,0,0
BRDA:14,0,1,0
BRDA:14,1,0,0
BRDA:14,1,1,0
BRF:4
BRH:0
end_of_record
TN:
SF:src/modules/superadmin/superadmin.routes.js
FNF:0
FNH:0
DA:1,2
DA:2,2
DA:3,2
DA:4,2
DA:7,2
DA:10,2
DA:13,2
DA:16,2
DA:19,2
DA:22,2
DA:25,2
DA:28,2
DA:31,2
DA:34,2
DA:37,2
DA:38,2
DA:40,2
LF:17
LH:17
BRF:0
BRH:0
end_of_record
TN:
SF:src/modules/superadmin/superadmin.service.js
FN:25,(anonymous_0)
FN:51,(anonymous_1)
FN:93,(anonymous_2)
FN:153,(anonymous_3)
FN:159,(anonymous_4)
FN:179,(anonymous_5)
FN:191,(anonymous_6)
FN:199,(anonymous_7)
FN:261,(anonymous_8)
FN:289,(anonymous_9)
FN:303,(anonymous_10)
FN:306,(anonymous_11)
FN:310,(anonymous_12)
FN:311,(anonymous_13)
FN:324,(anonymous_14)
FN:363,(anonymous_15)
FN:375,(anonymous_16)
FN:376,(anonymous_17)
FN:385,(anonymous_18)
FN:402,(anonymous_19)
FN:416,(anonymous_20)
FN:456,(anonymous_21)
FN:606,(anonymous_22)
FN:614,(anonymous_23)
FNF:24
FNH:0
FNDA:0,(anonymous_0)
FNDA:0,(anonymous_1)
FNDA:0,(anonymous_2)
FNDA:0,(anonymous_3)
FNDA:0,(anonymous_4)
FNDA:0,(anonymous_5)
FNDA:0,(anonymous_6)
FNDA:0,(anonymous_7)
FNDA:0,(anonymous_8)
FNDA:0,(anonymous_9)
FNDA:0,(anonymous_10)
FNDA:0,(anonymous_11)
FNDA:0,(anonymous_12)
FNDA:0,(anonymous_13)
FNDA:0,(anonymous_14)
FNDA:0,(anonymous_15)
FNDA:0,(anonymous_16)
FNDA:0,(anonymous_17)
FNDA:0,(anonymous_18)
FNDA:0,(anonymous_19)
FNDA:0,(anonymous_20)
FNDA:0,(anonymous_21)
FNDA:0,(anonymous_22)
FNDA:0,(anonymous_23)
DA:4,2
DA:5,2
DA:6,2
DA:7,2
DA:8,2
DA:13,2
DA:19,2
DA:26,0
DA:27,0
DA:29,0
DA:30,0
DA:39,0
DA:43,0
DA:44,0
DA:45,0
DA:48,0
DA:51,0
DA:53,0
DA:54,0
DA:55,0
DA:59,0
DA:60,0
DA:61,0
DA:62,0
DA:64,0
DA:67,0
DA:74,0
DA:76,0
DA:94,0
DA:95,0
DA:96,0
DA:97,0
DA:98,0
DA:99,0
DA:101,0
DA:112,0
DA:153,0
DA:159,0
DA:179,0
DA:186,0
DA:191,0
DA:192,0
DA:193,0
DA:194,0
DA:195,0
DA:199,0
DA:200,0
DA:201,0
DA:202,0
DA:206,0
DA:218,0
DA:219,0
DA:220,0
DA:221,0
DA:222,0
DA:223,0
DA:224,0
DA:226,0
DA:228,0
DA:253,0
DA:254,0
DA:262,0
DA:263,0
DA:269,0
DA:270,0
DA:271,0
DA:272,0
DA:273,0
DA:275,0
DA:280,0
DA:286,0
DA:289,0
DA:304,0
DA:305,0
DA:306,0
DA:307,0
DA:311,0
DA:312,0
DA:318,0
DA:325,0
DA:326,0
DA:327,0
DA:329,0
DA:330,0
DA:331,0
DA:332,0
DA:333,0
DA:335,0
DA:353,0
DA:355,0
DA:356,0
DA:364,0
DA:371,0
DA:374,0
DA:375,0
DA:376,0
DA:379,0
DA:386,0
DA:391,0
DA:394,0
DA:402,0
DA:404,0
DA:409,0
DA:436,0
DA:438,0
DA:441,0
DA:448,0
DA:449,0
DA:450,0
DA:453,0
DA:454,0
DA:456,0
DA:458,0
DA:490,0
DA:493,0
DA:503,0
DA:506,0
DA:507,0
DA:508,0
DA:511,0
DA:515,0
DA:516,0
DA:542,0
DA:545,0
DA:555,0
DA:556,0
DA:557,0
DA:558,0
DA:559,0
DA:561,0
DA:562,0
DA:563,0
DA:567,0
DA:568,0
DA:579,0
DA:582,0
DA:598,0
DA:599,0
DA:607,0
DA:608,0
DA:615,0
DA:616,0
DA:622,0
DA:624,0
DA:629,2
LF:145
LH:8
BRDA:43,0,0,0
BRDA:43,0,1,0
BRDA:45,1,0,0
BRDA:45,1,1,0
BRDA:53,2,0,0
BRDA:53,2,1,0
BRDA:54,3,0,0
BRDA:54,3,1,0
BRDA:61,4,0,0
BRDA:61,4,1,0
BRDA:61,5,0,0
BRDA:61,5,1,0
BRDA:68,6,0,0
BRDA:68,6,1,0
BRDA:69,7,0,0
BRDA:69,7,1,0
BRDA:71,8,0,0
BRDA:71,8,1,0
BRDA:192,9,0,0
BRDA:192,9,1,0
BRDA:193,10,0,0
BRDA:193,10,1,0
BRDA:194,11,0,0
BRDA:194,11,1,0
BRDA:202,12,0,0
BRDA:202,12,1,0
BRDA:203,13,0,0
BRDA:203,13,1,0
BRDA:211,14,0,0
BRDA:211,14,1,0
BRDA:212,15,0,0
BRDA:212,15,1,0
BRDA:213,16,0,0
BRDA:213,16,1,0
BRDA:219,17,0,0
BRDA:219,17,1,0
BRDA:219,18,0,0
BRDA:219,18,1,0
BRDA:222,19,0,0
BRDA:222,19,1,0
BRDA:237,20,0,0
BRDA:237,20,1,0
BRDA:240,21,0,0
BRDA:240,21,1,0
BRDA:241,22,0,0
BRDA:241,22,1,0
BRDA:282,23,0,0
BRDA:282,23,1,0
BRDA:324,24,0,0
BRDA:326,25,0,0
BRDA:326,26,0,0
BRDA:329,27,0,0
BRDA:329,27,1,0
BRDA:330,28,0,0
BRDA:330,28,1,0
BRDA:331,29,0,0
BRDA:331,29,1,0
BRDA:332,30,0,0
BRDA:332,30,1,0
BRDA:333,31,0,0
BRDA:333,31,1,0
BRDA:371,32,0,0
BRDA:371,32,1,0
BRDA:391,33,0,0
BRDA:391,33,1,0
BRDA:396,34,0,0
BRDA:396,34,1,0
BRDA:396,35,0,0
BRDA:396,35,1,0
BRDA:419,36,0,0
BRDA:422,37,0,0
BRDA:423,38,0,0
BRDA:423,39,0,0
BRDA:423,40,0,0
BRDA:424,41,0,0
BRDA:424,42,0,0
BRDA:427,43,0,0
BRDA:429,44,0,0
BRDA:429,45,0,0
BRDA:430,46,0,0
BRDA:432,47,0,0
BRDA:432,48,0,0
BRDA:433,49,0,0
BRDA:433,50,0,0
BRDA:433,51,0,0
BRDA:435,52,0,0
BRDA:448,53,0,0
BRDA:448,53,1,0
BRDA:461,54,0,0
BRDA:461,54,1,0
BRDA:466,55,0,0
BRDA:466,55,1,0
BRDA:469,56,0,0
BRDA:469,56,1,0
BRDA:507,57,0,0
BRDA:507,57,1,0
BRDA:556,58,0,0
BRDA:556,58,1,0
BRDA:557,59,0,0
BRDA:557,59,1,0
BRDA:558,60,0,0
BRDA:558,60,1,0
BRDA:559,61,0,0
BRDA:559,61,1,0
BRDA:561,62,0,0
BRDA:561,62,1,0
BRDA:567,63,0,0
BRDA:567,63,1,0
BRDA:572,64,0,0
BRDA:572,64,1,0
BRDA:584,65,0,0
BRDA:584,65,1,0
BRDA:584,66,0,0
BRDA:584,66,1,0
BRDA:614,67,0,0
BRDA:614,68,0,0
BRDA:614,69,0,0
BRF:117
BRH:0
end_of_record
TN:
SF:src/socket/index.js
FN:20,initializeSocket
FN:34,(anonymous_1)
FN:37,(anonymous_2)
FN:42,(anonymous_3)
FN:46,(anonymous_4)
FN:53,(anonymous_5)
FN:56,(anonymous_6)
FN:61,(anonymous_7)
FN:70,(anonymous_8)
FN:75,(anonymous_9)
FN:80,(anonymous_10)
FN:93,getIO
FNF:12
FNH:0
FNDA:0,initializeSocket
FNDA:0,(anonymous_1)
FNDA:0,(anonymous_2)
FNDA:0,(anonymous_3)
FNDA:0,(anonymous_4)
FNDA:0,(anonymous_5)
FNDA:0,(anonymous_6)
FNDA:0,(anonymous_7)
FNDA:0,(anonymous_8)
FNDA:0,(anonymous_9)
FNDA:0,(anonymous_10)
FNDA:0,getIO
DA:7,2
DA:8,2
DA:9,2
DA:12,2
DA:21,0
DA:33,0
DA:34,0
DA:35,0
DA:37,0
DA:38,0
DA:39,0
DA:42,0
DA:43,0
DA:46,0
DA:47,0
DA:52,0
DA:53,0
DA:54,0
DA:56,0
DA:57,0
DA:58,0
DA:61,0
DA:62,0
DA:63,0
DA:64,0
DA:65,0
DA:67,0
DA:70,0
DA:71,0
DA:72,0
DA:75,0
DA:76,0
DA:77,0
DA:80,0
DA:81,0
DA:85,0
DA:86,0
DA:94,0
DA:97,2
LF:39
LH:5
BRDA:62,0,0,0
BRDA:62,0,1,0
BRDA:64,1,0,0
BRDA:64,1,1,0
BRDA:67,2,0,0
BRDA:67,2,1,0
BRF:6
BRH:0
end_of_record
TN:
SF:src/utils/errors.js
FN:17,(anonymous_0)
FN:28,(anonymous_1)
FN:35,(anonymous_2)
FN:42,(anonymous_3)
FN:49,(anonymous_4)
FN:56,(anonymous_5)
FN:63,(anonymous_6)
FN:70,(anonymous_7)
FN:77,(anonymous_8)
FNF:9
FNH:0
FNDA:0,(anonymous_0)
FNDA:0,(anonymous_1)
FNDA:0,(anonymous_2)
FNDA:0,(anonymous_3)
FNDA:0,(anonymous_4)
FNDA:0,(anonymous_5)
FNDA:0,(anonymous_6)
FNDA:0,(anonymous_7)
FNDA:0,(anonymous_8)
DA:18,0
DA:19,0
DA:20,0
DA:21,0
DA:22,0
DA:29,0
DA:36,0
DA:43,0
DA:50,0
DA:57,0
DA:64,0
DA:71,0
DA:78,0
DA:82,3
LF:14
LH:1
BRDA:17,0,0,0
BRDA:28,1,0,0
BRDA:35,2,0,0
BRDA:42,3,0,0
BRDA:49,4,0,0
BRDA:56,5,0,0
BRDA:63,6,0,0
BRDA:70,7,0,0
BRDA:77,8,0,0
BRF:9
BRH:0
end_of_record
TN:
SF:src/utils/helpers.js
FN:12,generateId
FN:22,getFinancialYear
FN:38,generateInvoiceNumber
FN:50,generateOrderNumber
FN:64,calculateGST
FN:95,formatCurrency
FN:111,calculateDiscount
FN:139,parsePagination
FN:154,sanitizeString
FN:164,isCurrentFinancialYear
FN:174,foodCostPercentage
FNF:11
FNH:1
FNDA:0,generateId
FNDA:0,getFinancialYear
FNDA:0,generateInvoiceNumber
FNDA:0,generateOrderNumber
FNDA:4,calculateGST
FNDA:0,formatCurrency
FNDA:0,calculateDiscount
FNDA:0,parsePagination
FNDA:0,sanitizeString
FNDA:0,isCurrentFinancialYear
FNDA:0,foodCostPercentage
DA:6,3
DA:13,0
DA:23,0
DA:24,0
DA:25,0
DA:26,0
DA:28,0
DA:39,0
DA:40,0
DA:51,0
DA:52,0
DA:53,0
DA:65,4
DA:66,4
DA:68,4
DA:69,3
DA:70,3
DA:80,1
DA:96,0
DA:112,0
DA:113,0
DA:114,0
DA:116,0
DA:117,0
DA:118,0
DA:120,0
DA:123,0
DA:124,0
DA:125,0
DA:127,0
DA:128,0
DA:131,0
DA:140,0
DA:141,0
DA:142,0
DA:143,0
DA:144,0
DA:145,0
DA:155,0
DA:156,0
DA:165,0
DA:175,0
DA:176,0
DA:179,3
LF:44
LH:8
BRDA:22,0,0,0
BRDA:25,1,0,0
BRDA:25,1,1,0
BRDA:50,2,0,0
BRDA:64,3,0,0
BRDA:68,4,0,3
BRDA:68,4,1,1
BRDA:111,5,0,0
BRDA:112,6,0,0
BRDA:112,6,1,0
BRDA:113,7,0,0
BRDA:113,7,1,0
BRDA:117,8,0,0
BRDA:117,8,1,0
BRDA:123,9,0,0
BRDA:123,9,1,0
BRDA:124,10,0,0
BRDA:124,10,1,0
BRDA:140,11,0,0
BRDA:140,11,1,0
BRDA:141,12,0,0
BRDA:141,12,1,0
BRDA:143,13,0,0
BRDA:143,13,1,0
BRDA:144,14,0,0
BRDA:144,14,1,0
BRDA:155,15,0,0
BRDA:155,15,1,0
BRDA:175,16,0,0
BRDA:175,16,1,0
BRF:30
BRH:2
end_of_record
TN:
SF:src/utils/response.js
FN:16,sendSuccess
FN:31,sendCreated
FN:45,sendPaginated
FN:70,sendError
FNF:4
FNH:0
FNDA:0,sendSuccess
FNDA:0,sendCreated
FNDA:0,sendPaginated
FNDA:0,sendError
DA:17,0
DA:18,0
DA:19,0
DA:21,0
DA:32,0
DA:46,0
DA:47,0
DA:71,0
DA:72,0
DA:73,0
DA:75,0
DA:78,2
LF:12
LH:1
BRDA:16,0,0,0
BRDA:16,1,0,0
BRDA:18,2,0,0
BRDA:18,2,1,0
BRDA:31,3,0,0
BRDA:45,4,0,0
BRDA:70,5,0,0
BRDA:72,6,0,0
BRDA:72,6,1,0
BRF:9
BRH:0
end_of_record
